[2022-08-03 16:30:01,402] {taskinstance.py:826} INFO - Dependencies all met for <TaskInstance: penjadwalan.dapat_suhu 2022-08-03T16:28:00+00:00 [queued]>
[2022-08-03 16:30:01,435] {taskinstance.py:826} INFO - Dependencies all met for <TaskInstance: penjadwalan.dapat_suhu 2022-08-03T16:28:00+00:00 [queued]>
[2022-08-03 16:30:01,436] {taskinstance.py:1017} INFO - 
--------------------------------------------------------------------------------
[2022-08-03 16:30:01,436] {taskinstance.py:1018} INFO - Starting attempt 1 of 1
[2022-08-03 16:30:01,437] {taskinstance.py:1019} INFO - 
--------------------------------------------------------------------------------
[2022-08-03 16:30:01,455] {taskinstance.py:1038} INFO - Executing <Task(PythonOperator): dapat_suhu> on 2022-08-03T16:28:00+00:00
[2022-08-03 16:30:01,460] {standard_task_runner.py:51} INFO - Started process 28727 to run task
[2022-08-03 16:30:01,466] {standard_task_runner.py:75} INFO - Running: ['airflow', 'tasks', 'run', 'penjadwalan', 'dapat_suhu', '2022-08-03T16:28:00+00:00', '--job-id', '1274', '--pool', 'default_pool', '--raw', '--subdir', 'DAGS_FOLDER/penjadwalan.py', '--cfg-path', '/tmp/tmp4pvqj7xw']
[2022-08-03 16:30:01,470] {standard_task_runner.py:76} INFO - Job 1274: Subtask dapat_suhu
[2022-08-03 16:30:01,552] {logging_mixin.py:103} INFO - Running <TaskInstance: penjadwalan.dapat_suhu 2022-08-03T16:28:00+00:00 [running]> on host b4dcda255553
[2022-08-03 16:30:01,645] {taskinstance.py:1232} INFO - Exporting the following env vars:
AIRFLOW_CTX_DAG_OWNER=airflow
AIRFLOW_CTX_DAG_ID=penjadwalan
AIRFLOW_CTX_TASK_ID=dapat_suhu
AIRFLOW_CTX_EXECUTION_DATE=2022-08-03T16:28:00+00:00
AIRFLOW_CTX_DAG_RUN_ID=scheduled__2022-08-03T16:28:00+00:00
[2022-08-03 16:30:01,849] {logging_mixin.py:103} INFO - {'kota': 'Bali', 'cuaca': 'Clouds', 'cuaca_deskripsi': 'broken clouds', 'temperatur': 298.28, 'waktu': '2022-08-03T16:30:01.849038'}
[2022-08-03 16:30:01,975] {logging_mixin.py:103} INFO - {'kota': 'Lombok', 'cuaca': 'Clouds', 'cuaca_deskripsi': 'overcast clouds', 'temperatur': 293.94, 'waktu': '2022-08-03T16:30:01.974942'}
[2022-08-03 16:30:02,110] {logging_mixin.py:103} INFO - {'kota': 'Labuan Bajo', 'cuaca': 'Clouds', 'cuaca_deskripsi': 'broken clouds', 'temperatur': 296.52, 'waktu': '2022-08-03T16:30:02.110379'}
[2022-08-03 16:30:02,250] {logging_mixin.py:103} INFO - {'kota': 'Bogor', 'cuaca': 'Clouds', 'cuaca_deskripsi': 'broken clouds', 'temperatur': 299.76, 'waktu': '2022-08-03T16:30:02.250202'}
[2022-08-03 16:30:02,437] {logging_mixin.py:103} INFO - {'kota': 'Bandung', 'cuaca': 'Clouds', 'cuaca_deskripsi': 'broken clouds', 'temperatur': 293.7, 'waktu': '2022-08-03T16:30:02.437596'}
[2022-08-03 16:30:02,438] {python.py:118} INFO - Done. Returned value was: None
[2022-08-03 16:30:02,608] {taskinstance.py:1142} INFO - Marking task as SUCCESS. dag_id=penjadwalan, task_id=dapat_suhu, execution_date=20220803T162800, start_date=20220803T163001, end_date=20220803T163002
[2022-08-03 16:30:02,677] {taskinstance.py:1195} INFO - 0 downstream tasks scheduled from follow-on schedule check
[2022-08-03 16:30:02,723] {local_task_job.py:118} INFO - Task exited with return code 0
