[2022-08-03 12:12:58,563] {taskinstance.py:826} INFO - Dependencies all met for <TaskInstance: penjadwalan.dapat_suhu 2022-08-03T11:08:00+00:00 [queued]>
[2022-08-03 12:12:58,618] {taskinstance.py:826} INFO - Dependencies all met for <TaskInstance: penjadwalan.dapat_suhu 2022-08-03T11:08:00+00:00 [queued]>
[2022-08-03 12:12:58,619] {taskinstance.py:1017} INFO - 
--------------------------------------------------------------------------------
[2022-08-03 12:12:58,625] {taskinstance.py:1018} INFO - Starting attempt 1 of 1
[2022-08-03 12:12:58,627] {taskinstance.py:1019} INFO - 
--------------------------------------------------------------------------------
[2022-08-03 12:12:58,648] {taskinstance.py:1038} INFO - Executing <Task(PythonOperator): dapat_suhu> on 2022-08-03T11:08:00+00:00
[2022-08-03 12:12:58,653] {standard_task_runner.py:51} INFO - Started process 1111 to run task
[2022-08-03 12:12:58,668] {standard_task_runner.py:75} INFO - Running: ['airflow', 'tasks', 'run', 'penjadwalan', 'dapat_suhu', '2022-08-03T11:08:00+00:00', '--job-id', '1014', '--pool', 'default_pool', '--raw', '--subdir', 'DAGS_FOLDER/penjadwalan.py', '--cfg-path', '/tmp/tmp473cm9am']
[2022-08-03 12:12:58,674] {standard_task_runner.py:76} INFO - Job 1014: Subtask dapat_suhu
[2022-08-03 12:12:58,876] {logging_mixin.py:103} INFO - Running <TaskInstance: penjadwalan.dapat_suhu 2022-08-03T11:08:00+00:00 [running]> on host b4dcda255553
[2022-08-03 12:12:59,026] {taskinstance.py:1232} INFO - Exporting the following env vars:
AIRFLOW_CTX_DAG_OWNER=airflow
AIRFLOW_CTX_DAG_ID=penjadwalan
AIRFLOW_CTX_TASK_ID=dapat_suhu
AIRFLOW_CTX_EXECUTION_DATE=2022-08-03T11:08:00+00:00
AIRFLOW_CTX_DAG_RUN_ID=scheduled__2022-08-03T11:08:00+00:00
[2022-08-03 12:12:59,223] {logging_mixin.py:103} INFO - {'kota': 'Bali', 'cuaca': 'Clouds', 'cuaca_deskripsi': 'overcast clouds', 'temperatur': 299.39, 'waktu': '2022-08-03T12:12:59.223085'}
[2022-08-03 12:12:59,416] {logging_mixin.py:103} INFO - {'kota': 'Lombok', 'cuaca': 'Rain', 'cuaca_deskripsi': 'light rain', 'temperatur': 294.54, 'waktu': '2022-08-03T12:12:59.416762'}
[2022-08-03 12:12:59,790] {logging_mixin.py:103} INFO - {'kota': 'Labuan Bajo', 'cuaca': 'Clouds', 'cuaca_deskripsi': 'overcast clouds', 'temperatur': 297.78, 'waktu': '2022-08-03T12:12:59.790100'}
[2022-08-03 12:12:59,976] {logging_mixin.py:103} INFO - {'kota': 'Bogor', 'cuaca': 'Clouds', 'cuaca_deskripsi': 'overcast clouds', 'temperatur': 296.38, 'waktu': '2022-08-03T12:12:59.976153'}
[2022-08-03 12:13:00,169] {logging_mixin.py:103} INFO - {'kota': 'Bandung', 'cuaca': 'Clouds', 'cuaca_deskripsi': 'broken clouds', 'temperatur': 294.44, 'waktu': '2022-08-03T12:13:00.169372'}
[2022-08-03 12:13:00,171] {python.py:118} INFO - Done. Returned value was: None
[2022-08-03 12:13:00,206] {taskinstance.py:1142} INFO - Marking task as SUCCESS. dag_id=penjadwalan, task_id=dapat_suhu, execution_date=20220803T110800, start_date=20220803T121258, end_date=20220803T121300
[2022-08-03 12:13:00,303] {taskinstance.py:1195} INFO - 0 downstream tasks scheduled from follow-on schedule check
[2022-08-03 12:13:00,340] {local_task_job.py:118} INFO - Task exited with return code 0
