[2022-08-03 13:36:04,858] {taskinstance.py:826} INFO - Dependencies all met for <TaskInstance: penjadwalan.dapat_suhu 2022-08-03T13:34:00+00:00 [queued]>
[2022-08-03 13:36:04,915] {taskinstance.py:826} INFO - Dependencies all met for <TaskInstance: penjadwalan.dapat_suhu 2022-08-03T13:34:00+00:00 [queued]>
[2022-08-03 13:36:04,924] {taskinstance.py:1017} INFO - 
--------------------------------------------------------------------------------
[2022-08-03 13:36:04,927] {taskinstance.py:1018} INFO - Starting attempt 1 of 1
[2022-08-03 13:36:04,928] {taskinstance.py:1019} INFO - 
--------------------------------------------------------------------------------
[2022-08-03 13:36:04,974] {taskinstance.py:1038} INFO - Executing <Task(PythonOperator): dapat_suhu> on 2022-08-03T13:34:00+00:00
[2022-08-03 13:36:04,982] {standard_task_runner.py:51} INFO - Started process 22940 to run task
[2022-08-03 13:36:04,990] {standard_task_runner.py:75} INFO - Running: ['airflow', 'tasks', 'run', 'penjadwalan', 'dapat_suhu', '2022-08-03T13:34:00+00:00', '--job-id', '1119', '--pool', 'default_pool', '--raw', '--subdir', 'DAGS_FOLDER/penjadwalan.py', '--cfg-path', '/tmp/tmpk7259ag2']
[2022-08-03 13:36:05,005] {standard_task_runner.py:76} INFO - Job 1119: Subtask dapat_suhu
[2022-08-03 13:36:05,210] {logging_mixin.py:103} INFO - Running <TaskInstance: penjadwalan.dapat_suhu 2022-08-03T13:34:00+00:00 [running]> on host b4dcda255553
[2022-08-03 13:36:05,402] {taskinstance.py:1232} INFO - Exporting the following env vars:
AIRFLOW_CTX_DAG_OWNER=airflow
AIRFLOW_CTX_DAG_ID=penjadwalan
AIRFLOW_CTX_TASK_ID=dapat_suhu
AIRFLOW_CTX_EXECUTION_DATE=2022-08-03T13:34:00+00:00
AIRFLOW_CTX_DAG_RUN_ID=scheduled__2022-08-03T13:34:00+00:00
[2022-08-03 13:36:05,743] {logging_mixin.py:103} INFO - {'kota': 'Bali', 'cuaca': 'Clouds', 'cuaca_deskripsi': 'broken clouds', 'temperatur': 299.39, 'waktu': '2022-08-03T13:36:05.743200'}
[2022-08-03 13:36:05,925] {logging_mixin.py:103} INFO - {'kota': 'Lombok', 'cuaca': 'Clouds', 'cuaca_deskripsi': 'overcast clouds', 'temperatur': 294.33, 'waktu': '2022-08-03T13:36:05.925001'}
[2022-08-03 13:36:06,210] {logging_mixin.py:103} INFO - {'kota': 'Labuan Bajo', 'cuaca': 'Clouds', 'cuaca_deskripsi': 'overcast clouds', 'temperatur': 297.01, 'waktu': '2022-08-03T13:36:06.210074'}
[2022-08-03 13:36:07,769] {logging_mixin.py:103} INFO - {'kota': 'Bogor', 'cuaca': 'Clouds', 'cuaca_deskripsi': 'overcast clouds', 'temperatur': 295.27, 'waktu': '2022-08-03T13:36:07.767539'}
[2022-08-03 13:36:07,932] {logging_mixin.py:103} INFO - {'kota': 'Bandung', 'cuaca': 'Clouds', 'cuaca_deskripsi': 'broken clouds', 'temperatur': 293.99, 'waktu': '2022-08-03T13:36:07.932692'}
[2022-08-03 13:36:07,935] {python.py:118} INFO - Done. Returned value was: None
[2022-08-03 13:36:07,964] {taskinstance.py:1142} INFO - Marking task as SUCCESS. dag_id=penjadwalan, task_id=dapat_suhu, execution_date=20220803T133400, start_date=20220803T133604, end_date=20220803T133607
[2022-08-03 13:36:08,057] {taskinstance.py:1195} INFO - 0 downstream tasks scheduled from follow-on schedule check
[2022-08-03 13:36:08,076] {local_task_job.py:118} INFO - Task exited with return code 0
