[2022-08-03 13:26:03,048] {taskinstance.py:826} INFO - Dependencies all met for <TaskInstance: penjadwalan.dapat_suhu 2022-08-03T13:24:00+00:00 [queued]>
[2022-08-03 13:26:03,118] {taskinstance.py:826} INFO - Dependencies all met for <TaskInstance: penjadwalan.dapat_suhu 2022-08-03T13:24:00+00:00 [queued]>
[2022-08-03 13:26:03,124] {taskinstance.py:1017} INFO - 
--------------------------------------------------------------------------------
[2022-08-03 13:26:03,129] {taskinstance.py:1018} INFO - Starting attempt 1 of 1
[2022-08-03 13:26:03,146] {taskinstance.py:1019} INFO - 
--------------------------------------------------------------------------------
[2022-08-03 13:26:03,180] {taskinstance.py:1038} INFO - Executing <Task(PythonOperator): dapat_suhu> on 2022-08-03T13:24:00+00:00
[2022-08-03 13:26:03,193] {standard_task_runner.py:51} INFO - Started process 5508 to run task
[2022-08-03 13:26:03,205] {standard_task_runner.py:75} INFO - Running: ['airflow', 'tasks', 'run', 'penjadwalan', 'dapat_suhu', '2022-08-03T13:24:00+00:00', '--job-id', '1110', '--pool', 'default_pool', '--raw', '--subdir', 'DAGS_FOLDER/penjadwalan.py', '--cfg-path', '/tmp/tmp0gcwiu0o']
[2022-08-03 13:26:03,222] {standard_task_runner.py:76} INFO - Job 1110: Subtask dapat_suhu
[2022-08-03 13:26:03,486] {logging_mixin.py:103} INFO - Running <TaskInstance: penjadwalan.dapat_suhu 2022-08-03T13:24:00+00:00 [running]> on host b4dcda255553
[2022-08-03 13:26:03,793] {taskinstance.py:1232} INFO - Exporting the following env vars:
AIRFLOW_CTX_DAG_OWNER=airflow
AIRFLOW_CTX_DAG_ID=penjadwalan
AIRFLOW_CTX_TASK_ID=dapat_suhu
AIRFLOW_CTX_EXECUTION_DATE=2022-08-03T13:24:00+00:00
AIRFLOW_CTX_DAG_RUN_ID=scheduled__2022-08-03T13:24:00+00:00
[2022-08-03 13:26:04,085] {logging_mixin.py:103} INFO - {'kota': 'Bali', 'cuaca': 'Clouds', 'cuaca_deskripsi': 'scattered clouds', 'temperatur': 299.39, 'waktu': '2022-08-03T13:26:04.084977'}
[2022-08-03 13:26:04,380] {logging_mixin.py:103} INFO - {'kota': 'Lombok', 'cuaca': 'Clouds', 'cuaca_deskripsi': 'overcast clouds', 'temperatur': 294.43, 'waktu': '2022-08-03T13:26:04.380037'}
[2022-08-03 13:26:04,740] {logging_mixin.py:103} INFO - {'kota': 'Labuan Bajo', 'cuaca': 'Clouds', 'cuaca_deskripsi': 'overcast clouds', 'temperatur': 297.41, 'waktu': '2022-08-03T13:26:04.739894'}
[2022-08-03 13:26:05,047] {logging_mixin.py:103} INFO - {'kota': 'Bogor', 'cuaca': 'Clouds', 'cuaca_deskripsi': 'overcast clouds', 'temperatur': 295.27, 'waktu': '2022-08-03T13:26:05.047353'}
[2022-08-03 13:26:05,295] {logging_mixin.py:103} INFO - {'kota': 'Bandung', 'cuaca': 'Clouds', 'cuaca_deskripsi': 'overcast clouds', 'temperatur': 294.11, 'waktu': '2022-08-03T13:26:05.294621'}
[2022-08-03 13:26:05,296] {python.py:118} INFO - Done. Returned value was: None
[2022-08-03 13:26:05,343] {taskinstance.py:1142} INFO - Marking task as SUCCESS. dag_id=penjadwalan, task_id=dapat_suhu, execution_date=20220803T132400, start_date=20220803T132603, end_date=20220803T132605
[2022-08-03 13:26:05,461] {taskinstance.py:1195} INFO - 0 downstream tasks scheduled from follow-on schedule check
[2022-08-03 13:26:05,523] {local_task_job.py:118} INFO - Task exited with return code 0
