[2022-08-03 15:40:01,107] {taskinstance.py:826} INFO - Dependencies all met for <TaskInstance: penjadwalan.dapat_suhu 2022-08-03T15:38:00+00:00 [queued]>
[2022-08-03 15:40:01,158] {taskinstance.py:826} INFO - Dependencies all met for <TaskInstance: penjadwalan.dapat_suhu 2022-08-03T15:38:00+00:00 [queued]>
[2022-08-03 15:40:01,159] {taskinstance.py:1017} INFO - 
--------------------------------------------------------------------------------
[2022-08-03 15:40:01,160] {taskinstance.py:1018} INFO - Starting attempt 1 of 1
[2022-08-03 15:40:01,161] {taskinstance.py:1019} INFO - 
--------------------------------------------------------------------------------
[2022-08-03 15:40:01,316] {taskinstance.py:1038} INFO - Executing <Task(PythonOperator): dapat_suhu> on 2022-08-03T15:38:00+00:00
[2022-08-03 15:40:01,323] {standard_task_runner.py:51} INFO - Started process 26450 to run task
[2022-08-03 15:40:01,333] {standard_task_runner.py:75} INFO - Running: ['airflow', 'tasks', 'run', 'penjadwalan', 'dapat_suhu', '2022-08-03T15:38:00+00:00', '--job-id', '1229', '--pool', 'default_pool', '--raw', '--subdir', 'DAGS_FOLDER/penjadwalan.py', '--cfg-path', '/tmp/tmpsnhug596']
[2022-08-03 15:40:01,338] {standard_task_runner.py:76} INFO - Job 1229: Subtask dapat_suhu
[2022-08-03 15:40:01,464] {logging_mixin.py:103} INFO - Running <TaskInstance: penjadwalan.dapat_suhu 2022-08-03T15:38:00+00:00 [running]> on host b4dcda255553
[2022-08-03 15:40:01,565] {taskinstance.py:1232} INFO - Exporting the following env vars:
AIRFLOW_CTX_DAG_OWNER=airflow
AIRFLOW_CTX_DAG_ID=penjadwalan
AIRFLOW_CTX_TASK_ID=dapat_suhu
AIRFLOW_CTX_EXECUTION_DATE=2022-08-03T15:38:00+00:00
AIRFLOW_CTX_DAG_RUN_ID=scheduled__2022-08-03T15:38:00+00:00
[2022-08-03 15:40:02,039] {logging_mixin.py:103} INFO - {'kota': 'Bali', 'cuaca': 'Clouds', 'cuaca_deskripsi': 'broken clouds', 'temperatur': 298.28, 'waktu': '2022-08-03T15:40:02.039266'}
[2022-08-03 15:40:02,384] {logging_mixin.py:103} INFO - {'kota': 'Lombok', 'cuaca': 'Clouds', 'cuaca_deskripsi': 'overcast clouds', 'temperatur': 293.94, 'waktu': '2022-08-03T15:40:02.384717'}
[2022-08-03 15:40:02,575] {logging_mixin.py:103} INFO - {'kota': 'Labuan Bajo', 'cuaca': 'Clouds', 'cuaca_deskripsi': 'broken clouds', 'temperatur': 296.58, 'waktu': '2022-08-03T15:40:02.575150'}
[2022-08-03 15:40:02,750] {logging_mixin.py:103} INFO - {'kota': 'Bogor', 'cuaca': 'Clouds', 'cuaca_deskripsi': 'broken clouds', 'temperatur': 298.41, 'waktu': '2022-08-03T15:40:02.750152'}
[2022-08-03 15:40:02,915] {logging_mixin.py:103} INFO - {'kota': 'Bandung', 'cuaca': 'Clouds', 'cuaca_deskripsi': 'broken clouds', 'temperatur': 293.7, 'waktu': '2022-08-03T15:40:02.915510'}
[2022-08-03 15:40:02,916] {python.py:118} INFO - Done. Returned value was: None
[2022-08-03 15:40:02,949] {taskinstance.py:1142} INFO - Marking task as SUCCESS. dag_id=penjadwalan, task_id=dapat_suhu, execution_date=20220803T153800, start_date=20220803T154001, end_date=20220803T154002
[2022-08-03 15:40:03,015] {taskinstance.py:1195} INFO - 0 downstream tasks scheduled from follow-on schedule check
[2022-08-03 15:40:03,047] {local_task_job.py:118} INFO - Task exited with return code 0
