[2022-08-03 16:40:04,491] {taskinstance.py:826} INFO - Dependencies all met for <TaskInstance: penjadwalan.dapat_suhu 2022-08-03T16:38:00+00:00 [queued]>
[2022-08-03 16:40:04,987] {taskinstance.py:826} INFO - Dependencies all met for <TaskInstance: penjadwalan.dapat_suhu 2022-08-03T16:38:00+00:00 [queued]>
[2022-08-03 16:40:05,011] {taskinstance.py:1017} INFO - 
--------------------------------------------------------------------------------
[2022-08-03 16:40:05,043] {taskinstance.py:1018} INFO - Starting attempt 1 of 1
[2022-08-03 16:40:05,054] {taskinstance.py:1019} INFO - 
--------------------------------------------------------------------------------
[2022-08-03 16:40:05,162] {taskinstance.py:1038} INFO - Executing <Task(PythonOperator): dapat_suhu> on 2022-08-03T16:38:00+00:00
[2022-08-03 16:40:05,174] {standard_task_runner.py:51} INFO - Started process 21541 to run task
[2022-08-03 16:40:05,182] {standard_task_runner.py:75} INFO - Running: ['airflow', 'tasks', 'run', 'penjadwalan', 'dapat_suhu', '2022-08-03T16:38:00+00:00', '--job-id', '1284', '--pool', 'default_pool', '--raw', '--subdir', 'DAGS_FOLDER/penjadwalan.py', '--cfg-path', '/tmp/tmpa_thfsd8']
[2022-08-03 16:40:05,197] {standard_task_runner.py:76} INFO - Job 1284: Subtask dapat_suhu
[2022-08-03 16:40:05,468] {logging_mixin.py:103} INFO - Running <TaskInstance: penjadwalan.dapat_suhu 2022-08-03T16:38:00+00:00 [running]> on host b4dcda255553
[2022-08-03 16:40:16,129] {taskinstance.py:1232} INFO - Exporting the following env vars:
AIRFLOW_CTX_DAG_OWNER=airflow
AIRFLOW_CTX_DAG_ID=penjadwalan
AIRFLOW_CTX_TASK_ID=dapat_suhu
AIRFLOW_CTX_EXECUTION_DATE=2022-08-03T16:38:00+00:00
AIRFLOW_CTX_DAG_RUN_ID=scheduled__2022-08-03T16:38:00+00:00
[2022-08-03 16:40:28,063] {logging_mixin.py:103} INFO - {'kota': 'Bali', 'cuaca': 'Clouds', 'cuaca_deskripsi': 'broken clouds', 'temperatur': 298.28, 'waktu': '2022-08-03T16:40:28.063529'}
[2022-08-03 16:40:28,615] {logging_mixin.py:103} INFO - {'kota': 'Lombok', 'cuaca': 'Clouds', 'cuaca_deskripsi': 'overcast clouds', 'temperatur': 293.9, 'waktu': '2022-08-03T16:40:28.615054'}
[2022-08-03 16:40:28,931] {logging_mixin.py:103} INFO - {'kota': 'Labuan Bajo', 'cuaca': 'Clouds', 'cuaca_deskripsi': 'broken clouds', 'temperatur': 296.52, 'waktu': '2022-08-03T16:40:28.931585'}
[2022-08-03 16:40:29,171] {logging_mixin.py:103} INFO - {'kota': 'Bogor', 'cuaca': 'Clouds', 'cuaca_deskripsi': 'overcast clouds', 'temperatur': 294.15, 'waktu': '2022-08-03T16:40:29.171499'}
[2022-08-03 16:40:29,543] {logging_mixin.py:103} INFO - {'kota': 'Bandung', 'cuaca': 'Clouds', 'cuaca_deskripsi': 'overcast clouds', 'temperatur': 293.62, 'waktu': '2022-08-03T16:40:29.543445'}
[2022-08-03 16:40:29,544] {python.py:118} INFO - Done. Returned value was: None
[2022-08-03 16:40:30,205] {taskinstance.py:1142} INFO - Marking task as SUCCESS. dag_id=penjadwalan, task_id=dapat_suhu, execution_date=20220803T163800, start_date=20220803T164004, end_date=20220803T164030
[2022-08-03 16:40:42,946] {local_task_job.py:170} WARNING - State of this instance has been externally set to success. Terminating instance.
[2022-08-03 16:40:42,966] {process_utils.py:95} INFO - Sending Signals.SIGTERM to GPID 21541
[2022-08-03 16:40:43,197] {taskinstance.py:1214} ERROR - Received SIGTERM. Terminating subprocesses.
[2022-08-03 16:40:43,228] {process_utils.py:61} INFO - Process psutil.Process(pid=21541, status='terminated', exitcode=1, started='16:40:04') (21541) terminated with exit code 1
[2022-08-03 16:40:43,230] {local_task_job.py:118} INFO - Task exited with return code 1
