[2022-08-03 16:22:00,758] {taskinstance.py:826} INFO - Dependencies all met for <TaskInstance: penjadwalan.dapat_suhu 2022-08-03T16:20:00+00:00 [queued]>
[2022-08-03 16:22:00,915] {taskinstance.py:826} INFO - Dependencies all met for <TaskInstance: penjadwalan.dapat_suhu 2022-08-03T16:20:00+00:00 [queued]>
[2022-08-03 16:22:00,915] {taskinstance.py:1017} INFO - 
--------------------------------------------------------------------------------
[2022-08-03 16:22:00,916] {taskinstance.py:1018} INFO - Starting attempt 1 of 1
[2022-08-03 16:22:00,916] {taskinstance.py:1019} INFO - 
--------------------------------------------------------------------------------
[2022-08-03 16:22:00,968] {taskinstance.py:1038} INFO - Executing <Task(PythonOperator): dapat_suhu> on 2022-08-03T16:20:00+00:00
[2022-08-03 16:22:00,973] {standard_task_runner.py:51} INFO - Started process 8265 to run task
[2022-08-03 16:22:00,983] {standard_task_runner.py:75} INFO - Running: ['airflow', 'tasks', 'run', 'penjadwalan', 'dapat_suhu', '2022-08-03T16:20:00+00:00', '--job-id', '1270', '--pool', 'default_pool', '--raw', '--subdir', 'DAGS_FOLDER/penjadwalan.py', '--cfg-path', '/tmp/tmp3xzoj9cy']
[2022-08-03 16:22:00,989] {standard_task_runner.py:76} INFO - Job 1270: Subtask dapat_suhu
[2022-08-03 16:22:01,090] {logging_mixin.py:103} INFO - Running <TaskInstance: penjadwalan.dapat_suhu 2022-08-03T16:20:00+00:00 [running]> on host b4dcda255553
[2022-08-03 16:22:01,182] {taskinstance.py:1232} INFO - Exporting the following env vars:
AIRFLOW_CTX_DAG_OWNER=airflow
AIRFLOW_CTX_DAG_ID=penjadwalan
AIRFLOW_CTX_TASK_ID=dapat_suhu
AIRFLOW_CTX_EXECUTION_DATE=2022-08-03T16:20:00+00:00
AIRFLOW_CTX_DAG_RUN_ID=scheduled__2022-08-03T16:20:00+00:00
[2022-08-03 16:22:01,727] {logging_mixin.py:103} INFO - {'kota': 'Bali', 'cuaca': 'Clouds', 'cuaca_deskripsi': 'broken clouds', 'temperatur': 298.28, 'waktu': '2022-08-03T16:22:01.727007'}
[2022-08-03 16:22:01,918] {logging_mixin.py:103} INFO - {'kota': 'Lombok', 'cuaca': 'Clouds', 'cuaca_deskripsi': 'overcast clouds', 'temperatur': 293.94, 'waktu': '2022-08-03T16:22:01.918493'}
[2022-08-03 16:22:02,059] {logging_mixin.py:103} INFO - {'kota': 'Labuan Bajo', 'cuaca': 'Clouds', 'cuaca_deskripsi': 'broken clouds', 'temperatur': 296.58, 'waktu': '2022-08-03T16:22:02.059053'}
[2022-08-03 16:22:02,209] {logging_mixin.py:103} INFO - {'kota': 'Bogor', 'cuaca': 'Clouds', 'cuaca_deskripsi': 'broken clouds', 'temperatur': 299.76, 'waktu': '2022-08-03T16:22:02.209011'}
[2022-08-03 16:22:02,396] {logging_mixin.py:103} INFO - {'kota': 'Bandung', 'cuaca': 'Clouds', 'cuaca_deskripsi': 'broken clouds', 'temperatur': 293.7, 'waktu': '2022-08-03T16:22:02.396374'}
[2022-08-03 16:22:02,400] {python.py:118} INFO - Done. Returned value was: None
[2022-08-03 16:22:02,444] {taskinstance.py:1142} INFO - Marking task as SUCCESS. dag_id=penjadwalan, task_id=dapat_suhu, execution_date=20220803T162000, start_date=20220803T162200, end_date=20220803T162202
[2022-08-03 16:22:02,512] {taskinstance.py:1195} INFO - 0 downstream tasks scheduled from follow-on schedule check
[2022-08-03 16:22:02,560] {local_task_job.py:118} INFO - Task exited with return code 0
