[2022-08-03 15:58:01,519] {taskinstance.py:826} INFO - Dependencies all met for <TaskInstance: penjadwalan.dapat_suhu 2022-08-03T15:56:00+00:00 [queued]>
[2022-08-03 15:58:01,553] {taskinstance.py:826} INFO - Dependencies all met for <TaskInstance: penjadwalan.dapat_suhu 2022-08-03T15:56:00+00:00 [queued]>
[2022-08-03 15:58:01,553] {taskinstance.py:1017} INFO - 
--------------------------------------------------------------------------------
[2022-08-03 15:58:01,554] {taskinstance.py:1018} INFO - Starting attempt 1 of 1
[2022-08-03 15:58:01,555] {taskinstance.py:1019} INFO - 
--------------------------------------------------------------------------------
[2022-08-03 15:58:01,571] {taskinstance.py:1038} INFO - Executing <Task(PythonOperator): dapat_suhu> on 2022-08-03T15:56:00+00:00
[2022-08-03 15:58:01,576] {standard_task_runner.py:51} INFO - Started process 12242 to run task
[2022-08-03 15:58:01,582] {standard_task_runner.py:75} INFO - Running: ['airflow', 'tasks', 'run', 'penjadwalan', 'dapat_suhu', '2022-08-03T15:56:00+00:00', '--job-id', '1246', '--pool', 'default_pool', '--raw', '--subdir', 'DAGS_FOLDER/penjadwalan.py', '--cfg-path', '/tmp/tmpv68f2lhh']
[2022-08-03 15:58:01,585] {standard_task_runner.py:76} INFO - Job 1246: Subtask dapat_suhu
[2022-08-03 15:58:01,671] {logging_mixin.py:103} INFO - Running <TaskInstance: penjadwalan.dapat_suhu 2022-08-03T15:56:00+00:00 [running]> on host b4dcda255553
[2022-08-03 15:58:01,751] {taskinstance.py:1232} INFO - Exporting the following env vars:
AIRFLOW_CTX_DAG_OWNER=airflow
AIRFLOW_CTX_DAG_ID=penjadwalan
AIRFLOW_CTX_TASK_ID=dapat_suhu
AIRFLOW_CTX_EXECUTION_DATE=2022-08-03T15:56:00+00:00
AIRFLOW_CTX_DAG_RUN_ID=scheduled__2022-08-03T15:56:00+00:00
[2022-08-03 15:58:02,000] {logging_mixin.py:103} INFO - {'kota': 'Bali', 'cuaca': 'Clouds', 'cuaca_deskripsi': 'broken clouds', 'temperatur': 298.28, 'waktu': '2022-08-03T15:58:01.999997'}
[2022-08-03 15:58:02,211] {logging_mixin.py:103} INFO - {'kota': 'Lombok', 'cuaca': 'Clouds', 'cuaca_deskripsi': 'overcast clouds', 'temperatur': 293.94, 'waktu': '2022-08-03T15:58:02.210835'}
[2022-08-03 15:58:02,431] {logging_mixin.py:103} INFO - {'kota': 'Labuan Bajo', 'cuaca': 'Clouds', 'cuaca_deskripsi': 'broken clouds', 'temperatur': 296.58, 'waktu': '2022-08-03T15:58:02.430987'}
[2022-08-03 15:58:02,600] {logging_mixin.py:103} INFO - {'kota': 'Bogor', 'cuaca': 'Clouds', 'cuaca_deskripsi': 'broken clouds', 'temperatur': 299.76, 'waktu': '2022-08-03T15:58:02.600214'}
[2022-08-03 15:58:02,872] {logging_mixin.py:103} INFO - {'kota': 'Bandung', 'cuaca': 'Clouds', 'cuaca_deskripsi': 'broken clouds', 'temperatur': 293.7, 'waktu': '2022-08-03T15:58:02.871979'}
[2022-08-03 15:58:02,872] {python.py:118} INFO - Done. Returned value was: None
[2022-08-03 15:58:02,898] {taskinstance.py:1142} INFO - Marking task as SUCCESS. dag_id=penjadwalan, task_id=dapat_suhu, execution_date=20220803T155600, start_date=20220803T155801, end_date=20220803T155802
[2022-08-03 15:58:02,970] {taskinstance.py:1195} INFO - 0 downstream tasks scheduled from follow-on schedule check
[2022-08-03 15:58:03,005] {local_task_job.py:118} INFO - Task exited with return code 0
