[2022-08-03 16:08:01,204] {taskinstance.py:826} INFO - Dependencies all met for <TaskInstance: penjadwalan.dapat_suhu 2022-08-03T16:06:00+00:00 [queued]>
[2022-08-03 16:08:01,233] {taskinstance.py:826} INFO - Dependencies all met for <TaskInstance: penjadwalan.dapat_suhu 2022-08-03T16:06:00+00:00 [queued]>
[2022-08-03 16:08:01,233] {taskinstance.py:1017} INFO - 
--------------------------------------------------------------------------------
[2022-08-03 16:08:01,234] {taskinstance.py:1018} INFO - Starting attempt 1 of 1
[2022-08-03 16:08:01,234] {taskinstance.py:1019} INFO - 
--------------------------------------------------------------------------------
[2022-08-03 16:08:01,251] {taskinstance.py:1038} INFO - Executing <Task(PythonOperator): dapat_suhu> on 2022-08-03T16:06:00+00:00
[2022-08-03 16:08:01,256] {standard_task_runner.py:51} INFO - Started process 9106 to run task
[2022-08-03 16:08:01,262] {standard_task_runner.py:75} INFO - Running: ['airflow', 'tasks', 'run', 'penjadwalan', 'dapat_suhu', '2022-08-03T16:06:00+00:00', '--job-id', '1255', '--pool', 'default_pool', '--raw', '--subdir', 'DAGS_FOLDER/penjadwalan.py', '--cfg-path', '/tmp/tmp1lxgrfi4']
[2022-08-03 16:08:01,268] {standard_task_runner.py:76} INFO - Job 1255: Subtask dapat_suhu
[2022-08-03 16:08:01,355] {logging_mixin.py:103} INFO - Running <TaskInstance: penjadwalan.dapat_suhu 2022-08-03T16:06:00+00:00 [running]> on host b4dcda255553
[2022-08-03 16:08:01,444] {taskinstance.py:1232} INFO - Exporting the following env vars:
AIRFLOW_CTX_DAG_OWNER=airflow
AIRFLOW_CTX_DAG_ID=penjadwalan
AIRFLOW_CTX_TASK_ID=dapat_suhu
AIRFLOW_CTX_EXECUTION_DATE=2022-08-03T16:06:00+00:00
AIRFLOW_CTX_DAG_RUN_ID=scheduled__2022-08-03T16:06:00+00:00
[2022-08-03 16:08:01,637] {logging_mixin.py:103} INFO - {'kota': 'Bali', 'cuaca': 'Clouds', 'cuaca_deskripsi': 'broken clouds', 'temperatur': 298.28, 'waktu': '2022-08-03T16:08:01.637473'}
[2022-08-03 16:08:01,772] {logging_mixin.py:103} INFO - {'kota': 'Lombok', 'cuaca': 'Clouds', 'cuaca_deskripsi': 'overcast clouds', 'temperatur': 293.94, 'waktu': '2022-08-03T16:08:01.772103'}
[2022-08-03 16:08:01,983] {logging_mixin.py:103} INFO - {'kota': 'Labuan Bajo', 'cuaca': 'Clouds', 'cuaca_deskripsi': 'broken clouds', 'temperatur': 296.58, 'waktu': '2022-08-03T16:08:01.983298'}
[2022-08-03 16:08:02,103] {logging_mixin.py:103} INFO - {'kota': 'Bogor', 'cuaca': 'Clouds', 'cuaca_deskripsi': 'broken clouds', 'temperatur': 294.66, 'waktu': '2022-08-03T16:08:02.103207'}
[2022-08-03 16:08:02,232] {logging_mixin.py:103} INFO - {'kota': 'Bandung', 'cuaca': 'Clouds', 'cuaca_deskripsi': 'broken clouds', 'temperatur': 293.7, 'waktu': '2022-08-03T16:08:02.232283'}
[2022-08-03 16:08:02,233] {python.py:118} INFO - Done. Returned value was: None
[2022-08-03 16:08:02,250] {taskinstance.py:1142} INFO - Marking task as SUCCESS. dag_id=penjadwalan, task_id=dapat_suhu, execution_date=20220803T160600, start_date=20220803T160801, end_date=20220803T160802
[2022-08-03 16:08:02,307] {taskinstance.py:1195} INFO - 0 downstream tasks scheduled from follow-on schedule check
[2022-08-03 16:08:02,317] {local_task_job.py:118} INFO - Task exited with return code 0
