[2022-08-03 14:44:00,782] {taskinstance.py:826} INFO - Dependencies all met for <TaskInstance: penjadwalan.dapat_suhu 2022-08-03T14:42:00+00:00 [queued]>
[2022-08-03 14:44:00,814] {taskinstance.py:826} INFO - Dependencies all met for <TaskInstance: penjadwalan.dapat_suhu 2022-08-03T14:42:00+00:00 [queued]>
[2022-08-03 14:44:00,814] {taskinstance.py:1017} INFO - 
--------------------------------------------------------------------------------
[2022-08-03 14:44:00,815] {taskinstance.py:1018} INFO - Starting attempt 1 of 1
[2022-08-03 14:44:00,816] {taskinstance.py:1019} INFO - 
--------------------------------------------------------------------------------
[2022-08-03 14:44:00,836] {taskinstance.py:1038} INFO - Executing <Task(PythonOperator): dapat_suhu> on 2022-08-03T14:42:00+00:00
[2022-08-03 14:44:00,843] {standard_task_runner.py:51} INFO - Started process 27353 to run task
[2022-08-03 14:44:00,848] {standard_task_runner.py:75} INFO - Running: ['airflow', 'tasks', 'run', 'penjadwalan', 'dapat_suhu', '2022-08-03T14:42:00+00:00', '--job-id', '1181', '--pool', 'default_pool', '--raw', '--subdir', 'DAGS_FOLDER/penjadwalan.py', '--cfg-path', '/tmp/tmpt1pnwvsm']
[2022-08-03 14:44:00,855] {standard_task_runner.py:76} INFO - Job 1181: Subtask dapat_suhu
[2022-08-03 14:44:00,952] {logging_mixin.py:103} INFO - Running <TaskInstance: penjadwalan.dapat_suhu 2022-08-03T14:42:00+00:00 [running]> on host b4dcda255553
[2022-08-03 14:44:01,043] {taskinstance.py:1232} INFO - Exporting the following env vars:
AIRFLOW_CTX_DAG_OWNER=airflow
AIRFLOW_CTX_DAG_ID=penjadwalan
AIRFLOW_CTX_TASK_ID=dapat_suhu
AIRFLOW_CTX_EXECUTION_DATE=2022-08-03T14:42:00+00:00
AIRFLOW_CTX_DAG_RUN_ID=scheduled__2022-08-03T14:42:00+00:00
[2022-08-03 14:44:01,232] {logging_mixin.py:103} INFO - {'kota': 'Bali', 'cuaca': 'Clouds', 'cuaca_deskripsi': 'broken clouds', 'temperatur': 298.28, 'waktu': '2022-08-03T14:44:01.231789'}
[2022-08-03 14:44:01,698] {logging_mixin.py:103} INFO - {'kota': 'Lombok', 'cuaca': 'Clouds', 'cuaca_deskripsi': 'overcast clouds', 'temperatur': 294.17, 'waktu': '2022-08-03T14:44:01.698488'}
[2022-08-03 14:44:01,934] {logging_mixin.py:103} INFO - {'kota': 'Labuan Bajo', 'cuaca': 'Clouds', 'cuaca_deskripsi': 'broken clouds', 'temperatur': 296.75, 'waktu': '2022-08-03T14:44:01.934681'}
[2022-08-03 14:44:02,084] {logging_mixin.py:103} INFO - {'kota': 'Bogor', 'cuaca': 'Clouds', 'cuaca_deskripsi': 'overcast clouds', 'temperatur': 293.6, 'waktu': '2022-08-03T14:44:02.084673'}
[2022-08-03 14:44:02,297] {logging_mixin.py:103} INFO - {'kota': 'Bandung', 'cuaca': 'Clouds', 'cuaca_deskripsi': 'broken clouds', 'temperatur': 293.81, 'waktu': '2022-08-03T14:44:02.297446'}
[2022-08-03 14:44:02,300] {python.py:118} INFO - Done. Returned value was: None
[2022-08-03 14:44:02,488] {taskinstance.py:1142} INFO - Marking task as SUCCESS. dag_id=penjadwalan, task_id=dapat_suhu, execution_date=20220803T144200, start_date=20220803T144400, end_date=20220803T144402
[2022-08-03 14:44:02,692] {taskinstance.py:1195} INFO - 0 downstream tasks scheduled from follow-on schedule check
[2022-08-03 14:44:02,711] {local_task_job.py:118} INFO - Task exited with return code 0
