[2022-08-03 15:30:05,894] {taskinstance.py:826} INFO - Dependencies all met for <TaskInstance: my_simple_dag.sleep_me 2022-08-03T15:20:00+00:00 [queued]>
[2022-08-03 15:30:05,916] {taskinstance.py:826} INFO - Dependencies all met for <TaskInstance: my_simple_dag.sleep_me 2022-08-03T15:20:00+00:00 [queued]>
[2022-08-03 15:30:05,917] {taskinstance.py:1017} INFO - 
--------------------------------------------------------------------------------
[2022-08-03 15:30:05,917] {taskinstance.py:1018} INFO - Starting attempt 1 of 1
[2022-08-03 15:30:05,917] {taskinstance.py:1019} INFO - 
--------------------------------------------------------------------------------
[2022-08-03 15:30:05,931] {taskinstance.py:1038} INFO - Executing <Task(BashOperator): sleep_me> on 2022-08-03T15:20:00+00:00
[2022-08-03 15:30:05,936] {standard_task_runner.py:51} INFO - Started process 30361 to run task
[2022-08-03 15:30:05,942] {standard_task_runner.py:75} INFO - Running: ['airflow', 'tasks', 'run', 'my_simple_dag', 'sleep_me', '2022-08-03T15:20:00+00:00', '--job-id', '1223', '--pool', 'default_pool', '--raw', '--subdir', 'DAGS_FOLDER/my_simple_dag.py', '--cfg-path', '/tmp/tmp9e3t06dp']
[2022-08-03 15:30:05,946] {standard_task_runner.py:76} INFO - Job 1223: Subtask sleep_me
[2022-08-03 15:30:06,006] {logging_mixin.py:103} INFO - Running <TaskInstance: my_simple_dag.sleep_me 2022-08-03T15:20:00+00:00 [running]> on host b4dcda255553
[2022-08-03 15:30:06,071] {taskinstance.py:1232} INFO - Exporting the following env vars:
AIRFLOW_CTX_DAG_OWNER=airflow
AIRFLOW_CTX_DAG_ID=my_simple_dag
AIRFLOW_CTX_TASK_ID=sleep_me
AIRFLOW_CTX_EXECUTION_DATE=2022-08-03T15:20:00+00:00
AIRFLOW_CTX_DAG_RUN_ID=scheduled__2022-08-03T15:20:00+00:00
[2022-08-03 15:30:06,072] {bash.py:135} INFO - Tmp dir root location: 
 /tmp
[2022-08-03 15:30:06,073] {bash.py:158} INFO - Running command: sleep 5
[2022-08-03 15:30:06,081] {bash.py:169} INFO - Output:
[2022-08-03 15:30:11,085] {bash.py:177} INFO - Command exited with return code 0
[2022-08-03 15:30:11,133] {taskinstance.py:1142} INFO - Marking task as SUCCESS. dag_id=my_simple_dag, task_id=sleep_me, execution_date=20220803T152000, start_date=20220803T153005, end_date=20220803T153011
[2022-08-03 15:30:11,193] {taskinstance.py:1195} INFO - 1 downstream tasks scheduled from follow-on schedule check
[2022-08-03 15:30:11,203] {local_task_job.py:118} INFO - Task exited with return code 0
