[2022-08-03 13:30:04,347] {taskinstance.py:826} INFO - Dependencies all met for <TaskInstance: my_simple_dag.greet 2022-08-03T13:20:00+00:00 [queued]>
[2022-08-03 13:30:04,760] {taskinstance.py:826} INFO - Dependencies all met for <TaskInstance: my_simple_dag.greet 2022-08-03T13:20:00+00:00 [queued]>
[2022-08-03 13:30:04,762] {taskinstance.py:1017} INFO - 
--------------------------------------------------------------------------------
[2022-08-03 13:30:04,766] {taskinstance.py:1018} INFO - Starting attempt 1 of 1
[2022-08-03 13:30:04,767] {taskinstance.py:1019} INFO - 
--------------------------------------------------------------------------------
[2022-08-03 13:30:05,018] {taskinstance.py:1038} INFO - Executing <Task(PythonOperator): greet> on 2022-08-03T13:20:00+00:00
[2022-08-03 13:30:05,027] {standard_task_runner.py:51} INFO - Started process 10444 to run task
[2022-08-03 13:30:05,035] {standard_task_runner.py:75} INFO - Running: ['airflow', 'tasks', 'run', 'my_simple_dag', 'greet', '2022-08-03T13:20:00+00:00', '--job-id', '1114', '--pool', 'default_pool', '--raw', '--subdir', 'DAGS_FOLDER/my_simple_dag.py', '--cfg-path', '/tmp/tmp5pjuxs7n']
[2022-08-03 13:30:05,050] {standard_task_runner.py:76} INFO - Job 1114: Subtask greet
[2022-08-03 13:30:05,245] {logging_mixin.py:103} INFO - Running <TaskInstance: my_simple_dag.greet 2022-08-03T13:20:00+00:00 [running]> on host b4dcda255553
[2022-08-03 13:30:05,436] {taskinstance.py:1232} INFO - Exporting the following env vars:
AIRFLOW_CTX_DAG_OWNER=airflow
AIRFLOW_CTX_DAG_ID=my_simple_dag
AIRFLOW_CTX_TASK_ID=greet
AIRFLOW_CTX_EXECUTION_DATE=2022-08-03T13:20:00+00:00
AIRFLOW_CTX_DAG_RUN_ID=scheduled__2022-08-03T13:20:00+00:00
[2022-08-03 13:30:05,444] {logging_mixin.py:103} INFO - Halo Salam dari Apache Airflow2022-08-03 13:30
[2022-08-03 13:30:05,445] {python.py:118} INFO - Done. Returned value was: None
[2022-08-03 13:30:05,480] {taskinstance.py:1142} INFO - Marking task as SUCCESS. dag_id=my_simple_dag, task_id=greet, execution_date=20220803T132000, start_date=20220803T133004, end_date=20220803T133005
[2022-08-03 13:30:06,902] {taskinstance.py:1195} INFO - 1 downstream tasks scheduled from follow-on schedule check
[2022-08-03 13:30:06,943] {local_task_job.py:118} INFO - Task exited with return code 0
