[2022-08-03 14:48:03,139] {taskinstance.py:826} INFO - Dependencies all met for <TaskInstance: penjadwalan.dapat_suhu 2022-08-03T14:46:00+00:00 [queued]>
[2022-08-03 14:48:03,173] {taskinstance.py:826} INFO - Dependencies all met for <TaskInstance: penjadwalan.dapat_suhu 2022-08-03T14:46:00+00:00 [queued]>
[2022-08-03 14:48:03,173] {taskinstance.py:1017} INFO - 
--------------------------------------------------------------------------------
[2022-08-03 14:48:03,174] {taskinstance.py:1018} INFO - Starting attempt 1 of 1
[2022-08-03 14:48:03,174] {taskinstance.py:1019} INFO - 
--------------------------------------------------------------------------------
[2022-08-03 14:48:03,190] {taskinstance.py:1038} INFO - Executing <Task(PythonOperator): dapat_suhu> on 2022-08-03T14:46:00+00:00
[2022-08-03 14:48:03,196] {standard_task_runner.py:51} INFO - Started process 5171 to run task
[2022-08-03 14:48:03,203] {standard_task_runner.py:75} INFO - Running: ['airflow', 'tasks', 'run', 'penjadwalan', 'dapat_suhu', '2022-08-03T14:46:00+00:00', '--job-id', '1183', '--pool', 'default_pool', '--raw', '--subdir', 'DAGS_FOLDER/penjadwalan.py', '--cfg-path', '/tmp/tmp59eyuv4m']
[2022-08-03 14:48:03,209] {standard_task_runner.py:76} INFO - Job 1183: Subtask dapat_suhu
[2022-08-03 14:48:03,294] {logging_mixin.py:103} INFO - Running <TaskInstance: penjadwalan.dapat_suhu 2022-08-03T14:46:00+00:00 [running]> on host b4dcda255553
[2022-08-03 14:48:03,387] {taskinstance.py:1232} INFO - Exporting the following env vars:
AIRFLOW_CTX_DAG_OWNER=airflow
AIRFLOW_CTX_DAG_ID=penjadwalan
AIRFLOW_CTX_TASK_ID=dapat_suhu
AIRFLOW_CTX_EXECUTION_DATE=2022-08-03T14:46:00+00:00
AIRFLOW_CTX_DAG_RUN_ID=scheduled__2022-08-03T14:46:00+00:00
[2022-08-03 14:48:03,578] {logging_mixin.py:103} INFO - {'kota': 'Bali', 'cuaca': 'Clouds', 'cuaca_deskripsi': 'broken clouds', 'temperatur': 298.28, 'waktu': '2022-08-03T14:48:03.578026'}
[2022-08-03 14:48:03,697] {logging_mixin.py:103} INFO - {'kota': 'Lombok', 'cuaca': 'Clouds', 'cuaca_deskripsi': 'overcast clouds', 'temperatur': 294.17, 'waktu': '2022-08-03T14:48:03.697401'}
[2022-08-03 14:48:03,879] {logging_mixin.py:103} INFO - {'kota': 'Labuan Bajo', 'cuaca': 'Clouds', 'cuaca_deskripsi': 'broken clouds', 'temperatur': 296.75, 'waktu': '2022-08-03T14:48:03.879796'}
[2022-08-03 14:48:04,090] {logging_mixin.py:103} INFO - {'kota': 'Bogor', 'cuaca': 'Clouds', 'cuaca_deskripsi': 'overcast clouds', 'temperatur': 293.6, 'waktu': '2022-08-03T14:48:04.090365'}
[2022-08-03 14:48:04,249] {logging_mixin.py:103} INFO - {'kota': 'Bandung', 'cuaca': 'Clouds', 'cuaca_deskripsi': 'broken clouds', 'temperatur': 293.81, 'waktu': '2022-08-03T14:48:04.249190'}
[2022-08-03 14:48:04,250] {python.py:118} INFO - Done. Returned value was: None
[2022-08-03 14:48:04,269] {taskinstance.py:1142} INFO - Marking task as SUCCESS. dag_id=penjadwalan, task_id=dapat_suhu, execution_date=20220803T144600, start_date=20220803T144803, end_date=20220803T144804
[2022-08-03 14:48:04,319] {taskinstance.py:1195} INFO - 0 downstream tasks scheduled from follow-on schedule check
[2022-08-03 14:48:04,333] {local_task_job.py:118} INFO - Task exited with return code 0
