[2022-08-03 15:12:01,342] {taskinstance.py:826} INFO - Dependencies all met for <TaskInstance: penjadwalan.dapat_suhu 2022-08-03T15:10:00+00:00 [queued]>
[2022-08-03 15:12:01,387] {taskinstance.py:826} INFO - Dependencies all met for <TaskInstance: penjadwalan.dapat_suhu 2022-08-03T15:10:00+00:00 [queued]>
[2022-08-03 15:12:01,387] {taskinstance.py:1017} INFO - 
--------------------------------------------------------------------------------
[2022-08-03 15:12:01,388] {taskinstance.py:1018} INFO - Starting attempt 1 of 1
[2022-08-03 15:12:01,388] {taskinstance.py:1019} INFO - 
--------------------------------------------------------------------------------
[2022-08-03 15:12:01,409] {taskinstance.py:1038} INFO - Executing <Task(PythonOperator): dapat_suhu> on 2022-08-03T15:10:00+00:00
[2022-08-03 15:12:01,414] {standard_task_runner.py:51} INFO - Started process 11799 to run task
[2022-08-03 15:12:01,423] {standard_task_runner.py:75} INFO - Running: ['airflow', 'tasks', 'run', 'penjadwalan', 'dapat_suhu', '2022-08-03T15:10:00+00:00', '--job-id', '1207', '--pool', 'default_pool', '--raw', '--subdir', 'DAGS_FOLDER/penjadwalan.py', '--cfg-path', '/tmp/tmpog5xordq']
[2022-08-03 15:12:01,428] {standard_task_runner.py:76} INFO - Job 1207: Subtask dapat_suhu
[2022-08-03 15:12:01,523] {logging_mixin.py:103} INFO - Running <TaskInstance: penjadwalan.dapat_suhu 2022-08-03T15:10:00+00:00 [running]> on host b4dcda255553
[2022-08-03 15:12:01,601] {taskinstance.py:1232} INFO - Exporting the following env vars:
AIRFLOW_CTX_DAG_OWNER=airflow
AIRFLOW_CTX_DAG_ID=penjadwalan
AIRFLOW_CTX_TASK_ID=dapat_suhu
AIRFLOW_CTX_EXECUTION_DATE=2022-08-03T15:10:00+00:00
AIRFLOW_CTX_DAG_RUN_ID=scheduled__2022-08-03T15:10:00+00:00
[2022-08-03 15:12:01,759] {logging_mixin.py:103} INFO - {'kota': 'Bali', 'cuaca': 'Clouds', 'cuaca_deskripsi': 'broken clouds', 'temperatur': 298.28, 'waktu': '2022-08-03T15:12:01.758930'}
[2022-08-03 15:12:01,915] {logging_mixin.py:103} INFO - {'kota': 'Lombok', 'cuaca': 'Clouds', 'cuaca_deskripsi': 'overcast clouds', 'temperatur': 294.17, 'waktu': '2022-08-03T15:12:01.915523'}
[2022-08-03 15:12:02,044] {logging_mixin.py:103} INFO - {'kota': 'Labuan Bajo', 'cuaca': 'Clouds', 'cuaca_deskripsi': 'broken clouds', 'temperatur': 296.75, 'waktu': '2022-08-03T15:12:02.044749'}
[2022-08-03 15:12:02,185] {logging_mixin.py:103} INFO - {'kota': 'Bogor', 'cuaca': 'Clouds', 'cuaca_deskripsi': 'overcast clouds', 'temperatur': 293.6, 'waktu': '2022-08-03T15:12:02.185177'}
[2022-08-03 15:12:02,332] {logging_mixin.py:103} INFO - {'kota': 'Bandung', 'cuaca': 'Clouds', 'cuaca_deskripsi': 'broken clouds', 'temperatur': 293.81, 'waktu': '2022-08-03T15:12:02.332338'}
[2022-08-03 15:12:02,333] {python.py:118} INFO - Done. Returned value was: None
[2022-08-03 15:12:02,373] {taskinstance.py:1142} INFO - Marking task as SUCCESS. dag_id=penjadwalan, task_id=dapat_suhu, execution_date=20220803T151000, start_date=20220803T151201, end_date=20220803T151202
[2022-08-03 15:12:02,468] {taskinstance.py:1195} INFO - 0 downstream tasks scheduled from follow-on schedule check
[2022-08-03 15:12:02,493] {local_task_job.py:118} INFO - Task exited with return code 0
