[2022-08-03 14:30:05,292] {taskinstance.py:826} INFO - Dependencies all met for <TaskInstance: my_simple_dag.sleep_me 2022-08-03T14:20:00+00:00 [queued]>
[2022-08-03 14:30:05,330] {taskinstance.py:826} INFO - Dependencies all met for <TaskInstance: my_simple_dag.sleep_me 2022-08-03T14:20:00+00:00 [queued]>
[2022-08-03 14:30:05,331] {taskinstance.py:1017} INFO - 
--------------------------------------------------------------------------------
[2022-08-03 14:30:05,332] {taskinstance.py:1018} INFO - Starting attempt 1 of 1
[2022-08-03 14:30:05,332] {taskinstance.py:1019} INFO - 
--------------------------------------------------------------------------------
[2022-08-03 14:30:05,353] {taskinstance.py:1038} INFO - Executing <Task(BashOperator): sleep_me> on 2022-08-03T14:20:00+00:00
[2022-08-03 14:30:05,360] {standard_task_runner.py:51} INFO - Started process 21137 to run task
[2022-08-03 14:30:05,367] {standard_task_runner.py:75} INFO - Running: ['airflow', 'tasks', 'run', 'my_simple_dag', 'sleep_me', '2022-08-03T14:20:00+00:00', '--job-id', '1169', '--pool', 'default_pool', '--raw', '--subdir', 'DAGS_FOLDER/my_simple_dag.py', '--cfg-path', '/tmp/tmp80nzx0gp']
[2022-08-03 14:30:05,372] {standard_task_runner.py:76} INFO - Job 1169: Subtask sleep_me
[2022-08-03 14:30:05,468] {logging_mixin.py:103} INFO - Running <TaskInstance: my_simple_dag.sleep_me 2022-08-03T14:20:00+00:00 [running]> on host b4dcda255553
[2022-08-03 14:30:05,615] {taskinstance.py:1232} INFO - Exporting the following env vars:
AIRFLOW_CTX_DAG_OWNER=airflow
AIRFLOW_CTX_DAG_ID=my_simple_dag
AIRFLOW_CTX_TASK_ID=sleep_me
AIRFLOW_CTX_EXECUTION_DATE=2022-08-03T14:20:00+00:00
AIRFLOW_CTX_DAG_RUN_ID=scheduled__2022-08-03T14:20:00+00:00
[2022-08-03 14:30:05,618] {bash.py:135} INFO - Tmp dir root location: 
 /tmp
[2022-08-03 14:30:05,620] {bash.py:158} INFO - Running command: sleep 5
[2022-08-03 14:30:05,631] {bash.py:169} INFO - Output:
[2022-08-03 14:30:10,638] {bash.py:177} INFO - Command exited with return code 0
[2022-08-03 14:30:10,688] {taskinstance.py:1142} INFO - Marking task as SUCCESS. dag_id=my_simple_dag, task_id=sleep_me, execution_date=20220803T142000, start_date=20220803T143005, end_date=20220803T143010
[2022-08-03 14:30:10,744] {taskinstance.py:1195} INFO - 1 downstream tasks scheduled from follow-on schedule check
[2022-08-03 14:30:10,779] {local_task_job.py:118} INFO - Task exited with return code 0
