[2022-08-03 14:12:01,041] {taskinstance.py:826} INFO - Dependencies all met for <TaskInstance: penjadwalan.dapat_suhu 2022-08-03T14:10:00+00:00 [queued]>
[2022-08-03 14:12:01,085] {taskinstance.py:826} INFO - Dependencies all met for <TaskInstance: penjadwalan.dapat_suhu 2022-08-03T14:10:00+00:00 [queued]>
[2022-08-03 14:12:01,086] {taskinstance.py:1017} INFO - 
--------------------------------------------------------------------------------
[2022-08-03 14:12:01,087] {taskinstance.py:1018} INFO - Starting attempt 1 of 1
[2022-08-03 14:12:01,087] {taskinstance.py:1019} INFO - 
--------------------------------------------------------------------------------
[2022-08-03 14:12:01,105] {taskinstance.py:1038} INFO - Executing <Task(PythonOperator): dapat_suhu> on 2022-08-03T14:10:00+00:00
[2022-08-03 14:12:01,110] {standard_task_runner.py:51} INFO - Started process 23262 to run task
[2022-08-03 14:12:01,119] {standard_task_runner.py:75} INFO - Running: ['airflow', 'tasks', 'run', 'penjadwalan', 'dapat_suhu', '2022-08-03T14:10:00+00:00', '--job-id', '1153', '--pool', 'default_pool', '--raw', '--subdir', 'DAGS_FOLDER/penjadwalan.py', '--cfg-path', '/tmp/tmpa7109rlo']
[2022-08-03 14:12:01,124] {standard_task_runner.py:76} INFO - Job 1153: Subtask dapat_suhu
[2022-08-03 14:12:01,220] {logging_mixin.py:103} INFO - Running <TaskInstance: penjadwalan.dapat_suhu 2022-08-03T14:10:00+00:00 [running]> on host b4dcda255553
[2022-08-03 14:12:01,311] {taskinstance.py:1232} INFO - Exporting the following env vars:
AIRFLOW_CTX_DAG_OWNER=airflow
AIRFLOW_CTX_DAG_ID=penjadwalan
AIRFLOW_CTX_TASK_ID=dapat_suhu
AIRFLOW_CTX_EXECUTION_DATE=2022-08-03T14:10:00+00:00
AIRFLOW_CTX_DAG_RUN_ID=scheduled__2022-08-03T14:10:00+00:00
[2022-08-03 14:12:01,470] {logging_mixin.py:103} INFO - {'kota': 'Bali', 'cuaca': 'Clouds', 'cuaca_deskripsi': 'broken clouds', 'temperatur': 299.39, 'waktu': '2022-08-03T14:12:01.470261'}
[2022-08-03 14:12:01,605] {logging_mixin.py:103} INFO - {'kota': 'Lombok', 'cuaca': 'Clouds', 'cuaca_deskripsi': 'overcast clouds', 'temperatur': 294.33, 'waktu': '2022-08-03T14:12:01.605462'}
[2022-08-03 14:12:01,989] {logging_mixin.py:103} INFO - {'kota': 'Labuan Bajo', 'cuaca': 'Clouds', 'cuaca_deskripsi': 'overcast clouds', 'temperatur': 297.01, 'waktu': '2022-08-03T14:12:01.989523'}
[2022-08-03 14:12:02,141] {logging_mixin.py:103} INFO - {'kota': 'Bogor', 'cuaca': 'Clouds', 'cuaca_deskripsi': 'overcast clouds', 'temperatur': 294.16, 'waktu': '2022-08-03T14:12:02.140945'}
[2022-08-03 14:12:02,617] {logging_mixin.py:103} INFO - {'kota': 'Bandung', 'cuaca': 'Clouds', 'cuaca_deskripsi': 'broken clouds', 'temperatur': 293.99, 'waktu': '2022-08-03T14:12:02.617041'}
[2022-08-03 14:12:02,617] {python.py:118} INFO - Done. Returned value was: None
[2022-08-03 14:12:02,638] {taskinstance.py:1142} INFO - Marking task as SUCCESS. dag_id=penjadwalan, task_id=dapat_suhu, execution_date=20220803T141000, start_date=20220803T141201, end_date=20220803T141202
[2022-08-03 14:12:02,697] {taskinstance.py:1195} INFO - 0 downstream tasks scheduled from follow-on schedule check
[2022-08-03 14:12:02,734] {local_task_job.py:118} INFO - Task exited with return code 0
