[2022-08-03 14:40:04,321] {taskinstance.py:826} INFO - Dependencies all met for <TaskInstance: my_simple_dag.greet 2022-08-03T14:30:00+00:00 [queued]>
[2022-08-03 14:40:04,469] {taskinstance.py:826} INFO - Dependencies all met for <TaskInstance: my_simple_dag.greet 2022-08-03T14:30:00+00:00 [queued]>
[2022-08-03 14:40:04,487] {taskinstance.py:1017} INFO - 
--------------------------------------------------------------------------------
[2022-08-03 14:40:04,488] {taskinstance.py:1018} INFO - Starting attempt 1 of 1
[2022-08-03 14:40:04,490] {taskinstance.py:1019} INFO - 
--------------------------------------------------------------------------------
[2022-08-03 14:40:04,569] {taskinstance.py:1038} INFO - Executing <Task(PythonOperator): greet> on 2022-08-03T14:30:00+00:00
[2022-08-03 14:40:04,587] {standard_task_runner.py:51} INFO - Started process 18279 to run task
[2022-08-03 14:40:04,596] {standard_task_runner.py:75} INFO - Running: ['airflow', 'tasks', 'run', 'my_simple_dag', 'greet', '2022-08-03T14:30:00+00:00', '--job-id', '1177', '--pool', 'default_pool', '--raw', '--subdir', 'DAGS_FOLDER/my_simple_dag.py', '--cfg-path', '/tmp/tmpjwnyn41_']
[2022-08-03 14:40:04,614] {standard_task_runner.py:76} INFO - Job 1177: Subtask greet
[2022-08-03 14:40:04,781] {logging_mixin.py:103} INFO - Running <TaskInstance: my_simple_dag.greet 2022-08-03T14:30:00+00:00 [running]> on host b4dcda255553
[2022-08-03 14:40:05,795] {taskinstance.py:1232} INFO - Exporting the following env vars:
AIRFLOW_CTX_DAG_OWNER=airflow
AIRFLOW_CTX_DAG_ID=my_simple_dag
AIRFLOW_CTX_TASK_ID=greet
AIRFLOW_CTX_EXECUTION_DATE=2022-08-03T14:30:00+00:00
AIRFLOW_CTX_DAG_RUN_ID=scheduled__2022-08-03T14:30:00+00:00
[2022-08-03 14:40:05,802] {logging_mixin.py:103} INFO - Halo Salam dari Apache Airflow2022-08-03 14:40
[2022-08-03 14:40:05,804] {python.py:118} INFO - Done. Returned value was: None
[2022-08-03 14:40:05,883] {taskinstance.py:1142} INFO - Marking task as SUCCESS. dag_id=my_simple_dag, task_id=greet, execution_date=20220803T143000, start_date=20220803T144004, end_date=20220803T144005
[2022-08-03 14:40:06,114] {taskinstance.py:1195} INFO - 1 downstream tasks scheduled from follow-on schedule check
[2022-08-03 14:40:06,159] {local_task_job.py:118} INFO - Task exited with return code 0
