[2022-08-03 13:50:01,593] {taskinstance.py:826} INFO - Dependencies all met for <TaskInstance: penjadwalan.dapat_suhu 2022-08-03T13:48:00+00:00 [queued]>
[2022-08-03 13:50:01,635] {taskinstance.py:826} INFO - Dependencies all met for <TaskInstance: penjadwalan.dapat_suhu 2022-08-03T13:48:00+00:00 [queued]>
[2022-08-03 13:50:01,635] {taskinstance.py:1017} INFO - 
--------------------------------------------------------------------------------
[2022-08-03 13:50:01,636] {taskinstance.py:1018} INFO - Starting attempt 1 of 1
[2022-08-03 13:50:01,637] {taskinstance.py:1019} INFO - 
--------------------------------------------------------------------------------
[2022-08-03 13:50:01,660] {taskinstance.py:1038} INFO - Executing <Task(PythonOperator): dapat_suhu> on 2022-08-03T13:48:00+00:00
[2022-08-03 13:50:01,667] {standard_task_runner.py:51} INFO - Started process 18720 to run task
[2022-08-03 13:50:01,676] {standard_task_runner.py:75} INFO - Running: ['airflow', 'tasks', 'run', 'penjadwalan', 'dapat_suhu', '2022-08-03T13:48:00+00:00', '--job-id', '1130', '--pool', 'default_pool', '--raw', '--subdir', 'DAGS_FOLDER/penjadwalan.py', '--cfg-path', '/tmp/tmp3jdqkjyu']
[2022-08-03 13:50:01,682] {standard_task_runner.py:76} INFO - Job 1130: Subtask dapat_suhu
[2022-08-03 13:50:01,826] {logging_mixin.py:103} INFO - Running <TaskInstance: penjadwalan.dapat_suhu 2022-08-03T13:48:00+00:00 [running]> on host b4dcda255553
[2022-08-03 13:50:01,981] {taskinstance.py:1232} INFO - Exporting the following env vars:
AIRFLOW_CTX_DAG_OWNER=airflow
AIRFLOW_CTX_DAG_ID=penjadwalan
AIRFLOW_CTX_TASK_ID=dapat_suhu
AIRFLOW_CTX_EXECUTION_DATE=2022-08-03T13:48:00+00:00
AIRFLOW_CTX_DAG_RUN_ID=scheduled__2022-08-03T13:48:00+00:00
[2022-08-03 13:50:02,180] {logging_mixin.py:103} INFO - {'kota': 'Bali', 'cuaca': 'Clouds', 'cuaca_deskripsi': 'broken clouds', 'temperatur': 299.39, 'waktu': '2022-08-03T13:50:02.180700'}
[2022-08-03 13:50:02,545] {logging_mixin.py:103} INFO - {'kota': 'Lombok', 'cuaca': 'Clouds', 'cuaca_deskripsi': 'overcast clouds', 'temperatur': 294.33, 'waktu': '2022-08-03T13:50:02.533594'}
[2022-08-03 13:50:02,858] {logging_mixin.py:103} INFO - {'kota': 'Labuan Bajo', 'cuaca': 'Clouds', 'cuaca_deskripsi': 'overcast clouds', 'temperatur': 297.01, 'waktu': '2022-08-03T13:50:02.858280'}
[2022-08-03 13:50:03,153] {logging_mixin.py:103} INFO - {'kota': 'Bogor', 'cuaca': 'Clouds', 'cuaca_deskripsi': 'overcast clouds', 'temperatur': 294.71, 'waktu': '2022-08-03T13:50:03.153697'}
[2022-08-03 13:50:03,341] {logging_mixin.py:103} INFO - {'kota': 'Bandung', 'cuaca': 'Clouds', 'cuaca_deskripsi': 'broken clouds', 'temperatur': 293.99, 'waktu': '2022-08-03T13:50:03.341110'}
[2022-08-03 13:50:03,342] {python.py:118} INFO - Done. Returned value was: None
[2022-08-03 13:50:03,380] {taskinstance.py:1142} INFO - Marking task as SUCCESS. dag_id=penjadwalan, task_id=dapat_suhu, execution_date=20220803T134800, start_date=20220803T135001, end_date=20220803T135003
[2022-08-03 13:50:03,478] {taskinstance.py:1195} INFO - 0 downstream tasks scheduled from follow-on schedule check
[2022-08-03 13:50:03,521] {local_task_job.py:118} INFO - Task exited with return code 0
