[2022-08-03 12:13:01,959] {taskinstance.py:826} INFO - Dependencies all met for <TaskInstance: penjadwalan.dapat_suhu 2022-08-03T11:14:00+00:00 [queued]>
[2022-08-03 12:13:02,014] {taskinstance.py:826} INFO - Dependencies all met for <TaskInstance: penjadwalan.dapat_suhu 2022-08-03T11:14:00+00:00 [queued]>
[2022-08-03 12:13:02,015] {taskinstance.py:1017} INFO - 
--------------------------------------------------------------------------------
[2022-08-03 12:13:02,016] {taskinstance.py:1018} INFO - Starting attempt 1 of 1
[2022-08-03 12:13:02,020] {taskinstance.py:1019} INFO - 
--------------------------------------------------------------------------------
[2022-08-03 12:13:02,062] {taskinstance.py:1038} INFO - Executing <Task(PythonOperator): dapat_suhu> on 2022-08-03T11:14:00+00:00
[2022-08-03 12:13:02,080] {standard_task_runner.py:51} INFO - Started process 1331 to run task
[2022-08-03 12:13:02,105] {standard_task_runner.py:75} INFO - Running: ['airflow', 'tasks', 'run', 'penjadwalan', 'dapat_suhu', '2022-08-03T11:14:00+00:00', '--job-id', '1017', '--pool', 'default_pool', '--raw', '--subdir', 'DAGS_FOLDER/penjadwalan.py', '--cfg-path', '/tmp/tmp8j63kyry']
[2022-08-03 12:13:02,114] {standard_task_runner.py:76} INFO - Job 1017: Subtask dapat_suhu
[2022-08-03 12:13:02,378] {logging_mixin.py:103} INFO - Running <TaskInstance: penjadwalan.dapat_suhu 2022-08-03T11:14:00+00:00 [running]> on host b4dcda255553
[2022-08-03 12:13:02,666] {taskinstance.py:1232} INFO - Exporting the following env vars:
AIRFLOW_CTX_DAG_OWNER=airflow
AIRFLOW_CTX_DAG_ID=penjadwalan
AIRFLOW_CTX_TASK_ID=dapat_suhu
AIRFLOW_CTX_EXECUTION_DATE=2022-08-03T11:14:00+00:00
AIRFLOW_CTX_DAG_RUN_ID=scheduled__2022-08-03T11:14:00+00:00
[2022-08-03 12:13:02,973] {logging_mixin.py:103} INFO - {'kota': 'Bali', 'cuaca': 'Clouds', 'cuaca_deskripsi': 'overcast clouds', 'temperatur': 299.39, 'waktu': '2022-08-03T12:13:02.973237'}
[2022-08-03 12:13:03,234] {logging_mixin.py:103} INFO - {'kota': 'Lombok', 'cuaca': 'Rain', 'cuaca_deskripsi': 'light rain', 'temperatur': 294.54, 'waktu': '2022-08-03T12:13:03.234621'}
[2022-08-03 12:13:04,472] {logging_mixin.py:103} INFO - {'kota': 'Labuan Bajo', 'cuaca': 'Clouds', 'cuaca_deskripsi': 'overcast clouds', 'temperatur': 297.78, 'waktu': '2022-08-03T12:13:04.472638'}
[2022-08-03 12:13:05,695] {logging_mixin.py:103} INFO - {'kota': 'Bogor', 'cuaca': 'Clouds', 'cuaca_deskripsi': 'overcast clouds', 'temperatur': 296.38, 'waktu': '2022-08-03T12:13:05.694931'}
[2022-08-03 12:13:06,162] {logging_mixin.py:103} INFO - {'kota': 'Bandung', 'cuaca': 'Clouds', 'cuaca_deskripsi': 'broken clouds', 'temperatur': 294.44, 'waktu': '2022-08-03T12:13:06.162552'}
[2022-08-03 12:13:06,191] {python.py:118} INFO - Done. Returned value was: None
[2022-08-03 12:13:06,420] {taskinstance.py:1142} INFO - Marking task as SUCCESS. dag_id=penjadwalan, task_id=dapat_suhu, execution_date=20220803T111400, start_date=20220803T121301, end_date=20220803T121306
[2022-08-03 12:13:06,554] {taskinstance.py:1195} INFO - 0 downstream tasks scheduled from follow-on schedule check
[2022-08-03 12:13:06,592] {local_task_job.py:118} INFO - Task exited with return code 0
