[2022-08-03 13:54:01,079] {taskinstance.py:826} INFO - Dependencies all met for <TaskInstance: penjadwalan.dapat_suhu 2022-08-03T13:52:00+00:00 [queued]>
[2022-08-03 13:54:01,167] {taskinstance.py:826} INFO - Dependencies all met for <TaskInstance: penjadwalan.dapat_suhu 2022-08-03T13:52:00+00:00 [queued]>
[2022-08-03 13:54:01,170] {taskinstance.py:1017} INFO - 
--------------------------------------------------------------------------------
[2022-08-03 13:54:01,177] {taskinstance.py:1018} INFO - Starting attempt 1 of 1
[2022-08-03 13:54:01,179] {taskinstance.py:1019} INFO - 
--------------------------------------------------------------------------------
[2022-08-03 13:54:01,209] {taskinstance.py:1038} INFO - Executing <Task(PythonOperator): dapat_suhu> on 2022-08-03T13:52:00+00:00
[2022-08-03 13:54:01,215] {standard_task_runner.py:51} INFO - Started process 26225 to run task
[2022-08-03 13:54:01,231] {standard_task_runner.py:75} INFO - Running: ['airflow', 'tasks', 'run', 'penjadwalan', 'dapat_suhu', '2022-08-03T13:52:00+00:00', '--job-id', '1136', '--pool', 'default_pool', '--raw', '--subdir', 'DAGS_FOLDER/penjadwalan.py', '--cfg-path', '/tmp/tmptir0wy2h']
[2022-08-03 13:54:01,237] {standard_task_runner.py:76} INFO - Job 1136: Subtask dapat_suhu
[2022-08-03 13:54:01,348] {logging_mixin.py:103} INFO - Running <TaskInstance: penjadwalan.dapat_suhu 2022-08-03T13:52:00+00:00 [running]> on host b4dcda255553
[2022-08-03 13:54:01,450] {taskinstance.py:1232} INFO - Exporting the following env vars:
AIRFLOW_CTX_DAG_OWNER=airflow
AIRFLOW_CTX_DAG_ID=penjadwalan
AIRFLOW_CTX_TASK_ID=dapat_suhu
AIRFLOW_CTX_EXECUTION_DATE=2022-08-03T13:52:00+00:00
AIRFLOW_CTX_DAG_RUN_ID=scheduled__2022-08-03T13:52:00+00:00
[2022-08-03 13:54:01,620] {logging_mixin.py:103} INFO - {'kota': 'Bali', 'cuaca': 'Clouds', 'cuaca_deskripsi': 'broken clouds', 'temperatur': 299.39, 'waktu': '2022-08-03T13:54:01.620776'}
[2022-08-03 13:54:01,782] {logging_mixin.py:103} INFO - {'kota': 'Lombok', 'cuaca': 'Clouds', 'cuaca_deskripsi': 'overcast clouds', 'temperatur': 294.33, 'waktu': '2022-08-03T13:54:01.782531'}
[2022-08-03 13:54:01,911] {logging_mixin.py:103} INFO - {'kota': 'Labuan Bajo', 'cuaca': 'Clouds', 'cuaca_deskripsi': 'overcast clouds', 'temperatur': 297.01, 'waktu': '2022-08-03T13:54:01.910897'}
[2022-08-03 13:54:02,047] {logging_mixin.py:103} INFO - {'kota': 'Bogor', 'cuaca': 'Clouds', 'cuaca_deskripsi': 'overcast clouds', 'temperatur': 294.16, 'waktu': '2022-08-03T13:54:02.047149'}
[2022-08-03 13:54:02,291] {logging_mixin.py:103} INFO - {'kota': 'Bandung', 'cuaca': 'Clouds', 'cuaca_deskripsi': 'broken clouds', 'temperatur': 293.99, 'waktu': '2022-08-03T13:54:02.291145'}
[2022-08-03 13:54:02,292] {python.py:118} INFO - Done. Returned value was: None
[2022-08-03 13:54:02,320] {taskinstance.py:1142} INFO - Marking task as SUCCESS. dag_id=penjadwalan, task_id=dapat_suhu, execution_date=20220803T135200, start_date=20220803T135401, end_date=20220803T135402
[2022-08-03 13:54:02,418] {taskinstance.py:1195} INFO - 0 downstream tasks scheduled from follow-on schedule check
[2022-08-03 13:54:02,448] {local_task_job.py:118} INFO - Task exited with return code 0
