[2022-08-03 12:12:44,082] {taskinstance.py:826} INFO - Dependencies all met for <TaskInstance: penjadwalan.dapat_suhu 2022-08-03T10:30:00+00:00 [queued]>
[2022-08-03 12:12:44,142] {taskinstance.py:826} INFO - Dependencies all met for <TaskInstance: penjadwalan.dapat_suhu 2022-08-03T10:30:00+00:00 [queued]>
[2022-08-03 12:12:44,151] {taskinstance.py:1017} INFO - 
--------------------------------------------------------------------------------
[2022-08-03 12:12:44,151] {taskinstance.py:1018} INFO - Starting attempt 1 of 1
[2022-08-03 12:12:44,154] {taskinstance.py:1019} INFO - 
--------------------------------------------------------------------------------
[2022-08-03 12:12:44,183] {taskinstance.py:1038} INFO - Executing <Task(PythonOperator): dapat_suhu> on 2022-08-03T10:30:00+00:00
[2022-08-03 12:12:44,194] {standard_task_runner.py:51} INFO - Started process 336 to run task
[2022-08-03 12:12:44,206] {standard_task_runner.py:75} INFO - Running: ['airflow', 'tasks', 'run', 'penjadwalan', 'dapat_suhu', '2022-08-03T10:30:00+00:00', '--job-id', '992', '--pool', 'default_pool', '--raw', '--subdir', 'DAGS_FOLDER/penjadwalan.py', '--cfg-path', '/tmp/tmp7j60n_z8']
[2022-08-03 12:12:44,237] {standard_task_runner.py:76} INFO - Job 992: Subtask dapat_suhu
[2022-08-03 12:12:44,442] {logging_mixin.py:103} INFO - Running <TaskInstance: penjadwalan.dapat_suhu 2022-08-03T10:30:00+00:00 [running]> on host b4dcda255553
[2022-08-03 12:12:44,691] {taskinstance.py:1232} INFO - Exporting the following env vars:
AIRFLOW_CTX_DAG_OWNER=airflow
AIRFLOW_CTX_DAG_ID=penjadwalan
AIRFLOW_CTX_TASK_ID=dapat_suhu
AIRFLOW_CTX_EXECUTION_DATE=2022-08-03T10:30:00+00:00
AIRFLOW_CTX_DAG_RUN_ID=scheduled__2022-08-03T10:30:00+00:00
[2022-08-03 12:12:45,081] {logging_mixin.py:103} INFO - {'kota': 'Bali', 'cuaca': 'Clouds', 'cuaca_deskripsi': 'overcast clouds', 'temperatur': 299.39, 'waktu': '2022-08-03T12:12:45.081521'}
[2022-08-03 12:12:45,352] {logging_mixin.py:103} INFO - {'kota': 'Lombok', 'cuaca': 'Rain', 'cuaca_deskripsi': 'light rain', 'temperatur': 294.54, 'waktu': '2022-08-03T12:12:45.352188'}
[2022-08-03 12:12:45,506] {logging_mixin.py:103} INFO - {'kota': 'Labuan Bajo', 'cuaca': 'Clouds', 'cuaca_deskripsi': 'overcast clouds', 'temperatur': 297.78, 'waktu': '2022-08-03T12:12:45.505856'}
[2022-08-03 12:12:45,645] {logging_mixin.py:103} INFO - {'kota': 'Bogor', 'cuaca': 'Clouds', 'cuaca_deskripsi': 'overcast clouds', 'temperatur': 296.38, 'waktu': '2022-08-03T12:12:45.645268'}
[2022-08-03 12:12:45,827] {logging_mixin.py:103} INFO - {'kota': 'Bandung', 'cuaca': 'Clouds', 'cuaca_deskripsi': 'broken clouds', 'temperatur': 294.44, 'waktu': '2022-08-03T12:12:45.827335'}
[2022-08-03 12:12:45,828] {python.py:118} INFO - Done. Returned value was: None
[2022-08-03 12:12:45,865] {taskinstance.py:1142} INFO - Marking task as SUCCESS. dag_id=penjadwalan, task_id=dapat_suhu, execution_date=20220803T103000, start_date=20220803T121244, end_date=20220803T121245
[2022-08-03 12:12:45,937] {taskinstance.py:1195} INFO - 0 downstream tasks scheduled from follow-on schedule check
[2022-08-03 12:12:45,964] {local_task_job.py:118} INFO - Task exited with return code 0
