[2022-08-03 16:50:03,115] {taskinstance.py:826} INFO - Dependencies all met for <TaskInstance: my_simple_dag.greet 2022-08-03T16:40:00+00:00 [queued]>
[2022-08-03 16:50:03,155] {taskinstance.py:826} INFO - Dependencies all met for <TaskInstance: my_simple_dag.greet 2022-08-03T16:40:00+00:00 [queued]>
[2022-08-03 16:50:03,156] {taskinstance.py:1017} INFO - 
--------------------------------------------------------------------------------
[2022-08-03 16:50:03,157] {taskinstance.py:1018} INFO - Starting attempt 1 of 1
[2022-08-03 16:50:03,158] {taskinstance.py:1019} INFO - 
--------------------------------------------------------------------------------
[2022-08-03 16:50:03,176] {taskinstance.py:1038} INFO - Executing <Task(PythonOperator): greet> on 2022-08-03T16:40:00+00:00
[2022-08-03 16:50:03,182] {standard_task_runner.py:51} INFO - Started process 17128 to run task
[2022-08-03 16:50:03,189] {standard_task_runner.py:75} INFO - Running: ['airflow', 'tasks', 'run', 'my_simple_dag', 'greet', '2022-08-03T16:40:00+00:00', '--job-id', '1294', '--pool', 'default_pool', '--raw', '--subdir', 'DAGS_FOLDER/my_simple_dag.py', '--cfg-path', '/tmp/tmpk6vr95uw']
[2022-08-03 16:50:03,195] {standard_task_runner.py:76} INFO - Job 1294: Subtask greet
[2022-08-03 16:50:03,294] {logging_mixin.py:103} INFO - Running <TaskInstance: my_simple_dag.greet 2022-08-03T16:40:00+00:00 [running]> on host b4dcda255553
[2022-08-03 16:50:03,389] {taskinstance.py:1232} INFO - Exporting the following env vars:
AIRFLOW_CTX_DAG_OWNER=airflow
AIRFLOW_CTX_DAG_ID=my_simple_dag
AIRFLOW_CTX_TASK_ID=greet
AIRFLOW_CTX_EXECUTION_DATE=2022-08-03T16:40:00+00:00
AIRFLOW_CTX_DAG_RUN_ID=scheduled__2022-08-03T16:40:00+00:00
[2022-08-03 16:50:03,393] {logging_mixin.py:103} INFO - Halo Salam dari Apache Airflow2022-08-03 16:50
[2022-08-03 16:50:03,394] {python.py:118} INFO - Done. Returned value was: None
[2022-08-03 16:50:03,418] {taskinstance.py:1142} INFO - Marking task as SUCCESS. dag_id=my_simple_dag, task_id=greet, execution_date=20220803T164000, start_date=20220803T165003, end_date=20220803T165003
[2022-08-03 16:50:03,504] {taskinstance.py:1195} INFO - 1 downstream tasks scheduled from follow-on schedule check
[2022-08-03 16:50:03,520] {local_task_job.py:118} INFO - Task exited with return code 0
