[2022-08-03 15:14:01,430] {taskinstance.py:826} INFO - Dependencies all met for <TaskInstance: penjadwalan.dapat_suhu 2022-08-03T15:12:00+00:00 [queued]>
[2022-08-03 15:14:01,463] {taskinstance.py:826} INFO - Dependencies all met for <TaskInstance: penjadwalan.dapat_suhu 2022-08-03T15:12:00+00:00 [queued]>
[2022-08-03 15:14:01,463] {taskinstance.py:1017} INFO - 
--------------------------------------------------------------------------------
[2022-08-03 15:14:01,464] {taskinstance.py:1018} INFO - Starting attempt 1 of 1
[2022-08-03 15:14:01,464] {taskinstance.py:1019} INFO - 
--------------------------------------------------------------------------------
[2022-08-03 15:14:01,482] {taskinstance.py:1038} INFO - Executing <Task(PythonOperator): dapat_suhu> on 2022-08-03T15:12:00+00:00
[2022-08-03 15:14:01,487] {standard_task_runner.py:51} INFO - Started process 17604 to run task
[2022-08-03 15:14:01,492] {standard_task_runner.py:75} INFO - Running: ['airflow', 'tasks', 'run', 'penjadwalan', 'dapat_suhu', '2022-08-03T15:12:00+00:00', '--job-id', '1208', '--pool', 'default_pool', '--raw', '--subdir', 'DAGS_FOLDER/penjadwalan.py', '--cfg-path', '/tmp/tmp2x4i7bvj']
[2022-08-03 15:14:01,496] {standard_task_runner.py:76} INFO - Job 1208: Subtask dapat_suhu
[2022-08-03 15:14:01,575] {logging_mixin.py:103} INFO - Running <TaskInstance: penjadwalan.dapat_suhu 2022-08-03T15:12:00+00:00 [running]> on host b4dcda255553
[2022-08-03 15:14:01,658] {taskinstance.py:1232} INFO - Exporting the following env vars:
AIRFLOW_CTX_DAG_OWNER=airflow
AIRFLOW_CTX_DAG_ID=penjadwalan
AIRFLOW_CTX_TASK_ID=dapat_suhu
AIRFLOW_CTX_EXECUTION_DATE=2022-08-03T15:12:00+00:00
AIRFLOW_CTX_DAG_RUN_ID=scheduled__2022-08-03T15:12:00+00:00
[2022-08-03 15:14:01,851] {logging_mixin.py:103} INFO - {'kota': 'Bali', 'cuaca': 'Clouds', 'cuaca_deskripsi': 'broken clouds', 'temperatur': 298.28, 'waktu': '2022-08-03T15:14:01.851117'}
[2022-08-03 15:14:02,009] {logging_mixin.py:103} INFO - {'kota': 'Lombok', 'cuaca': 'Clouds', 'cuaca_deskripsi': 'overcast clouds', 'temperatur': 294.17, 'waktu': '2022-08-03T15:14:02.009327'}
[2022-08-03 15:14:02,174] {logging_mixin.py:103} INFO - {'kota': 'Labuan Bajo', 'cuaca': 'Clouds', 'cuaca_deskripsi': 'broken clouds', 'temperatur': 296.75, 'waktu': '2022-08-03T15:14:02.173949'}
[2022-08-03 15:14:02,443] {logging_mixin.py:103} INFO - {'kota': 'Bogor', 'cuaca': 'Clouds', 'cuaca_deskripsi': 'overcast clouds', 'temperatur': 293.6, 'waktu': '2022-08-03T15:14:02.443549'}
[2022-08-03 15:14:02,635] {logging_mixin.py:103} INFO - {'kota': 'Bandung', 'cuaca': 'Clouds', 'cuaca_deskripsi': 'broken clouds', 'temperatur': 293.81, 'waktu': '2022-08-03T15:14:02.635744'}
[2022-08-03 15:14:02,636] {python.py:118} INFO - Done. Returned value was: None
[2022-08-03 15:14:02,827] {taskinstance.py:1142} INFO - Marking task as SUCCESS. dag_id=penjadwalan, task_id=dapat_suhu, execution_date=20220803T151200, start_date=20220803T151401, end_date=20220803T151402
[2022-08-03 15:14:03,072] {taskinstance.py:1195} INFO - 0 downstream tasks scheduled from follow-on schedule check
[2022-08-03 15:14:03,121] {local_task_job.py:118} INFO - Task exited with return code 0
