[2022-08-03 12:13:05,795] {taskinstance.py:826} INFO - Dependencies all met for <TaskInstance: penjadwalan.dapat_suhu 2022-08-03T11:22:00+00:00 [queued]>
[2022-08-03 12:13:06,100] {taskinstance.py:826} INFO - Dependencies all met for <TaskInstance: penjadwalan.dapat_suhu 2022-08-03T11:22:00+00:00 [queued]>
[2022-08-03 12:13:06,102] {taskinstance.py:1017} INFO - 
--------------------------------------------------------------------------------
[2022-08-03 12:13:06,104] {taskinstance.py:1018} INFO - Starting attempt 1 of 1
[2022-08-03 12:13:06,108] {taskinstance.py:1019} INFO - 
--------------------------------------------------------------------------------
[2022-08-03 12:13:06,338] {taskinstance.py:1038} INFO - Executing <Task(PythonOperator): dapat_suhu> on 2022-08-03T11:22:00+00:00
[2022-08-03 12:13:06,377] {standard_task_runner.py:75} INFO - Running: ['airflow', 'tasks', 'run', 'penjadwalan', 'dapat_suhu', '2022-08-03T11:22:00+00:00', '--job-id', '1021', '--pool', 'default_pool', '--raw', '--subdir', 'DAGS_FOLDER/penjadwalan.py', '--cfg-path', '/tmp/tmpnfb0r843']
[2022-08-03 12:13:06,402] {standard_task_runner.py:51} INFO - Started process 1367 to run task
[2022-08-03 12:13:06,431] {standard_task_runner.py:76} INFO - Job 1021: Subtask dapat_suhu
[2022-08-03 12:13:06,706] {logging_mixin.py:103} INFO - Running <TaskInstance: penjadwalan.dapat_suhu 2022-08-03T11:22:00+00:00 [running]> on host b4dcda255553
[2022-08-03 12:13:06,915] {taskinstance.py:1232} INFO - Exporting the following env vars:
AIRFLOW_CTX_DAG_OWNER=airflow
AIRFLOW_CTX_DAG_ID=penjadwalan
AIRFLOW_CTX_TASK_ID=dapat_suhu
AIRFLOW_CTX_EXECUTION_DATE=2022-08-03T11:22:00+00:00
AIRFLOW_CTX_DAG_RUN_ID=scheduled__2022-08-03T11:22:00+00:00
[2022-08-03 12:13:10,482] {logging_mixin.py:103} INFO - {'kota': 'Bali', 'cuaca': 'Clouds', 'cuaca_deskripsi': 'overcast clouds', 'temperatur': 299.39, 'waktu': '2022-08-03T12:13:10.482197'}
[2022-08-03 12:13:10,685] {logging_mixin.py:103} INFO - {'kota': 'Lombok', 'cuaca': 'Rain', 'cuaca_deskripsi': 'light rain', 'temperatur': 294.54, 'waktu': '2022-08-03T12:13:10.685451'}
[2022-08-03 12:13:10,827] {logging_mixin.py:103} INFO - {'kota': 'Labuan Bajo', 'cuaca': 'Clouds', 'cuaca_deskripsi': 'overcast clouds', 'temperatur': 297.78, 'waktu': '2022-08-03T12:13:10.827491'}
[2022-08-03 12:13:11,059] {logging_mixin.py:103} INFO - {'kota': 'Bogor', 'cuaca': 'Clouds', 'cuaca_deskripsi': 'overcast clouds', 'temperatur': 296.38, 'waktu': '2022-08-03T12:13:11.058857'}
[2022-08-03 12:13:11,249] {logging_mixin.py:103} INFO - {'kota': 'Bandung', 'cuaca': 'Clouds', 'cuaca_deskripsi': 'broken clouds', 'temperatur': 294.44, 'waktu': '2022-08-03T12:13:11.248932'}
[2022-08-03 12:13:11,249] {python.py:118} INFO - Done. Returned value was: None
[2022-08-03 12:13:11,370] {taskinstance.py:1142} INFO - Marking task as SUCCESS. dag_id=penjadwalan, task_id=dapat_suhu, execution_date=20220803T112200, start_date=20220803T121305, end_date=20220803T121311
[2022-08-03 12:13:11,529] {taskinstance.py:1195} INFO - 0 downstream tasks scheduled from follow-on schedule check
[2022-08-03 12:13:11,536] {local_task_job.py:170} WARNING - State of this instance has been externally set to success. Terminating instance.
[2022-08-03 12:13:11,548] {process_utils.py:95} INFO - Sending Signals.SIGTERM to GPID 1367
[2022-08-03 12:13:11,549] {process_utils.py:61} INFO - Process psutil.Process(pid=1367, status='terminated', exitcode=0, started='12:13:05') (1367) terminated with exit code 0
[2022-08-03 12:13:11,550] {local_task_job.py:118} INFO - Task exited with return code 0
