[2022-08-03 16:06:01,632] {taskinstance.py:826} INFO - Dependencies all met for <TaskInstance: penjadwalan.dapat_suhu 2022-08-03T16:04:00+00:00 [queued]>
[2022-08-03 16:06:01,658] {taskinstance.py:826} INFO - Dependencies all met for <TaskInstance: penjadwalan.dapat_suhu 2022-08-03T16:04:00+00:00 [queued]>
[2022-08-03 16:06:01,659] {taskinstance.py:1017} INFO - 
--------------------------------------------------------------------------------
[2022-08-03 16:06:01,659] {taskinstance.py:1018} INFO - Starting attempt 1 of 1
[2022-08-03 16:06:01,660] {taskinstance.py:1019} INFO - 
--------------------------------------------------------------------------------
[2022-08-03 16:06:01,677] {taskinstance.py:1038} INFO - Executing <Task(PythonOperator): dapat_suhu> on 2022-08-03T16:04:00+00:00
[2022-08-03 16:06:01,681] {standard_task_runner.py:51} INFO - Started process 2372 to run task
[2022-08-03 16:06:01,687] {standard_task_runner.py:75} INFO - Running: ['airflow', 'tasks', 'run', 'penjadwalan', 'dapat_suhu', '2022-08-03T16:04:00+00:00', '--job-id', '1254', '--pool', 'default_pool', '--raw', '--subdir', 'DAGS_FOLDER/penjadwalan.py', '--cfg-path', '/tmp/tmpxgfgcmwr']
[2022-08-03 16:06:01,691] {standard_task_runner.py:76} INFO - Job 1254: Subtask dapat_suhu
[2022-08-03 16:06:01,777] {logging_mixin.py:103} INFO - Running <TaskInstance: penjadwalan.dapat_suhu 2022-08-03T16:04:00+00:00 [running]> on host b4dcda255553
[2022-08-03 16:06:02,059] {taskinstance.py:1232} INFO - Exporting the following env vars:
AIRFLOW_CTX_DAG_OWNER=airflow
AIRFLOW_CTX_DAG_ID=penjadwalan
AIRFLOW_CTX_TASK_ID=dapat_suhu
AIRFLOW_CTX_EXECUTION_DATE=2022-08-03T16:04:00+00:00
AIRFLOW_CTX_DAG_RUN_ID=scheduled__2022-08-03T16:04:00+00:00
[2022-08-03 16:06:02,228] {logging_mixin.py:103} INFO - {'kota': 'Bali', 'cuaca': 'Clouds', 'cuaca_deskripsi': 'broken clouds', 'temperatur': 298.28, 'waktu': '2022-08-03T16:06:02.227817'}
[2022-08-03 16:06:02,395] {logging_mixin.py:103} INFO - {'kota': 'Lombok', 'cuaca': 'Clouds', 'cuaca_deskripsi': 'overcast clouds', 'temperatur': 293.94, 'waktu': '2022-08-03T16:06:02.395219'}
[2022-08-03 16:06:02,542] {logging_mixin.py:103} INFO - {'kota': 'Labuan Bajo', 'cuaca': 'Clouds', 'cuaca_deskripsi': 'broken clouds', 'temperatur': 296.58, 'waktu': '2022-08-03T16:06:02.542506'}
[2022-08-03 16:06:03,333] {logging_mixin.py:103} INFO - {'kota': 'Bogor', 'cuaca': 'Clouds', 'cuaca_deskripsi': 'broken clouds', 'temperatur': 294.66, 'waktu': '2022-08-03T16:06:03.333403'}
[2022-08-03 16:06:03,797] {logging_mixin.py:103} INFO - {'kota': 'Bandung', 'cuaca': 'Clouds', 'cuaca_deskripsi': 'broken clouds', 'temperatur': 293.7, 'waktu': '2022-08-03T16:06:03.797339'}
[2022-08-03 16:06:03,803] {python.py:118} INFO - Done. Returned value was: None
[2022-08-03 16:06:03,828] {taskinstance.py:1142} INFO - Marking task as SUCCESS. dag_id=penjadwalan, task_id=dapat_suhu, execution_date=20220803T160400, start_date=20220803T160601, end_date=20220803T160603
[2022-08-03 16:06:03,885] {taskinstance.py:1195} INFO - 0 downstream tasks scheduled from follow-on schedule check
[2022-08-03 16:06:03,907] {local_task_job.py:118} INFO - Task exited with return code 0
