[2022-08-03 12:13:02,575] {taskinstance.py:826} INFO - Dependencies all met for <TaskInstance: penjadwalan.dapat_suhu 2022-08-03T11:18:00+00:00 [queued]>
[2022-08-03 12:13:02,698] {taskinstance.py:826} INFO - Dependencies all met for <TaskInstance: penjadwalan.dapat_suhu 2022-08-03T11:18:00+00:00 [queued]>
[2022-08-03 12:13:02,710] {taskinstance.py:1017} INFO - 
--------------------------------------------------------------------------------
[2022-08-03 12:13:02,712] {taskinstance.py:1018} INFO - Starting attempt 1 of 1
[2022-08-03 12:13:02,728] {taskinstance.py:1019} INFO - 
--------------------------------------------------------------------------------
[2022-08-03 12:13:02,812] {taskinstance.py:1038} INFO - Executing <Task(PythonOperator): dapat_suhu> on 2022-08-03T11:18:00+00:00
[2022-08-03 12:13:02,820] {standard_task_runner.py:51} INFO - Started process 1352 to run task
[2022-08-03 12:13:02,841] {standard_task_runner.py:75} INFO - Running: ['airflow', 'tasks', 'run', 'penjadwalan', 'dapat_suhu', '2022-08-03T11:18:00+00:00', '--job-id', '1019', '--pool', 'default_pool', '--raw', '--subdir', 'DAGS_FOLDER/penjadwalan.py', '--cfg-path', '/tmp/tmp_4xslav2']
[2022-08-03 12:13:02,854] {standard_task_runner.py:76} INFO - Job 1019: Subtask dapat_suhu
[2022-08-03 12:13:03,071] {logging_mixin.py:103} INFO - Running <TaskInstance: penjadwalan.dapat_suhu 2022-08-03T11:18:00+00:00 [running]> on host b4dcda255553
[2022-08-03 12:13:05,815] {taskinstance.py:1232} INFO - Exporting the following env vars:
AIRFLOW_CTX_DAG_OWNER=airflow
AIRFLOW_CTX_DAG_ID=penjadwalan
AIRFLOW_CTX_TASK_ID=dapat_suhu
AIRFLOW_CTX_EXECUTION_DATE=2022-08-03T11:18:00+00:00
AIRFLOW_CTX_DAG_RUN_ID=scheduled__2022-08-03T11:18:00+00:00
[2022-08-03 12:13:06,515] {logging_mixin.py:103} INFO - {'kota': 'Bali', 'cuaca': 'Clouds', 'cuaca_deskripsi': 'overcast clouds', 'temperatur': 299.39, 'waktu': '2022-08-03T12:13:06.515494'}
[2022-08-03 12:13:06,710] {logging_mixin.py:103} INFO - {'kota': 'Lombok', 'cuaca': 'Rain', 'cuaca_deskripsi': 'light rain', 'temperatur': 294.54, 'waktu': '2022-08-03T12:13:06.710309'}
[2022-08-03 12:13:06,850] {logging_mixin.py:103} INFO - {'kota': 'Labuan Bajo', 'cuaca': 'Clouds', 'cuaca_deskripsi': 'overcast clouds', 'temperatur': 297.78, 'waktu': '2022-08-03T12:13:06.849894'}
[2022-08-03 12:13:07,332] {logging_mixin.py:103} INFO - {'kota': 'Bogor', 'cuaca': 'Clouds', 'cuaca_deskripsi': 'overcast clouds', 'temperatur': 296.38, 'waktu': '2022-08-03T12:13:07.332665'}
[2022-08-03 12:13:07,518] {logging_mixin.py:103} INFO - {'kota': 'Bandung', 'cuaca': 'Clouds', 'cuaca_deskripsi': 'broken clouds', 'temperatur': 294.44, 'waktu': '2022-08-03T12:13:07.517132'}
[2022-08-03 12:13:07,521] {python.py:118} INFO - Done. Returned value was: None
[2022-08-03 12:13:11,336] {taskinstance.py:1142} INFO - Marking task as SUCCESS. dag_id=penjadwalan, task_id=dapat_suhu, execution_date=20220803T111800, start_date=20220803T121302, end_date=20220803T121311
[2022-08-03 12:13:11,559] {taskinstance.py:1195} INFO - 0 downstream tasks scheduled from follow-on schedule check
[2022-08-03 12:13:11,592] {local_task_job.py:118} INFO - Task exited with return code 0
