[2022-08-03 12:50:01,156] {taskinstance.py:826} INFO - Dependencies all met for <TaskInstance: penjadwalan.dapat_suhu 2022-08-03T12:48:00+00:00 [queued]>
[2022-08-03 12:50:01,186] {taskinstance.py:826} INFO - Dependencies all met for <TaskInstance: penjadwalan.dapat_suhu 2022-08-03T12:48:00+00:00 [queued]>
[2022-08-03 12:50:01,187] {taskinstance.py:1017} INFO - 
--------------------------------------------------------------------------------
[2022-08-03 12:50:01,188] {taskinstance.py:1018} INFO - Starting attempt 1 of 1
[2022-08-03 12:50:01,188] {taskinstance.py:1019} INFO - 
--------------------------------------------------------------------------------
[2022-08-03 12:50:01,205] {taskinstance.py:1038} INFO - Executing <Task(PythonOperator): dapat_suhu> on 2022-08-03T12:48:00+00:00
[2022-08-03 12:50:01,211] {standard_task_runner.py:51} INFO - Started process 24946 to run task
[2022-08-03 12:50:01,216] {standard_task_runner.py:75} INFO - Running: ['airflow', 'tasks', 'run', 'penjadwalan', 'dapat_suhu', '2022-08-03T12:48:00+00:00', '--job-id', '1076', '--pool', 'default_pool', '--raw', '--subdir', 'DAGS_FOLDER/penjadwalan.py', '--cfg-path', '/tmp/tmpgwa6lh2p']
[2022-08-03 12:50:01,222] {standard_task_runner.py:76} INFO - Job 1076: Subtask dapat_suhu
[2022-08-03 12:50:01,329] {logging_mixin.py:103} INFO - Running <TaskInstance: penjadwalan.dapat_suhu 2022-08-03T12:48:00+00:00 [running]> on host b4dcda255553
[2022-08-03 12:50:01,427] {taskinstance.py:1232} INFO - Exporting the following env vars:
AIRFLOW_CTX_DAG_OWNER=airflow
AIRFLOW_CTX_DAG_ID=penjadwalan
AIRFLOW_CTX_TASK_ID=dapat_suhu
AIRFLOW_CTX_EXECUTION_DATE=2022-08-03T12:48:00+00:00
AIRFLOW_CTX_DAG_RUN_ID=scheduled__2022-08-03T12:48:00+00:00
[2022-08-03 12:50:01,618] {logging_mixin.py:103} INFO - {'kota': 'Bali', 'cuaca': 'Clouds', 'cuaca_deskripsi': 'scattered clouds', 'temperatur': 299.39, 'waktu': '2022-08-03T12:50:01.618238'}
[2022-08-03 12:50:01,748] {logging_mixin.py:103} INFO - {'kota': 'Lombok', 'cuaca': 'Clouds', 'cuaca_deskripsi': 'overcast clouds', 'temperatur': 294.43, 'waktu': '2022-08-03T12:50:01.748284'}
[2022-08-03 12:50:02,080] {logging_mixin.py:103} INFO - {'kota': 'Labuan Bajo', 'cuaca': 'Clouds', 'cuaca_deskripsi': 'overcast clouds', 'temperatur': 297.41, 'waktu': '2022-08-03T12:50:02.080018'}
[2022-08-03 12:50:02,223] {logging_mixin.py:103} INFO - {'kota': 'Bogor', 'cuaca': 'Clouds', 'cuaca_deskripsi': 'overcast clouds', 'temperatur': 295.82, 'waktu': '2022-08-03T12:50:02.223555'}
[2022-08-03 12:50:02,438] {logging_mixin.py:103} INFO - {'kota': 'Bandung', 'cuaca': 'Clouds', 'cuaca_deskripsi': 'overcast clouds', 'temperatur': 294.11, 'waktu': '2022-08-03T12:50:02.437865'}
[2022-08-03 12:50:02,439] {python.py:118} INFO - Done. Returned value was: None
[2022-08-03 12:50:02,838] {taskinstance.py:1142} INFO - Marking task as SUCCESS. dag_id=penjadwalan, task_id=dapat_suhu, execution_date=20220803T124800, start_date=20220803T125001, end_date=20220803T125002
[2022-08-03 12:50:03,118] {taskinstance.py:1195} INFO - 0 downstream tasks scheduled from follow-on schedule check
[2022-08-03 12:50:03,163] {local_task_job.py:118} INFO - Task exited with return code 0
