[2022-08-03 14:36:02,145] {taskinstance.py:826} INFO - Dependencies all met for <TaskInstance: penjadwalan.dapat_suhu 2022-08-03T14:34:00+00:00 [queued]>
[2022-08-03 14:36:02,178] {taskinstance.py:826} INFO - Dependencies all met for <TaskInstance: penjadwalan.dapat_suhu 2022-08-03T14:34:00+00:00 [queued]>
[2022-08-03 14:36:02,179] {taskinstance.py:1017} INFO - 
--------------------------------------------------------------------------------
[2022-08-03 14:36:02,179] {taskinstance.py:1018} INFO - Starting attempt 1 of 1
[2022-08-03 14:36:02,180] {taskinstance.py:1019} INFO - 
--------------------------------------------------------------------------------
[2022-08-03 14:36:02,201] {taskinstance.py:1038} INFO - Executing <Task(PythonOperator): dapat_suhu> on 2022-08-03T14:34:00+00:00
[2022-08-03 14:36:02,207] {standard_task_runner.py:51} INFO - Started process 10060 to run task
[2022-08-03 14:36:02,215] {standard_task_runner.py:75} INFO - Running: ['airflow', 'tasks', 'run', 'penjadwalan', 'dapat_suhu', '2022-08-03T14:34:00+00:00', '--job-id', '1173', '--pool', 'default_pool', '--raw', '--subdir', 'DAGS_FOLDER/penjadwalan.py', '--cfg-path', '/tmp/tmpo83khuwf']
[2022-08-03 14:36:02,219] {standard_task_runner.py:76} INFO - Job 1173: Subtask dapat_suhu
[2022-08-03 14:36:02,319] {logging_mixin.py:103} INFO - Running <TaskInstance: penjadwalan.dapat_suhu 2022-08-03T14:34:00+00:00 [running]> on host b4dcda255553
[2022-08-03 14:36:02,442] {taskinstance.py:1232} INFO - Exporting the following env vars:
AIRFLOW_CTX_DAG_OWNER=airflow
AIRFLOW_CTX_DAG_ID=penjadwalan
AIRFLOW_CTX_TASK_ID=dapat_suhu
AIRFLOW_CTX_EXECUTION_DATE=2022-08-03T14:34:00+00:00
AIRFLOW_CTX_DAG_RUN_ID=scheduled__2022-08-03T14:34:00+00:00
[2022-08-03 14:36:02,629] {logging_mixin.py:103} INFO - {'kota': 'Bali', 'cuaca': 'Clouds', 'cuaca_deskripsi': 'broken clouds', 'temperatur': 298.28, 'waktu': '2022-08-03T14:36:02.629091'}
[2022-08-03 14:36:02,798] {logging_mixin.py:103} INFO - {'kota': 'Lombok', 'cuaca': 'Clouds', 'cuaca_deskripsi': 'overcast clouds', 'temperatur': 294.17, 'waktu': '2022-08-03T14:36:02.797953'}
[2022-08-03 14:36:03,018] {logging_mixin.py:103} INFO - {'kota': 'Labuan Bajo', 'cuaca': 'Clouds', 'cuaca_deskripsi': 'broken clouds', 'temperatur': 296.75, 'waktu': '2022-08-03T14:36:03.018745'}
[2022-08-03 14:36:03,165] {logging_mixin.py:103} INFO - {'kota': 'Bogor', 'cuaca': 'Clouds', 'cuaca_deskripsi': 'overcast clouds', 'temperatur': 293.6, 'waktu': '2022-08-03T14:36:03.165029'}
[2022-08-03 14:36:03,297] {logging_mixin.py:103} INFO - {'kota': 'Bandung', 'cuaca': 'Clouds', 'cuaca_deskripsi': 'broken clouds', 'temperatur': 293.81, 'waktu': '2022-08-03T14:36:03.297717'}
[2022-08-03 14:36:03,298] {python.py:118} INFO - Done. Returned value was: None
[2022-08-03 14:36:03,322] {taskinstance.py:1142} INFO - Marking task as SUCCESS. dag_id=penjadwalan, task_id=dapat_suhu, execution_date=20220803T143400, start_date=20220803T143602, end_date=20220803T143603
[2022-08-03 14:36:03,375] {taskinstance.py:1195} INFO - 0 downstream tasks scheduled from follow-on schedule check
[2022-08-03 14:36:03,390] {local_task_job.py:118} INFO - Task exited with return code 0
