[2022-08-03 12:30:02,538] {taskinstance.py:826} INFO - Dependencies all met for <TaskInstance: my_simple_dag.greet 2022-08-03T12:20:00+00:00 [queued]>
[2022-08-03 12:30:02,608] {taskinstance.py:826} INFO - Dependencies all met for <TaskInstance: my_simple_dag.greet 2022-08-03T12:20:00+00:00 [queued]>
[2022-08-03 12:30:02,609] {taskinstance.py:1017} INFO - 
--------------------------------------------------------------------------------
[2022-08-03 12:30:02,610] {taskinstance.py:1018} INFO - Starting attempt 1 of 1
[2022-08-03 12:30:02,610] {taskinstance.py:1019} INFO - 
--------------------------------------------------------------------------------
[2022-08-03 12:30:02,655] {taskinstance.py:1038} INFO - Executing <Task(PythonOperator): greet> on 2022-08-03T12:20:00+00:00
[2022-08-03 12:30:02,662] {standard_task_runner.py:51} INFO - Started process 18703 to run task
[2022-08-03 12:30:02,680] {standard_task_runner.py:75} INFO - Running: ['airflow', 'tasks', 'run', 'my_simple_dag', 'greet', '2022-08-03T12:20:00+00:00', '--job-id', '1060', '--pool', 'default_pool', '--raw', '--subdir', 'DAGS_FOLDER/my_simple_dag.py', '--cfg-path', '/tmp/tmp25o0zv01']
[2022-08-03 12:30:02,687] {standard_task_runner.py:76} INFO - Job 1060: Subtask greet
[2022-08-03 12:30:02,859] {logging_mixin.py:103} INFO - Running <TaskInstance: my_simple_dag.greet 2022-08-03T12:20:00+00:00 [running]> on host b4dcda255553
[2022-08-03 12:30:02,997] {taskinstance.py:1232} INFO - Exporting the following env vars:
AIRFLOW_CTX_DAG_OWNER=airflow
AIRFLOW_CTX_DAG_ID=my_simple_dag
AIRFLOW_CTX_TASK_ID=greet
AIRFLOW_CTX_EXECUTION_DATE=2022-08-03T12:20:00+00:00
AIRFLOW_CTX_DAG_RUN_ID=scheduled__2022-08-03T12:20:00+00:00
[2022-08-03 12:30:02,999] {logging_mixin.py:103} INFO - Halo Salam dari Apache Airflow2022-08-03 12:30
[2022-08-03 12:30:03,000] {python.py:118} INFO - Done. Returned value was: None
[2022-08-03 12:30:03,039] {taskinstance.py:1142} INFO - Marking task as SUCCESS. dag_id=my_simple_dag, task_id=greet, execution_date=20220803T122000, start_date=20220803T123002, end_date=20220803T123003
[2022-08-03 12:30:03,151] {taskinstance.py:1195} INFO - 1 downstream tasks scheduled from follow-on schedule check
[2022-08-03 12:30:03,178] {local_task_job.py:118} INFO - Task exited with return code 0
