[2022-08-03 16:46:02,378] {taskinstance.py:826} INFO - Dependencies all met for <TaskInstance: penjadwalan.dapat_suhu 2022-08-03T16:44:00+00:00 [queued]>
[2022-08-03 16:46:03,065] {taskinstance.py:826} INFO - Dependencies all met for <TaskInstance: penjadwalan.dapat_suhu 2022-08-03T16:44:00+00:00 [queued]>
[2022-08-03 16:46:03,067] {taskinstance.py:1017} INFO - 
--------------------------------------------------------------------------------
[2022-08-03 16:46:03,067] {taskinstance.py:1018} INFO - Starting attempt 1 of 1
[2022-08-03 16:46:03,068] {taskinstance.py:1019} INFO - 
--------------------------------------------------------------------------------
[2022-08-03 16:46:03,098] {taskinstance.py:1038} INFO - Executing <Task(PythonOperator): dapat_suhu> on 2022-08-03T16:44:00+00:00
[2022-08-03 16:46:03,105] {standard_task_runner.py:51} INFO - Started process 3198 to run task
[2022-08-03 16:46:03,112] {standard_task_runner.py:75} INFO - Running: ['airflow', 'tasks', 'run', 'penjadwalan', 'dapat_suhu', '2022-08-03T16:44:00+00:00', '--job-id', '1290', '--pool', 'default_pool', '--raw', '--subdir', 'DAGS_FOLDER/penjadwalan.py', '--cfg-path', '/tmp/tmpiu1zf76j']
[2022-08-03 16:46:03,116] {standard_task_runner.py:76} INFO - Job 1290: Subtask dapat_suhu
[2022-08-03 16:46:03,212] {logging_mixin.py:103} INFO - Running <TaskInstance: penjadwalan.dapat_suhu 2022-08-03T16:44:00+00:00 [running]> on host b4dcda255553
[2022-08-03 16:46:03,299] {taskinstance.py:1232} INFO - Exporting the following env vars:
AIRFLOW_CTX_DAG_OWNER=airflow
AIRFLOW_CTX_DAG_ID=penjadwalan
AIRFLOW_CTX_TASK_ID=dapat_suhu
AIRFLOW_CTX_EXECUTION_DATE=2022-08-03T16:44:00+00:00
AIRFLOW_CTX_DAG_RUN_ID=scheduled__2022-08-03T16:44:00+00:00
[2022-08-03 16:46:03,465] {logging_mixin.py:103} INFO - {'kota': 'Bali', 'cuaca': 'Clouds', 'cuaca_deskripsi': 'broken clouds', 'temperatur': 298.28, 'waktu': '2022-08-03T16:46:03.465239'}
[2022-08-03 16:46:03,610] {logging_mixin.py:103} INFO - {'kota': 'Lombok', 'cuaca': 'Clouds', 'cuaca_deskripsi': 'overcast clouds', 'temperatur': 293.9, 'waktu': '2022-08-03T16:46:03.610168'}
[2022-08-03 16:46:03,832] {logging_mixin.py:103} INFO - {'kota': 'Labuan Bajo', 'cuaca': 'Clouds', 'cuaca_deskripsi': 'broken clouds', 'temperatur': 296.52, 'waktu': '2022-08-03T16:46:03.831568'}
[2022-08-03 16:46:03,979] {logging_mixin.py:103} INFO - {'kota': 'Bogor', 'cuaca': 'Clouds', 'cuaca_deskripsi': 'overcast clouds', 'temperatur': 294.1, 'waktu': '2022-08-03T16:46:03.979387'}
[2022-08-03 16:46:04,097] {logging_mixin.py:103} INFO - {'kota': 'Bandung', 'cuaca': 'Clouds', 'cuaca_deskripsi': 'overcast clouds', 'temperatur': 293.62, 'waktu': '2022-08-03T16:46:04.097551'}
[2022-08-03 16:46:04,098] {python.py:118} INFO - Done. Returned value was: None
[2022-08-03 16:46:04,116] {taskinstance.py:1142} INFO - Marking task as SUCCESS. dag_id=penjadwalan, task_id=dapat_suhu, execution_date=20220803T164400, start_date=20220803T164602, end_date=20220803T164604
[2022-08-03 16:46:04,165] {taskinstance.py:1195} INFO - 0 downstream tasks scheduled from follow-on schedule check
[2022-08-03 16:46:04,207] {local_task_job.py:118} INFO - Task exited with return code 0
