[2022-08-03 12:13:06,293] {taskinstance.py:826} INFO - Dependencies all met for <TaskInstance: penjadwalan.dapat_suhu 2022-08-03T11:24:00+00:00 [queued]>
[2022-08-03 12:13:06,447] {taskinstance.py:826} INFO - Dependencies all met for <TaskInstance: penjadwalan.dapat_suhu 2022-08-03T11:24:00+00:00 [queued]>
[2022-08-03 12:13:06,448] {taskinstance.py:1017} INFO - 
--------------------------------------------------------------------------------
[2022-08-03 12:13:06,449] {taskinstance.py:1018} INFO - Starting attempt 1 of 1
[2022-08-03 12:13:06,451] {taskinstance.py:1019} INFO - 
--------------------------------------------------------------------------------
[2022-08-03 12:13:06,500] {taskinstance.py:1038} INFO - Executing <Task(PythonOperator): dapat_suhu> on 2022-08-03T11:24:00+00:00
[2022-08-03 12:13:06,513] {standard_task_runner.py:51} INFO - Started process 1368 to run task
[2022-08-03 12:13:06,534] {standard_task_runner.py:75} INFO - Running: ['airflow', 'tasks', 'run', 'penjadwalan', 'dapat_suhu', '2022-08-03T11:24:00+00:00', '--job-id', '1022', '--pool', 'default_pool', '--raw', '--subdir', 'DAGS_FOLDER/penjadwalan.py', '--cfg-path', '/tmp/tmpx8np6pbx']
[2022-08-03 12:13:06,542] {standard_task_runner.py:76} INFO - Job 1022: Subtask dapat_suhu
[2022-08-03 12:13:06,789] {logging_mixin.py:103} INFO - Running <TaskInstance: penjadwalan.dapat_suhu 2022-08-03T11:24:00+00:00 [running]> on host b4dcda255553
[2022-08-03 12:13:06,953] {taskinstance.py:1232} INFO - Exporting the following env vars:
AIRFLOW_CTX_DAG_OWNER=airflow
AIRFLOW_CTX_DAG_ID=penjadwalan
AIRFLOW_CTX_TASK_ID=dapat_suhu
AIRFLOW_CTX_EXECUTION_DATE=2022-08-03T11:24:00+00:00
AIRFLOW_CTX_DAG_RUN_ID=scheduled__2022-08-03T11:24:00+00:00
[2022-08-03 12:13:07,493] {logging_mixin.py:103} INFO - {'kota': 'Bali', 'cuaca': 'Clouds', 'cuaca_deskripsi': 'overcast clouds', 'temperatur': 299.39, 'waktu': '2022-08-03T12:13:07.492968'}
[2022-08-03 12:13:07,845] {logging_mixin.py:103} INFO - {'kota': 'Lombok', 'cuaca': 'Rain', 'cuaca_deskripsi': 'light rain', 'temperatur': 294.54, 'waktu': '2022-08-03T12:13:07.845759'}
[2022-08-03 12:13:07,991] {logging_mixin.py:103} INFO - {'kota': 'Labuan Bajo', 'cuaca': 'Clouds', 'cuaca_deskripsi': 'overcast clouds', 'temperatur': 297.78, 'waktu': '2022-08-03T12:13:07.991527'}
[2022-08-03 12:13:08,173] {logging_mixin.py:103} INFO - {'kota': 'Bogor', 'cuaca': 'Clouds', 'cuaca_deskripsi': 'overcast clouds', 'temperatur': 296.38, 'waktu': '2022-08-03T12:13:08.173541'}
[2022-08-03 12:13:08,425] {logging_mixin.py:103} INFO - {'kota': 'Bandung', 'cuaca': 'Clouds', 'cuaca_deskripsi': 'broken clouds', 'temperatur': 294.44, 'waktu': '2022-08-03T12:13:08.425037'}
[2022-08-03 12:13:08,425] {python.py:118} INFO - Done. Returned value was: None
[2022-08-03 12:13:11,334] {taskinstance.py:1142} INFO - Marking task as SUCCESS. dag_id=penjadwalan, task_id=dapat_suhu, execution_date=20220803T112400, start_date=20220803T121306, end_date=20220803T121311
[2022-08-03 12:13:11,479] {taskinstance.py:1195} INFO - 0 downstream tasks scheduled from follow-on schedule check
[2022-08-03 12:13:11,508] {local_task_job.py:118} INFO - Task exited with return code 0
