[2022-08-03 16:38:00,673] {taskinstance.py:826} INFO - Dependencies all met for <TaskInstance: penjadwalan.dapat_suhu 2022-08-03T16:36:00+00:00 [queued]>
[2022-08-03 16:38:00,702] {taskinstance.py:826} INFO - Dependencies all met for <TaskInstance: penjadwalan.dapat_suhu 2022-08-03T16:36:00+00:00 [queued]>
[2022-08-03 16:38:00,702] {taskinstance.py:1017} INFO - 
--------------------------------------------------------------------------------
[2022-08-03 16:38:00,703] {taskinstance.py:1018} INFO - Starting attempt 1 of 1
[2022-08-03 16:38:00,704] {taskinstance.py:1019} INFO - 
--------------------------------------------------------------------------------
[2022-08-03 16:38:00,720] {taskinstance.py:1038} INFO - Executing <Task(PythonOperator): dapat_suhu> on 2022-08-03T16:36:00+00:00
[2022-08-03 16:38:00,725] {standard_task_runner.py:51} INFO - Started process 16615 to run task
[2022-08-03 16:38:00,731] {standard_task_runner.py:75} INFO - Running: ['airflow', 'tasks', 'run', 'penjadwalan', 'dapat_suhu', '2022-08-03T16:36:00+00:00', '--job-id', '1282', '--pool', 'default_pool', '--raw', '--subdir', 'DAGS_FOLDER/penjadwalan.py', '--cfg-path', '/tmp/tmpzhpsdr9e']
[2022-08-03 16:38:00,737] {standard_task_runner.py:76} INFO - Job 1282: Subtask dapat_suhu
[2022-08-03 16:38:00,837] {logging_mixin.py:103} INFO - Running <TaskInstance: penjadwalan.dapat_suhu 2022-08-03T16:36:00+00:00 [running]> on host b4dcda255553
[2022-08-03 16:38:00,949] {taskinstance.py:1232} INFO - Exporting the following env vars:
AIRFLOW_CTX_DAG_OWNER=airflow
AIRFLOW_CTX_DAG_ID=penjadwalan
AIRFLOW_CTX_TASK_ID=dapat_suhu
AIRFLOW_CTX_EXECUTION_DATE=2022-08-03T16:36:00+00:00
AIRFLOW_CTX_DAG_RUN_ID=scheduled__2022-08-03T16:36:00+00:00
[2022-08-03 16:38:01,147] {logging_mixin.py:103} INFO - {'kota': 'Bali', 'cuaca': 'Clouds', 'cuaca_deskripsi': 'broken clouds', 'temperatur': 298.28, 'waktu': '2022-08-03T16:38:01.147717'}
[2022-08-03 16:38:01,304] {logging_mixin.py:103} INFO - {'kota': 'Lombok', 'cuaca': 'Clouds', 'cuaca_deskripsi': 'overcast clouds', 'temperatur': 293.9, 'waktu': '2022-08-03T16:38:01.304685'}
[2022-08-03 16:38:01,440] {logging_mixin.py:103} INFO - {'kota': 'Labuan Bajo', 'cuaca': 'Clouds', 'cuaca_deskripsi': 'broken clouds', 'temperatur': 296.52, 'waktu': '2022-08-03T16:38:01.440557'}
[2022-08-03 16:38:01,631] {logging_mixin.py:103} INFO - {'kota': 'Bogor', 'cuaca': 'Clouds', 'cuaca_deskripsi': 'overcast clouds', 'temperatur': 294.15, 'waktu': '2022-08-03T16:38:01.630987'}
[2022-08-03 16:38:01,805] {logging_mixin.py:103} INFO - {'kota': 'Bandung', 'cuaca': 'Clouds', 'cuaca_deskripsi': 'overcast clouds', 'temperatur': 293.62, 'waktu': '2022-08-03T16:38:01.804990'}
[2022-08-03 16:38:01,806] {python.py:118} INFO - Done. Returned value was: None
[2022-08-03 16:38:01,828] {taskinstance.py:1142} INFO - Marking task as SUCCESS. dag_id=penjadwalan, task_id=dapat_suhu, execution_date=20220803T163600, start_date=20220803T163800, end_date=20220803T163801
[2022-08-03 16:38:01,894] {taskinstance.py:1195} INFO - 0 downstream tasks scheduled from follow-on schedule check
[2022-08-03 16:38:01,910] {local_task_job.py:118} INFO - Task exited with return code 0
