[2022-08-03 16:42:01,881] {taskinstance.py:826} INFO - Dependencies all met for <TaskInstance: penjadwalan.dapat_suhu 2022-08-03T16:40:00+00:00 [queued]>
[2022-08-03 16:42:01,906] {taskinstance.py:826} INFO - Dependencies all met for <TaskInstance: penjadwalan.dapat_suhu 2022-08-03T16:40:00+00:00 [queued]>
[2022-08-03 16:42:01,907] {taskinstance.py:1017} INFO - 
--------------------------------------------------------------------------------
[2022-08-03 16:42:01,907] {taskinstance.py:1018} INFO - Starting attempt 1 of 1
[2022-08-03 16:42:01,908] {taskinstance.py:1019} INFO - 
--------------------------------------------------------------------------------
[2022-08-03 16:42:01,926] {taskinstance.py:1038} INFO - Executing <Task(PythonOperator): dapat_suhu> on 2022-08-03T16:40:00+00:00
[2022-08-03 16:42:01,930] {standard_task_runner.py:51} INFO - Started process 23972 to run task
[2022-08-03 16:42:01,935] {standard_task_runner.py:75} INFO - Running: ['airflow', 'tasks', 'run', 'penjadwalan', 'dapat_suhu', '2022-08-03T16:40:00+00:00', '--job-id', '1288', '--pool', 'default_pool', '--raw', '--subdir', 'DAGS_FOLDER/penjadwalan.py', '--cfg-path', '/tmp/tmpfzkjzl1k']
[2022-08-03 16:42:01,939] {standard_task_runner.py:76} INFO - Job 1288: Subtask dapat_suhu
[2022-08-03 16:42:02,028] {logging_mixin.py:103} INFO - Running <TaskInstance: penjadwalan.dapat_suhu 2022-08-03T16:40:00+00:00 [running]> on host b4dcda255553
[2022-08-03 16:42:02,115] {taskinstance.py:1232} INFO - Exporting the following env vars:
AIRFLOW_CTX_DAG_OWNER=airflow
AIRFLOW_CTX_DAG_ID=penjadwalan
AIRFLOW_CTX_TASK_ID=dapat_suhu
AIRFLOW_CTX_EXECUTION_DATE=2022-08-03T16:40:00+00:00
AIRFLOW_CTX_DAG_RUN_ID=scheduled__2022-08-03T16:40:00+00:00
[2022-08-03 16:42:02,296] {logging_mixin.py:103} INFO - {'kota': 'Bali', 'cuaca': 'Clouds', 'cuaca_deskripsi': 'broken clouds', 'temperatur': 298.28, 'waktu': '2022-08-03T16:42:02.296289'}
[2022-08-03 16:42:02,465] {logging_mixin.py:103} INFO - {'kota': 'Lombok', 'cuaca': 'Clouds', 'cuaca_deskripsi': 'overcast clouds', 'temperatur': 293.9, 'waktu': '2022-08-03T16:42:02.465546'}
[2022-08-03 16:42:02,947] {logging_mixin.py:103} INFO - {'kota': 'Labuan Bajo', 'cuaca': 'Clouds', 'cuaca_deskripsi': 'broken clouds', 'temperatur': 296.52, 'waktu': '2022-08-03T16:42:02.947678'}
[2022-08-03 16:42:03,429] {logging_mixin.py:103} INFO - {'kota': 'Bogor', 'cuaca': 'Clouds', 'cuaca_deskripsi': 'overcast clouds', 'temperatur': 294.15, 'waktu': '2022-08-03T16:42:03.429283'}
[2022-08-03 16:42:03,601] {logging_mixin.py:103} INFO - {'kota': 'Bandung', 'cuaca': 'Clouds', 'cuaca_deskripsi': 'overcast clouds', 'temperatur': 293.62, 'waktu': '2022-08-03T16:42:03.601276'}
[2022-08-03 16:42:03,602] {python.py:118} INFO - Done. Returned value was: None
[2022-08-03 16:42:03,619] {taskinstance.py:1142} INFO - Marking task as SUCCESS. dag_id=penjadwalan, task_id=dapat_suhu, execution_date=20220803T164000, start_date=20220803T164201, end_date=20220803T164203
[2022-08-03 16:42:03,670] {taskinstance.py:1195} INFO - 0 downstream tasks scheduled from follow-on schedule check
[2022-08-03 16:42:03,714] {local_task_job.py:118} INFO - Task exited with return code 0
