[2022-08-03 12:13:33,710] {taskinstance.py:826} INFO - Dependencies all met for <TaskInstance: penjadwalan.dapat_suhu 2022-08-03T12:08:00+00:00 [queued]>
[2022-08-03 12:13:33,827] {taskinstance.py:826} INFO - Dependencies all met for <TaskInstance: penjadwalan.dapat_suhu 2022-08-03T12:08:00+00:00 [queued]>
[2022-08-03 12:13:33,831] {taskinstance.py:1017} INFO - 
--------------------------------------------------------------------------------
[2022-08-03 12:13:33,856] {taskinstance.py:1018} INFO - Starting attempt 1 of 1
[2022-08-03 12:13:33,857] {taskinstance.py:1019} INFO - 
--------------------------------------------------------------------------------
[2022-08-03 12:13:33,903] {taskinstance.py:1038} INFO - Executing <Task(PythonOperator): dapat_suhu> on 2022-08-03T12:08:00+00:00
[2022-08-03 12:13:33,910] {standard_task_runner.py:51} INFO - Started process 1824 to run task
[2022-08-03 12:13:33,923] {standard_task_runner.py:75} INFO - Running: ['airflow', 'tasks', 'run', 'penjadwalan', 'dapat_suhu', '2022-08-03T12:08:00+00:00', '--job-id', '1044', '--pool', 'default_pool', '--raw', '--subdir', 'DAGS_FOLDER/penjadwalan.py', '--cfg-path', '/tmp/tmp3od7ni78']
[2022-08-03 12:13:33,933] {standard_task_runner.py:76} INFO - Job 1044: Subtask dapat_suhu
[2022-08-03 12:13:34,109] {logging_mixin.py:103} INFO - Running <TaskInstance: penjadwalan.dapat_suhu 2022-08-03T12:08:00+00:00 [running]> on host b4dcda255553
[2022-08-03 12:13:34,290] {taskinstance.py:1232} INFO - Exporting the following env vars:
AIRFLOW_CTX_DAG_OWNER=airflow
AIRFLOW_CTX_DAG_ID=penjadwalan
AIRFLOW_CTX_TASK_ID=dapat_suhu
AIRFLOW_CTX_EXECUTION_DATE=2022-08-03T12:08:00+00:00
AIRFLOW_CTX_DAG_RUN_ID=scheduled__2022-08-03T12:08:00+00:00
[2022-08-03 12:13:34,493] {logging_mixin.py:103} INFO - {'kota': 'Bali', 'cuaca': 'Clouds', 'cuaca_deskripsi': 'overcast clouds', 'temperatur': 299.39, 'waktu': '2022-08-03T12:13:34.492480'}
[2022-08-03 12:13:34,645] {logging_mixin.py:103} INFO - {'kota': 'Lombok', 'cuaca': 'Rain', 'cuaca_deskripsi': 'light rain', 'temperatur': 294.54, 'waktu': '2022-08-03T12:13:34.645480'}
[2022-08-03 12:13:34,782] {logging_mixin.py:103} INFO - {'kota': 'Labuan Bajo', 'cuaca': 'Clouds', 'cuaca_deskripsi': 'overcast clouds', 'temperatur': 297.78, 'waktu': '2022-08-03T12:13:34.782566'}
[2022-08-03 12:13:34,939] {logging_mixin.py:103} INFO - {'kota': 'Bogor', 'cuaca': 'Clouds', 'cuaca_deskripsi': 'overcast clouds', 'temperatur': 296.38, 'waktu': '2022-08-03T12:13:34.939498'}
[2022-08-03 12:13:35,105] {logging_mixin.py:103} INFO - {'kota': 'Bandung', 'cuaca': 'Clouds', 'cuaca_deskripsi': 'broken clouds', 'temperatur': 294.44, 'waktu': '2022-08-03T12:13:35.104962'}
[2022-08-03 12:13:35,108] {python.py:118} INFO - Done. Returned value was: None
[2022-08-03 12:13:35,140] {taskinstance.py:1142} INFO - Marking task as SUCCESS. dag_id=penjadwalan, task_id=dapat_suhu, execution_date=20220803T120800, start_date=20220803T121333, end_date=20220803T121335
[2022-08-03 12:13:35,204] {taskinstance.py:1195} INFO - 0 downstream tasks scheduled from follow-on schedule check
[2022-08-03 12:13:35,247] {local_task_job.py:118} INFO - Task exited with return code 0
