[2022-08-03 13:16:00,844] {taskinstance.py:826} INFO - Dependencies all met for <TaskInstance: penjadwalan.dapat_suhu 2022-08-03T13:14:00+00:00 [queued]>
[2022-08-03 13:16:00,891] {taskinstance.py:826} INFO - Dependencies all met for <TaskInstance: penjadwalan.dapat_suhu 2022-08-03T13:14:00+00:00 [queued]>
[2022-08-03 13:16:00,892] {taskinstance.py:1017} INFO - 
--------------------------------------------------------------------------------
[2022-08-03 13:16:00,893] {taskinstance.py:1018} INFO - Starting attempt 1 of 1
[2022-08-03 13:16:00,898] {taskinstance.py:1019} INFO - 
--------------------------------------------------------------------------------
[2022-08-03 13:16:00,942] {taskinstance.py:1038} INFO - Executing <Task(PythonOperator): dapat_suhu> on 2022-08-03T13:14:00+00:00
[2022-08-03 13:16:00,948] {standard_task_runner.py:51} INFO - Started process 22151 to run task
[2022-08-03 13:16:00,962] {standard_task_runner.py:75} INFO - Running: ['airflow', 'tasks', 'run', 'penjadwalan', 'dapat_suhu', '2022-08-03T13:14:00+00:00', '--job-id', '1101', '--pool', 'default_pool', '--raw', '--subdir', 'DAGS_FOLDER/penjadwalan.py', '--cfg-path', '/tmp/tmpx6cioped']
[2022-08-03 13:16:00,967] {standard_task_runner.py:76} INFO - Job 1101: Subtask dapat_suhu
[2022-08-03 13:16:01,140] {logging_mixin.py:103} INFO - Running <TaskInstance: penjadwalan.dapat_suhu 2022-08-03T13:14:00+00:00 [running]> on host b4dcda255553
[2022-08-03 13:16:01,253] {taskinstance.py:1232} INFO - Exporting the following env vars:
AIRFLOW_CTX_DAG_OWNER=airflow
AIRFLOW_CTX_DAG_ID=penjadwalan
AIRFLOW_CTX_TASK_ID=dapat_suhu
AIRFLOW_CTX_EXECUTION_DATE=2022-08-03T13:14:00+00:00
AIRFLOW_CTX_DAG_RUN_ID=scheduled__2022-08-03T13:14:00+00:00
[2022-08-03 13:16:01,753] {logging_mixin.py:103} INFO - {'kota': 'Bali', 'cuaca': 'Clouds', 'cuaca_deskripsi': 'scattered clouds', 'temperatur': 299.39, 'waktu': '2022-08-03T13:16:01.752819'}
[2022-08-03 13:16:02,686] {logging_mixin.py:103} INFO - {'kota': 'Lombok', 'cuaca': 'Clouds', 'cuaca_deskripsi': 'overcast clouds', 'temperatur': 294.43, 'waktu': '2022-08-03T13:16:02.685682'}
[2022-08-03 13:16:02,913] {logging_mixin.py:103} INFO - {'kota': 'Labuan Bajo', 'cuaca': 'Clouds', 'cuaca_deskripsi': 'overcast clouds', 'temperatur': 297.41, 'waktu': '2022-08-03T13:16:02.913529'}
[2022-08-03 13:16:03,293] {logging_mixin.py:103} INFO - {'kota': 'Bogor', 'cuaca': 'Clouds', 'cuaca_deskripsi': 'overcast clouds', 'temperatur': 295.82, 'waktu': '2022-08-03T13:16:03.293297'}
[2022-08-03 13:16:03,467] {logging_mixin.py:103} INFO - {'kota': 'Bandung', 'cuaca': 'Clouds', 'cuaca_deskripsi': 'overcast clouds', 'temperatur': 294.11, 'waktu': '2022-08-03T13:16:03.467634'}
[2022-08-03 13:16:03,468] {python.py:118} INFO - Done. Returned value was: None
[2022-08-03 13:16:03,553] {taskinstance.py:1142} INFO - Marking task as SUCCESS. dag_id=penjadwalan, task_id=dapat_suhu, execution_date=20220803T131400, start_date=20220803T131600, end_date=20220803T131603
[2022-08-03 13:16:03,625] {taskinstance.py:1195} INFO - 0 downstream tasks scheduled from follow-on schedule check
[2022-08-03 13:16:03,666] {local_task_job.py:118} INFO - Task exited with return code 0
