[2022-08-03 12:13:13,651] {taskinstance.py:826} INFO - Dependencies all met for <TaskInstance: penjadwalan.dapat_suhu 2022-08-03T11:32:00+00:00 [queued]>
[2022-08-03 12:13:13,774] {taskinstance.py:826} INFO - Dependencies all met for <TaskInstance: penjadwalan.dapat_suhu 2022-08-03T11:32:00+00:00 [queued]>
[2022-08-03 12:13:13,775] {taskinstance.py:1017} INFO - 
--------------------------------------------------------------------------------
[2022-08-03 12:13:13,776] {taskinstance.py:1018} INFO - Starting attempt 1 of 1
[2022-08-03 12:13:13,778] {taskinstance.py:1019} INFO - 
--------------------------------------------------------------------------------
[2022-08-03 12:13:13,842] {taskinstance.py:1038} INFO - Executing <Task(PythonOperator): dapat_suhu> on 2022-08-03T11:32:00+00:00
[2022-08-03 12:13:14,468] {standard_task_runner.py:51} INFO - Started process 1490 to run task
[2022-08-03 12:13:14,474] {standard_task_runner.py:75} INFO - Running: ['airflow', 'tasks', 'run', 'penjadwalan', 'dapat_suhu', '2022-08-03T11:32:00+00:00', '--job-id', '1026', '--pool', 'default_pool', '--raw', '--subdir', 'DAGS_FOLDER/penjadwalan.py', '--cfg-path', '/tmp/tmp243ulrn0']
[2022-08-03 12:13:14,660] {standard_task_runner.py:76} INFO - Job 1026: Subtask dapat_suhu
[2022-08-03 12:13:15,250] {logging_mixin.py:103} INFO - Running <TaskInstance: penjadwalan.dapat_suhu 2022-08-03T11:32:00+00:00 [running]> on host b4dcda255553
[2022-08-03 12:13:15,852] {taskinstance.py:1232} INFO - Exporting the following env vars:
AIRFLOW_CTX_DAG_OWNER=airflow
AIRFLOW_CTX_DAG_ID=penjadwalan
AIRFLOW_CTX_TASK_ID=dapat_suhu
AIRFLOW_CTX_EXECUTION_DATE=2022-08-03T11:32:00+00:00
AIRFLOW_CTX_DAG_RUN_ID=scheduled__2022-08-03T11:32:00+00:00
[2022-08-03 12:13:16,108] {logging_mixin.py:103} INFO - {'kota': 'Bali', 'cuaca': 'Clouds', 'cuaca_deskripsi': 'overcast clouds', 'temperatur': 299.39, 'waktu': '2022-08-03T12:13:16.108621'}
[2022-08-03 12:13:16,360] {logging_mixin.py:103} INFO - {'kota': 'Lombok', 'cuaca': 'Rain', 'cuaca_deskripsi': 'light rain', 'temperatur': 294.54, 'waktu': '2022-08-03T12:13:16.360196'}
[2022-08-03 12:13:16,570] {logging_mixin.py:103} INFO - {'kota': 'Labuan Bajo', 'cuaca': 'Clouds', 'cuaca_deskripsi': 'overcast clouds', 'temperatur': 297.78, 'waktu': '2022-08-03T12:13:16.570623'}
[2022-08-03 12:13:16,704] {logging_mixin.py:103} INFO - {'kota': 'Bogor', 'cuaca': 'Clouds', 'cuaca_deskripsi': 'overcast clouds', 'temperatur': 296.38, 'waktu': '2022-08-03T12:13:16.704099'}
[2022-08-03 12:13:16,836] {logging_mixin.py:103} INFO - {'kota': 'Bandung', 'cuaca': 'Clouds', 'cuaca_deskripsi': 'broken clouds', 'temperatur': 294.44, 'waktu': '2022-08-03T12:13:16.836037'}
[2022-08-03 12:13:16,852] {python.py:118} INFO - Done. Returned value was: None
[2022-08-03 12:13:16,888] {taskinstance.py:1142} INFO - Marking task as SUCCESS. dag_id=penjadwalan, task_id=dapat_suhu, execution_date=20220803T113200, start_date=20220803T121313, end_date=20220803T121316
[2022-08-03 12:13:17,042] {taskinstance.py:1195} INFO - 0 downstream tasks scheduled from follow-on schedule check
[2022-08-03 12:13:17,129] {local_task_job.py:118} INFO - Task exited with return code 0
