[2022-08-03 14:06:00,571] {taskinstance.py:826} INFO - Dependencies all met for <TaskInstance: penjadwalan.dapat_suhu 2022-08-03T14:04:00+00:00 [queued]>
[2022-08-03 14:06:00,605] {taskinstance.py:826} INFO - Dependencies all met for <TaskInstance: penjadwalan.dapat_suhu 2022-08-03T14:04:00+00:00 [queued]>
[2022-08-03 14:06:00,605] {taskinstance.py:1017} INFO - 
--------------------------------------------------------------------------------
[2022-08-03 14:06:00,606] {taskinstance.py:1018} INFO - Starting attempt 1 of 1
[2022-08-03 14:06:00,607] {taskinstance.py:1019} INFO - 
--------------------------------------------------------------------------------
[2022-08-03 14:06:00,625] {taskinstance.py:1038} INFO - Executing <Task(PythonOperator): dapat_suhu> on 2022-08-03T14:04:00+00:00
[2022-08-03 14:06:00,631] {standard_task_runner.py:51} INFO - Started process 1434 to run task
[2022-08-03 14:06:00,637] {standard_task_runner.py:75} INFO - Running: ['airflow', 'tasks', 'run', 'penjadwalan', 'dapat_suhu', '2022-08-03T14:04:00+00:00', '--job-id', '1146', '--pool', 'default_pool', '--raw', '--subdir', 'DAGS_FOLDER/penjadwalan.py', '--cfg-path', '/tmp/tmpbwd1e3tu']
[2022-08-03 14:06:00,641] {standard_task_runner.py:76} INFO - Job 1146: Subtask dapat_suhu
[2022-08-03 14:06:00,736] {logging_mixin.py:103} INFO - Running <TaskInstance: penjadwalan.dapat_suhu 2022-08-03T14:04:00+00:00 [running]> on host b4dcda255553
[2022-08-03 14:06:00,832] {taskinstance.py:1232} INFO - Exporting the following env vars:
AIRFLOW_CTX_DAG_OWNER=airflow
AIRFLOW_CTX_DAG_ID=penjadwalan
AIRFLOW_CTX_TASK_ID=dapat_suhu
AIRFLOW_CTX_EXECUTION_DATE=2022-08-03T14:04:00+00:00
AIRFLOW_CTX_DAG_RUN_ID=scheduled__2022-08-03T14:04:00+00:00
[2022-08-03 14:06:01,996] {logging_mixin.py:103} INFO - {'kota': 'Bali', 'cuaca': 'Clouds', 'cuaca_deskripsi': 'broken clouds', 'temperatur': 299.39, 'waktu': '2022-08-03T14:06:01.995786'}
[2022-08-03 14:06:02,196] {logging_mixin.py:103} INFO - {'kota': 'Lombok', 'cuaca': 'Clouds', 'cuaca_deskripsi': 'overcast clouds', 'temperatur': 294.33, 'waktu': '2022-08-03T14:06:02.196254'}
[2022-08-03 14:06:02,395] {logging_mixin.py:103} INFO - {'kota': 'Labuan Bajo', 'cuaca': 'Clouds', 'cuaca_deskripsi': 'overcast clouds', 'temperatur': 297.01, 'waktu': '2022-08-03T14:06:02.395171'}
[2022-08-03 14:06:02,527] {logging_mixin.py:103} INFO - {'kota': 'Bogor', 'cuaca': 'Clouds', 'cuaca_deskripsi': 'overcast clouds', 'temperatur': 294.16, 'waktu': '2022-08-03T14:06:02.527070'}
[2022-08-03 14:06:02,658] {logging_mixin.py:103} INFO - {'kota': 'Bandung', 'cuaca': 'Clouds', 'cuaca_deskripsi': 'broken clouds', 'temperatur': 293.99, 'waktu': '2022-08-03T14:06:02.657994'}
[2022-08-03 14:06:02,658] {python.py:118} INFO - Done. Returned value was: None
[2022-08-03 14:06:02,688] {taskinstance.py:1142} INFO - Marking task as SUCCESS. dag_id=penjadwalan, task_id=dapat_suhu, execution_date=20220803T140400, start_date=20220803T140600, end_date=20220803T140602
[2022-08-03 14:06:02,789] {taskinstance.py:1195} INFO - 0 downstream tasks scheduled from follow-on schedule check
[2022-08-03 14:06:02,818] {local_task_job.py:118} INFO - Task exited with return code 0
