[2022-08-03 14:54:01,326] {taskinstance.py:826} INFO - Dependencies all met for <TaskInstance: penjadwalan.dapat_suhu 2022-08-03T14:52:00+00:00 [queued]>
[2022-08-03 14:54:01,359] {taskinstance.py:826} INFO - Dependencies all met for <TaskInstance: penjadwalan.dapat_suhu 2022-08-03T14:52:00+00:00 [queued]>
[2022-08-03 14:54:01,360] {taskinstance.py:1017} INFO - 
--------------------------------------------------------------------------------
[2022-08-03 14:54:01,360] {taskinstance.py:1018} INFO - Starting attempt 1 of 1
[2022-08-03 14:54:01,361] {taskinstance.py:1019} INFO - 
--------------------------------------------------------------------------------
[2022-08-03 14:54:01,377] {taskinstance.py:1038} INFO - Executing <Task(PythonOperator): dapat_suhu> on 2022-08-03T14:52:00+00:00
[2022-08-03 14:54:01,382] {standard_task_runner.py:51} INFO - Started process 23182 to run task
[2022-08-03 14:54:01,389] {standard_task_runner.py:75} INFO - Running: ['airflow', 'tasks', 'run', 'penjadwalan', 'dapat_suhu', '2022-08-03T14:52:00+00:00', '--job-id', '1190', '--pool', 'default_pool', '--raw', '--subdir', 'DAGS_FOLDER/penjadwalan.py', '--cfg-path', '/tmp/tmp3q5rul77']
[2022-08-03 14:54:01,393] {standard_task_runner.py:76} INFO - Job 1190: Subtask dapat_suhu
[2022-08-03 14:54:01,485] {logging_mixin.py:103} INFO - Running <TaskInstance: penjadwalan.dapat_suhu 2022-08-03T14:52:00+00:00 [running]> on host b4dcda255553
[2022-08-03 14:54:01,585] {taskinstance.py:1232} INFO - Exporting the following env vars:
AIRFLOW_CTX_DAG_OWNER=airflow
AIRFLOW_CTX_DAG_ID=penjadwalan
AIRFLOW_CTX_TASK_ID=dapat_suhu
AIRFLOW_CTX_EXECUTION_DATE=2022-08-03T14:52:00+00:00
AIRFLOW_CTX_DAG_RUN_ID=scheduled__2022-08-03T14:52:00+00:00
[2022-08-03 14:54:01,745] {logging_mixin.py:103} INFO - {'kota': 'Bali', 'cuaca': 'Clouds', 'cuaca_deskripsi': 'broken clouds', 'temperatur': 298.28, 'waktu': '2022-08-03T14:54:01.745038'}
[2022-08-03 14:54:01,887] {logging_mixin.py:103} INFO - {'kota': 'Lombok', 'cuaca': 'Clouds', 'cuaca_deskripsi': 'overcast clouds', 'temperatur': 294.17, 'waktu': '2022-08-03T14:54:01.887321'}
[2022-08-03 14:54:02,241] {logging_mixin.py:103} INFO - {'kota': 'Labuan Bajo', 'cuaca': 'Clouds', 'cuaca_deskripsi': 'broken clouds', 'temperatur': 296.75, 'waktu': '2022-08-03T14:54:02.241101'}
[2022-08-03 14:54:02,972] {logging_mixin.py:103} INFO - {'kota': 'Bogor', 'cuaca': 'Clouds', 'cuaca_deskripsi': 'overcast clouds', 'temperatur': 293.6, 'waktu': '2022-08-03T14:54:02.972115'}
[2022-08-03 14:54:03,169] {logging_mixin.py:103} INFO - {'kota': 'Bandung', 'cuaca': 'Clouds', 'cuaca_deskripsi': 'broken clouds', 'temperatur': 293.81, 'waktu': '2022-08-03T14:54:03.169559'}
[2022-08-03 14:54:03,170] {python.py:118} INFO - Done. Returned value was: None
[2022-08-03 14:54:03,277] {taskinstance.py:1142} INFO - Marking task as SUCCESS. dag_id=penjadwalan, task_id=dapat_suhu, execution_date=20220803T145200, start_date=20220803T145401, end_date=20220803T145403
[2022-08-03 14:54:03,388] {taskinstance.py:1195} INFO - 0 downstream tasks scheduled from follow-on schedule check
[2022-08-03 14:54:03,417] {local_task_job.py:118} INFO - Task exited with return code 0
