[2022-08-03 13:50:01,967] {taskinstance.py:826} INFO - Dependencies all met for <TaskInstance: my_simple_dag.say_Hi 2022-08-03T13:40:00+00:00 [queued]>
[2022-08-03 13:50:02,017] {taskinstance.py:826} INFO - Dependencies all met for <TaskInstance: my_simple_dag.say_Hi 2022-08-03T13:40:00+00:00 [queued]>
[2022-08-03 13:50:02,018] {taskinstance.py:1017} INFO - 
--------------------------------------------------------------------------------
[2022-08-03 13:50:02,019] {taskinstance.py:1018} INFO - Starting attempt 1 of 1
[2022-08-03 13:50:02,020] {taskinstance.py:1019} INFO - 
--------------------------------------------------------------------------------
[2022-08-03 13:50:02,047] {taskinstance.py:1038} INFO - Executing <Task(BashOperator): say_Hi> on 2022-08-03T13:40:00+00:00
[2022-08-03 13:50:02,054] {standard_task_runner.py:51} INFO - Started process 18736 to run task
[2022-08-03 13:50:02,064] {standard_task_runner.py:75} INFO - Running: ['airflow', 'tasks', 'run', 'my_simple_dag', 'say_Hi', '2022-08-03T13:40:00+00:00', '--job-id', '1131', '--pool', 'default_pool', '--raw', '--subdir', 'DAGS_FOLDER/my_simple_dag.py', '--cfg-path', '/tmp/tmpu73nw3hu']
[2022-08-03 13:50:02,076] {standard_task_runner.py:76} INFO - Job 1131: Subtask say_Hi
[2022-08-03 13:50:02,270] {logging_mixin.py:103} INFO - Running <TaskInstance: my_simple_dag.say_Hi 2022-08-03T13:40:00+00:00 [running]> on host b4dcda255553
[2022-08-03 13:50:02,522] {taskinstance.py:1232} INFO - Exporting the following env vars:
AIRFLOW_CTX_DAG_OWNER=airflow
AIRFLOW_CTX_DAG_ID=my_simple_dag
AIRFLOW_CTX_TASK_ID=say_Hi
AIRFLOW_CTX_EXECUTION_DATE=2022-08-03T13:40:00+00:00
AIRFLOW_CTX_DAG_RUN_ID=scheduled__2022-08-03T13:40:00+00:00
[2022-08-03 13:50:02,539] {bash.py:135} INFO - Tmp dir root location: 
 /tmp
[2022-08-03 13:50:02,545] {bash.py:158} INFO - Running command: echo "Hi!!"
[2022-08-03 13:50:02,605] {bash.py:169} INFO - Output:
[2022-08-03 13:50:02,608] {bash.py:173} INFO - Hi!!
[2022-08-03 13:50:02,612] {bash.py:177} INFO - Command exited with return code 0
[2022-08-03 13:50:02,749] {taskinstance.py:1142} INFO - Marking task as SUCCESS. dag_id=my_simple_dag, task_id=say_Hi, execution_date=20220803T134000, start_date=20220803T135001, end_date=20220803T135002
[2022-08-03 13:50:02,894] {taskinstance.py:1195} INFO - 1 downstream tasks scheduled from follow-on schedule check
[2022-08-03 13:50:02,930] {local_task_job.py:118} INFO - Task exited with return code 0
