[2022-08-03 14:30:01,636] {taskinstance.py:826} INFO - Dependencies all met for <TaskInstance: penjadwalan.dapat_suhu 2022-08-03T14:28:00+00:00 [queued]>
[2022-08-03 14:30:01,671] {taskinstance.py:826} INFO - Dependencies all met for <TaskInstance: penjadwalan.dapat_suhu 2022-08-03T14:28:00+00:00 [queued]>
[2022-08-03 14:30:01,671] {taskinstance.py:1017} INFO - 
--------------------------------------------------------------------------------
[2022-08-03 14:30:01,672] {taskinstance.py:1018} INFO - Starting attempt 1 of 1
[2022-08-03 14:30:01,672] {taskinstance.py:1019} INFO - 
--------------------------------------------------------------------------------
[2022-08-03 14:30:01,691] {taskinstance.py:1038} INFO - Executing <Task(PythonOperator): dapat_suhu> on 2022-08-03T14:28:00+00:00
[2022-08-03 14:30:01,696] {standard_task_runner.py:51} INFO - Started process 20943 to run task
[2022-08-03 14:30:01,702] {standard_task_runner.py:75} INFO - Running: ['airflow', 'tasks', 'run', 'penjadwalan', 'dapat_suhu', '2022-08-03T14:28:00+00:00', '--job-id', '1166', '--pool', 'default_pool', '--raw', '--subdir', 'DAGS_FOLDER/penjadwalan.py', '--cfg-path', '/tmp/tmpv_mvxj2l']
[2022-08-03 14:30:01,707] {standard_task_runner.py:76} INFO - Job 1166: Subtask dapat_suhu
[2022-08-03 14:30:01,797] {logging_mixin.py:103} INFO - Running <TaskInstance: penjadwalan.dapat_suhu 2022-08-03T14:28:00+00:00 [running]> on host b4dcda255553
[2022-08-03 14:30:01,888] {taskinstance.py:1232} INFO - Exporting the following env vars:
AIRFLOW_CTX_DAG_OWNER=airflow
AIRFLOW_CTX_DAG_ID=penjadwalan
AIRFLOW_CTX_TASK_ID=dapat_suhu
AIRFLOW_CTX_EXECUTION_DATE=2022-08-03T14:28:00+00:00
AIRFLOW_CTX_DAG_RUN_ID=scheduled__2022-08-03T14:28:00+00:00
[2022-08-03 14:30:02,031] {logging_mixin.py:103} INFO - {'kota': 'Bali', 'cuaca': 'Clouds', 'cuaca_deskripsi': 'broken clouds', 'temperatur': 298.28, 'waktu': '2022-08-03T14:30:02.030931'}
[2022-08-03 14:30:02,191] {logging_mixin.py:103} INFO - {'kota': 'Lombok', 'cuaca': 'Clouds', 'cuaca_deskripsi': 'overcast clouds', 'temperatur': 294.33, 'waktu': '2022-08-03T14:30:02.191672'}
[2022-08-03 14:30:02,521] {logging_mixin.py:103} INFO - {'kota': 'Labuan Bajo', 'cuaca': 'Clouds', 'cuaca_deskripsi': 'broken clouds', 'temperatur': 296.75, 'waktu': '2022-08-03T14:30:02.521383'}
[2022-08-03 14:30:02,670] {logging_mixin.py:103} INFO - {'kota': 'Bogor', 'cuaca': 'Clouds', 'cuaca_deskripsi': 'overcast clouds', 'temperatur': 293.6, 'waktu': '2022-08-03T14:30:02.669849'}
[2022-08-03 14:30:02,859] {logging_mixin.py:103} INFO - {'kota': 'Bandung', 'cuaca': 'Clouds', 'cuaca_deskripsi': 'broken clouds', 'temperatur': 293.99, 'waktu': '2022-08-03T14:30:02.859532'}
[2022-08-03 14:30:02,860] {python.py:118} INFO - Done. Returned value was: None
[2022-08-03 14:30:02,888] {taskinstance.py:1142} INFO - Marking task as SUCCESS. dag_id=penjadwalan, task_id=dapat_suhu, execution_date=20220803T142800, start_date=20220803T143001, end_date=20220803T143002
[2022-08-03 14:30:02,948] {taskinstance.py:1195} INFO - 0 downstream tasks scheduled from follow-on schedule check
[2022-08-03 14:30:02,982] {local_task_job.py:118} INFO - Task exited with return code 0
