[2022-08-03 16:58:01,309] {taskinstance.py:826} INFO - Dependencies all met for <TaskInstance: penjadwalan.dapat_suhu 2022-08-03T16:56:00+00:00 [queued]>
[2022-08-03 16:58:01,339] {taskinstance.py:826} INFO - Dependencies all met for <TaskInstance: penjadwalan.dapat_suhu 2022-08-03T16:56:00+00:00 [queued]>
[2022-08-03 16:58:01,340] {taskinstance.py:1017} INFO - 
--------------------------------------------------------------------------------
[2022-08-03 16:58:01,340] {taskinstance.py:1018} INFO - Starting attempt 1 of 1
[2022-08-03 16:58:01,341] {taskinstance.py:1019} INFO - 
--------------------------------------------------------------------------------
[2022-08-03 16:58:01,355] {taskinstance.py:1038} INFO - Executing <Task(PythonOperator): dapat_suhu> on 2022-08-03T16:56:00+00:00
[2022-08-03 16:58:01,359] {standard_task_runner.py:51} INFO - Started process 13143 to run task
[2022-08-03 16:58:01,365] {standard_task_runner.py:75} INFO - Running: ['airflow', 'tasks', 'run', 'penjadwalan', 'dapat_suhu', '2022-08-03T16:56:00+00:00', '--job-id', '1300', '--pool', 'default_pool', '--raw', '--subdir', 'DAGS_FOLDER/penjadwalan.py', '--cfg-path', '/tmp/tmp05fxajk8']
[2022-08-03 16:58:01,369] {standard_task_runner.py:76} INFO - Job 1300: Subtask dapat_suhu
[2022-08-03 16:58:01,449] {logging_mixin.py:103} INFO - Running <TaskInstance: penjadwalan.dapat_suhu 2022-08-03T16:56:00+00:00 [running]> on host b4dcda255553
[2022-08-03 16:58:01,535] {taskinstance.py:1232} INFO - Exporting the following env vars:
AIRFLOW_CTX_DAG_OWNER=airflow
AIRFLOW_CTX_DAG_ID=penjadwalan
AIRFLOW_CTX_TASK_ID=dapat_suhu
AIRFLOW_CTX_EXECUTION_DATE=2022-08-03T16:56:00+00:00
AIRFLOW_CTX_DAG_RUN_ID=scheduled__2022-08-03T16:56:00+00:00
[2022-08-03 16:58:01,750] {logging_mixin.py:103} INFO - {'kota': 'Bali', 'cuaca': 'Clouds', 'cuaca_deskripsi': 'broken clouds', 'temperatur': 298.28, 'waktu': '2022-08-03T16:58:01.749852'}
[2022-08-03 16:58:01,902] {logging_mixin.py:103} INFO - {'kota': 'Lombok', 'cuaca': 'Clouds', 'cuaca_deskripsi': 'overcast clouds', 'temperatur': 293.9, 'waktu': '2022-08-03T16:58:01.902537'}
[2022-08-03 16:58:02,213] {logging_mixin.py:103} INFO - {'kota': 'Labuan Bajo', 'cuaca': 'Clouds', 'cuaca_deskripsi': 'broken clouds', 'temperatur': 296.52, 'waktu': '2022-08-03T16:58:02.213150'}
[2022-08-03 16:58:02,338] {logging_mixin.py:103} INFO - {'kota': 'Bogor', 'cuaca': 'Clouds', 'cuaca_deskripsi': 'overcast clouds', 'temperatur': 294.1, 'waktu': '2022-08-03T16:58:02.338198'}
[2022-08-03 16:58:02,460] {logging_mixin.py:103} INFO - {'kota': 'Bandung', 'cuaca': 'Clouds', 'cuaca_deskripsi': 'overcast clouds', 'temperatur': 293.62, 'waktu': '2022-08-03T16:58:02.460552'}
[2022-08-03 16:58:02,461] {python.py:118} INFO - Done. Returned value was: None
[2022-08-03 16:58:02,478] {taskinstance.py:1142} INFO - Marking task as SUCCESS. dag_id=penjadwalan, task_id=dapat_suhu, execution_date=20220803T165600, start_date=20220803T165801, end_date=20220803T165802
[2022-08-03 16:58:02,519] {taskinstance.py:1195} INFO - 0 downstream tasks scheduled from follow-on schedule check
[2022-08-03 16:58:02,541] {local_task_job.py:118} INFO - Task exited with return code 0
