[2022-08-03 13:42:01,801] {taskinstance.py:826} INFO - Dependencies all met for <TaskInstance: penjadwalan.dapat_suhu 2022-08-03T13:40:00+00:00 [queued]>
[2022-08-03 13:42:01,832] {taskinstance.py:826} INFO - Dependencies all met for <TaskInstance: penjadwalan.dapat_suhu 2022-08-03T13:40:00+00:00 [queued]>
[2022-08-03 13:42:01,833] {taskinstance.py:1017} INFO - 
--------------------------------------------------------------------------------
[2022-08-03 13:42:01,833] {taskinstance.py:1018} INFO - Starting attempt 1 of 1
[2022-08-03 13:42:01,834] {taskinstance.py:1019} INFO - 
--------------------------------------------------------------------------------
[2022-08-03 13:42:01,863] {taskinstance.py:1038} INFO - Executing <Task(PythonOperator): dapat_suhu> on 2022-08-03T13:40:00+00:00
[2022-08-03 13:42:01,871] {standard_task_runner.py:51} INFO - Started process 4621 to run task
[2022-08-03 13:42:01,881] {standard_task_runner.py:75} INFO - Running: ['airflow', 'tasks', 'run', 'penjadwalan', 'dapat_suhu', '2022-08-03T13:40:00+00:00', '--job-id', '1126', '--pool', 'default_pool', '--raw', '--subdir', 'DAGS_FOLDER/penjadwalan.py', '--cfg-path', '/tmp/tmpq7r_xded']
[2022-08-03 13:42:01,887] {standard_task_runner.py:76} INFO - Job 1126: Subtask dapat_suhu
[2022-08-03 13:42:02,017] {logging_mixin.py:103} INFO - Running <TaskInstance: penjadwalan.dapat_suhu 2022-08-03T13:40:00+00:00 [running]> on host b4dcda255553
[2022-08-03 13:42:02,109] {taskinstance.py:1232} INFO - Exporting the following env vars:
AIRFLOW_CTX_DAG_OWNER=airflow
AIRFLOW_CTX_DAG_ID=penjadwalan
AIRFLOW_CTX_TASK_ID=dapat_suhu
AIRFLOW_CTX_EXECUTION_DATE=2022-08-03T13:40:00+00:00
AIRFLOW_CTX_DAG_RUN_ID=scheduled__2022-08-03T13:40:00+00:00
[2022-08-03 13:42:05,876] {logging_mixin.py:103} INFO - {'kota': 'Bali', 'cuaca': 'Clouds', 'cuaca_deskripsi': 'broken clouds', 'temperatur': 299.39, 'waktu': '2022-08-03T13:42:05.875814'}
[2022-08-03 13:42:06,509] {logging_mixin.py:103} INFO - {'kota': 'Lombok', 'cuaca': 'Clouds', 'cuaca_deskripsi': 'overcast clouds', 'temperatur': 294.33, 'waktu': '2022-08-03T13:42:06.509110'}
[2022-08-03 13:42:06,890] {logging_mixin.py:103} INFO - {'kota': 'Labuan Bajo', 'cuaca': 'Clouds', 'cuaca_deskripsi': 'overcast clouds', 'temperatur': 297.01, 'waktu': '2022-08-03T13:42:06.890139'}
[2022-08-03 13:42:07,239] {logging_mixin.py:103} INFO - {'kota': 'Bogor', 'cuaca': 'Clouds', 'cuaca_deskripsi': 'overcast clouds', 'temperatur': 294.71, 'waktu': '2022-08-03T13:42:07.238922'}
[2022-08-03 13:42:07,398] {logging_mixin.py:103} INFO - {'kota': 'Bandung', 'cuaca': 'Clouds', 'cuaca_deskripsi': 'broken clouds', 'temperatur': 293.99, 'waktu': '2022-08-03T13:42:07.398225'}
[2022-08-03 13:42:07,399] {python.py:118} INFO - Done. Returned value was: None
[2022-08-03 13:42:07,447] {taskinstance.py:1142} INFO - Marking task as SUCCESS. dag_id=penjadwalan, task_id=dapat_suhu, execution_date=20220803T134000, start_date=20220803T134201, end_date=20220803T134207
[2022-08-03 13:42:07,528] {taskinstance.py:1195} INFO - 0 downstream tasks scheduled from follow-on schedule check
[2022-08-03 13:42:07,565] {local_task_job.py:118} INFO - Task exited with return code 0
