[2022-08-03 12:12:44,017] {taskinstance.py:826} INFO - Dependencies all met for <TaskInstance: penjadwalan.dapat_suhu 2022-08-03T10:32:00+00:00 [queued]>
[2022-08-03 12:12:44,079] {taskinstance.py:826} INFO - Dependencies all met for <TaskInstance: penjadwalan.dapat_suhu 2022-08-03T10:32:00+00:00 [queued]>
[2022-08-03 12:12:44,080] {taskinstance.py:1017} INFO - 
--------------------------------------------------------------------------------
[2022-08-03 12:12:44,082] {taskinstance.py:1018} INFO - Starting attempt 1 of 1
[2022-08-03 12:12:44,086] {taskinstance.py:1019} INFO - 
--------------------------------------------------------------------------------
[2022-08-03 12:12:44,126] {taskinstance.py:1038} INFO - Executing <Task(PythonOperator): dapat_suhu> on 2022-08-03T10:32:00+00:00
[2022-08-03 12:12:44,132] {standard_task_runner.py:51} INFO - Started process 332 to run task
[2022-08-03 12:12:44,177] {standard_task_runner.py:75} INFO - Running: ['airflow', 'tasks', 'run', 'penjadwalan', 'dapat_suhu', '2022-08-03T10:32:00+00:00', '--job-id', '989', '--pool', 'default_pool', '--raw', '--subdir', 'DAGS_FOLDER/penjadwalan.py', '--cfg-path', '/tmp/tmpq_ghkdry']
[2022-08-03 12:12:44,195] {standard_task_runner.py:76} INFO - Job 989: Subtask dapat_suhu
[2022-08-03 12:12:44,465] {logging_mixin.py:103} INFO - Running <TaskInstance: penjadwalan.dapat_suhu 2022-08-03T10:32:00+00:00 [running]> on host b4dcda255553
[2022-08-03 12:12:44,747] {taskinstance.py:1232} INFO - Exporting the following env vars:
AIRFLOW_CTX_DAG_OWNER=airflow
AIRFLOW_CTX_DAG_ID=penjadwalan
AIRFLOW_CTX_TASK_ID=dapat_suhu
AIRFLOW_CTX_EXECUTION_DATE=2022-08-03T10:32:00+00:00
AIRFLOW_CTX_DAG_RUN_ID=scheduled__2022-08-03T10:32:00+00:00
[2022-08-03 12:12:45,081] {logging_mixin.py:103} INFO - {'kota': 'Bali', 'cuaca': 'Clouds', 'cuaca_deskripsi': 'overcast clouds', 'temperatur': 299.39, 'waktu': '2022-08-03T12:12:45.080874'}
[2022-08-03 12:12:45,439] {logging_mixin.py:103} INFO - {'kota': 'Lombok', 'cuaca': 'Rain', 'cuaca_deskripsi': 'light rain', 'temperatur': 294.54, 'waktu': '2022-08-03T12:12:45.438878'}
[2022-08-03 12:12:45,587] {logging_mixin.py:103} INFO - {'kota': 'Labuan Bajo', 'cuaca': 'Clouds', 'cuaca_deskripsi': 'overcast clouds', 'temperatur': 297.78, 'waktu': '2022-08-03T12:12:45.586945'}
[2022-08-03 12:12:45,722] {logging_mixin.py:103} INFO - {'kota': 'Bogor', 'cuaca': 'Clouds', 'cuaca_deskripsi': 'overcast clouds', 'temperatur': 296.38, 'waktu': '2022-08-03T12:12:45.722528'}
[2022-08-03 12:12:45,862] {logging_mixin.py:103} INFO - {'kota': 'Bandung', 'cuaca': 'Clouds', 'cuaca_deskripsi': 'broken clouds', 'temperatur': 294.44, 'waktu': '2022-08-03T12:12:45.862153'}
[2022-08-03 12:12:45,863] {python.py:118} INFO - Done. Returned value was: None
[2022-08-03 12:12:45,889] {taskinstance.py:1142} INFO - Marking task as SUCCESS. dag_id=penjadwalan, task_id=dapat_suhu, execution_date=20220803T103200, start_date=20220803T121244, end_date=20220803T121245
[2022-08-03 12:12:45,957] {taskinstance.py:1195} INFO - 0 downstream tasks scheduled from follow-on schedule check
[2022-08-03 12:12:45,979] {local_task_job.py:118} INFO - Task exited with return code 0
