[2022-08-03 13:22:06,448] {taskinstance.py:826} INFO - Dependencies all met for <TaskInstance: penjadwalan.dapat_suhu 2022-08-03T13:20:00+00:00 [queued]>
[2022-08-03 13:22:06,957] {taskinstance.py:826} INFO - Dependencies all met for <TaskInstance: penjadwalan.dapat_suhu 2022-08-03T13:20:00+00:00 [queued]>
[2022-08-03 13:22:06,958] {taskinstance.py:1017} INFO - 
--------------------------------------------------------------------------------
[2022-08-03 13:22:06,958] {taskinstance.py:1018} INFO - Starting attempt 1 of 1
[2022-08-03 13:22:06,959] {taskinstance.py:1019} INFO - 
--------------------------------------------------------------------------------
[2022-08-03 13:22:06,978] {taskinstance.py:1038} INFO - Executing <Task(PythonOperator): dapat_suhu> on 2022-08-03T13:20:00+00:00
[2022-08-03 13:22:06,984] {standard_task_runner.py:51} INFO - Started process 1033 to run task
[2022-08-03 13:22:06,993] {standard_task_runner.py:75} INFO - Running: ['airflow', 'tasks', 'run', 'penjadwalan', 'dapat_suhu', '2022-08-03T13:20:00+00:00', '--job-id', '1108', '--pool', 'default_pool', '--raw', '--subdir', 'DAGS_FOLDER/penjadwalan.py', '--cfg-path', '/tmp/tmpx01pt2by']
[2022-08-03 13:22:06,997] {standard_task_runner.py:76} INFO - Job 1108: Subtask dapat_suhu
[2022-08-03 13:22:07,119] {logging_mixin.py:103} INFO - Running <TaskInstance: penjadwalan.dapat_suhu 2022-08-03T13:20:00+00:00 [running]> on host b4dcda255553
[2022-08-03 13:22:07,283] {taskinstance.py:1232} INFO - Exporting the following env vars:
AIRFLOW_CTX_DAG_OWNER=airflow
AIRFLOW_CTX_DAG_ID=penjadwalan
AIRFLOW_CTX_TASK_ID=dapat_suhu
AIRFLOW_CTX_EXECUTION_DATE=2022-08-03T13:20:00+00:00
AIRFLOW_CTX_DAG_RUN_ID=scheduled__2022-08-03T13:20:00+00:00
[2022-08-03 13:22:07,652] {logging_mixin.py:103} INFO - {'kota': 'Bali', 'cuaca': 'Clouds', 'cuaca_deskripsi': 'scattered clouds', 'temperatur': 299.39, 'waktu': '2022-08-03T13:22:07.652456'}
[2022-08-03 13:22:07,929] {logging_mixin.py:103} INFO - {'kota': 'Lombok', 'cuaca': 'Clouds', 'cuaca_deskripsi': 'overcast clouds', 'temperatur': 294.43, 'waktu': '2022-08-03T13:22:07.929111'}
[2022-08-03 13:22:08,151] {logging_mixin.py:103} INFO - {'kota': 'Labuan Bajo', 'cuaca': 'Clouds', 'cuaca_deskripsi': 'overcast clouds', 'temperatur': 297.41, 'waktu': '2022-08-03T13:22:08.151536'}
[2022-08-03 13:22:08,338] {logging_mixin.py:103} INFO - {'kota': 'Bogor', 'cuaca': 'Clouds', 'cuaca_deskripsi': 'overcast clouds', 'temperatur': 295.27, 'waktu': '2022-08-03T13:22:08.337797'}
[2022-08-03 13:22:08,582] {logging_mixin.py:103} INFO - {'kota': 'Bandung', 'cuaca': 'Clouds', 'cuaca_deskripsi': 'overcast clouds', 'temperatur': 294.11, 'waktu': '2022-08-03T13:22:08.582417'}
[2022-08-03 13:22:08,583] {python.py:118} INFO - Done. Returned value was: None
[2022-08-03 13:22:08,618] {taskinstance.py:1142} INFO - Marking task as SUCCESS. dag_id=penjadwalan, task_id=dapat_suhu, execution_date=20220803T132000, start_date=20220803T132206, end_date=20220803T132208
[2022-08-03 13:22:08,720] {taskinstance.py:1195} INFO - 0 downstream tasks scheduled from follow-on schedule check
[2022-08-03 13:22:08,744] {local_task_job.py:118} INFO - Task exited with return code 0
