[2022-08-03 14:50:03,110] {taskinstance.py:826} INFO - Dependencies all met for <TaskInstance: penjadwalan.dapat_suhu 2022-08-03T14:48:00+00:00 [queued]>
[2022-08-03 14:50:03,166] {taskinstance.py:826} INFO - Dependencies all met for <TaskInstance: penjadwalan.dapat_suhu 2022-08-03T14:48:00+00:00 [queued]>
[2022-08-03 14:50:03,167] {taskinstance.py:1017} INFO - 
--------------------------------------------------------------------------------
[2022-08-03 14:50:03,168] {taskinstance.py:1018} INFO - Starting attempt 1 of 1
[2022-08-03 14:50:03,169] {taskinstance.py:1019} INFO - 
--------------------------------------------------------------------------------
[2022-08-03 14:50:03,237] {taskinstance.py:1038} INFO - Executing <Task(PythonOperator): dapat_suhu> on 2022-08-03T14:48:00+00:00
[2022-08-03 14:50:03,242] {standard_task_runner.py:51} INFO - Started process 10517 to run task
[2022-08-03 14:50:03,251] {standard_task_runner.py:75} INFO - Running: ['airflow', 'tasks', 'run', 'penjadwalan', 'dapat_suhu', '2022-08-03T14:48:00+00:00', '--job-id', '1184', '--pool', 'default_pool', '--raw', '--subdir', 'DAGS_FOLDER/penjadwalan.py', '--cfg-path', '/tmp/tmpkcl97qil']
[2022-08-03 14:50:03,257] {standard_task_runner.py:76} INFO - Job 1184: Subtask dapat_suhu
[2022-08-03 14:50:03,368] {logging_mixin.py:103} INFO - Running <TaskInstance: penjadwalan.dapat_suhu 2022-08-03T14:48:00+00:00 [running]> on host b4dcda255553
[2022-08-03 14:50:03,558] {taskinstance.py:1232} INFO - Exporting the following env vars:
AIRFLOW_CTX_DAG_OWNER=airflow
AIRFLOW_CTX_DAG_ID=penjadwalan
AIRFLOW_CTX_TASK_ID=dapat_suhu
AIRFLOW_CTX_EXECUTION_DATE=2022-08-03T14:48:00+00:00
AIRFLOW_CTX_DAG_RUN_ID=scheduled__2022-08-03T14:48:00+00:00
[2022-08-03 14:50:03,748] {logging_mixin.py:103} INFO - {'kota': 'Bali', 'cuaca': 'Clouds', 'cuaca_deskripsi': 'broken clouds', 'temperatur': 298.28, 'waktu': '2022-08-03T14:50:03.747919'}
[2022-08-03 14:50:03,906] {logging_mixin.py:103} INFO - {'kota': 'Lombok', 'cuaca': 'Clouds', 'cuaca_deskripsi': 'overcast clouds', 'temperatur': 294.17, 'waktu': '2022-08-03T14:50:03.905796'}
[2022-08-03 14:50:04,087] {logging_mixin.py:103} INFO - {'kota': 'Labuan Bajo', 'cuaca': 'Clouds', 'cuaca_deskripsi': 'broken clouds', 'temperatur': 296.75, 'waktu': '2022-08-03T14:50:04.087721'}
[2022-08-03 14:50:04,262] {logging_mixin.py:103} INFO - {'kota': 'Bogor', 'cuaca': 'Clouds', 'cuaca_deskripsi': 'overcast clouds', 'temperatur': 293.6, 'waktu': '2022-08-03T14:50:04.262081'}
[2022-08-03 14:50:04,419] {logging_mixin.py:103} INFO - {'kota': 'Bandung', 'cuaca': 'Clouds', 'cuaca_deskripsi': 'broken clouds', 'temperatur': 293.81, 'waktu': '2022-08-03T14:50:04.418920'}
[2022-08-03 14:50:04,419] {python.py:118} INFO - Done. Returned value was: None
[2022-08-03 14:50:04,445] {taskinstance.py:1142} INFO - Marking task as SUCCESS. dag_id=penjadwalan, task_id=dapat_suhu, execution_date=20220803T144800, start_date=20220803T145003, end_date=20220803T145004
[2022-08-03 14:50:04,494] {taskinstance.py:1195} INFO - 0 downstream tasks scheduled from follow-on schedule check
[2022-08-03 14:50:04,520] {local_task_job.py:118} INFO - Task exited with return code 0
