[2022-08-03 15:38:01,189] {taskinstance.py:826} INFO - Dependencies all met for <TaskInstance: penjadwalan.dapat_suhu 2022-08-03T15:36:00+00:00 [queued]>
[2022-08-03 15:38:01,217] {taskinstance.py:826} INFO - Dependencies all met for <TaskInstance: penjadwalan.dapat_suhu 2022-08-03T15:36:00+00:00 [queued]>
[2022-08-03 15:38:01,218] {taskinstance.py:1017} INFO - 
--------------------------------------------------------------------------------
[2022-08-03 15:38:01,219] {taskinstance.py:1018} INFO - Starting attempt 1 of 1
[2022-08-03 15:38:01,219] {taskinstance.py:1019} INFO - 
--------------------------------------------------------------------------------
[2022-08-03 15:38:01,239] {taskinstance.py:1038} INFO - Executing <Task(PythonOperator): dapat_suhu> on 2022-08-03T15:36:00+00:00
[2022-08-03 15:38:01,245] {standard_task_runner.py:51} INFO - Started process 20587 to run task
[2022-08-03 15:38:01,251] {standard_task_runner.py:75} INFO - Running: ['airflow', 'tasks', 'run', 'penjadwalan', 'dapat_suhu', '2022-08-03T15:36:00+00:00', '--job-id', '1228', '--pool', 'default_pool', '--raw', '--subdir', 'DAGS_FOLDER/penjadwalan.py', '--cfg-path', '/tmp/tmpzs3hpv3x']
[2022-08-03 15:38:01,255] {standard_task_runner.py:76} INFO - Job 1228: Subtask dapat_suhu
[2022-08-03 15:38:01,329] {logging_mixin.py:103} INFO - Running <TaskInstance: penjadwalan.dapat_suhu 2022-08-03T15:36:00+00:00 [running]> on host b4dcda255553
[2022-08-03 15:38:01,422] {taskinstance.py:1232} INFO - Exporting the following env vars:
AIRFLOW_CTX_DAG_OWNER=airflow
AIRFLOW_CTX_DAG_ID=penjadwalan
AIRFLOW_CTX_TASK_ID=dapat_suhu
AIRFLOW_CTX_EXECUTION_DATE=2022-08-03T15:36:00+00:00
AIRFLOW_CTX_DAG_RUN_ID=scheduled__2022-08-03T15:36:00+00:00
[2022-08-03 15:38:01,713] {logging_mixin.py:103} INFO - {'kota': 'Bali', 'cuaca': 'Clouds', 'cuaca_deskripsi': 'broken clouds', 'temperatur': 298.28, 'waktu': '2022-08-03T15:38:01.713294'}
[2022-08-03 15:38:02,299] {logging_mixin.py:103} INFO - {'kota': 'Lombok', 'cuaca': 'Clouds', 'cuaca_deskripsi': 'overcast clouds', 'temperatur': 293.94, 'waktu': '2022-08-03T15:38:02.299229'}
[2022-08-03 15:38:02,488] {logging_mixin.py:103} INFO - {'kota': 'Labuan Bajo', 'cuaca': 'Clouds', 'cuaca_deskripsi': 'broken clouds', 'temperatur': 296.58, 'waktu': '2022-08-03T15:38:02.488554'}
[2022-08-03 15:38:02,651] {logging_mixin.py:103} INFO - {'kota': 'Bogor', 'cuaca': 'Clouds', 'cuaca_deskripsi': 'broken clouds', 'temperatur': 298.41, 'waktu': '2022-08-03T15:38:02.651147'}
[2022-08-03 15:38:02,830] {logging_mixin.py:103} INFO - {'kota': 'Bandung', 'cuaca': 'Clouds', 'cuaca_deskripsi': 'broken clouds', 'temperatur': 293.7, 'waktu': '2022-08-03T15:38:02.830103'}
[2022-08-03 15:38:02,832] {python.py:118} INFO - Done. Returned value was: None
[2022-08-03 15:38:02,852] {taskinstance.py:1142} INFO - Marking task as SUCCESS. dag_id=penjadwalan, task_id=dapat_suhu, execution_date=20220803T153600, start_date=20220803T153801, end_date=20220803T153802
[2022-08-03 15:38:02,912] {taskinstance.py:1195} INFO - 0 downstream tasks scheduled from follow-on schedule check
[2022-08-03 15:38:02,949] {local_task_job.py:118} INFO - Task exited with return code 0
