[2022-08-03 15:20:03,627] {taskinstance.py:826} INFO - Dependencies all met for <TaskInstance: penjadwalan.dapat_suhu 2022-08-03T15:18:00+00:00 [queued]>
[2022-08-03 15:20:03,661] {taskinstance.py:826} INFO - Dependencies all met for <TaskInstance: penjadwalan.dapat_suhu 2022-08-03T15:18:00+00:00 [queued]>
[2022-08-03 15:20:03,662] {taskinstance.py:1017} INFO - 
--------------------------------------------------------------------------------
[2022-08-03 15:20:03,662] {taskinstance.py:1018} INFO - Starting attempt 1 of 1
[2022-08-03 15:20:03,663] {taskinstance.py:1019} INFO - 
--------------------------------------------------------------------------------
[2022-08-03 15:20:03,682] {taskinstance.py:1038} INFO - Executing <Task(PythonOperator): dapat_suhu> on 2022-08-03T15:18:00+00:00
[2022-08-03 15:20:03,686] {standard_task_runner.py:51} INFO - Started process 1453 to run task
[2022-08-03 15:20:03,693] {standard_task_runner.py:75} INFO - Running: ['airflow', 'tasks', 'run', 'penjadwalan', 'dapat_suhu', '2022-08-03T15:18:00+00:00', '--job-id', '1211', '--pool', 'default_pool', '--raw', '--subdir', 'DAGS_FOLDER/penjadwalan.py', '--cfg-path', '/tmp/tmpoodr_gau']
[2022-08-03 15:20:03,700] {standard_task_runner.py:76} INFO - Job 1211: Subtask dapat_suhu
[2022-08-03 15:20:03,792] {logging_mixin.py:103} INFO - Running <TaskInstance: penjadwalan.dapat_suhu 2022-08-03T15:18:00+00:00 [running]> on host b4dcda255553
[2022-08-03 15:20:03,888] {taskinstance.py:1232} INFO - Exporting the following env vars:
AIRFLOW_CTX_DAG_OWNER=airflow
AIRFLOW_CTX_DAG_ID=penjadwalan
AIRFLOW_CTX_TASK_ID=dapat_suhu
AIRFLOW_CTX_EXECUTION_DATE=2022-08-03T15:18:00+00:00
AIRFLOW_CTX_DAG_RUN_ID=scheduled__2022-08-03T15:18:00+00:00
[2022-08-03 15:20:04,052] {logging_mixin.py:103} INFO - {'kota': 'Bali', 'cuaca': 'Clouds', 'cuaca_deskripsi': 'broken clouds', 'temperatur': 298.28, 'waktu': '2022-08-03T15:20:04.051841'}
[2022-08-03 15:20:04,797] {logging_mixin.py:103} INFO - {'kota': 'Lombok', 'cuaca': 'Clouds', 'cuaca_deskripsi': 'overcast clouds', 'temperatur': 294.17, 'waktu': '2022-08-03T15:20:04.796828'}
[2022-08-03 15:20:04,934] {logging_mixin.py:103} INFO - {'kota': 'Labuan Bajo', 'cuaca': 'Clouds', 'cuaca_deskripsi': 'broken clouds', 'temperatur': 296.75, 'waktu': '2022-08-03T15:20:04.934585'}
[2022-08-03 15:20:05,062] {logging_mixin.py:103} INFO - {'kota': 'Bogor', 'cuaca': 'Clouds', 'cuaca_deskripsi': 'overcast clouds', 'temperatur': 293.6, 'waktu': '2022-08-03T15:20:05.062305'}
[2022-08-03 15:20:05,199] {logging_mixin.py:103} INFO - {'kota': 'Bandung', 'cuaca': 'Clouds', 'cuaca_deskripsi': 'broken clouds', 'temperatur': 293.81, 'waktu': '2022-08-03T15:20:05.199148'}
[2022-08-03 15:20:05,199] {python.py:118} INFO - Done. Returned value was: None
[2022-08-03 15:20:05,215] {taskinstance.py:1142} INFO - Marking task as SUCCESS. dag_id=penjadwalan, task_id=dapat_suhu, execution_date=20220803T151800, start_date=20220803T152003, end_date=20220803T152005
[2022-08-03 15:20:05,274] {taskinstance.py:1195} INFO - 0 downstream tasks scheduled from follow-on schedule check
[2022-08-03 15:20:05,310] {local_task_job.py:118} INFO - Task exited with return code 0
