[2022-08-03 12:54:09,821] {taskinstance.py:826} INFO - Dependencies all met for <TaskInstance: penjadwalan.dapat_suhu 2022-08-03T12:52:00+00:00 [queued]>
[2022-08-03 12:54:10,832] {taskinstance.py:826} INFO - Dependencies all met for <TaskInstance: penjadwalan.dapat_suhu 2022-08-03T12:52:00+00:00 [queued]>
[2022-08-03 12:54:11,107] {taskinstance.py:1017} INFO - 
--------------------------------------------------------------------------------
[2022-08-03 12:54:11,117] {taskinstance.py:1018} INFO - Starting attempt 1 of 1
[2022-08-03 12:54:11,124] {taskinstance.py:1019} INFO - 
--------------------------------------------------------------------------------
[2022-08-03 12:54:11,332] {taskinstance.py:1038} INFO - Executing <Task(PythonOperator): dapat_suhu> on 2022-08-03T12:52:00+00:00
[2022-08-03 12:54:11,414] {standard_task_runner.py:51} INFO - Started process 28287 to run task
[2022-08-03 12:54:11,475] {standard_task_runner.py:75} INFO - Running: ['airflow', 'tasks', 'run', 'penjadwalan', 'dapat_suhu', '2022-08-03T12:52:00+00:00', '--job-id', '1082', '--pool', 'default_pool', '--raw', '--subdir', 'DAGS_FOLDER/penjadwalan.py', '--cfg-path', '/tmp/tmp4w8jognk']
[2022-08-03 12:54:11,646] {standard_task_runner.py:76} INFO - Job 1082: Subtask dapat_suhu
[2022-08-03 12:54:12,528] {logging_mixin.py:103} INFO - Running <TaskInstance: penjadwalan.dapat_suhu 2022-08-03T12:52:00+00:00 [running]> on host b4dcda255553
[2022-08-03 12:54:19,422] {taskinstance.py:1232} INFO - Exporting the following env vars:
AIRFLOW_CTX_DAG_OWNER=airflow
AIRFLOW_CTX_DAG_ID=penjadwalan
AIRFLOW_CTX_TASK_ID=dapat_suhu
AIRFLOW_CTX_EXECUTION_DATE=2022-08-03T12:52:00+00:00
AIRFLOW_CTX_DAG_RUN_ID=scheduled__2022-08-03T12:52:00+00:00
[2022-08-03 12:54:22,666] {logging_mixin.py:103} INFO - {'kota': 'Bali', 'cuaca': 'Clouds', 'cuaca_deskripsi': 'scattered clouds', 'temperatur': 299.39, 'waktu': '2022-08-03T12:54:22.665880'}
[2022-08-03 12:54:30,253] {logging_mixin.py:103} INFO - {'kota': 'Lombok', 'cuaca': 'Clouds', 'cuaca_deskripsi': 'overcast clouds', 'temperatur': 294.43, 'waktu': '2022-08-03T12:54:30.252552'}
[2022-08-03 12:54:32,518] {logging_mixin.py:103} INFO - {'kota': 'Labuan Bajo', 'cuaca': 'Clouds', 'cuaca_deskripsi': 'overcast clouds', 'temperatur': 297.41, 'waktu': '2022-08-03T12:54:32.518151'}
[2022-08-03 12:54:34,048] {logging_mixin.py:103} INFO - {'kota': 'Bogor', 'cuaca': 'Clouds', 'cuaca_deskripsi': 'overcast clouds', 'temperatur': 295.82, 'waktu': '2022-08-03T12:54:34.048334'}
[2022-08-03 12:54:35,591] {logging_mixin.py:103} INFO - {'kota': 'Bandung', 'cuaca': 'Clouds', 'cuaca_deskripsi': 'overcast clouds', 'temperatur': 294.11, 'waktu': '2022-08-03T12:54:35.580651'}
[2022-08-03 12:54:35,616] {python.py:118} INFO - Done. Returned value was: None
[2022-08-03 12:54:36,341] {taskinstance.py:1142} INFO - Marking task as SUCCESS. dag_id=penjadwalan, task_id=dapat_suhu, execution_date=20220803T125200, start_date=20220803T125410, end_date=20220803T125436
[2022-08-03 12:54:36,897] {taskinstance.py:1195} INFO - 0 downstream tasks scheduled from follow-on schedule check
[2022-08-03 12:54:37,009] {local_task_job.py:118} INFO - Task exited with return code 0
