[2022-08-03 13:52:01,329] {taskinstance.py:826} INFO - Dependencies all met for <TaskInstance: penjadwalan.dapat_suhu 2022-08-03T13:50:00+00:00 [queued]>
[2022-08-03 13:52:01,372] {taskinstance.py:826} INFO - Dependencies all met for <TaskInstance: penjadwalan.dapat_suhu 2022-08-03T13:50:00+00:00 [queued]>
[2022-08-03 13:52:01,373] {taskinstance.py:1017} INFO - 
--------------------------------------------------------------------------------
[2022-08-03 13:52:01,374] {taskinstance.py:1018} INFO - Starting attempt 1 of 1
[2022-08-03 13:52:01,374] {taskinstance.py:1019} INFO - 
--------------------------------------------------------------------------------
[2022-08-03 13:52:01,392] {taskinstance.py:1038} INFO - Executing <Task(PythonOperator): dapat_suhu> on 2022-08-03T13:50:00+00:00
[2022-08-03 13:52:01,398] {standard_task_runner.py:51} INFO - Started process 22081 to run task
[2022-08-03 13:52:01,404] {standard_task_runner.py:75} INFO - Running: ['airflow', 'tasks', 'run', 'penjadwalan', 'dapat_suhu', '2022-08-03T13:50:00+00:00', '--job-id', '1135', '--pool', 'default_pool', '--raw', '--subdir', 'DAGS_FOLDER/penjadwalan.py', '--cfg-path', '/tmp/tmp3r5n3r2j']
[2022-08-03 13:52:01,412] {standard_task_runner.py:76} INFO - Job 1135: Subtask dapat_suhu
[2022-08-03 13:52:01,526] {logging_mixin.py:103} INFO - Running <TaskInstance: penjadwalan.dapat_suhu 2022-08-03T13:50:00+00:00 [running]> on host b4dcda255553
[2022-08-03 13:52:01,616] {taskinstance.py:1232} INFO - Exporting the following env vars:
AIRFLOW_CTX_DAG_OWNER=airflow
AIRFLOW_CTX_DAG_ID=penjadwalan
AIRFLOW_CTX_TASK_ID=dapat_suhu
AIRFLOW_CTX_EXECUTION_DATE=2022-08-03T13:50:00+00:00
AIRFLOW_CTX_DAG_RUN_ID=scheduled__2022-08-03T13:50:00+00:00
[2022-08-03 13:52:01,854] {logging_mixin.py:103} INFO - {'kota': 'Bali', 'cuaca': 'Clouds', 'cuaca_deskripsi': 'broken clouds', 'temperatur': 299.39, 'waktu': '2022-08-03T13:52:01.854332'}
[2022-08-03 13:52:01,993] {logging_mixin.py:103} INFO - {'kota': 'Lombok', 'cuaca': 'Clouds', 'cuaca_deskripsi': 'overcast clouds', 'temperatur': 294.33, 'waktu': '2022-08-03T13:52:01.993205'}
[2022-08-03 13:52:02,134] {logging_mixin.py:103} INFO - {'kota': 'Labuan Bajo', 'cuaca': 'Clouds', 'cuaca_deskripsi': 'overcast clouds', 'temperatur': 297.01, 'waktu': '2022-08-03T13:52:02.133881'}
[2022-08-03 13:52:02,270] {logging_mixin.py:103} INFO - {'kota': 'Bogor', 'cuaca': 'Clouds', 'cuaca_deskripsi': 'overcast clouds', 'temperatur': 294.71, 'waktu': '2022-08-03T13:52:02.270654'}
[2022-08-03 13:52:02,416] {logging_mixin.py:103} INFO - {'kota': 'Bandung', 'cuaca': 'Clouds', 'cuaca_deskripsi': 'broken clouds', 'temperatur': 293.99, 'waktu': '2022-08-03T13:52:02.416371'}
[2022-08-03 13:52:02,418] {python.py:118} INFO - Done. Returned value was: None
[2022-08-03 13:52:02,452] {taskinstance.py:1142} INFO - Marking task as SUCCESS. dag_id=penjadwalan, task_id=dapat_suhu, execution_date=20220803T135000, start_date=20220803T135201, end_date=20220803T135202
[2022-08-03 13:52:02,526] {taskinstance.py:1195} INFO - 0 downstream tasks scheduled from follow-on schedule check
[2022-08-03 13:52:02,541] {local_task_job.py:118} INFO - Task exited with return code 0
