[2022-08-03 13:20:06,548] {taskinstance.py:826} INFO - Dependencies all met for <TaskInstance: my_simple_dag.sleep_me 2022-08-03T13:10:00+00:00 [queued]>
[2022-08-03 13:20:06,607] {taskinstance.py:826} INFO - Dependencies all met for <TaskInstance: my_simple_dag.sleep_me 2022-08-03T13:10:00+00:00 [queued]>
[2022-08-03 13:20:06,609] {taskinstance.py:1017} INFO - 
--------------------------------------------------------------------------------
[2022-08-03 13:20:06,609] {taskinstance.py:1018} INFO - Starting attempt 1 of 1
[2022-08-03 13:20:06,610] {taskinstance.py:1019} INFO - 
--------------------------------------------------------------------------------
[2022-08-03 13:20:06,640] {taskinstance.py:1038} INFO - Executing <Task(BashOperator): sleep_me> on 2022-08-03T13:10:00+00:00
[2022-08-03 13:20:06,645] {standard_task_runner.py:51} INFO - Started process 29915 to run task
[2022-08-03 13:20:06,653] {standard_task_runner.py:75} INFO - Running: ['airflow', 'tasks', 'run', 'my_simple_dag', 'sleep_me', '2022-08-03T13:10:00+00:00', '--job-id', '1106', '--pool', 'default_pool', '--raw', '--subdir', 'DAGS_FOLDER/my_simple_dag.py', '--cfg-path', '/tmp/tmp3t2gbn3g']
[2022-08-03 13:20:06,659] {standard_task_runner.py:76} INFO - Job 1106: Subtask sleep_me
[2022-08-03 13:20:06,784] {logging_mixin.py:103} INFO - Running <TaskInstance: my_simple_dag.sleep_me 2022-08-03T13:10:00+00:00 [running]> on host b4dcda255553
[2022-08-03 13:20:06,902] {taskinstance.py:1232} INFO - Exporting the following env vars:
AIRFLOW_CTX_DAG_OWNER=airflow
AIRFLOW_CTX_DAG_ID=my_simple_dag
AIRFLOW_CTX_TASK_ID=sleep_me
AIRFLOW_CTX_EXECUTION_DATE=2022-08-03T13:10:00+00:00
AIRFLOW_CTX_DAG_RUN_ID=scheduled__2022-08-03T13:10:00+00:00
[2022-08-03 13:20:06,903] {bash.py:135} INFO - Tmp dir root location: 
 /tmp
[2022-08-03 13:20:06,905] {bash.py:158} INFO - Running command: sleep 5
[2022-08-03 13:20:06,919] {bash.py:169} INFO - Output:
[2022-08-03 13:20:11,922] {bash.py:177} INFO - Command exited with return code 0
[2022-08-03 13:20:12,051] {taskinstance.py:1142} INFO - Marking task as SUCCESS. dag_id=my_simple_dag, task_id=sleep_me, execution_date=20220803T131000, start_date=20220803T132006, end_date=20220803T132012
[2022-08-03 13:20:12,136] {taskinstance.py:1195} INFO - 1 downstream tasks scheduled from follow-on schedule check
[2022-08-03 13:20:12,159] {local_task_job.py:118} INFO - Task exited with return code 0
