[2022-08-03 12:13:18,286] {taskinstance.py:826} INFO - Dependencies all met for <TaskInstance: penjadwalan.dapat_suhu 2022-08-03T11:38:00+00:00 [queued]>
[2022-08-03 12:13:18,399] {taskinstance.py:826} INFO - Dependencies all met for <TaskInstance: penjadwalan.dapat_suhu 2022-08-03T11:38:00+00:00 [queued]>
[2022-08-03 12:13:18,400] {taskinstance.py:1017} INFO - 
--------------------------------------------------------------------------------
[2022-08-03 12:13:18,432] {taskinstance.py:1018} INFO - Starting attempt 1 of 1
[2022-08-03 12:13:18,434] {taskinstance.py:1019} INFO - 
--------------------------------------------------------------------------------
[2022-08-03 12:13:18,476] {taskinstance.py:1038} INFO - Executing <Task(PythonOperator): dapat_suhu> on 2022-08-03T11:38:00+00:00
[2022-08-03 12:13:18,484] {standard_task_runner.py:51} INFO - Started process 1549 to run task
[2022-08-03 12:13:18,495] {standard_task_runner.py:75} INFO - Running: ['airflow', 'tasks', 'run', 'penjadwalan', 'dapat_suhu', '2022-08-03T11:38:00+00:00', '--job-id', '1029', '--pool', 'default_pool', '--raw', '--subdir', 'DAGS_FOLDER/penjadwalan.py', '--cfg-path', '/tmp/tmpnd8cwdl5']
[2022-08-03 12:13:18,500] {standard_task_runner.py:76} INFO - Job 1029: Subtask dapat_suhu
[2022-08-03 12:13:18,731] {logging_mixin.py:103} INFO - Running <TaskInstance: penjadwalan.dapat_suhu 2022-08-03T11:38:00+00:00 [running]> on host b4dcda255553
[2022-08-03 12:13:19,003] {taskinstance.py:1232} INFO - Exporting the following env vars:
AIRFLOW_CTX_DAG_OWNER=airflow
AIRFLOW_CTX_DAG_ID=penjadwalan
AIRFLOW_CTX_TASK_ID=dapat_suhu
AIRFLOW_CTX_EXECUTION_DATE=2022-08-03T11:38:00+00:00
AIRFLOW_CTX_DAG_RUN_ID=scheduled__2022-08-03T11:38:00+00:00
[2022-08-03 12:13:19,356] {logging_mixin.py:103} INFO - {'kota': 'Bali', 'cuaca': 'Clouds', 'cuaca_deskripsi': 'overcast clouds', 'temperatur': 299.39, 'waktu': '2022-08-03T12:13:19.356331'}
[2022-08-03 12:13:19,573] {logging_mixin.py:103} INFO - {'kota': 'Lombok', 'cuaca': 'Rain', 'cuaca_deskripsi': 'light rain', 'temperatur': 294.54, 'waktu': '2022-08-03T12:13:19.573181'}
[2022-08-03 12:13:19,968] {logging_mixin.py:103} INFO - {'kota': 'Labuan Bajo', 'cuaca': 'Clouds', 'cuaca_deskripsi': 'overcast clouds', 'temperatur': 297.78, 'waktu': '2022-08-03T12:13:19.968474'}
[2022-08-03 12:13:20,226] {logging_mixin.py:103} INFO - {'kota': 'Bogor', 'cuaca': 'Clouds', 'cuaca_deskripsi': 'overcast clouds', 'temperatur': 296.38, 'waktu': '2022-08-03T12:13:20.226609'}
[2022-08-03 12:13:20,348] {logging_mixin.py:103} INFO - {'kota': 'Bandung', 'cuaca': 'Clouds', 'cuaca_deskripsi': 'broken clouds', 'temperatur': 294.44, 'waktu': '2022-08-03T12:13:20.348454'}
[2022-08-03 12:13:20,349] {python.py:118} INFO - Done. Returned value was: None
[2022-08-03 12:13:20,397] {taskinstance.py:1142} INFO - Marking task as SUCCESS. dag_id=penjadwalan, task_id=dapat_suhu, execution_date=20220803T113800, start_date=20220803T121318, end_date=20220803T121320
[2022-08-03 12:13:20,492] {taskinstance.py:1195} INFO - 0 downstream tasks scheduled from follow-on schedule check
[2022-08-03 12:13:20,533] {local_task_job.py:118} INFO - Task exited with return code 0
