[2022-08-03 16:50:01,439] {taskinstance.py:826} INFO - Dependencies all met for <TaskInstance: penjadwalan.dapat_suhu 2022-08-03T16:48:00+00:00 [queued]>
[2022-08-03 16:50:01,474] {taskinstance.py:826} INFO - Dependencies all met for <TaskInstance: penjadwalan.dapat_suhu 2022-08-03T16:48:00+00:00 [queued]>
[2022-08-03 16:50:01,475] {taskinstance.py:1017} INFO - 
--------------------------------------------------------------------------------
[2022-08-03 16:50:01,476] {taskinstance.py:1018} INFO - Starting attempt 1 of 1
[2022-08-03 16:50:01,476] {taskinstance.py:1019} INFO - 
--------------------------------------------------------------------------------
[2022-08-03 16:50:01,493] {taskinstance.py:1038} INFO - Executing <Task(PythonOperator): dapat_suhu> on 2022-08-03T16:48:00+00:00
[2022-08-03 16:50:01,498] {standard_task_runner.py:51} INFO - Started process 17054 to run task
[2022-08-03 16:50:01,504] {standard_task_runner.py:75} INFO - Running: ['airflow', 'tasks', 'run', 'penjadwalan', 'dapat_suhu', '2022-08-03T16:48:00+00:00', '--job-id', '1292', '--pool', 'default_pool', '--raw', '--subdir', 'DAGS_FOLDER/penjadwalan.py', '--cfg-path', '/tmp/tmp18rcsqb0']
[2022-08-03 16:50:01,509] {standard_task_runner.py:76} INFO - Job 1292: Subtask dapat_suhu
[2022-08-03 16:50:01,625] {logging_mixin.py:103} INFO - Running <TaskInstance: penjadwalan.dapat_suhu 2022-08-03T16:48:00+00:00 [running]> on host b4dcda255553
[2022-08-03 16:50:01,711] {taskinstance.py:1232} INFO - Exporting the following env vars:
AIRFLOW_CTX_DAG_OWNER=airflow
AIRFLOW_CTX_DAG_ID=penjadwalan
AIRFLOW_CTX_TASK_ID=dapat_suhu
AIRFLOW_CTX_EXECUTION_DATE=2022-08-03T16:48:00+00:00
AIRFLOW_CTX_DAG_RUN_ID=scheduled__2022-08-03T16:48:00+00:00
[2022-08-03 16:50:01,926] {logging_mixin.py:103} INFO - {'kota': 'Bali', 'cuaca': 'Clouds', 'cuaca_deskripsi': 'broken clouds', 'temperatur': 298.28, 'waktu': '2022-08-03T16:50:01.925885'}
[2022-08-03 16:50:02,071] {logging_mixin.py:103} INFO - {'kota': 'Lombok', 'cuaca': 'Clouds', 'cuaca_deskripsi': 'overcast clouds', 'temperatur': 293.9, 'waktu': '2022-08-03T16:50:02.071416'}
[2022-08-03 16:50:02,227] {logging_mixin.py:103} INFO - {'kota': 'Labuan Bajo', 'cuaca': 'Clouds', 'cuaca_deskripsi': 'broken clouds', 'temperatur': 296.52, 'waktu': '2022-08-03T16:50:02.227594'}
[2022-08-03 16:50:02,813] {logging_mixin.py:103} INFO - {'kota': 'Bogor', 'cuaca': 'Clouds', 'cuaca_deskripsi': 'overcast clouds', 'temperatur': 294.1, 'waktu': '2022-08-03T16:50:02.813156'}
[2022-08-03 16:50:03,053] {logging_mixin.py:103} INFO - {'kota': 'Bandung', 'cuaca': 'Clouds', 'cuaca_deskripsi': 'overcast clouds', 'temperatur': 293.62, 'waktu': '2022-08-03T16:50:03.053581'}
[2022-08-03 16:50:03,054] {python.py:118} INFO - Done. Returned value was: None
[2022-08-03 16:50:03,086] {taskinstance.py:1142} INFO - Marking task as SUCCESS. dag_id=penjadwalan, task_id=dapat_suhu, execution_date=20220803T164800, start_date=20220803T165001, end_date=20220803T165003
[2022-08-03 16:50:03,160] {taskinstance.py:1195} INFO - 0 downstream tasks scheduled from follow-on schedule check
[2022-08-03 16:50:03,184] {local_task_job.py:118} INFO - Task exited with return code 0
