[2022-08-03 13:06:02,449] {taskinstance.py:826} INFO - Dependencies all met for <TaskInstance: penjadwalan.dapat_suhu 2022-08-03T13:04:00+00:00 [queued]>
[2022-08-03 13:06:02,539] {taskinstance.py:826} INFO - Dependencies all met for <TaskInstance: penjadwalan.dapat_suhu 2022-08-03T13:04:00+00:00 [queued]>
[2022-08-03 13:06:02,540] {taskinstance.py:1017} INFO - 
--------------------------------------------------------------------------------
[2022-08-03 13:06:02,541] {taskinstance.py:1018} INFO - Starting attempt 1 of 1
[2022-08-03 13:06:02,543] {taskinstance.py:1019} INFO - 
--------------------------------------------------------------------------------
[2022-08-03 13:06:02,584] {taskinstance.py:1038} INFO - Executing <Task(PythonOperator): dapat_suhu> on 2022-08-03T13:04:00+00:00
[2022-08-03 13:06:02,592] {standard_task_runner.py:51} INFO - Started process 5381 to run task
[2022-08-03 13:06:02,607] {standard_task_runner.py:75} INFO - Running: ['airflow', 'tasks', 'run', 'penjadwalan', 'dapat_suhu', '2022-08-03T13:04:00+00:00', '--job-id', '1092', '--pool', 'default_pool', '--raw', '--subdir', 'DAGS_FOLDER/penjadwalan.py', '--cfg-path', '/tmp/tmpwxtan9fq']
[2022-08-03 13:06:02,624] {standard_task_runner.py:76} INFO - Job 1092: Subtask dapat_suhu
[2022-08-03 13:06:02,899] {logging_mixin.py:103} INFO - Running <TaskInstance: penjadwalan.dapat_suhu 2022-08-03T13:04:00+00:00 [running]> on host b4dcda255553
[2022-08-03 13:06:03,156] {taskinstance.py:1232} INFO - Exporting the following env vars:
AIRFLOW_CTX_DAG_OWNER=airflow
AIRFLOW_CTX_DAG_ID=penjadwalan
AIRFLOW_CTX_TASK_ID=dapat_suhu
AIRFLOW_CTX_EXECUTION_DATE=2022-08-03T13:04:00+00:00
AIRFLOW_CTX_DAG_RUN_ID=scheduled__2022-08-03T13:04:00+00:00
[2022-08-03 13:06:04,076] {logging_mixin.py:103} INFO - {'kota': 'Bali', 'cuaca': 'Clouds', 'cuaca_deskripsi': 'scattered clouds', 'temperatur': 299.39, 'waktu': '2022-08-03T13:06:04.075690'}
[2022-08-03 13:06:04,339] {logging_mixin.py:103} INFO - {'kota': 'Lombok', 'cuaca': 'Clouds', 'cuaca_deskripsi': 'overcast clouds', 'temperatur': 294.43, 'waktu': '2022-08-03T13:06:04.339613'}
[2022-08-03 13:06:04,652] {logging_mixin.py:103} INFO - {'kota': 'Labuan Bajo', 'cuaca': 'Clouds', 'cuaca_deskripsi': 'overcast clouds', 'temperatur': 297.41, 'waktu': '2022-08-03T13:06:04.652508'}
[2022-08-03 13:06:04,951] {logging_mixin.py:103} INFO - {'kota': 'Bogor', 'cuaca': 'Clouds', 'cuaca_deskripsi': 'overcast clouds', 'temperatur': 295.82, 'waktu': '2022-08-03T13:06:04.951163'}
[2022-08-03 13:06:05,236] {logging_mixin.py:103} INFO - {'kota': 'Bandung', 'cuaca': 'Clouds', 'cuaca_deskripsi': 'overcast clouds', 'temperatur': 294.11, 'waktu': '2022-08-03T13:06:05.235892'}
[2022-08-03 13:06:05,238] {python.py:118} INFO - Done. Returned value was: None
[2022-08-03 13:06:05,290] {taskinstance.py:1142} INFO - Marking task as SUCCESS. dag_id=penjadwalan, task_id=dapat_suhu, execution_date=20220803T130400, start_date=20220803T130602, end_date=20220803T130605
[2022-08-03 13:06:05,400] {taskinstance.py:1195} INFO - 0 downstream tasks scheduled from follow-on schedule check
[2022-08-03 13:06:05,453] {local_task_job.py:118} INFO - Task exited with return code 0
