[2022-08-03 16:50:04,665] {taskinstance.py:826} INFO - Dependencies all met for <TaskInstance: my_simple_dag.sleep_me 2022-08-03T16:40:00+00:00 [queued]>
[2022-08-03 16:50:04,704] {taskinstance.py:826} INFO - Dependencies all met for <TaskInstance: my_simple_dag.sleep_me 2022-08-03T16:40:00+00:00 [queued]>
[2022-08-03 16:50:04,704] {taskinstance.py:1017} INFO - 
--------------------------------------------------------------------------------
[2022-08-03 16:50:04,705] {taskinstance.py:1018} INFO - Starting attempt 1 of 1
[2022-08-03 16:50:04,706] {taskinstance.py:1019} INFO - 
--------------------------------------------------------------------------------
[2022-08-03 16:50:04,725] {taskinstance.py:1038} INFO - Executing <Task(BashOperator): sleep_me> on 2022-08-03T16:40:00+00:00
[2022-08-03 16:50:04,730] {standard_task_runner.py:51} INFO - Started process 17223 to run task
[2022-08-03 16:50:04,742] {standard_task_runner.py:75} INFO - Running: ['airflow', 'tasks', 'run', 'my_simple_dag', 'sleep_me', '2022-08-03T16:40:00+00:00', '--job-id', '1295', '--pool', 'default_pool', '--raw', '--subdir', 'DAGS_FOLDER/my_simple_dag.py', '--cfg-path', '/tmp/tmpkbv3v8sd']
[2022-08-03 16:50:04,747] {standard_task_runner.py:76} INFO - Job 1295: Subtask sleep_me
[2022-08-03 16:50:04,844] {logging_mixin.py:103} INFO - Running <TaskInstance: my_simple_dag.sleep_me 2022-08-03T16:40:00+00:00 [running]> on host b4dcda255553
[2022-08-03 16:50:04,943] {taskinstance.py:1232} INFO - Exporting the following env vars:
AIRFLOW_CTX_DAG_OWNER=airflow
AIRFLOW_CTX_DAG_ID=my_simple_dag
AIRFLOW_CTX_TASK_ID=sleep_me
AIRFLOW_CTX_EXECUTION_DATE=2022-08-03T16:40:00+00:00
AIRFLOW_CTX_DAG_RUN_ID=scheduled__2022-08-03T16:40:00+00:00
[2022-08-03 16:50:04,944] {bash.py:135} INFO - Tmp dir root location: 
 /tmp
[2022-08-03 16:50:04,945] {bash.py:158} INFO - Running command: sleep 5
[2022-08-03 16:50:04,956] {bash.py:169} INFO - Output:
[2022-08-03 16:50:09,960] {bash.py:177} INFO - Command exited with return code 0
[2022-08-03 16:50:10,006] {taskinstance.py:1142} INFO - Marking task as SUCCESS. dag_id=my_simple_dag, task_id=sleep_me, execution_date=20220803T164000, start_date=20220803T165004, end_date=20220803T165010
[2022-08-03 16:50:10,055] {taskinstance.py:1195} INFO - 1 downstream tasks scheduled from follow-on schedule check
[2022-08-03 16:50:10,067] {local_task_job.py:118} INFO - Task exited with return code 0
