[2022-08-03 12:12:32,429] {taskinstance.py:826} INFO - Dependencies all met for <TaskInstance: penjadwalan.dapat_suhu 2022-08-03T10:22:00+00:00 [queued]>
[2022-08-03 12:12:33,028] {taskinstance.py:826} INFO - Dependencies all met for <TaskInstance: penjadwalan.dapat_suhu 2022-08-03T10:22:00+00:00 [queued]>
[2022-08-03 12:12:33,030] {taskinstance.py:1017} INFO - 
--------------------------------------------------------------------------------
[2022-08-03 12:12:33,030] {taskinstance.py:1018} INFO - Starting attempt 1 of 1
[2022-08-03 12:12:33,031] {taskinstance.py:1019} INFO - 
--------------------------------------------------------------------------------
[2022-08-03 12:12:33,329] {taskinstance.py:1038} INFO - Executing <Task(PythonOperator): dapat_suhu> on 2022-08-03T10:22:00+00:00
[2022-08-03 12:12:33,345] {standard_task_runner.py:51} INFO - Started process 282 to run task
[2022-08-03 12:12:33,364] {standard_task_runner.py:75} INFO - Running: ['airflow', 'tasks', 'run', 'penjadwalan', 'dapat_suhu', '2022-08-03T10:22:00+00:00', '--job-id', '985', '--pool', 'default_pool', '--raw', '--subdir', 'DAGS_FOLDER/penjadwalan.py', '--cfg-path', '/tmp/tmpzpnegybq']
[2022-08-03 12:12:33,372] {standard_task_runner.py:76} INFO - Job 985: Subtask dapat_suhu
[2022-08-03 12:12:33,530] {logging_mixin.py:103} INFO - Running <TaskInstance: penjadwalan.dapat_suhu 2022-08-03T10:22:00+00:00 [running]> on host b4dcda255553
[2022-08-03 12:12:34,926] {taskinstance.py:1232} INFO - Exporting the following env vars:
AIRFLOW_CTX_DAG_OWNER=airflow
AIRFLOW_CTX_DAG_ID=penjadwalan
AIRFLOW_CTX_TASK_ID=dapat_suhu
AIRFLOW_CTX_EXECUTION_DATE=2022-08-03T10:22:00+00:00
AIRFLOW_CTX_DAG_RUN_ID=scheduled__2022-08-03T10:22:00+00:00
[2022-08-03 12:12:35,341] {logging_mixin.py:103} INFO - {'kota': 'Bali', 'cuaca': 'Clouds', 'cuaca_deskripsi': 'overcast clouds', 'temperatur': 299.39, 'waktu': '2022-08-03T12:12:35.340861'}
[2022-08-03 12:12:35,644] {logging_mixin.py:103} INFO - {'kota': 'Lombok', 'cuaca': 'Rain', 'cuaca_deskripsi': 'light rain', 'temperatur': 294.54, 'waktu': '2022-08-03T12:12:35.644762'}
[2022-08-03 12:12:37,250] {logging_mixin.py:103} INFO - {'kota': 'Labuan Bajo', 'cuaca': 'Clouds', 'cuaca_deskripsi': 'overcast clouds', 'temperatur': 297.78, 'waktu': '2022-08-03T12:12:37.250571'}
[2022-08-03 12:12:43,339] {logging_mixin.py:103} INFO - {'kota': 'Bogor', 'cuaca': 'Clouds', 'cuaca_deskripsi': 'overcast clouds', 'temperatur': 296.38, 'waktu': '2022-08-03T12:12:43.338969'}
[2022-08-03 12:12:43,516] {logging_mixin.py:103} INFO - {'kota': 'Bandung', 'cuaca': 'Clouds', 'cuaca_deskripsi': 'broken clouds', 'temperatur': 294.44, 'waktu': '2022-08-03T12:12:43.515831'}
[2022-08-03 12:12:43,516] {python.py:118} INFO - Done. Returned value was: None
[2022-08-03 12:12:43,611] {taskinstance.py:1142} INFO - Marking task as SUCCESS. dag_id=penjadwalan, task_id=dapat_suhu, execution_date=20220803T102200, start_date=20220803T121232, end_date=20220803T121243
[2022-08-03 12:12:43,757] {taskinstance.py:1195} INFO - 0 downstream tasks scheduled from follow-on schedule check
[2022-08-03 12:12:43,779] {local_task_job.py:118} INFO - Task exited with return code 0
