[2022-08-03 15:40:04,249] {taskinstance.py:826} INFO - Dependencies all met for <TaskInstance: my_simple_dag.greet 2022-08-03T15:30:00+00:00 [queued]>
[2022-08-03 15:40:04,308] {taskinstance.py:826} INFO - Dependencies all met for <TaskInstance: my_simple_dag.greet 2022-08-03T15:30:00+00:00 [queued]>
[2022-08-03 15:40:04,311] {taskinstance.py:1017} INFO - 
--------------------------------------------------------------------------------
[2022-08-03 15:40:04,312] {taskinstance.py:1018} INFO - Starting attempt 1 of 1
[2022-08-03 15:40:04,313] {taskinstance.py:1019} INFO - 
--------------------------------------------------------------------------------
[2022-08-03 15:40:04,329] {taskinstance.py:1038} INFO - Executing <Task(PythonOperator): greet> on 2022-08-03T15:30:00+00:00
[2022-08-03 15:40:04,336] {standard_task_runner.py:51} INFO - Started process 26564 to run task
[2022-08-03 15:40:04,344] {standard_task_runner.py:75} INFO - Running: ['airflow', 'tasks', 'run', 'my_simple_dag', 'greet', '2022-08-03T15:30:00+00:00', '--job-id', '1231', '--pool', 'default_pool', '--raw', '--subdir', 'DAGS_FOLDER/my_simple_dag.py', '--cfg-path', '/tmp/tmpphoqdeda']
[2022-08-03 15:40:04,349] {standard_task_runner.py:76} INFO - Job 1231: Subtask greet
[2022-08-03 15:40:04,457] {logging_mixin.py:103} INFO - Running <TaskInstance: my_simple_dag.greet 2022-08-03T15:30:00+00:00 [running]> on host b4dcda255553
[2022-08-03 15:40:04,551] {taskinstance.py:1232} INFO - Exporting the following env vars:
AIRFLOW_CTX_DAG_OWNER=airflow
AIRFLOW_CTX_DAG_ID=my_simple_dag
AIRFLOW_CTX_TASK_ID=greet
AIRFLOW_CTX_EXECUTION_DATE=2022-08-03T15:30:00+00:00
AIRFLOW_CTX_DAG_RUN_ID=scheduled__2022-08-03T15:30:00+00:00
[2022-08-03 15:40:04,552] {logging_mixin.py:103} INFO - Halo Salam dari Apache Airflow2022-08-03 15:40
[2022-08-03 15:40:04,553] {python.py:118} INFO - Done. Returned value was: None
[2022-08-03 15:40:04,572] {taskinstance.py:1142} INFO - Marking task as SUCCESS. dag_id=my_simple_dag, task_id=greet, execution_date=20220803T153000, start_date=20220803T154004, end_date=20220803T154004
[2022-08-03 15:40:04,638] {taskinstance.py:1195} INFO - 1 downstream tasks scheduled from follow-on schedule check
[2022-08-03 15:40:04,674] {local_task_job.py:118} INFO - Task exited with return code 0
