[2022-08-03 12:12:43,977] {taskinstance.py:826} INFO - Dependencies all met for <TaskInstance: penjadwalan.dapat_suhu 2022-08-03T10:26:00+00:00 [queued]>
[2022-08-03 12:12:44,035] {taskinstance.py:826} INFO - Dependencies all met for <TaskInstance: penjadwalan.dapat_suhu 2022-08-03T10:26:00+00:00 [queued]>
[2022-08-03 12:12:44,036] {taskinstance.py:1017} INFO - 
--------------------------------------------------------------------------------
[2022-08-03 12:12:44,037] {taskinstance.py:1018} INFO - Starting attempt 1 of 1
[2022-08-03 12:12:44,039] {taskinstance.py:1019} INFO - 
--------------------------------------------------------------------------------
[2022-08-03 12:12:44,067] {taskinstance.py:1038} INFO - Executing <Task(PythonOperator): dapat_suhu> on 2022-08-03T10:26:00+00:00
[2022-08-03 12:12:44,078] {standard_task_runner.py:51} INFO - Started process 325 to run task
[2022-08-03 12:12:44,100] {standard_task_runner.py:75} INFO - Running: ['airflow', 'tasks', 'run', 'penjadwalan', 'dapat_suhu', '2022-08-03T10:26:00+00:00', '--job-id', '990', '--pool', 'default_pool', '--raw', '--subdir', 'DAGS_FOLDER/penjadwalan.py', '--cfg-path', '/tmp/tmpjla32i2z']
[2022-08-03 12:12:44,110] {standard_task_runner.py:76} INFO - Job 990: Subtask dapat_suhu
[2022-08-03 12:12:44,349] {logging_mixin.py:103} INFO - Running <TaskInstance: penjadwalan.dapat_suhu 2022-08-03T10:26:00+00:00 [running]> on host b4dcda255553
[2022-08-03 12:12:44,577] {taskinstance.py:1232} INFO - Exporting the following env vars:
AIRFLOW_CTX_DAG_OWNER=airflow
AIRFLOW_CTX_DAG_ID=penjadwalan
AIRFLOW_CTX_TASK_ID=dapat_suhu
AIRFLOW_CTX_EXECUTION_DATE=2022-08-03T10:26:00+00:00
AIRFLOW_CTX_DAG_RUN_ID=scheduled__2022-08-03T10:26:00+00:00
[2022-08-03 12:12:44,936] {logging_mixin.py:103} INFO - {'kota': 'Bali', 'cuaca': 'Clouds', 'cuaca_deskripsi': 'overcast clouds', 'temperatur': 299.39, 'waktu': '2022-08-03T12:12:44.936644'}
[2022-08-03 12:12:45,190] {logging_mixin.py:103} INFO - {'kota': 'Lombok', 'cuaca': 'Rain', 'cuaca_deskripsi': 'light rain', 'temperatur': 294.54, 'waktu': '2022-08-03T12:12:45.190610'}
[2022-08-03 12:12:45,446] {logging_mixin.py:103} INFO - {'kota': 'Labuan Bajo', 'cuaca': 'Clouds', 'cuaca_deskripsi': 'overcast clouds', 'temperatur': 297.78, 'waktu': '2022-08-03T12:12:45.446458'}
[2022-08-03 12:12:45,587] {logging_mixin.py:103} INFO - {'kota': 'Bogor', 'cuaca': 'Clouds', 'cuaca_deskripsi': 'overcast clouds', 'temperatur': 296.38, 'waktu': '2022-08-03T12:12:45.587167'}
[2022-08-03 12:12:45,746] {logging_mixin.py:103} INFO - {'kota': 'Bandung', 'cuaca': 'Clouds', 'cuaca_deskripsi': 'broken clouds', 'temperatur': 294.44, 'waktu': '2022-08-03T12:12:45.745998'}
[2022-08-03 12:12:45,746] {python.py:118} INFO - Done. Returned value was: None
[2022-08-03 12:12:45,769] {taskinstance.py:1142} INFO - Marking task as SUCCESS. dag_id=penjadwalan, task_id=dapat_suhu, execution_date=20220803T102600, start_date=20220803T121243, end_date=20220803T121245
[2022-08-03 12:12:45,867] {taskinstance.py:1195} INFO - 0 downstream tasks scheduled from follow-on schedule check
[2022-08-03 12:12:45,893] {local_task_job.py:118} INFO - Task exited with return code 0
