[2022-08-03 12:12:47,782] {taskinstance.py:826} INFO - Dependencies all met for <TaskInstance: penjadwalan.dapat_suhu 2022-08-03T10:40:00+00:00 [queued]>
[2022-08-03 12:12:47,838] {taskinstance.py:826} INFO - Dependencies all met for <TaskInstance: penjadwalan.dapat_suhu 2022-08-03T10:40:00+00:00 [queued]>
[2022-08-03 12:12:47,842] {taskinstance.py:1017} INFO - 
--------------------------------------------------------------------------------
[2022-08-03 12:12:47,844] {taskinstance.py:1018} INFO - Starting attempt 1 of 1
[2022-08-03 12:12:47,845] {taskinstance.py:1019} INFO - 
--------------------------------------------------------------------------------
[2022-08-03 12:12:47,870] {taskinstance.py:1038} INFO - Executing <Task(PythonOperator): dapat_suhu> on 2022-08-03T10:40:00+00:00
[2022-08-03 12:12:47,878] {standard_task_runner.py:51} INFO - Started process 500 to run task
[2022-08-03 12:12:47,890] {standard_task_runner.py:75} INFO - Running: ['airflow', 'tasks', 'run', 'penjadwalan', 'dapat_suhu', '2022-08-03T10:40:00+00:00', '--job-id', '997', '--pool', 'default_pool', '--raw', '--subdir', 'DAGS_FOLDER/penjadwalan.py', '--cfg-path', '/tmp/tmpq2zllxnn']
[2022-08-03 12:12:47,895] {standard_task_runner.py:76} INFO - Job 997: Subtask dapat_suhu
[2022-08-03 12:12:48,048] {logging_mixin.py:103} INFO - Running <TaskInstance: penjadwalan.dapat_suhu 2022-08-03T10:40:00+00:00 [running]> on host b4dcda255553
[2022-08-03 12:12:48,256] {taskinstance.py:1232} INFO - Exporting the following env vars:
AIRFLOW_CTX_DAG_OWNER=airflow
AIRFLOW_CTX_DAG_ID=penjadwalan
AIRFLOW_CTX_TASK_ID=dapat_suhu
AIRFLOW_CTX_EXECUTION_DATE=2022-08-03T10:40:00+00:00
AIRFLOW_CTX_DAG_RUN_ID=scheduled__2022-08-03T10:40:00+00:00
[2022-08-03 12:12:48,540] {logging_mixin.py:103} INFO - {'kota': 'Bali', 'cuaca': 'Clouds', 'cuaca_deskripsi': 'overcast clouds', 'temperatur': 299.39, 'waktu': '2022-08-03T12:12:48.539851'}
[2022-08-03 12:12:48,760] {logging_mixin.py:103} INFO - {'kota': 'Lombok', 'cuaca': 'Rain', 'cuaca_deskripsi': 'light rain', 'temperatur': 294.54, 'waktu': '2022-08-03T12:12:48.760500'}
[2022-08-03 12:12:48,940] {logging_mixin.py:103} INFO - {'kota': 'Labuan Bajo', 'cuaca': 'Clouds', 'cuaca_deskripsi': 'overcast clouds', 'temperatur': 297.78, 'waktu': '2022-08-03T12:12:48.940216'}
[2022-08-03 12:12:49,138] {logging_mixin.py:103} INFO - {'kota': 'Bogor', 'cuaca': 'Clouds', 'cuaca_deskripsi': 'overcast clouds', 'temperatur': 296.38, 'waktu': '2022-08-03T12:12:49.138136'}
[2022-08-03 12:12:49,321] {logging_mixin.py:103} INFO - {'kota': 'Bandung', 'cuaca': 'Clouds', 'cuaca_deskripsi': 'broken clouds', 'temperatur': 294.44, 'waktu': '2022-08-03T12:12:49.321377'}
[2022-08-03 12:12:49,322] {python.py:118} INFO - Done. Returned value was: None
[2022-08-03 12:12:49,357] {taskinstance.py:1142} INFO - Marking task as SUCCESS. dag_id=penjadwalan, task_id=dapat_suhu, execution_date=20220803T104000, start_date=20220803T121247, end_date=20220803T121249
[2022-08-03 12:12:49,439] {taskinstance.py:1195} INFO - 0 downstream tasks scheduled from follow-on schedule check
[2022-08-03 12:12:49,451] {local_task_job.py:118} INFO - Task exited with return code 0
