[2022-08-03 16:54:00,961] {taskinstance.py:826} INFO - Dependencies all met for <TaskInstance: penjadwalan.dapat_suhu 2022-08-03T16:52:00+00:00 [queued]>
[2022-08-03 16:54:01,004] {taskinstance.py:826} INFO - Dependencies all met for <TaskInstance: penjadwalan.dapat_suhu 2022-08-03T16:52:00+00:00 [queued]>
[2022-08-03 16:54:01,005] {taskinstance.py:1017} INFO - 
--------------------------------------------------------------------------------
[2022-08-03 16:54:01,006] {taskinstance.py:1018} INFO - Starting attempt 1 of 1
[2022-08-03 16:54:01,006] {taskinstance.py:1019} INFO - 
--------------------------------------------------------------------------------
[2022-08-03 16:54:01,026] {taskinstance.py:1038} INFO - Executing <Task(PythonOperator): dapat_suhu> on 2022-08-03T16:52:00+00:00
[2022-08-03 16:54:01,032] {standard_task_runner.py:51} INFO - Started process 31787 to run task
[2022-08-03 16:54:01,039] {standard_task_runner.py:75} INFO - Running: ['airflow', 'tasks', 'run', 'penjadwalan', 'dapat_suhu', '2022-08-03T16:52:00+00:00', '--job-id', '1298', '--pool', 'default_pool', '--raw', '--subdir', 'DAGS_FOLDER/penjadwalan.py', '--cfg-path', '/tmp/tmp3n3fswyd']
[2022-08-03 16:54:01,045] {standard_task_runner.py:76} INFO - Job 1298: Subtask dapat_suhu
[2022-08-03 16:54:01,133] {logging_mixin.py:103} INFO - Running <TaskInstance: penjadwalan.dapat_suhu 2022-08-03T16:52:00+00:00 [running]> on host b4dcda255553
[2022-08-03 16:54:01,224] {taskinstance.py:1232} INFO - Exporting the following env vars:
AIRFLOW_CTX_DAG_OWNER=airflow
AIRFLOW_CTX_DAG_ID=penjadwalan
AIRFLOW_CTX_TASK_ID=dapat_suhu
AIRFLOW_CTX_EXECUTION_DATE=2022-08-03T16:52:00+00:00
AIRFLOW_CTX_DAG_RUN_ID=scheduled__2022-08-03T16:52:00+00:00
[2022-08-03 16:54:01,378] {logging_mixin.py:103} INFO - {'kota': 'Bali', 'cuaca': 'Clouds', 'cuaca_deskripsi': 'broken clouds', 'temperatur': 298.28, 'waktu': '2022-08-03T16:54:01.378136'}
[2022-08-03 16:54:01,506] {logging_mixin.py:103} INFO - {'kota': 'Lombok', 'cuaca': 'Clouds', 'cuaca_deskripsi': 'overcast clouds', 'temperatur': 293.9, 'waktu': '2022-08-03T16:54:01.506171'}
[2022-08-03 16:54:01,643] {logging_mixin.py:103} INFO - {'kota': 'Labuan Bajo', 'cuaca': 'Clouds', 'cuaca_deskripsi': 'broken clouds', 'temperatur': 296.52, 'waktu': '2022-08-03T16:54:01.643630'}
[2022-08-03 16:54:01,797] {logging_mixin.py:103} INFO - {'kota': 'Bogor', 'cuaca': 'Clouds', 'cuaca_deskripsi': 'overcast clouds', 'temperatur': 294.1, 'waktu': '2022-08-03T16:54:01.797087'}
[2022-08-03 16:54:01,940] {logging_mixin.py:103} INFO - {'kota': 'Bandung', 'cuaca': 'Clouds', 'cuaca_deskripsi': 'overcast clouds', 'temperatur': 293.62, 'waktu': '2022-08-03T16:54:01.940213'}
[2022-08-03 16:54:01,941] {python.py:118} INFO - Done. Returned value was: None
[2022-08-03 16:54:01,958] {taskinstance.py:1142} INFO - Marking task as SUCCESS. dag_id=penjadwalan, task_id=dapat_suhu, execution_date=20220803T165200, start_date=20220803T165400, end_date=20220803T165401
[2022-08-03 16:54:02,001] {taskinstance.py:1195} INFO - 0 downstream tasks scheduled from follow-on schedule check
[2022-08-03 16:54:02,013] {local_task_job.py:118} INFO - Task exited with return code 0
