[2022-08-03 13:30:02,127] {taskinstance.py:826} INFO - Dependencies all met for <TaskInstance: my_simple_dag.say_Hi 2022-08-03T13:20:00+00:00 [queued]>
[2022-08-03 13:30:02,193] {taskinstance.py:826} INFO - Dependencies all met for <TaskInstance: my_simple_dag.say_Hi 2022-08-03T13:20:00+00:00 [queued]>
[2022-08-03 13:30:02,194] {taskinstance.py:1017} INFO - 
--------------------------------------------------------------------------------
[2022-08-03 13:30:02,195] {taskinstance.py:1018} INFO - Starting attempt 1 of 1
[2022-08-03 13:30:02,196] {taskinstance.py:1019} INFO - 
--------------------------------------------------------------------------------
[2022-08-03 13:30:02,227] {taskinstance.py:1038} INFO - Executing <Task(BashOperator): say_Hi> on 2022-08-03T13:20:00+00:00
[2022-08-03 13:30:02,236] {standard_task_runner.py:51} INFO - Started process 10398 to run task
[2022-08-03 13:30:02,246] {standard_task_runner.py:75} INFO - Running: ['airflow', 'tasks', 'run', 'my_simple_dag', 'say_Hi', '2022-08-03T13:20:00+00:00', '--job-id', '1113', '--pool', 'default_pool', '--raw', '--subdir', 'DAGS_FOLDER/my_simple_dag.py', '--cfg-path', '/tmp/tmplp9srp27']
[2022-08-03 13:30:02,252] {standard_task_runner.py:76} INFO - Job 1113: Subtask say_Hi
[2022-08-03 13:30:02,572] {logging_mixin.py:103} INFO - Running <TaskInstance: my_simple_dag.say_Hi 2022-08-03T13:20:00+00:00 [running]> on host b4dcda255553
[2022-08-03 13:30:02,749] {taskinstance.py:1232} INFO - Exporting the following env vars:
AIRFLOW_CTX_DAG_OWNER=airflow
AIRFLOW_CTX_DAG_ID=my_simple_dag
AIRFLOW_CTX_TASK_ID=say_Hi
AIRFLOW_CTX_EXECUTION_DATE=2022-08-03T13:20:00+00:00
AIRFLOW_CTX_DAG_RUN_ID=scheduled__2022-08-03T13:20:00+00:00
[2022-08-03 13:30:02,754] {bash.py:135} INFO - Tmp dir root location: 
 /tmp
[2022-08-03 13:30:02,757] {bash.py:158} INFO - Running command: echo "Hi!!"
[2022-08-03 13:30:02,793] {bash.py:169} INFO - Output:
[2022-08-03 13:30:02,796] {bash.py:173} INFO - Hi!!
[2022-08-03 13:30:02,802] {bash.py:177} INFO - Command exited with return code 0
[2022-08-03 13:30:02,884] {taskinstance.py:1142} INFO - Marking task as SUCCESS. dag_id=my_simple_dag, task_id=say_Hi, execution_date=20220803T132000, start_date=20220803T133002, end_date=20220803T133002
[2022-08-03 13:30:03,091] {taskinstance.py:1195} INFO - 0 downstream tasks scheduled from follow-on schedule check
[2022-08-03 13:30:03,150] {local_task_job.py:118} INFO - Task exited with return code 0
