[2022-08-03 17:02:00,871] {taskinstance.py:826} INFO - Dependencies all met for <TaskInstance: penjadwalan.dapat_suhu 2022-08-03T17:00:00+00:00 [queued]>
[2022-08-03 17:02:00,907] {taskinstance.py:826} INFO - Dependencies all met for <TaskInstance: penjadwalan.dapat_suhu 2022-08-03T17:00:00+00:00 [queued]>
[2022-08-03 17:02:00,908] {taskinstance.py:1017} INFO - 
--------------------------------------------------------------------------------
[2022-08-03 17:02:00,909] {taskinstance.py:1018} INFO - Starting attempt 1 of 1
[2022-08-03 17:02:00,909] {taskinstance.py:1019} INFO - 
--------------------------------------------------------------------------------
[2022-08-03 17:02:00,928] {taskinstance.py:1038} INFO - Executing <Task(PythonOperator): dapat_suhu> on 2022-08-03T17:00:00+00:00
[2022-08-03 17:02:00,932] {standard_task_runner.py:51} INFO - Started process 24147 to run task
[2022-08-03 17:02:00,938] {standard_task_runner.py:75} INFO - Running: ['airflow', 'tasks', 'run', 'penjadwalan', 'dapat_suhu', '2022-08-03T17:00:00+00:00', '--job-id', '1306', '--pool', 'default_pool', '--raw', '--subdir', 'DAGS_FOLDER/penjadwalan.py', '--cfg-path', '/tmp/tmp15hkth4t']
[2022-08-03 17:02:00,945] {standard_task_runner.py:76} INFO - Job 1306: Subtask dapat_suhu
[2022-08-03 17:02:01,026] {logging_mixin.py:103} INFO - Running <TaskInstance: penjadwalan.dapat_suhu 2022-08-03T17:00:00+00:00 [running]> on host b4dcda255553
[2022-08-03 17:02:01,098] {taskinstance.py:1232} INFO - Exporting the following env vars:
AIRFLOW_CTX_DAG_OWNER=airflow
AIRFLOW_CTX_DAG_ID=penjadwalan
AIRFLOW_CTX_TASK_ID=dapat_suhu
AIRFLOW_CTX_EXECUTION_DATE=2022-08-03T17:00:00+00:00
AIRFLOW_CTX_DAG_RUN_ID=scheduled__2022-08-03T17:00:00+00:00
[2022-08-03 17:02:01,321] {logging_mixin.py:103} INFO - {'kota': 'Bali', 'cuaca': 'Clouds', 'cuaca_deskripsi': 'broken clouds', 'temperatur': 298.28, 'waktu': '2022-08-03T17:02:01.320939'}
[2022-08-03 17:02:01,504] {logging_mixin.py:103} INFO - {'kota': 'Lombok', 'cuaca': 'Clouds', 'cuaca_deskripsi': 'overcast clouds', 'temperatur': 293.9, 'waktu': '2022-08-03T17:02:01.504353'}
[2022-08-03 17:02:01,630] {logging_mixin.py:103} INFO - {'kota': 'Labuan Bajo', 'cuaca': 'Clouds', 'cuaca_deskripsi': 'broken clouds', 'temperatur': 296.52, 'waktu': '2022-08-03T17:02:01.630532'}
[2022-08-03 17:02:01,816] {logging_mixin.py:103} INFO - {'kota': 'Bogor', 'cuaca': 'Clouds', 'cuaca_deskripsi': 'overcast clouds', 'temperatur': 294.1, 'waktu': '2022-08-03T17:02:01.816413'}
[2022-08-03 17:02:01,928] {logging_mixin.py:103} INFO - {'kota': 'Bandung', 'cuaca': 'Clouds', 'cuaca_deskripsi': 'overcast clouds', 'temperatur': 293.62, 'waktu': '2022-08-03T17:02:01.928560'}
[2022-08-03 17:02:01,929] {python.py:118} INFO - Done. Returned value was: None
[2022-08-03 17:02:01,948] {taskinstance.py:1142} INFO - Marking task as SUCCESS. dag_id=penjadwalan, task_id=dapat_suhu, execution_date=20220803T170000, start_date=20220803T170200, end_date=20220803T170201
[2022-08-03 17:02:01,990] {taskinstance.py:1195} INFO - 0 downstream tasks scheduled from follow-on schedule check
[2022-08-03 17:02:02,037] {local_task_job.py:118} INFO - Task exited with return code 0
