[2022-08-03 13:00:04,354] {taskinstance.py:826} INFO - Dependencies all met for <TaskInstance: my_simple_dag.greet 2022-08-03T12:50:00+00:00 [queued]>
[2022-08-03 13:00:04,460] {taskinstance.py:826} INFO - Dependencies all met for <TaskInstance: my_simple_dag.greet 2022-08-03T12:50:00+00:00 [queued]>
[2022-08-03 13:00:04,464] {taskinstance.py:1017} INFO - 
--------------------------------------------------------------------------------
[2022-08-03 13:00:04,472] {taskinstance.py:1018} INFO - Starting attempt 1 of 1
[2022-08-03 13:00:04,475] {taskinstance.py:1019} INFO - 
--------------------------------------------------------------------------------
[2022-08-03 13:00:04,520] {taskinstance.py:1038} INFO - Executing <Task(PythonOperator): greet> on 2022-08-03T12:50:00+00:00
[2022-08-03 13:00:04,551] {standard_task_runner.py:51} INFO - Started process 31363 to run task
[2022-08-03 13:00:04,562] {standard_task_runner.py:75} INFO - Running: ['airflow', 'tasks', 'run', 'my_simple_dag', 'greet', '2022-08-03T12:50:00+00:00', '--job-id', '1087', '--pool', 'default_pool', '--raw', '--subdir', 'DAGS_FOLDER/my_simple_dag.py', '--cfg-path', '/tmp/tmpbuwguom4']
[2022-08-03 13:00:04,578] {standard_task_runner.py:76} INFO - Job 1087: Subtask greet
[2022-08-03 13:00:04,777] {logging_mixin.py:103} INFO - Running <TaskInstance: my_simple_dag.greet 2022-08-03T12:50:00+00:00 [running]> on host b4dcda255553
[2022-08-03 13:00:05,023] {taskinstance.py:1232} INFO - Exporting the following env vars:
AIRFLOW_CTX_DAG_OWNER=airflow
AIRFLOW_CTX_DAG_ID=my_simple_dag
AIRFLOW_CTX_TASK_ID=greet
AIRFLOW_CTX_EXECUTION_DATE=2022-08-03T12:50:00+00:00
AIRFLOW_CTX_DAG_RUN_ID=scheduled__2022-08-03T12:50:00+00:00
[2022-08-03 13:00:05,035] {logging_mixin.py:103} INFO - Halo Salam dari Apache Airflow2022-08-03 13:00
[2022-08-03 13:00:05,035] {python.py:118} INFO - Done. Returned value was: None
[2022-08-03 13:00:05,069] {taskinstance.py:1142} INFO - Marking task as SUCCESS. dag_id=my_simple_dag, task_id=greet, execution_date=20220803T125000, start_date=20220803T130004, end_date=20220803T130005
[2022-08-03 13:00:05,200] {taskinstance.py:1195} INFO - 1 downstream tasks scheduled from follow-on schedule check
[2022-08-03 13:00:05,239] {local_task_job.py:118} INFO - Task exited with return code 0
