[2022-08-03 15:06:03,718] {taskinstance.py:826} INFO - Dependencies all met for <TaskInstance: penjadwalan.dapat_suhu 2022-08-03T15:04:00+00:00 [queued]>
[2022-08-03 15:06:03,749] {taskinstance.py:826} INFO - Dependencies all met for <TaskInstance: penjadwalan.dapat_suhu 2022-08-03T15:04:00+00:00 [queued]>
[2022-08-03 15:06:03,750] {taskinstance.py:1017} INFO - 
--------------------------------------------------------------------------------
[2022-08-03 15:06:03,751] {taskinstance.py:1018} INFO - Starting attempt 1 of 1
[2022-08-03 15:06:03,751] {taskinstance.py:1019} INFO - 
--------------------------------------------------------------------------------
[2022-08-03 15:06:03,775] {taskinstance.py:1038} INFO - Executing <Task(PythonOperator): dapat_suhu> on 2022-08-03T15:04:00+00:00
[2022-08-03 15:06:03,780] {standard_task_runner.py:51} INFO - Started process 27266 to run task
[2022-08-03 15:06:03,788] {standard_task_runner.py:75} INFO - Running: ['airflow', 'tasks', 'run', 'penjadwalan', 'dapat_suhu', '2022-08-03T15:04:00+00:00', '--job-id', '1200', '--pool', 'default_pool', '--raw', '--subdir', 'DAGS_FOLDER/penjadwalan.py', '--cfg-path', '/tmp/tmpj3zbj1ld']
[2022-08-03 15:06:03,795] {standard_task_runner.py:76} INFO - Job 1200: Subtask dapat_suhu
[2022-08-03 15:06:03,918] {logging_mixin.py:103} INFO - Running <TaskInstance: penjadwalan.dapat_suhu 2022-08-03T15:04:00+00:00 [running]> on host b4dcda255553
[2022-08-03 15:06:04,027] {taskinstance.py:1232} INFO - Exporting the following env vars:
AIRFLOW_CTX_DAG_OWNER=airflow
AIRFLOW_CTX_DAG_ID=penjadwalan
AIRFLOW_CTX_TASK_ID=dapat_suhu
AIRFLOW_CTX_EXECUTION_DATE=2022-08-03T15:04:00+00:00
AIRFLOW_CTX_DAG_RUN_ID=scheduled__2022-08-03T15:04:00+00:00
[2022-08-03 15:06:04,221] {logging_mixin.py:103} INFO - {'kota': 'Bali', 'cuaca': 'Clouds', 'cuaca_deskripsi': 'broken clouds', 'temperatur': 298.28, 'waktu': '2022-08-03T15:06:04.220989'}
[2022-08-03 15:06:05,258] {logging_mixin.py:103} INFO - {'kota': 'Lombok', 'cuaca': 'Clouds', 'cuaca_deskripsi': 'overcast clouds', 'temperatur': 294.17, 'waktu': '2022-08-03T15:06:05.258386'}
[2022-08-03 15:06:05,617] {logging_mixin.py:103} INFO - {'kota': 'Labuan Bajo', 'cuaca': 'Clouds', 'cuaca_deskripsi': 'broken clouds', 'temperatur': 296.75, 'waktu': '2022-08-03T15:06:05.616977'}
[2022-08-03 15:06:05,780] {logging_mixin.py:103} INFO - {'kota': 'Bogor', 'cuaca': 'Clouds', 'cuaca_deskripsi': 'overcast clouds', 'temperatur': 293.6, 'waktu': '2022-08-03T15:06:05.780682'}
[2022-08-03 15:06:05,969] {logging_mixin.py:103} INFO - {'kota': 'Bandung', 'cuaca': 'Clouds', 'cuaca_deskripsi': 'broken clouds', 'temperatur': 293.81, 'waktu': '2022-08-03T15:06:05.968858'}
[2022-08-03 15:06:05,970] {python.py:118} INFO - Done. Returned value was: None
[2022-08-03 15:06:05,993] {taskinstance.py:1142} INFO - Marking task as SUCCESS. dag_id=penjadwalan, task_id=dapat_suhu, execution_date=20220803T150400, start_date=20220803T150603, end_date=20220803T150605
[2022-08-03 15:06:06,064] {taskinstance.py:1195} INFO - 0 downstream tasks scheduled from follow-on schedule check
[2022-08-03 15:06:06,100] {local_task_job.py:118} INFO - Task exited with return code 0
