[2022-08-03 12:12:30,087] {taskinstance.py:826} INFO - Dependencies all met for <TaskInstance: my_simple_dag.say_Hi 2022-08-03T10:20:00+00:00 [queued]>
[2022-08-03 12:12:30,117] {taskinstance.py:826} INFO - Dependencies all met for <TaskInstance: my_simple_dag.say_Hi 2022-08-03T10:20:00+00:00 [queued]>
[2022-08-03 12:12:30,117] {taskinstance.py:1017} INFO - 
--------------------------------------------------------------------------------
[2022-08-03 12:12:30,118] {taskinstance.py:1018} INFO - Starting attempt 1 of 1
[2022-08-03 12:12:30,118] {taskinstance.py:1019} INFO - 
--------------------------------------------------------------------------------
[2022-08-03 12:12:30,132] {taskinstance.py:1038} INFO - Executing <Task(BashOperator): say_Hi> on 2022-08-03T10:20:00+00:00
[2022-08-03 12:12:30,136] {standard_task_runner.py:51} INFO - Started process 194 to run task
[2022-08-03 12:12:30,141] {standard_task_runner.py:75} INFO - Running: ['airflow', 'tasks', 'run', 'my_simple_dag', 'say_Hi', '2022-08-03T10:20:00+00:00', '--job-id', '982', '--pool', 'default_pool', '--raw', '--subdir', 'DAGS_FOLDER/my_simple_dag.py', '--cfg-path', '/tmp/tmp25a8yzn1']
[2022-08-03 12:12:30,146] {standard_task_runner.py:76} INFO - Job 982: Subtask say_Hi
[2022-08-03 12:12:30,222] {logging_mixin.py:103} INFO - Running <TaskInstance: my_simple_dag.say_Hi 2022-08-03T10:20:00+00:00 [running]> on host b4dcda255553
[2022-08-03 12:12:30,298] {taskinstance.py:1232} INFO - Exporting the following env vars:
AIRFLOW_CTX_DAG_OWNER=airflow
AIRFLOW_CTX_DAG_ID=my_simple_dag
AIRFLOW_CTX_TASK_ID=say_Hi
AIRFLOW_CTX_EXECUTION_DATE=2022-08-03T10:20:00+00:00
AIRFLOW_CTX_DAG_RUN_ID=scheduled__2022-08-03T10:20:00+00:00
[2022-08-03 12:12:30,299] {bash.py:135} INFO - Tmp dir root location: 
 /tmp
[2022-08-03 12:12:30,300] {bash.py:158} INFO - Running command: echo "Hi!!"
[2022-08-03 12:12:30,309] {bash.py:169} INFO - Output:
[2022-08-03 12:12:30,311] {bash.py:173} INFO - Hi!!
[2022-08-03 12:12:30,311] {bash.py:177} INFO - Command exited with return code 0
[2022-08-03 12:12:30,353] {taskinstance.py:1142} INFO - Marking task as SUCCESS. dag_id=my_simple_dag, task_id=say_Hi, execution_date=20220803T102000, start_date=20220803T121230, end_date=20220803T121230
[2022-08-03 12:12:30,402] {taskinstance.py:1195} INFO - 1 downstream tasks scheduled from follow-on schedule check
[2022-08-03 12:12:30,433] {local_task_job.py:118} INFO - Task exited with return code 0
