[2022-08-03 15:42:01,994] {taskinstance.py:826} INFO - Dependencies all met for <TaskInstance: penjadwalan.dapat_suhu 2022-08-03T15:40:00+00:00 [queued]>
[2022-08-03 15:42:02,025] {taskinstance.py:826} INFO - Dependencies all met for <TaskInstance: penjadwalan.dapat_suhu 2022-08-03T15:40:00+00:00 [queued]>
[2022-08-03 15:42:02,026] {taskinstance.py:1017} INFO - 
--------------------------------------------------------------------------------
[2022-08-03 15:42:02,027] {taskinstance.py:1018} INFO - Starting attempt 1 of 1
[2022-08-03 15:42:02,027] {taskinstance.py:1019} INFO - 
--------------------------------------------------------------------------------
[2022-08-03 15:42:02,044] {taskinstance.py:1038} INFO - Executing <Task(PythonOperator): dapat_suhu> on 2022-08-03T15:40:00+00:00
[2022-08-03 15:42:02,049] {standard_task_runner.py:51} INFO - Started process 31766 to run task
[2022-08-03 15:42:02,054] {standard_task_runner.py:75} INFO - Running: ['airflow', 'tasks', 'run', 'penjadwalan', 'dapat_suhu', '2022-08-03T15:40:00+00:00', '--job-id', '1234', '--pool', 'default_pool', '--raw', '--subdir', 'DAGS_FOLDER/penjadwalan.py', '--cfg-path', '/tmp/tmpy7r048uv']
[2022-08-03 15:42:02,058] {standard_task_runner.py:76} INFO - Job 1234: Subtask dapat_suhu
[2022-08-03 15:42:02,159] {logging_mixin.py:103} INFO - Running <TaskInstance: penjadwalan.dapat_suhu 2022-08-03T15:40:00+00:00 [running]> on host b4dcda255553
[2022-08-03 15:42:02,251] {taskinstance.py:1232} INFO - Exporting the following env vars:
AIRFLOW_CTX_DAG_OWNER=airflow
AIRFLOW_CTX_DAG_ID=penjadwalan
AIRFLOW_CTX_TASK_ID=dapat_suhu
AIRFLOW_CTX_EXECUTION_DATE=2022-08-03T15:40:00+00:00
AIRFLOW_CTX_DAG_RUN_ID=scheduled__2022-08-03T15:40:00+00:00
[2022-08-03 15:42:02,561] {logging_mixin.py:103} INFO - {'kota': 'Bali', 'cuaca': 'Clouds', 'cuaca_deskripsi': 'broken clouds', 'temperatur': 298.28, 'waktu': '2022-08-03T15:42:02.561511'}
[2022-08-03 15:42:03,149] {logging_mixin.py:103} INFO - {'kota': 'Lombok', 'cuaca': 'Clouds', 'cuaca_deskripsi': 'overcast clouds', 'temperatur': 293.94, 'waktu': '2022-08-03T15:42:03.149577'}
[2022-08-03 15:42:03,326] {logging_mixin.py:103} INFO - {'kota': 'Labuan Bajo', 'cuaca': 'Clouds', 'cuaca_deskripsi': 'broken clouds', 'temperatur': 296.58, 'waktu': '2022-08-03T15:42:03.326384'}
[2022-08-03 15:42:03,456] {logging_mixin.py:103} INFO - {'kota': 'Bogor', 'cuaca': 'Clouds', 'cuaca_deskripsi': 'broken clouds', 'temperatur': 298.41, 'waktu': '2022-08-03T15:42:03.456630'}
[2022-08-03 15:42:03,607] {logging_mixin.py:103} INFO - {'kota': 'Bandung', 'cuaca': 'Clouds', 'cuaca_deskripsi': 'broken clouds', 'temperatur': 293.7, 'waktu': '2022-08-03T15:42:03.607321'}
[2022-08-03 15:42:03,608] {python.py:118} INFO - Done. Returned value was: None
[2022-08-03 15:42:03,626] {taskinstance.py:1142} INFO - Marking task as SUCCESS. dag_id=penjadwalan, task_id=dapat_suhu, execution_date=20220803T154000, start_date=20220803T154201, end_date=20220803T154203
[2022-08-03 15:42:03,672] {taskinstance.py:1195} INFO - 0 downstream tasks scheduled from follow-on schedule check
[2022-08-03 15:42:03,715] {local_task_job.py:118} INFO - Task exited with return code 0
