[2022-08-03 12:48:02,340] {taskinstance.py:826} INFO - Dependencies all met for <TaskInstance: penjadwalan.dapat_suhu 2022-08-03T12:46:00+00:00 [queued]>
[2022-08-03 12:48:02,392] {taskinstance.py:826} INFO - Dependencies all met for <TaskInstance: penjadwalan.dapat_suhu 2022-08-03T12:46:00+00:00 [queued]>
[2022-08-03 12:48:02,399] {taskinstance.py:1017} INFO - 
--------------------------------------------------------------------------------
[2022-08-03 12:48:02,414] {taskinstance.py:1018} INFO - Starting attempt 1 of 1
[2022-08-03 12:48:02,420] {taskinstance.py:1019} INFO - 
--------------------------------------------------------------------------------
[2022-08-03 12:48:02,466] {taskinstance.py:1038} INFO - Executing <Task(PythonOperator): dapat_suhu> on 2022-08-03T12:46:00+00:00
[2022-08-03 12:48:02,483] {standard_task_runner.py:51} INFO - Started process 21017 to run task
[2022-08-03 12:48:02,502] {standard_task_runner.py:75} INFO - Running: ['airflow', 'tasks', 'run', 'penjadwalan', 'dapat_suhu', '2022-08-03T12:46:00+00:00', '--job-id', '1075', '--pool', 'default_pool', '--raw', '--subdir', 'DAGS_FOLDER/penjadwalan.py', '--cfg-path', '/tmp/tmpngv_t7r0']
[2022-08-03 12:48:02,522] {standard_task_runner.py:76} INFO - Job 1075: Subtask dapat_suhu
[2022-08-03 12:48:02,665] {logging_mixin.py:103} INFO - Running <TaskInstance: penjadwalan.dapat_suhu 2022-08-03T12:46:00+00:00 [running]> on host b4dcda255553
[2022-08-03 12:48:02,773] {taskinstance.py:1232} INFO - Exporting the following env vars:
AIRFLOW_CTX_DAG_OWNER=airflow
AIRFLOW_CTX_DAG_ID=penjadwalan
AIRFLOW_CTX_TASK_ID=dapat_suhu
AIRFLOW_CTX_EXECUTION_DATE=2022-08-03T12:46:00+00:00
AIRFLOW_CTX_DAG_RUN_ID=scheduled__2022-08-03T12:46:00+00:00
[2022-08-03 12:48:03,011] {logging_mixin.py:103} INFO - {'kota': 'Bali', 'cuaca': 'Clouds', 'cuaca_deskripsi': 'scattered clouds', 'temperatur': 299.39, 'waktu': '2022-08-03T12:48:03.010619'}
[2022-08-03 12:48:03,179] {logging_mixin.py:103} INFO - {'kota': 'Lombok', 'cuaca': 'Clouds', 'cuaca_deskripsi': 'overcast clouds', 'temperatur': 294.43, 'waktu': '2022-08-03T12:48:03.179368'}
[2022-08-03 12:48:03,316] {logging_mixin.py:103} INFO - {'kota': 'Labuan Bajo', 'cuaca': 'Clouds', 'cuaca_deskripsi': 'overcast clouds', 'temperatur': 297.41, 'waktu': '2022-08-03T12:48:03.316654'}
[2022-08-03 12:48:03,470] {logging_mixin.py:103} INFO - {'kota': 'Bogor', 'cuaca': 'Clouds', 'cuaca_deskripsi': 'overcast clouds', 'temperatur': 295.82, 'waktu': '2022-08-03T12:48:03.470538'}
[2022-08-03 12:48:03,965] {logging_mixin.py:103} INFO - {'kota': 'Bandung', 'cuaca': 'Clouds', 'cuaca_deskripsi': 'overcast clouds', 'temperatur': 294.11, 'waktu': '2022-08-03T12:48:03.965503'}
[2022-08-03 12:48:03,969] {python.py:118} INFO - Done. Returned value was: None
[2022-08-03 12:48:04,189] {taskinstance.py:1142} INFO - Marking task as SUCCESS. dag_id=penjadwalan, task_id=dapat_suhu, execution_date=20220803T124600, start_date=20220803T124802, end_date=20220803T124804
[2022-08-03 12:48:04,479] {taskinstance.py:1195} INFO - 0 downstream tasks scheduled from follow-on schedule check
[2022-08-03 12:48:04,493] {local_task_job.py:118} INFO - Task exited with return code 0
