[2022-08-03 13:10:08,730] {taskinstance.py:826} INFO - Dependencies all met for <TaskInstance: penjadwalan.dapat_suhu 2022-08-03T13:08:00+00:00 [queued]>
[2022-08-03 13:10:08,821] {taskinstance.py:826} INFO - Dependencies all met for <TaskInstance: penjadwalan.dapat_suhu 2022-08-03T13:08:00+00:00 [queued]>
[2022-08-03 13:10:08,822] {taskinstance.py:1017} INFO - 
--------------------------------------------------------------------------------
[2022-08-03 13:10:08,823] {taskinstance.py:1018} INFO - Starting attempt 1 of 1
[2022-08-03 13:10:08,824] {taskinstance.py:1019} INFO - 
--------------------------------------------------------------------------------
[2022-08-03 13:10:08,857] {taskinstance.py:1038} INFO - Executing <Task(PythonOperator): dapat_suhu> on 2022-08-03T13:08:00+00:00
[2022-08-03 13:10:08,870] {standard_task_runner.py:51} INFO - Started process 12987 to run task
[2022-08-03 13:10:08,880] {standard_task_runner.py:75} INFO - Running: ['airflow', 'tasks', 'run', 'penjadwalan', 'dapat_suhu', '2022-08-03T13:08:00+00:00', '--job-id', '1095', '--pool', 'default_pool', '--raw', '--subdir', 'DAGS_FOLDER/penjadwalan.py', '--cfg-path', '/tmp/tmp2pbyoyg9']
[2022-08-03 13:10:08,894] {standard_task_runner.py:76} INFO - Job 1095: Subtask dapat_suhu
[2022-08-03 13:10:09,116] {logging_mixin.py:103} INFO - Running <TaskInstance: penjadwalan.dapat_suhu 2022-08-03T13:08:00+00:00 [running]> on host b4dcda255553
[2022-08-03 13:10:09,344] {taskinstance.py:1232} INFO - Exporting the following env vars:
AIRFLOW_CTX_DAG_OWNER=airflow
AIRFLOW_CTX_DAG_ID=penjadwalan
AIRFLOW_CTX_TASK_ID=dapat_suhu
AIRFLOW_CTX_EXECUTION_DATE=2022-08-03T13:08:00+00:00
AIRFLOW_CTX_DAG_RUN_ID=scheduled__2022-08-03T13:08:00+00:00
[2022-08-03 13:10:09,579] {logging_mixin.py:103} INFO - {'kota': 'Bali', 'cuaca': 'Clouds', 'cuaca_deskripsi': 'scattered clouds', 'temperatur': 299.39, 'waktu': '2022-08-03T13:10:09.578905'}
[2022-08-03 13:10:09,816] {logging_mixin.py:103} INFO - {'kota': 'Lombok', 'cuaca': 'Clouds', 'cuaca_deskripsi': 'overcast clouds', 'temperatur': 294.43, 'waktu': '2022-08-03T13:10:09.816433'}
[2022-08-03 13:10:10,215] {logging_mixin.py:103} INFO - {'kota': 'Labuan Bajo', 'cuaca': 'Clouds', 'cuaca_deskripsi': 'overcast clouds', 'temperatur': 297.41, 'waktu': '2022-08-03T13:10:10.215245'}
[2022-08-03 13:10:10,404] {logging_mixin.py:103} INFO - {'kota': 'Bogor', 'cuaca': 'Clouds', 'cuaca_deskripsi': 'overcast clouds', 'temperatur': 295.82, 'waktu': '2022-08-03T13:10:10.402759'}
[2022-08-03 13:10:10,723] {logging_mixin.py:103} INFO - {'kota': 'Bandung', 'cuaca': 'Clouds', 'cuaca_deskripsi': 'overcast clouds', 'temperatur': 294.11, 'waktu': '2022-08-03T13:10:10.722776'}
[2022-08-03 13:10:10,729] {python.py:118} INFO - Done. Returned value was: None
[2022-08-03 13:10:10,775] {taskinstance.py:1142} INFO - Marking task as SUCCESS. dag_id=penjadwalan, task_id=dapat_suhu, execution_date=20220803T130800, start_date=20220803T131008, end_date=20220803T131010
[2022-08-03 13:10:10,921] {taskinstance.py:1195} INFO - 0 downstream tasks scheduled from follow-on schedule check
[2022-08-03 13:10:10,936] {local_task_job.py:118} INFO - Task exited with return code 0
