[2022-08-03 16:26:04,775] {taskinstance.py:826} INFO - Dependencies all met for <TaskInstance: penjadwalan.dapat_suhu 2022-08-03T16:24:00+00:00 [queued]>
[2022-08-03 16:26:04,854] {taskinstance.py:826} INFO - Dependencies all met for <TaskInstance: penjadwalan.dapat_suhu 2022-08-03T16:24:00+00:00 [queued]>
[2022-08-03 16:26:04,855] {taskinstance.py:1017} INFO - 
--------------------------------------------------------------------------------
[2022-08-03 16:26:04,856] {taskinstance.py:1018} INFO - Starting attempt 1 of 1
[2022-08-03 16:26:04,856] {taskinstance.py:1019} INFO - 
--------------------------------------------------------------------------------
[2022-08-03 16:26:04,927] {taskinstance.py:1038} INFO - Executing <Task(PythonOperator): dapat_suhu> on 2022-08-03T16:24:00+00:00
[2022-08-03 16:26:04,932] {standard_task_runner.py:51} INFO - Started process 17641 to run task
[2022-08-03 16:26:04,937] {standard_task_runner.py:75} INFO - Running: ['airflow', 'tasks', 'run', 'penjadwalan', 'dapat_suhu', '2022-08-03T16:24:00+00:00', '--job-id', '1272', '--pool', 'default_pool', '--raw', '--subdir', 'DAGS_FOLDER/penjadwalan.py', '--cfg-path', '/tmp/tmp5umidzsm']
[2022-08-03 16:26:04,942] {standard_task_runner.py:76} INFO - Job 1272: Subtask dapat_suhu
[2022-08-03 16:26:05,013] {logging_mixin.py:103} INFO - Running <TaskInstance: penjadwalan.dapat_suhu 2022-08-03T16:24:00+00:00 [running]> on host b4dcda255553
[2022-08-03 16:26:05,099] {taskinstance.py:1232} INFO - Exporting the following env vars:
AIRFLOW_CTX_DAG_OWNER=airflow
AIRFLOW_CTX_DAG_ID=penjadwalan
AIRFLOW_CTX_TASK_ID=dapat_suhu
AIRFLOW_CTX_EXECUTION_DATE=2022-08-03T16:24:00+00:00
AIRFLOW_CTX_DAG_RUN_ID=scheduled__2022-08-03T16:24:00+00:00
[2022-08-03 16:26:05,314] {logging_mixin.py:103} INFO - {'kota': 'Bali', 'cuaca': 'Clouds', 'cuaca_deskripsi': 'broken clouds', 'temperatur': 298.28, 'waktu': '2022-08-03T16:26:05.313855'}
[2022-08-03 16:26:05,455] {logging_mixin.py:103} INFO - {'kota': 'Lombok', 'cuaca': 'Clouds', 'cuaca_deskripsi': 'overcast clouds', 'temperatur': 293.94, 'waktu': '2022-08-03T16:26:05.455306'}
[2022-08-03 16:26:05,600] {logging_mixin.py:103} INFO - {'kota': 'Labuan Bajo', 'cuaca': 'Clouds', 'cuaca_deskripsi': 'broken clouds', 'temperatur': 296.58, 'waktu': '2022-08-03T16:26:05.600057'}
[2022-08-03 16:26:05,751] {logging_mixin.py:103} INFO - {'kota': 'Bogor', 'cuaca': 'Clouds', 'cuaca_deskripsi': 'broken clouds', 'temperatur': 299.76, 'waktu': '2022-08-03T16:26:05.751288'}
[2022-08-03 16:26:05,937] {logging_mixin.py:103} INFO - {'kota': 'Bandung', 'cuaca': 'Clouds', 'cuaca_deskripsi': 'broken clouds', 'temperatur': 293.7, 'waktu': '2022-08-03T16:26:05.937021'}
[2022-08-03 16:26:05,938] {python.py:118} INFO - Done. Returned value was: None
[2022-08-03 16:26:06,206] {taskinstance.py:1142} INFO - Marking task as SUCCESS. dag_id=penjadwalan, task_id=dapat_suhu, execution_date=20220803T162400, start_date=20220803T162604, end_date=20220803T162606
[2022-08-03 16:26:06,292] {taskinstance.py:1195} INFO - 0 downstream tasks scheduled from follow-on schedule check
[2022-08-03 16:26:06,331] {local_task_job.py:118} INFO - Task exited with return code 0
