[2022-08-03 14:32:00,910] {taskinstance.py:826} INFO - Dependencies all met for <TaskInstance: penjadwalan.dapat_suhu 2022-08-03T14:30:00+00:00 [queued]>
[2022-08-03 14:32:00,947] {taskinstance.py:826} INFO - Dependencies all met for <TaskInstance: penjadwalan.dapat_suhu 2022-08-03T14:30:00+00:00 [queued]>
[2022-08-03 14:32:00,948] {taskinstance.py:1017} INFO - 
--------------------------------------------------------------------------------
[2022-08-03 14:32:00,949] {taskinstance.py:1018} INFO - Starting attempt 1 of 1
[2022-08-03 14:32:00,949] {taskinstance.py:1019} INFO - 
--------------------------------------------------------------------------------
[2022-08-03 14:32:00,968] {taskinstance.py:1038} INFO - Executing <Task(PythonOperator): dapat_suhu> on 2022-08-03T14:30:00+00:00
[2022-08-03 14:32:00,973] {standard_task_runner.py:51} INFO - Started process 27794 to run task
[2022-08-03 14:32:00,981] {standard_task_runner.py:75} INFO - Running: ['airflow', 'tasks', 'run', 'penjadwalan', 'dapat_suhu', '2022-08-03T14:30:00+00:00', '--job-id', '1171', '--pool', 'default_pool', '--raw', '--subdir', 'DAGS_FOLDER/penjadwalan.py', '--cfg-path', '/tmp/tmp6r5yfo99']
[2022-08-03 14:32:00,986] {standard_task_runner.py:76} INFO - Job 1171: Subtask dapat_suhu
[2022-08-03 14:32:01,071] {logging_mixin.py:103} INFO - Running <TaskInstance: penjadwalan.dapat_suhu 2022-08-03T14:30:00+00:00 [running]> on host b4dcda255553
[2022-08-03 14:32:01,157] {taskinstance.py:1232} INFO - Exporting the following env vars:
AIRFLOW_CTX_DAG_OWNER=airflow
AIRFLOW_CTX_DAG_ID=penjadwalan
AIRFLOW_CTX_TASK_ID=dapat_suhu
AIRFLOW_CTX_EXECUTION_DATE=2022-08-03T14:30:00+00:00
AIRFLOW_CTX_DAG_RUN_ID=scheduled__2022-08-03T14:30:00+00:00
[2022-08-03 14:32:01,833] {logging_mixin.py:103} INFO - {'kota': 'Bali', 'cuaca': 'Clouds', 'cuaca_deskripsi': 'broken clouds', 'temperatur': 298.28, 'waktu': '2022-08-03T14:32:01.833319'}
[2022-08-03 14:32:02,116] {logging_mixin.py:103} INFO - {'kota': 'Lombok', 'cuaca': 'Clouds', 'cuaca_deskripsi': 'overcast clouds', 'temperatur': 294.17, 'waktu': '2022-08-03T14:32:02.115875'}
[2022-08-03 14:32:02,416] {logging_mixin.py:103} INFO - {'kota': 'Labuan Bajo', 'cuaca': 'Clouds', 'cuaca_deskripsi': 'broken clouds', 'temperatur': 296.75, 'waktu': '2022-08-03T14:32:02.415864'}
[2022-08-03 14:32:02,577] {logging_mixin.py:103} INFO - {'kota': 'Bogor', 'cuaca': 'Clouds', 'cuaca_deskripsi': 'overcast clouds', 'temperatur': 293.6, 'waktu': '2022-08-03T14:32:02.577593'}
[2022-08-03 14:32:02,710] {logging_mixin.py:103} INFO - {'kota': 'Bandung', 'cuaca': 'Clouds', 'cuaca_deskripsi': 'broken clouds', 'temperatur': 293.99, 'waktu': '2022-08-03T14:32:02.710436'}
[2022-08-03 14:32:02,711] {python.py:118} INFO - Done. Returned value was: None
[2022-08-03 14:32:02,758] {taskinstance.py:1142} INFO - Marking task as SUCCESS. dag_id=penjadwalan, task_id=dapat_suhu, execution_date=20220803T143000, start_date=20220803T143200, end_date=20220803T143202
[2022-08-03 14:32:02,816] {taskinstance.py:1195} INFO - 0 downstream tasks scheduled from follow-on schedule check
[2022-08-03 14:32:02,846] {local_task_job.py:118} INFO - Task exited with return code 0
