[2022-08-03 15:30:02,467] {taskinstance.py:826} INFO - Dependencies all met for <TaskInstance: penjadwalan.dapat_suhu 2022-08-03T15:28:00+00:00 [queued]>
[2022-08-03 15:30:02,529] {taskinstance.py:826} INFO - Dependencies all met for <TaskInstance: penjadwalan.dapat_suhu 2022-08-03T15:28:00+00:00 [queued]>
[2022-08-03 15:30:02,530] {taskinstance.py:1017} INFO - 
--------------------------------------------------------------------------------
[2022-08-03 15:30:02,531] {taskinstance.py:1018} INFO - Starting attempt 1 of 1
[2022-08-03 15:30:02,531] {taskinstance.py:1019} INFO - 
--------------------------------------------------------------------------------
[2022-08-03 15:30:02,633] {taskinstance.py:1038} INFO - Executing <Task(PythonOperator): dapat_suhu> on 2022-08-03T15:28:00+00:00
[2022-08-03 15:30:02,639] {standard_task_runner.py:51} INFO - Started process 30229 to run task
[2022-08-03 15:30:02,647] {standard_task_runner.py:75} INFO - Running: ['airflow', 'tasks', 'run', 'penjadwalan', 'dapat_suhu', '2022-08-03T15:28:00+00:00', '--job-id', '1221', '--pool', 'default_pool', '--raw', '--subdir', 'DAGS_FOLDER/penjadwalan.py', '--cfg-path', '/tmp/tmpyrhfdz4t']
[2022-08-03 15:30:02,670] {standard_task_runner.py:76} INFO - Job 1221: Subtask dapat_suhu
[2022-08-03 15:30:02,893] {logging_mixin.py:103} INFO - Running <TaskInstance: penjadwalan.dapat_suhu 2022-08-03T15:28:00+00:00 [running]> on host b4dcda255553
[2022-08-03 15:30:03,144] {taskinstance.py:1232} INFO - Exporting the following env vars:
AIRFLOW_CTX_DAG_OWNER=airflow
AIRFLOW_CTX_DAG_ID=penjadwalan
AIRFLOW_CTX_TASK_ID=dapat_suhu
AIRFLOW_CTX_EXECUTION_DATE=2022-08-03T15:28:00+00:00
AIRFLOW_CTX_DAG_RUN_ID=scheduled__2022-08-03T15:28:00+00:00
[2022-08-03 15:30:03,373] {logging_mixin.py:103} INFO - {'kota': 'Bali', 'cuaca': 'Clouds', 'cuaca_deskripsi': 'broken clouds', 'temperatur': 298.28, 'waktu': '2022-08-03T15:30:03.373546'}
[2022-08-03 15:30:03,511] {logging_mixin.py:103} INFO - {'kota': 'Lombok', 'cuaca': 'Clouds', 'cuaca_deskripsi': 'overcast clouds', 'temperatur': 294.17, 'waktu': '2022-08-03T15:30:03.511256'}
[2022-08-03 15:30:03,666] {logging_mixin.py:103} INFO - {'kota': 'Labuan Bajo', 'cuaca': 'Clouds', 'cuaca_deskripsi': 'broken clouds', 'temperatur': 296.58, 'waktu': '2022-08-03T15:30:03.666332'}
[2022-08-03 15:30:03,800] {logging_mixin.py:103} INFO - {'kota': 'Bogor', 'cuaca': 'Clouds', 'cuaca_deskripsi': 'broken clouds', 'temperatur': 293.6, 'waktu': '2022-08-03T15:30:03.799737'}
[2022-08-03 15:30:03,968] {logging_mixin.py:103} INFO - {'kota': 'Bandung', 'cuaca': 'Clouds', 'cuaca_deskripsi': 'broken clouds', 'temperatur': 293.81, 'waktu': '2022-08-03T15:30:03.968387'}
[2022-08-03 15:30:03,969] {python.py:118} INFO - Done. Returned value was: None
[2022-08-03 15:30:03,987] {taskinstance.py:1142} INFO - Marking task as SUCCESS. dag_id=penjadwalan, task_id=dapat_suhu, execution_date=20220803T152800, start_date=20220803T153002, end_date=20220803T153003
[2022-08-03 15:30:04,027] {taskinstance.py:1195} INFO - 0 downstream tasks scheduled from follow-on schedule check
[2022-08-03 15:30:04,072] {local_task_job.py:118} INFO - Task exited with return code 0
