[2022-08-03 13:50:04,789] {taskinstance.py:826} INFO - Dependencies all met for <TaskInstance: my_simple_dag.greet 2022-08-03T13:40:00+00:00 [queued]>
[2022-08-03 13:50:04,823] {taskinstance.py:826} INFO - Dependencies all met for <TaskInstance: my_simple_dag.greet 2022-08-03T13:40:00+00:00 [queued]>
[2022-08-03 13:50:04,824] {taskinstance.py:1017} INFO - 
--------------------------------------------------------------------------------
[2022-08-03 13:50:04,824] {taskinstance.py:1018} INFO - Starting attempt 1 of 1
[2022-08-03 13:50:04,825] {taskinstance.py:1019} INFO - 
--------------------------------------------------------------------------------
[2022-08-03 13:50:04,844] {taskinstance.py:1038} INFO - Executing <Task(PythonOperator): greet> on 2022-08-03T13:40:00+00:00
[2022-08-03 13:50:04,850] {standard_task_runner.py:51} INFO - Started process 18803 to run task
[2022-08-03 13:50:04,857] {standard_task_runner.py:75} INFO - Running: ['airflow', 'tasks', 'run', 'my_simple_dag', 'greet', '2022-08-03T13:40:00+00:00', '--job-id', '1132', '--pool', 'default_pool', '--raw', '--subdir', 'DAGS_FOLDER/my_simple_dag.py', '--cfg-path', '/tmp/tmpif7x6p1r']
[2022-08-03 13:50:04,864] {standard_task_runner.py:76} INFO - Job 1132: Subtask greet
[2022-08-03 13:50:04,958] {logging_mixin.py:103} INFO - Running <TaskInstance: my_simple_dag.greet 2022-08-03T13:40:00+00:00 [running]> on host b4dcda255553
[2022-08-03 13:50:05,051] {taskinstance.py:1232} INFO - Exporting the following env vars:
AIRFLOW_CTX_DAG_OWNER=airflow
AIRFLOW_CTX_DAG_ID=my_simple_dag
AIRFLOW_CTX_TASK_ID=greet
AIRFLOW_CTX_EXECUTION_DATE=2022-08-03T13:40:00+00:00
AIRFLOW_CTX_DAG_RUN_ID=scheduled__2022-08-03T13:40:00+00:00
[2022-08-03 13:50:05,053] {logging_mixin.py:103} INFO - Halo Salam dari Apache Airflow2022-08-03 13:50
[2022-08-03 13:50:05,054] {python.py:118} INFO - Done. Returned value was: None
[2022-08-03 13:50:05,079] {taskinstance.py:1142} INFO - Marking task as SUCCESS. dag_id=my_simple_dag, task_id=greet, execution_date=20220803T134000, start_date=20220803T135004, end_date=20220803T135005
[2022-08-03 13:50:05,198] {taskinstance.py:1195} INFO - 0 downstream tasks scheduled from follow-on schedule check
[2022-08-03 13:50:05,230] {local_task_job.py:118} INFO - Task exited with return code 0
