[2022-08-03 16:52:01,225] {taskinstance.py:826} INFO - Dependencies all met for <TaskInstance: penjadwalan.dapat_suhu 2022-08-03T16:50:00+00:00 [queued]>
[2022-08-03 16:52:01,259] {taskinstance.py:826} INFO - Dependencies all met for <TaskInstance: penjadwalan.dapat_suhu 2022-08-03T16:50:00+00:00 [queued]>
[2022-08-03 16:52:01,260] {taskinstance.py:1017} INFO - 
--------------------------------------------------------------------------------
[2022-08-03 16:52:01,261] {taskinstance.py:1018} INFO - Starting attempt 1 of 1
[2022-08-03 16:52:01,261] {taskinstance.py:1019} INFO - 
--------------------------------------------------------------------------------
[2022-08-03 16:52:01,281] {taskinstance.py:1038} INFO - Executing <Task(PythonOperator): dapat_suhu> on 2022-08-03T16:50:00+00:00
[2022-08-03 16:52:01,286] {standard_task_runner.py:51} INFO - Started process 24315 to run task
[2022-08-03 16:52:01,292] {standard_task_runner.py:75} INFO - Running: ['airflow', 'tasks', 'run', 'penjadwalan', 'dapat_suhu', '2022-08-03T16:50:00+00:00', '--job-id', '1297', '--pool', 'default_pool', '--raw', '--subdir', 'DAGS_FOLDER/penjadwalan.py', '--cfg-path', '/tmp/tmp_hxkqph3']
[2022-08-03 16:52:01,296] {standard_task_runner.py:76} INFO - Job 1297: Subtask dapat_suhu
[2022-08-03 16:52:01,388] {logging_mixin.py:103} INFO - Running <TaskInstance: penjadwalan.dapat_suhu 2022-08-03T16:50:00+00:00 [running]> on host b4dcda255553
[2022-08-03 16:52:01,478] {taskinstance.py:1232} INFO - Exporting the following env vars:
AIRFLOW_CTX_DAG_OWNER=airflow
AIRFLOW_CTX_DAG_ID=penjadwalan
AIRFLOW_CTX_TASK_ID=dapat_suhu
AIRFLOW_CTX_EXECUTION_DATE=2022-08-03T16:50:00+00:00
AIRFLOW_CTX_DAG_RUN_ID=scheduled__2022-08-03T16:50:00+00:00
[2022-08-03 16:52:01,622] {logging_mixin.py:103} INFO - {'kota': 'Bali', 'cuaca': 'Clouds', 'cuaca_deskripsi': 'broken clouds', 'temperatur': 298.28, 'waktu': '2022-08-03T16:52:01.621863'}
[2022-08-03 16:52:01,742] {logging_mixin.py:103} INFO - {'kota': 'Lombok', 'cuaca': 'Clouds', 'cuaca_deskripsi': 'overcast clouds', 'temperatur': 293.9, 'waktu': '2022-08-03T16:52:01.742403'}
[2022-08-03 16:52:01,973] {logging_mixin.py:103} INFO - {'kota': 'Labuan Bajo', 'cuaca': 'Clouds', 'cuaca_deskripsi': 'broken clouds', 'temperatur': 296.52, 'waktu': '2022-08-03T16:52:01.973467'}
[2022-08-03 16:52:02,103] {logging_mixin.py:103} INFO - {'kota': 'Bogor', 'cuaca': 'Clouds', 'cuaca_deskripsi': 'overcast clouds', 'temperatur': 294.1, 'waktu': '2022-08-03T16:52:02.103695'}
[2022-08-03 16:52:02,231] {logging_mixin.py:103} INFO - {'kota': 'Bandung', 'cuaca': 'Clouds', 'cuaca_deskripsi': 'overcast clouds', 'temperatur': 293.62, 'waktu': '2022-08-03T16:52:02.231715'}
[2022-08-03 16:52:02,232] {python.py:118} INFO - Done. Returned value was: None
[2022-08-03 16:52:02,250] {taskinstance.py:1142} INFO - Marking task as SUCCESS. dag_id=penjadwalan, task_id=dapat_suhu, execution_date=20220803T165000, start_date=20220803T165201, end_date=20220803T165202
[2022-08-03 16:52:02,300] {taskinstance.py:1195} INFO - 0 downstream tasks scheduled from follow-on schedule check
[2022-08-03 16:52:02,347] {local_task_job.py:118} INFO - Task exited with return code 0
