[2022-08-03 12:13:34,187] {taskinstance.py:826} INFO - Dependencies all met for <TaskInstance: penjadwalan.dapat_suhu 2022-08-03T12:10:00+00:00 [queued]>
[2022-08-03 12:13:34,275] {taskinstance.py:826} INFO - Dependencies all met for <TaskInstance: penjadwalan.dapat_suhu 2022-08-03T12:10:00+00:00 [queued]>
[2022-08-03 12:13:34,282] {taskinstance.py:1017} INFO - 
--------------------------------------------------------------------------------
[2022-08-03 12:13:34,287] {taskinstance.py:1018} INFO - Starting attempt 1 of 1
[2022-08-03 12:13:34,288] {taskinstance.py:1019} INFO - 
--------------------------------------------------------------------------------
[2022-08-03 12:13:34,342] {taskinstance.py:1038} INFO - Executing <Task(PythonOperator): dapat_suhu> on 2022-08-03T12:10:00+00:00
[2022-08-03 12:13:34,348] {standard_task_runner.py:51} INFO - Started process 1829 to run task
[2022-08-03 12:13:34,358] {standard_task_runner.py:75} INFO - Running: ['airflow', 'tasks', 'run', 'penjadwalan', 'dapat_suhu', '2022-08-03T12:10:00+00:00', '--job-id', '1045', '--pool', 'default_pool', '--raw', '--subdir', 'DAGS_FOLDER/penjadwalan.py', '--cfg-path', '/tmp/tmpso01qspj']
[2022-08-03 12:13:34,364] {standard_task_runner.py:76} INFO - Job 1045: Subtask dapat_suhu
[2022-08-03 12:13:34,502] {logging_mixin.py:103} INFO - Running <TaskInstance: penjadwalan.dapat_suhu 2022-08-03T12:10:00+00:00 [running]> on host b4dcda255553
[2022-08-03 12:13:34,611] {taskinstance.py:1232} INFO - Exporting the following env vars:
AIRFLOW_CTX_DAG_OWNER=airflow
AIRFLOW_CTX_DAG_ID=penjadwalan
AIRFLOW_CTX_TASK_ID=dapat_suhu
AIRFLOW_CTX_EXECUTION_DATE=2022-08-03T12:10:00+00:00
AIRFLOW_CTX_DAG_RUN_ID=scheduled__2022-08-03T12:10:00+00:00
[2022-08-03 12:13:34,770] {logging_mixin.py:103} INFO - {'kota': 'Bali', 'cuaca': 'Clouds', 'cuaca_deskripsi': 'overcast clouds', 'temperatur': 299.39, 'waktu': '2022-08-03T12:13:34.770613'}
[2022-08-03 12:13:34,909] {logging_mixin.py:103} INFO - {'kota': 'Lombok', 'cuaca': 'Rain', 'cuaca_deskripsi': 'light rain', 'temperatur': 294.54, 'waktu': '2022-08-03T12:13:34.909336'}
[2022-08-03 12:13:35,080] {logging_mixin.py:103} INFO - {'kota': 'Labuan Bajo', 'cuaca': 'Clouds', 'cuaca_deskripsi': 'overcast clouds', 'temperatur': 297.78, 'waktu': '2022-08-03T12:13:35.079896'}
[2022-08-03 12:13:35,223] {logging_mixin.py:103} INFO - {'kota': 'Bogor', 'cuaca': 'Clouds', 'cuaca_deskripsi': 'overcast clouds', 'temperatur': 296.38, 'waktu': '2022-08-03T12:13:35.222883'}
[2022-08-03 12:13:35,453] {logging_mixin.py:103} INFO - {'kota': 'Bandung', 'cuaca': 'Clouds', 'cuaca_deskripsi': 'broken clouds', 'temperatur': 294.44, 'waktu': '2022-08-03T12:13:35.453044'}
[2022-08-03 12:13:35,454] {python.py:118} INFO - Done. Returned value was: None
[2022-08-03 12:13:35,483] {taskinstance.py:1142} INFO - Marking task as SUCCESS. dag_id=penjadwalan, task_id=dapat_suhu, execution_date=20220803T121000, start_date=20220803T121334, end_date=20220803T121335
[2022-08-03 12:13:35,664] {taskinstance.py:1195} INFO - 0 downstream tasks scheduled from follow-on schedule check
[2022-08-03 12:13:35,699] {local_task_job.py:118} INFO - Task exited with return code 0
