[2022-08-03 13:10:08,684] {taskinstance.py:826} INFO - Dependencies all met for <TaskInstance: my_simple_dag.say_Hi 2022-08-03T13:00:00+00:00 [queued]>
[2022-08-03 13:10:08,754] {taskinstance.py:826} INFO - Dependencies all met for <TaskInstance: my_simple_dag.say_Hi 2022-08-03T13:00:00+00:00 [queued]>
[2022-08-03 13:10:08,755] {taskinstance.py:1017} INFO - 
--------------------------------------------------------------------------------
[2022-08-03 13:10:08,756] {taskinstance.py:1018} INFO - Starting attempt 1 of 1
[2022-08-03 13:10:08,756] {taskinstance.py:1019} INFO - 
--------------------------------------------------------------------------------
[2022-08-03 13:10:08,798] {taskinstance.py:1038} INFO - Executing <Task(BashOperator): say_Hi> on 2022-08-03T13:00:00+00:00
[2022-08-03 13:10:08,809] {standard_task_runner.py:51} INFO - Started process 12986 to run task
[2022-08-03 13:10:08,817] {standard_task_runner.py:75} INFO - Running: ['airflow', 'tasks', 'run', 'my_simple_dag', 'say_Hi', '2022-08-03T13:00:00+00:00', '--job-id', '1094', '--pool', 'default_pool', '--raw', '--subdir', 'DAGS_FOLDER/my_simple_dag.py', '--cfg-path', '/tmp/tmpyzclcm88']
[2022-08-03 13:10:08,838] {standard_task_runner.py:76} INFO - Job 1094: Subtask say_Hi
[2022-08-03 13:10:09,035] {logging_mixin.py:103} INFO - Running <TaskInstance: my_simple_dag.say_Hi 2022-08-03T13:00:00+00:00 [running]> on host b4dcda255553
[2022-08-03 13:10:09,281] {taskinstance.py:1232} INFO - Exporting the following env vars:
AIRFLOW_CTX_DAG_OWNER=airflow
AIRFLOW_CTX_DAG_ID=my_simple_dag
AIRFLOW_CTX_TASK_ID=say_Hi
AIRFLOW_CTX_EXECUTION_DATE=2022-08-03T13:00:00+00:00
AIRFLOW_CTX_DAG_RUN_ID=scheduled__2022-08-03T13:00:00+00:00
[2022-08-03 13:10:09,285] {bash.py:135} INFO - Tmp dir root location: 
 /tmp
[2022-08-03 13:10:09,296] {bash.py:158} INFO - Running command: echo "Hi!!"
[2022-08-03 13:10:09,329] {bash.py:169} INFO - Output:
[2022-08-03 13:10:09,340] {bash.py:173} INFO - Hi!!
[2022-08-03 13:10:09,343] {bash.py:177} INFO - Command exited with return code 0
[2022-08-03 13:10:09,460] {taskinstance.py:1142} INFO - Marking task as SUCCESS. dag_id=my_simple_dag, task_id=say_Hi, execution_date=20220803T130000, start_date=20220803T131008, end_date=20220803T131009
[2022-08-03 13:10:09,619] {taskinstance.py:1195} INFO - 1 downstream tasks scheduled from follow-on schedule check
[2022-08-03 13:10:09,667] {local_task_job.py:118} INFO - Task exited with return code 0
