[2022-08-03 12:16:00,646] {taskinstance.py:826} INFO - Dependencies all met for <TaskInstance: penjadwalan.dapat_suhu 2022-08-03T12:14:00+00:00 [queued]>
[2022-08-03 12:16:00,671] {taskinstance.py:826} INFO - Dependencies all met for <TaskInstance: penjadwalan.dapat_suhu 2022-08-03T12:14:00+00:00 [queued]>
[2022-08-03 12:16:00,672] {taskinstance.py:1017} INFO - 
--------------------------------------------------------------------------------
[2022-08-03 12:16:00,672] {taskinstance.py:1018} INFO - Starting attempt 1 of 1
[2022-08-03 12:16:00,672] {taskinstance.py:1019} INFO - 
--------------------------------------------------------------------------------
[2022-08-03 12:16:00,687] {taskinstance.py:1038} INFO - Executing <Task(PythonOperator): dapat_suhu> on 2022-08-03T12:14:00+00:00
[2022-08-03 12:16:00,691] {standard_task_runner.py:51} INFO - Started process 9059 to run task
[2022-08-03 12:16:00,697] {standard_task_runner.py:75} INFO - Running: ['airflow', 'tasks', 'run', 'penjadwalan', 'dapat_suhu', '2022-08-03T12:14:00+00:00', '--job-id', '1047', '--pool', 'default_pool', '--raw', '--subdir', 'DAGS_FOLDER/penjadwalan.py', '--cfg-path', '/tmp/tmpc4uxs6tr']
[2022-08-03 12:16:00,701] {standard_task_runner.py:76} INFO - Job 1047: Subtask dapat_suhu
[2022-08-03 12:16:00,773] {logging_mixin.py:103} INFO - Running <TaskInstance: penjadwalan.dapat_suhu 2022-08-03T12:14:00+00:00 [running]> on host b4dcda255553
[2022-08-03 12:16:00,849] {taskinstance.py:1232} INFO - Exporting the following env vars:
AIRFLOW_CTX_DAG_OWNER=airflow
AIRFLOW_CTX_DAG_ID=penjadwalan
AIRFLOW_CTX_TASK_ID=dapat_suhu
AIRFLOW_CTX_EXECUTION_DATE=2022-08-03T12:14:00+00:00
AIRFLOW_CTX_DAG_RUN_ID=scheduled__2022-08-03T12:14:00+00:00
[2022-08-03 12:16:02,538] {logging_mixin.py:103} INFO - {'kota': 'Bali', 'cuaca': 'Clouds', 'cuaca_deskripsi': 'overcast clouds', 'temperatur': 299.39, 'waktu': '2022-08-03T12:16:02.537955'}
[2022-08-03 12:16:02,657] {logging_mixin.py:103} INFO - {'kota': 'Lombok', 'cuaca': 'Rain', 'cuaca_deskripsi': 'light rain', 'temperatur': 294.54, 'waktu': '2022-08-03T12:16:02.657460'}
[2022-08-03 12:16:02,776] {logging_mixin.py:103} INFO - {'kota': 'Labuan Bajo', 'cuaca': 'Clouds', 'cuaca_deskripsi': 'overcast clouds', 'temperatur': 297.78, 'waktu': '2022-08-03T12:16:02.776649'}
[2022-08-03 12:16:02,891] {logging_mixin.py:103} INFO - {'kota': 'Bogor', 'cuaca': 'Clouds', 'cuaca_deskripsi': 'overcast clouds', 'temperatur': 296.38, 'waktu': '2022-08-03T12:16:02.890940'}
[2022-08-03 12:16:03,011] {logging_mixin.py:103} INFO - {'kota': 'Bandung', 'cuaca': 'Clouds', 'cuaca_deskripsi': 'broken clouds', 'temperatur': 294.44, 'waktu': '2022-08-03T12:16:03.010957'}
[2022-08-03 12:16:03,012] {python.py:118} INFO - Done. Returned value was: None
[2022-08-03 12:16:03,030] {taskinstance.py:1142} INFO - Marking task as SUCCESS. dag_id=penjadwalan, task_id=dapat_suhu, execution_date=20220803T121400, start_date=20220803T121600, end_date=20220803T121603
[2022-08-03 12:16:03,071] {taskinstance.py:1195} INFO - 0 downstream tasks scheduled from follow-on schedule check
[2022-08-03 12:16:03,079] {local_task_job.py:118} INFO - Task exited with return code 0
