[2022-08-03 12:44:04,074] {taskinstance.py:826} INFO - Dependencies all met for <TaskInstance: penjadwalan.dapat_suhu 2022-08-03T12:42:00+00:00 [queued]>
[2022-08-03 12:44:04,131] {taskinstance.py:826} INFO - Dependencies all met for <TaskInstance: penjadwalan.dapat_suhu 2022-08-03T12:42:00+00:00 [queued]>
[2022-08-03 12:44:04,133] {taskinstance.py:1017} INFO - 
--------------------------------------------------------------------------------
[2022-08-03 12:44:04,135] {taskinstance.py:1018} INFO - Starting attempt 1 of 1
[2022-08-03 12:44:04,137] {taskinstance.py:1019} INFO - 
--------------------------------------------------------------------------------
[2022-08-03 12:44:04,170] {taskinstance.py:1038} INFO - Executing <Task(PythonOperator): dapat_suhu> on 2022-08-03T12:42:00+00:00
[2022-08-03 12:44:04,175] {standard_task_runner.py:51} INFO - Started process 15759 to run task
[2022-08-03 12:44:04,187] {standard_task_runner.py:75} INFO - Running: ['airflow', 'tasks', 'run', 'penjadwalan', 'dapat_suhu', '2022-08-03T12:42:00+00:00', '--job-id', '1073', '--pool', 'default_pool', '--raw', '--subdir', 'DAGS_FOLDER/penjadwalan.py', '--cfg-path', '/tmp/tmp7xr78jzv']
[2022-08-03 12:44:04,199] {standard_task_runner.py:76} INFO - Job 1073: Subtask dapat_suhu
[2022-08-03 12:44:04,374] {logging_mixin.py:103} INFO - Running <TaskInstance: penjadwalan.dapat_suhu 2022-08-03T12:42:00+00:00 [running]> on host b4dcda255553
[2022-08-03 12:44:04,577] {taskinstance.py:1232} INFO - Exporting the following env vars:
AIRFLOW_CTX_DAG_OWNER=airflow
AIRFLOW_CTX_DAG_ID=penjadwalan
AIRFLOW_CTX_TASK_ID=dapat_suhu
AIRFLOW_CTX_EXECUTION_DATE=2022-08-03T12:42:00+00:00
AIRFLOW_CTX_DAG_RUN_ID=scheduled__2022-08-03T12:42:00+00:00
[2022-08-03 12:44:05,436] {logging_mixin.py:103} INFO - {'kota': 'Bali', 'cuaca': 'Clouds', 'cuaca_deskripsi': 'scattered clouds', 'temperatur': 299.39, 'waktu': '2022-08-03T12:44:05.436167'}
[2022-08-03 12:44:05,808] {logging_mixin.py:103} INFO - {'kota': 'Lombok', 'cuaca': 'Rain', 'cuaca_deskripsi': 'moderate rain', 'temperatur': 294.43, 'waktu': '2022-08-03T12:44:05.808711'}
[2022-08-03 12:44:06,142] {logging_mixin.py:103} INFO - {'kota': 'Labuan Bajo', 'cuaca': 'Clouds', 'cuaca_deskripsi': 'overcast clouds', 'temperatur': 297.41, 'waktu': '2022-08-03T12:44:06.142320'}
[2022-08-03 12:44:06,862] {logging_mixin.py:103} INFO - {'kota': 'Bogor', 'cuaca': 'Clouds', 'cuaca_deskripsi': 'overcast clouds', 'temperatur': 295.82, 'waktu': '2022-08-03T12:44:06.862009'}
[2022-08-03 12:44:07,203] {logging_mixin.py:103} INFO - {'kota': 'Bandung', 'cuaca': 'Clouds', 'cuaca_deskripsi': 'overcast clouds', 'temperatur': 294.11, 'waktu': '2022-08-03T12:44:07.202714'}
[2022-08-03 12:44:07,209] {python.py:118} INFO - Done. Returned value was: None
[2022-08-03 12:44:07,728] {taskinstance.py:1142} INFO - Marking task as SUCCESS. dag_id=penjadwalan, task_id=dapat_suhu, execution_date=20220803T124200, start_date=20220803T124404, end_date=20220803T124407
[2022-08-03 12:44:09,108] {taskinstance.py:1195} INFO - 0 downstream tasks scheduled from follow-on schedule check
[2022-08-03 12:44:09,183] {local_task_job.py:118} INFO - Task exited with return code 0
