[2022-08-03 15:26:01,639] {taskinstance.py:826} INFO - Dependencies all met for <TaskInstance: penjadwalan.dapat_suhu 2022-08-03T15:24:00+00:00 [queued]>
[2022-08-03 15:26:01,676] {taskinstance.py:826} INFO - Dependencies all met for <TaskInstance: penjadwalan.dapat_suhu 2022-08-03T15:24:00+00:00 [queued]>
[2022-08-03 15:26:01,677] {taskinstance.py:1017} INFO - 
--------------------------------------------------------------------------------
[2022-08-03 15:26:01,677] {taskinstance.py:1018} INFO - Starting attempt 1 of 1
[2022-08-03 15:26:01,678] {taskinstance.py:1019} INFO - 
--------------------------------------------------------------------------------
[2022-08-03 15:26:01,701] {taskinstance.py:1038} INFO - Executing <Task(PythonOperator): dapat_suhu> on 2022-08-03T15:24:00+00:00
[2022-08-03 15:26:01,707] {standard_task_runner.py:51} INFO - Started process 17838 to run task
[2022-08-03 15:26:01,713] {standard_task_runner.py:75} INFO - Running: ['airflow', 'tasks', 'run', 'penjadwalan', 'dapat_suhu', '2022-08-03T15:24:00+00:00', '--job-id', '1218', '--pool', 'default_pool', '--raw', '--subdir', 'DAGS_FOLDER/penjadwalan.py', '--cfg-path', '/tmp/tmpplk3_eer']
[2022-08-03 15:26:01,718] {standard_task_runner.py:76} INFO - Job 1218: Subtask dapat_suhu
[2022-08-03 15:26:01,841] {logging_mixin.py:103} INFO - Running <TaskInstance: penjadwalan.dapat_suhu 2022-08-03T15:24:00+00:00 [running]> on host b4dcda255553
[2022-08-03 15:26:02,017] {taskinstance.py:1232} INFO - Exporting the following env vars:
AIRFLOW_CTX_DAG_OWNER=airflow
AIRFLOW_CTX_DAG_ID=penjadwalan
AIRFLOW_CTX_TASK_ID=dapat_suhu
AIRFLOW_CTX_EXECUTION_DATE=2022-08-03T15:24:00+00:00
AIRFLOW_CTX_DAG_RUN_ID=scheduled__2022-08-03T15:24:00+00:00
[2022-08-03 15:26:02,379] {logging_mixin.py:103} INFO - {'kota': 'Bali', 'cuaca': 'Clouds', 'cuaca_deskripsi': 'broken clouds', 'temperatur': 298.28, 'waktu': '2022-08-03T15:26:02.379463'}
[2022-08-03 15:26:02,970] {logging_mixin.py:103} INFO - {'kota': 'Lombok', 'cuaca': 'Clouds', 'cuaca_deskripsi': 'overcast clouds', 'temperatur': 294.17, 'waktu': '2022-08-03T15:26:02.970770'}
[2022-08-03 15:26:03,253] {logging_mixin.py:103} INFO - {'kota': 'Labuan Bajo', 'cuaca': 'Clouds', 'cuaca_deskripsi': 'broken clouds', 'temperatur': 296.75, 'waktu': '2022-08-03T15:26:03.252817'}
[2022-08-03 15:26:03,401] {logging_mixin.py:103} INFO - {'kota': 'Bogor', 'cuaca': 'Clouds', 'cuaca_deskripsi': 'overcast clouds', 'temperatur': 293.6, 'waktu': '2022-08-03T15:26:03.401180'}
[2022-08-03 15:26:03,556] {logging_mixin.py:103} INFO - {'kota': 'Bandung', 'cuaca': 'Clouds', 'cuaca_deskripsi': 'broken clouds', 'temperatur': 293.81, 'waktu': '2022-08-03T15:26:03.556602'}
[2022-08-03 15:26:03,557] {python.py:118} INFO - Done. Returned value was: None
[2022-08-03 15:26:03,576] {taskinstance.py:1142} INFO - Marking task as SUCCESS. dag_id=penjadwalan, task_id=dapat_suhu, execution_date=20220803T152400, start_date=20220803T152601, end_date=20220803T152603
[2022-08-03 15:26:03,628] {taskinstance.py:1195} INFO - 0 downstream tasks scheduled from follow-on schedule check
[2022-08-03 15:26:03,667] {local_task_job.py:118} INFO - Task exited with return code 0
