[2022-08-03 13:04:06,457] {taskinstance.py:826} INFO - Dependencies all met for <TaskInstance: penjadwalan.dapat_suhu 2022-08-03T13:02:00+00:00 [queued]>
[2022-08-03 13:04:06,509] {taskinstance.py:826} INFO - Dependencies all met for <TaskInstance: penjadwalan.dapat_suhu 2022-08-03T13:02:00+00:00 [queued]>
[2022-08-03 13:04:06,510] {taskinstance.py:1017} INFO - 
--------------------------------------------------------------------------------
[2022-08-03 13:04:06,510] {taskinstance.py:1018} INFO - Starting attempt 1 of 1
[2022-08-03 13:04:06,511] {taskinstance.py:1019} INFO - 
--------------------------------------------------------------------------------
[2022-08-03 13:04:06,535] {taskinstance.py:1038} INFO - Executing <Task(PythonOperator): dapat_suhu> on 2022-08-03T13:02:00+00:00
[2022-08-03 13:04:06,541] {standard_task_runner.py:51} INFO - Started process 3109 to run task
[2022-08-03 13:04:06,551] {standard_task_runner.py:75} INFO - Running: ['airflow', 'tasks', 'run', 'penjadwalan', 'dapat_suhu', '2022-08-03T13:02:00+00:00', '--job-id', '1091', '--pool', 'default_pool', '--raw', '--subdir', 'DAGS_FOLDER/penjadwalan.py', '--cfg-path', '/tmp/tmphr0lms_i']
[2022-08-03 13:04:06,557] {standard_task_runner.py:76} INFO - Job 1091: Subtask dapat_suhu
[2022-08-03 13:04:06,658] {logging_mixin.py:103} INFO - Running <TaskInstance: penjadwalan.dapat_suhu 2022-08-03T13:02:00+00:00 [running]> on host b4dcda255553
[2022-08-03 13:04:06,769] {taskinstance.py:1232} INFO - Exporting the following env vars:
AIRFLOW_CTX_DAG_OWNER=airflow
AIRFLOW_CTX_DAG_ID=penjadwalan
AIRFLOW_CTX_TASK_ID=dapat_suhu
AIRFLOW_CTX_EXECUTION_DATE=2022-08-03T13:02:00+00:00
AIRFLOW_CTX_DAG_RUN_ID=scheduled__2022-08-03T13:02:00+00:00
[2022-08-03 13:04:06,959] {logging_mixin.py:103} INFO - {'kota': 'Bali', 'cuaca': 'Clouds', 'cuaca_deskripsi': 'scattered clouds', 'temperatur': 299.39, 'waktu': '2022-08-03T13:04:06.959775'}
[2022-08-03 13:04:07,113] {logging_mixin.py:103} INFO - {'kota': 'Lombok', 'cuaca': 'Clouds', 'cuaca_deskripsi': 'overcast clouds', 'temperatur': 294.43, 'waktu': '2022-08-03T13:04:07.113289'}
[2022-08-03 13:04:07,280] {logging_mixin.py:103} INFO - {'kota': 'Labuan Bajo', 'cuaca': 'Clouds', 'cuaca_deskripsi': 'overcast clouds', 'temperatur': 297.41, 'waktu': '2022-08-03T13:04:07.280371'}
[2022-08-03 13:04:07,473] {logging_mixin.py:103} INFO - {'kota': 'Bogor', 'cuaca': 'Clouds', 'cuaca_deskripsi': 'overcast clouds', 'temperatur': 295.82, 'waktu': '2022-08-03T13:04:07.472941'}
[2022-08-03 13:04:07,762] {logging_mixin.py:103} INFO - {'kota': 'Bandung', 'cuaca': 'Clouds', 'cuaca_deskripsi': 'overcast clouds', 'temperatur': 294.11, 'waktu': '2022-08-03T13:04:07.762572'}
[2022-08-03 13:04:07,763] {python.py:118} INFO - Done. Returned value was: None
[2022-08-03 13:04:07,795] {taskinstance.py:1142} INFO - Marking task as SUCCESS. dag_id=penjadwalan, task_id=dapat_suhu, execution_date=20220803T130200, start_date=20220803T130406, end_date=20220803T130407
[2022-08-03 13:04:07,878] {taskinstance.py:1195} INFO - 0 downstream tasks scheduled from follow-on schedule check
[2022-08-03 13:04:07,926] {local_task_job.py:118} INFO - Task exited with return code 0
