[2022-08-03 14:04:00,953] {taskinstance.py:826} INFO - Dependencies all met for <TaskInstance: penjadwalan.dapat_suhu 2022-08-03T14:02:00+00:00 [queued]>
[2022-08-03 14:04:00,992] {taskinstance.py:826} INFO - Dependencies all met for <TaskInstance: penjadwalan.dapat_suhu 2022-08-03T14:02:00+00:00 [queued]>
[2022-08-03 14:04:00,994] {taskinstance.py:1017} INFO - 
--------------------------------------------------------------------------------
[2022-08-03 14:04:00,996] {taskinstance.py:1018} INFO - Starting attempt 1 of 1
[2022-08-03 14:04:00,997] {taskinstance.py:1019} INFO - 
--------------------------------------------------------------------------------
[2022-08-03 14:04:01,017] {taskinstance.py:1038} INFO - Executing <Task(PythonOperator): dapat_suhu> on 2022-08-03T14:02:00+00:00
[2022-08-03 14:04:01,021] {standard_task_runner.py:51} INFO - Started process 26530 to run task
[2022-08-03 14:04:01,030] {standard_task_runner.py:75} INFO - Running: ['airflow', 'tasks', 'run', 'penjadwalan', 'dapat_suhu', '2022-08-03T14:02:00+00:00', '--job-id', '1145', '--pool', 'default_pool', '--raw', '--subdir', 'DAGS_FOLDER/penjadwalan.py', '--cfg-path', '/tmp/tmplox4ve52']
[2022-08-03 14:04:01,035] {standard_task_runner.py:76} INFO - Job 1145: Subtask dapat_suhu
[2022-08-03 14:04:01,143] {logging_mixin.py:103} INFO - Running <TaskInstance: penjadwalan.dapat_suhu 2022-08-03T14:02:00+00:00 [running]> on host b4dcda255553
[2022-08-03 14:04:01,221] {taskinstance.py:1232} INFO - Exporting the following env vars:
AIRFLOW_CTX_DAG_OWNER=airflow
AIRFLOW_CTX_DAG_ID=penjadwalan
AIRFLOW_CTX_TASK_ID=dapat_suhu
AIRFLOW_CTX_EXECUTION_DATE=2022-08-03T14:02:00+00:00
AIRFLOW_CTX_DAG_RUN_ID=scheduled__2022-08-03T14:02:00+00:00
[2022-08-03 14:04:01,371] {logging_mixin.py:103} INFO - {'kota': 'Bali', 'cuaca': 'Clouds', 'cuaca_deskripsi': 'broken clouds', 'temperatur': 299.39, 'waktu': '2022-08-03T14:04:01.371006'}
[2022-08-03 14:04:01,507] {logging_mixin.py:103} INFO - {'kota': 'Lombok', 'cuaca': 'Clouds', 'cuaca_deskripsi': 'overcast clouds', 'temperatur': 294.33, 'waktu': '2022-08-03T14:04:01.507124'}
[2022-08-03 14:04:01,654] {logging_mixin.py:103} INFO - {'kota': 'Labuan Bajo', 'cuaca': 'Clouds', 'cuaca_deskripsi': 'overcast clouds', 'temperatur': 297.01, 'waktu': '2022-08-03T14:04:01.653962'}
[2022-08-03 14:04:01,776] {logging_mixin.py:103} INFO - {'kota': 'Bogor', 'cuaca': 'Clouds', 'cuaca_deskripsi': 'overcast clouds', 'temperatur': 294.16, 'waktu': '2022-08-03T14:04:01.776396'}
[2022-08-03 14:04:01,939] {logging_mixin.py:103} INFO - {'kota': 'Bandung', 'cuaca': 'Clouds', 'cuaca_deskripsi': 'broken clouds', 'temperatur': 293.99, 'waktu': '2022-08-03T14:04:01.939369'}
[2022-08-03 14:04:01,940] {python.py:118} INFO - Done. Returned value was: None
[2022-08-03 14:04:01,958] {taskinstance.py:1142} INFO - Marking task as SUCCESS. dag_id=penjadwalan, task_id=dapat_suhu, execution_date=20220803T140200, start_date=20220803T140400, end_date=20220803T140401
[2022-08-03 14:04:01,998] {taskinstance.py:1195} INFO - 0 downstream tasks scheduled from follow-on schedule check
[2022-08-03 14:04:02,041] {local_task_job.py:118} INFO - Task exited with return code 0
