[2022-08-03 13:40:01,465] {taskinstance.py:826} INFO - Dependencies all met for <TaskInstance: penjadwalan.dapat_suhu 2022-08-03T13:38:00+00:00 [queued]>
[2022-08-03 13:40:01,509] {taskinstance.py:826} INFO - Dependencies all met for <TaskInstance: penjadwalan.dapat_suhu 2022-08-03T13:38:00+00:00 [queued]>
[2022-08-03 13:40:01,510] {taskinstance.py:1017} INFO - 
--------------------------------------------------------------------------------
[2022-08-03 13:40:01,511] {taskinstance.py:1018} INFO - Starting attempt 1 of 1
[2022-08-03 13:40:01,512] {taskinstance.py:1019} INFO - 
--------------------------------------------------------------------------------
[2022-08-03 13:40:01,537] {taskinstance.py:1038} INFO - Executing <Task(PythonOperator): dapat_suhu> on 2022-08-03T13:38:00+00:00
[2022-08-03 13:40:01,544] {standard_task_runner.py:51} INFO - Started process 32402 to run task
[2022-08-03 13:40:01,554] {standard_task_runner.py:75} INFO - Running: ['airflow', 'tasks', 'run', 'penjadwalan', 'dapat_suhu', '2022-08-03T13:38:00+00:00', '--job-id', '1122', '--pool', 'default_pool', '--raw', '--subdir', 'DAGS_FOLDER/penjadwalan.py', '--cfg-path', '/tmp/tmp_o345qn7']
[2022-08-03 13:40:01,565] {standard_task_runner.py:76} INFO - Job 1122: Subtask dapat_suhu
[2022-08-03 13:40:01,739] {logging_mixin.py:103} INFO - Running <TaskInstance: penjadwalan.dapat_suhu 2022-08-03T13:38:00+00:00 [running]> on host b4dcda255553
[2022-08-03 13:40:01,879] {taskinstance.py:1232} INFO - Exporting the following env vars:
AIRFLOW_CTX_DAG_OWNER=airflow
AIRFLOW_CTX_DAG_ID=penjadwalan
AIRFLOW_CTX_TASK_ID=dapat_suhu
AIRFLOW_CTX_EXECUTION_DATE=2022-08-03T13:38:00+00:00
AIRFLOW_CTX_DAG_RUN_ID=scheduled__2022-08-03T13:38:00+00:00
[2022-08-03 13:40:02,080] {logging_mixin.py:103} INFO - {'kota': 'Bali', 'cuaca': 'Clouds', 'cuaca_deskripsi': 'broken clouds', 'temperatur': 299.39, 'waktu': '2022-08-03T13:40:02.080260'}
[2022-08-03 13:40:02,786] {logging_mixin.py:103} INFO - {'kota': 'Lombok', 'cuaca': 'Clouds', 'cuaca_deskripsi': 'overcast clouds', 'temperatur': 294.33, 'waktu': '2022-08-03T13:40:02.786342'}
[2022-08-03 13:40:03,353] {logging_mixin.py:103} INFO - {'kota': 'Labuan Bajo', 'cuaca': 'Clouds', 'cuaca_deskripsi': 'overcast clouds', 'temperatur': 297.01, 'waktu': '2022-08-03T13:40:03.353559'}
[2022-08-03 13:40:04,024] {logging_mixin.py:103} INFO - {'kota': 'Bogor', 'cuaca': 'Clouds', 'cuaca_deskripsi': 'overcast clouds', 'temperatur': 294.71, 'waktu': '2022-08-03T13:40:04.024167'}
[2022-08-03 13:40:04,768] {logging_mixin.py:103} INFO - {'kota': 'Bandung', 'cuaca': 'Clouds', 'cuaca_deskripsi': 'broken clouds', 'temperatur': 293.99, 'waktu': '2022-08-03T13:40:04.768308'}
[2022-08-03 13:40:04,769] {python.py:118} INFO - Done. Returned value was: None
[2022-08-03 13:40:04,813] {taskinstance.py:1142} INFO - Marking task as SUCCESS. dag_id=penjadwalan, task_id=dapat_suhu, execution_date=20220803T133800, start_date=20220803T134001, end_date=20220803T134004
[2022-08-03 13:40:04,987] {taskinstance.py:1195} INFO - 0 downstream tasks scheduled from follow-on schedule check
[2022-08-03 13:40:05,016] {local_task_job.py:118} INFO - Task exited with return code 0
