[2022-08-03 12:13:25,930] {taskinstance.py:826} INFO - Dependencies all met for <TaskInstance: penjadwalan.dapat_suhu 2022-08-03T11:48:00+00:00 [queued]>
[2022-08-03 12:13:26,044] {taskinstance.py:826} INFO - Dependencies all met for <TaskInstance: penjadwalan.dapat_suhu 2022-08-03T11:48:00+00:00 [queued]>
[2022-08-03 12:13:26,045] {taskinstance.py:1017} INFO - 
--------------------------------------------------------------------------------
[2022-08-03 12:13:26,045] {taskinstance.py:1018} INFO - Starting attempt 1 of 1
[2022-08-03 12:13:26,045] {taskinstance.py:1019} INFO - 
--------------------------------------------------------------------------------
[2022-08-03 12:13:26,089] {taskinstance.py:1038} INFO - Executing <Task(PythonOperator): dapat_suhu> on 2022-08-03T11:48:00+00:00
[2022-08-03 12:13:26,094] {standard_task_runner.py:51} INFO - Started process 1694 to run task
[2022-08-03 12:13:26,109] {standard_task_runner.py:75} INFO - Running: ['airflow', 'tasks', 'run', 'penjadwalan', 'dapat_suhu', '2022-08-03T11:48:00+00:00', '--job-id', '1034', '--pool', 'default_pool', '--raw', '--subdir', 'DAGS_FOLDER/penjadwalan.py', '--cfg-path', '/tmp/tmpvzxze6_q']
[2022-08-03 12:13:26,142] {standard_task_runner.py:76} INFO - Job 1034: Subtask dapat_suhu
[2022-08-03 12:13:26,422] {logging_mixin.py:103} INFO - Running <TaskInstance: penjadwalan.dapat_suhu 2022-08-03T11:48:00+00:00 [running]> on host b4dcda255553
[2022-08-03 12:13:27,604] {taskinstance.py:1232} INFO - Exporting the following env vars:
AIRFLOW_CTX_DAG_OWNER=airflow
AIRFLOW_CTX_DAG_ID=penjadwalan
AIRFLOW_CTX_TASK_ID=dapat_suhu
AIRFLOW_CTX_EXECUTION_DATE=2022-08-03T11:48:00+00:00
AIRFLOW_CTX_DAG_RUN_ID=scheduled__2022-08-03T11:48:00+00:00
[2022-08-03 12:13:30,164] {logging_mixin.py:103} INFO - {'kota': 'Bali', 'cuaca': 'Clouds', 'cuaca_deskripsi': 'overcast clouds', 'temperatur': 299.39, 'waktu': '2022-08-03T12:13:30.164648'}
[2022-08-03 12:13:30,337] {logging_mixin.py:103} INFO - {'kota': 'Lombok', 'cuaca': 'Rain', 'cuaca_deskripsi': 'light rain', 'temperatur': 294.54, 'waktu': '2022-08-03T12:13:30.336959'}
[2022-08-03 12:13:30,567] {logging_mixin.py:103} INFO - {'kota': 'Labuan Bajo', 'cuaca': 'Clouds', 'cuaca_deskripsi': 'overcast clouds', 'temperatur': 297.78, 'waktu': '2022-08-03T12:13:30.567554'}
[2022-08-03 12:13:30,770] {logging_mixin.py:103} INFO - {'kota': 'Bogor', 'cuaca': 'Clouds', 'cuaca_deskripsi': 'overcast clouds', 'temperatur': 296.38, 'waktu': '2022-08-03T12:13:30.769689'}
[2022-08-03 12:13:30,967] {logging_mixin.py:103} INFO - {'kota': 'Bandung', 'cuaca': 'Clouds', 'cuaca_deskripsi': 'broken clouds', 'temperatur': 294.44, 'waktu': '2022-08-03T12:13:30.967318'}
[2022-08-03 12:13:30,968] {python.py:118} INFO - Done. Returned value was: None
[2022-08-03 12:13:31,088] {taskinstance.py:1142} INFO - Marking task as SUCCESS. dag_id=penjadwalan, task_id=dapat_suhu, execution_date=20220803T114800, start_date=20220803T121325, end_date=20220803T121331
[2022-08-03 12:13:31,262] {taskinstance.py:1195} INFO - 0 downstream tasks scheduled from follow-on schedule check
[2022-08-03 12:13:31,269] {local_task_job.py:170} WARNING - State of this instance has been externally set to success. Terminating instance.
[2022-08-03 12:13:31,277] {local_task_job.py:118} INFO - Task exited with return code 0
