[2022-08-03 16:36:03,175] {taskinstance.py:826} INFO - Dependencies all met for <TaskInstance: penjadwalan.dapat_suhu 2022-08-03T16:34:00+00:00 [queued]>
[2022-08-03 16:36:03,247] {taskinstance.py:826} INFO - Dependencies all met for <TaskInstance: penjadwalan.dapat_suhu 2022-08-03T16:34:00+00:00 [queued]>
[2022-08-03 16:36:03,251] {taskinstance.py:1017} INFO - 
--------------------------------------------------------------------------------
[2022-08-03 16:36:03,253] {taskinstance.py:1018} INFO - Starting attempt 1 of 1
[2022-08-03 16:36:03,254] {taskinstance.py:1019} INFO - 
--------------------------------------------------------------------------------
[2022-08-03 16:36:03,333] {taskinstance.py:1038} INFO - Executing <Task(PythonOperator): dapat_suhu> on 2022-08-03T16:34:00+00:00
[2022-08-03 16:36:03,341] {standard_task_runner.py:51} INFO - Started process 10514 to run task
[2022-08-03 16:36:03,358] {standard_task_runner.py:75} INFO - Running: ['airflow', 'tasks', 'run', 'penjadwalan', 'dapat_suhu', '2022-08-03T16:34:00+00:00', '--job-id', '1281', '--pool', 'default_pool', '--raw', '--subdir', 'DAGS_FOLDER/penjadwalan.py', '--cfg-path', '/tmp/tmpt0i2c486']
[2022-08-03 16:36:03,364] {standard_task_runner.py:76} INFO - Job 1281: Subtask dapat_suhu
[2022-08-03 16:36:03,504] {logging_mixin.py:103} INFO - Running <TaskInstance: penjadwalan.dapat_suhu 2022-08-03T16:34:00+00:00 [running]> on host b4dcda255553
[2022-08-03 16:36:03,630] {taskinstance.py:1232} INFO - Exporting the following env vars:
AIRFLOW_CTX_DAG_OWNER=airflow
AIRFLOW_CTX_DAG_ID=penjadwalan
AIRFLOW_CTX_TASK_ID=dapat_suhu
AIRFLOW_CTX_EXECUTION_DATE=2022-08-03T16:34:00+00:00
AIRFLOW_CTX_DAG_RUN_ID=scheduled__2022-08-03T16:34:00+00:00
[2022-08-03 16:36:03,821] {logging_mixin.py:103} INFO - {'kota': 'Bali', 'cuaca': 'Clouds', 'cuaca_deskripsi': 'broken clouds', 'temperatur': 298.28, 'waktu': '2022-08-03T16:36:03.820943'}
[2022-08-03 16:36:04,007] {logging_mixin.py:103} INFO - {'kota': 'Lombok', 'cuaca': 'Clouds', 'cuaca_deskripsi': 'overcast clouds', 'temperatur': 293.9, 'waktu': '2022-08-03T16:36:04.007386'}
[2022-08-03 16:36:04,288] {logging_mixin.py:103} INFO - {'kota': 'Labuan Bajo', 'cuaca': 'Clouds', 'cuaca_deskripsi': 'broken clouds', 'temperatur': 296.52, 'waktu': '2022-08-03T16:36:04.288302'}
[2022-08-03 16:36:04,442] {logging_mixin.py:103} INFO - {'kota': 'Bogor', 'cuaca': 'Clouds', 'cuaca_deskripsi': 'overcast clouds', 'temperatur': 294.15, 'waktu': '2022-08-03T16:36:04.442514'}
[2022-08-03 16:36:04,611] {logging_mixin.py:103} INFO - {'kota': 'Bandung', 'cuaca': 'Clouds', 'cuaca_deskripsi': 'overcast clouds', 'temperatur': 293.62, 'waktu': '2022-08-03T16:36:04.611422'}
[2022-08-03 16:36:04,612] {python.py:118} INFO - Done. Returned value was: None
[2022-08-03 16:36:04,635] {taskinstance.py:1142} INFO - Marking task as SUCCESS. dag_id=penjadwalan, task_id=dapat_suhu, execution_date=20220803T163400, start_date=20220803T163603, end_date=20220803T163604
[2022-08-03 16:36:04,736] {taskinstance.py:1195} INFO - 0 downstream tasks scheduled from follow-on schedule check
[2022-08-03 16:36:04,774] {local_task_job.py:118} INFO - Task exited with return code 0
