[2022-08-03 13:08:01,624] {taskinstance.py:826} INFO - Dependencies all met for <TaskInstance: penjadwalan.dapat_suhu 2022-08-03T13:06:00+00:00 [queued]>
[2022-08-03 13:08:01,680] {taskinstance.py:826} INFO - Dependencies all met for <TaskInstance: penjadwalan.dapat_suhu 2022-08-03T13:06:00+00:00 [queued]>
[2022-08-03 13:08:01,685] {taskinstance.py:1017} INFO - 
--------------------------------------------------------------------------------
[2022-08-03 13:08:01,686] {taskinstance.py:1018} INFO - Starting attempt 1 of 1
[2022-08-03 13:08:01,686] {taskinstance.py:1019} INFO - 
--------------------------------------------------------------------------------
[2022-08-03 13:08:01,709] {taskinstance.py:1038} INFO - Executing <Task(PythonOperator): dapat_suhu> on 2022-08-03T13:06:00+00:00
[2022-08-03 13:08:01,717] {standard_task_runner.py:51} INFO - Started process 9488 to run task
[2022-08-03 13:08:01,723] {standard_task_runner.py:75} INFO - Running: ['airflow', 'tasks', 'run', 'penjadwalan', 'dapat_suhu', '2022-08-03T13:06:00+00:00', '--job-id', '1093', '--pool', 'default_pool', '--raw', '--subdir', 'DAGS_FOLDER/penjadwalan.py', '--cfg-path', '/tmp/tmpziole4o5']
[2022-08-03 13:08:01,728] {standard_task_runner.py:76} INFO - Job 1093: Subtask dapat_suhu
[2022-08-03 13:08:01,835] {logging_mixin.py:103} INFO - Running <TaskInstance: penjadwalan.dapat_suhu 2022-08-03T13:06:00+00:00 [running]> on host b4dcda255553
[2022-08-03 13:08:01,947] {taskinstance.py:1232} INFO - Exporting the following env vars:
AIRFLOW_CTX_DAG_OWNER=airflow
AIRFLOW_CTX_DAG_ID=penjadwalan
AIRFLOW_CTX_TASK_ID=dapat_suhu
AIRFLOW_CTX_EXECUTION_DATE=2022-08-03T13:06:00+00:00
AIRFLOW_CTX_DAG_RUN_ID=scheduled__2022-08-03T13:06:00+00:00
[2022-08-03 13:08:02,393] {logging_mixin.py:103} INFO - {'kota': 'Bali', 'cuaca': 'Clouds', 'cuaca_deskripsi': 'scattered clouds', 'temperatur': 299.39, 'waktu': '2022-08-03T13:08:02.393535'}
[2022-08-03 13:08:02,794] {logging_mixin.py:103} INFO - {'kota': 'Lombok', 'cuaca': 'Clouds', 'cuaca_deskripsi': 'overcast clouds', 'temperatur': 294.43, 'waktu': '2022-08-03T13:08:02.794524'}
[2022-08-03 13:08:03,056] {logging_mixin.py:103} INFO - {'kota': 'Labuan Bajo', 'cuaca': 'Clouds', 'cuaca_deskripsi': 'overcast clouds', 'temperatur': 297.41, 'waktu': '2022-08-03T13:08:03.056286'}
[2022-08-03 13:08:03,287] {logging_mixin.py:103} INFO - {'kota': 'Bogor', 'cuaca': 'Clouds', 'cuaca_deskripsi': 'overcast clouds', 'temperatur': 295.82, 'waktu': '2022-08-03T13:08:03.287079'}
[2022-08-03 13:08:03,501] {logging_mixin.py:103} INFO - {'kota': 'Bandung', 'cuaca': 'Clouds', 'cuaca_deskripsi': 'overcast clouds', 'temperatur': 294.11, 'waktu': '2022-08-03T13:08:03.501666'}
[2022-08-03 13:08:03,505] {python.py:118} INFO - Done. Returned value was: None
[2022-08-03 13:08:03,543] {taskinstance.py:1142} INFO - Marking task as SUCCESS. dag_id=penjadwalan, task_id=dapat_suhu, execution_date=20220803T130600, start_date=20220803T130801, end_date=20220803T130803
[2022-08-03 13:08:03,628] {taskinstance.py:1195} INFO - 0 downstream tasks scheduled from follow-on schedule check
[2022-08-03 13:08:03,674] {local_task_job.py:118} INFO - Task exited with return code 0
