[2022-08-03 13:24:01,793] {taskinstance.py:826} INFO - Dependencies all met for <TaskInstance: penjadwalan.dapat_suhu 2022-08-03T13:22:00+00:00 [queued]>
[2022-08-03 13:24:01,907] {taskinstance.py:826} INFO - Dependencies all met for <TaskInstance: penjadwalan.dapat_suhu 2022-08-03T13:22:00+00:00 [queued]>
[2022-08-03 13:24:01,908] {taskinstance.py:1017} INFO - 
--------------------------------------------------------------------------------
[2022-08-03 13:24:01,909] {taskinstance.py:1018} INFO - Starting attempt 1 of 1
[2022-08-03 13:24:01,909] {taskinstance.py:1019} INFO - 
--------------------------------------------------------------------------------
[2022-08-03 13:24:01,937] {taskinstance.py:1038} INFO - Executing <Task(PythonOperator): dapat_suhu> on 2022-08-03T13:22:00+00:00
[2022-08-03 13:24:01,944] {standard_task_runner.py:51} INFO - Started process 3506 to run task
[2022-08-03 13:24:01,958] {standard_task_runner.py:75} INFO - Running: ['airflow', 'tasks', 'run', 'penjadwalan', 'dapat_suhu', '2022-08-03T13:22:00+00:00', '--job-id', '1109', '--pool', 'default_pool', '--raw', '--subdir', 'DAGS_FOLDER/penjadwalan.py', '--cfg-path', '/tmp/tmp6p8dkk5h']
[2022-08-03 13:24:01,968] {standard_task_runner.py:76} INFO - Job 1109: Subtask dapat_suhu
[2022-08-03 13:24:02,126] {logging_mixin.py:103} INFO - Running <TaskInstance: penjadwalan.dapat_suhu 2022-08-03T13:22:00+00:00 [running]> on host b4dcda255553
[2022-08-03 13:24:02,332] {taskinstance.py:1232} INFO - Exporting the following env vars:
AIRFLOW_CTX_DAG_OWNER=airflow
AIRFLOW_CTX_DAG_ID=penjadwalan
AIRFLOW_CTX_TASK_ID=dapat_suhu
AIRFLOW_CTX_EXECUTION_DATE=2022-08-03T13:22:00+00:00
AIRFLOW_CTX_DAG_RUN_ID=scheduled__2022-08-03T13:22:00+00:00
[2022-08-03 13:24:03,066] {logging_mixin.py:103} INFO - {'kota': 'Bali', 'cuaca': 'Clouds', 'cuaca_deskripsi': 'scattered clouds', 'temperatur': 299.39, 'waktu': '2022-08-03T13:24:03.066359'}
[2022-08-03 13:24:03,320] {logging_mixin.py:103} INFO - {'kota': 'Lombok', 'cuaca': 'Clouds', 'cuaca_deskripsi': 'overcast clouds', 'temperatur': 294.43, 'waktu': '2022-08-03T13:24:03.320409'}
[2022-08-03 13:24:03,587] {logging_mixin.py:103} INFO - {'kota': 'Labuan Bajo', 'cuaca': 'Clouds', 'cuaca_deskripsi': 'overcast clouds', 'temperatur': 297.41, 'waktu': '2022-08-03T13:24:03.587489'}
[2022-08-03 13:24:03,780] {logging_mixin.py:103} INFO - {'kota': 'Bogor', 'cuaca': 'Clouds', 'cuaca_deskripsi': 'overcast clouds', 'temperatur': 295.27, 'waktu': '2022-08-03T13:24:03.780727'}
[2022-08-03 13:24:04,021] {logging_mixin.py:103} INFO - {'kota': 'Bandung', 'cuaca': 'Clouds', 'cuaca_deskripsi': 'overcast clouds', 'temperatur': 294.11, 'waktu': '2022-08-03T13:24:04.015996'}
[2022-08-03 13:24:04,036] {python.py:118} INFO - Done. Returned value was: None
[2022-08-03 13:24:04,069] {taskinstance.py:1142} INFO - Marking task as SUCCESS. dag_id=penjadwalan, task_id=dapat_suhu, execution_date=20220803T132200, start_date=20220803T132401, end_date=20220803T132404
[2022-08-03 13:24:04,188] {taskinstance.py:1195} INFO - 0 downstream tasks scheduled from follow-on schedule check
[2022-08-03 13:24:04,224] {local_task_job.py:118} INFO - Task exited with return code 0
