[2022-08-03 14:16:01,016] {taskinstance.py:826} INFO - Dependencies all met for <TaskInstance: penjadwalan.dapat_suhu 2022-08-03T14:14:00+00:00 [queued]>
[2022-08-03 14:16:01,047] {taskinstance.py:826} INFO - Dependencies all met for <TaskInstance: penjadwalan.dapat_suhu 2022-08-03T14:14:00+00:00 [queued]>
[2022-08-03 14:16:01,048] {taskinstance.py:1017} INFO - 
--------------------------------------------------------------------------------
[2022-08-03 14:16:01,048] {taskinstance.py:1018} INFO - Starting attempt 1 of 1
[2022-08-03 14:16:01,048] {taskinstance.py:1019} INFO - 
--------------------------------------------------------------------------------
[2022-08-03 14:16:01,066] {taskinstance.py:1038} INFO - Executing <Task(PythonOperator): dapat_suhu> on 2022-08-03T14:14:00+00:00
[2022-08-03 14:16:01,071] {standard_task_runner.py:51} INFO - Started process 4976 to run task
[2022-08-03 14:16:01,077] {standard_task_runner.py:75} INFO - Running: ['airflow', 'tasks', 'run', 'penjadwalan', 'dapat_suhu', '2022-08-03T14:14:00+00:00', '--job-id', '1155', '--pool', 'default_pool', '--raw', '--subdir', 'DAGS_FOLDER/penjadwalan.py', '--cfg-path', '/tmp/tmpq8pc77aq']
[2022-08-03 14:16:01,080] {standard_task_runner.py:76} INFO - Job 1155: Subtask dapat_suhu
[2022-08-03 14:16:01,153] {logging_mixin.py:103} INFO - Running <TaskInstance: penjadwalan.dapat_suhu 2022-08-03T14:14:00+00:00 [running]> on host b4dcda255553
[2022-08-03 14:16:01,231] {taskinstance.py:1232} INFO - Exporting the following env vars:
AIRFLOW_CTX_DAG_OWNER=airflow
AIRFLOW_CTX_DAG_ID=penjadwalan
AIRFLOW_CTX_TASK_ID=dapat_suhu
AIRFLOW_CTX_EXECUTION_DATE=2022-08-03T14:14:00+00:00
AIRFLOW_CTX_DAG_RUN_ID=scheduled__2022-08-03T14:14:00+00:00
[2022-08-03 14:16:01,391] {logging_mixin.py:103} INFO - {'kota': 'Bali', 'cuaca': 'Clouds', 'cuaca_deskripsi': 'broken clouds', 'temperatur': 299.39, 'waktu': '2022-08-03T14:16:01.390991'}
[2022-08-03 14:16:01,531] {logging_mixin.py:103} INFO - {'kota': 'Lombok', 'cuaca': 'Clouds', 'cuaca_deskripsi': 'overcast clouds', 'temperatur': 294.33, 'waktu': '2022-08-03T14:16:01.531617'}
[2022-08-03 14:16:01,660] {logging_mixin.py:103} INFO - {'kota': 'Labuan Bajo', 'cuaca': 'Clouds', 'cuaca_deskripsi': 'overcast clouds', 'temperatur': 297.01, 'waktu': '2022-08-03T14:16:01.660237'}
[2022-08-03 14:16:01,788] {logging_mixin.py:103} INFO - {'kota': 'Bogor', 'cuaca': 'Clouds', 'cuaca_deskripsi': 'overcast clouds', 'temperatur': 293.6, 'waktu': '2022-08-03T14:16:01.788514'}
[2022-08-03 14:16:01,921] {logging_mixin.py:103} INFO - {'kota': 'Bandung', 'cuaca': 'Clouds', 'cuaca_deskripsi': 'broken clouds', 'temperatur': 293.99, 'waktu': '2022-08-03T14:16:01.920822'}
[2022-08-03 14:16:01,921] {python.py:118} INFO - Done. Returned value was: None
[2022-08-03 14:16:01,936] {taskinstance.py:1142} INFO - Marking task as SUCCESS. dag_id=penjadwalan, task_id=dapat_suhu, execution_date=20220803T141400, start_date=20220803T141601, end_date=20220803T141601
[2022-08-03 14:16:01,977] {taskinstance.py:1195} INFO - 0 downstream tasks scheduled from follow-on schedule check
[2022-08-03 14:16:02,011] {local_task_job.py:118} INFO - Task exited with return code 0
