[2022-08-03 16:32:02,041] {taskinstance.py:826} INFO - Dependencies all met for <TaskInstance: penjadwalan.dapat_suhu 2022-08-03T16:30:00+00:00 [queued]>
[2022-08-03 16:32:02,683] {taskinstance.py:826} INFO - Dependencies all met for <TaskInstance: penjadwalan.dapat_suhu 2022-08-03T16:30:00+00:00 [queued]>
[2022-08-03 16:32:02,685] {taskinstance.py:1017} INFO - 
--------------------------------------------------------------------------------
[2022-08-03 16:32:02,687] {taskinstance.py:1018} INFO - Starting attempt 1 of 1
[2022-08-03 16:32:02,688] {taskinstance.py:1019} INFO - 
--------------------------------------------------------------------------------
[2022-08-03 16:32:03,039] {taskinstance.py:1038} INFO - Executing <Task(PythonOperator): dapat_suhu> on 2022-08-03T16:30:00+00:00
[2022-08-03 16:32:03,045] {standard_task_runner.py:51} INFO - Started process 1112 to run task
[2022-08-03 16:32:03,058] {standard_task_runner.py:75} INFO - Running: ['airflow', 'tasks', 'run', 'penjadwalan', 'dapat_suhu', '2022-08-03T16:30:00+00:00', '--job-id', '1279', '--pool', 'default_pool', '--raw', '--subdir', 'DAGS_FOLDER/penjadwalan.py', '--cfg-path', '/tmp/tmp6nh3w2yw']
[2022-08-03 16:32:03,070] {standard_task_runner.py:76} INFO - Job 1279: Subtask dapat_suhu
[2022-08-03 16:32:03,979] {logging_mixin.py:103} INFO - Running <TaskInstance: penjadwalan.dapat_suhu 2022-08-03T16:30:00+00:00 [running]> on host b4dcda255553
[2022-08-03 16:32:05,385] {taskinstance.py:1232} INFO - Exporting the following env vars:
AIRFLOW_CTX_DAG_OWNER=airflow
AIRFLOW_CTX_DAG_ID=penjadwalan
AIRFLOW_CTX_TASK_ID=dapat_suhu
AIRFLOW_CTX_EXECUTION_DATE=2022-08-03T16:30:00+00:00
AIRFLOW_CTX_DAG_RUN_ID=scheduled__2022-08-03T16:30:00+00:00
[2022-08-03 16:32:05,870] {logging_mixin.py:103} INFO - {'kota': 'Bali', 'cuaca': 'Clouds', 'cuaca_deskripsi': 'broken clouds', 'temperatur': 298.28, 'waktu': '2022-08-03T16:32:05.870781'}
[2022-08-03 16:32:06,048] {logging_mixin.py:103} INFO - {'kota': 'Lombok', 'cuaca': 'Clouds', 'cuaca_deskripsi': 'overcast clouds', 'temperatur': 293.9, 'waktu': '2022-08-03T16:32:06.048455'}
[2022-08-03 16:32:06,229] {logging_mixin.py:103} INFO - {'kota': 'Labuan Bajo', 'cuaca': 'Clouds', 'cuaca_deskripsi': 'broken clouds', 'temperatur': 296.52, 'waktu': '2022-08-03T16:32:06.229593'}
[2022-08-03 16:32:06,398] {logging_mixin.py:103} INFO - {'kota': 'Bogor', 'cuaca': 'Clouds', 'cuaca_deskripsi': 'overcast clouds', 'temperatur': 294.15, 'waktu': '2022-08-03T16:32:06.397995'}
[2022-08-03 16:32:06,635] {logging_mixin.py:103} INFO - {'kota': 'Bandung', 'cuaca': 'Clouds', 'cuaca_deskripsi': 'overcast clouds', 'temperatur': 293.62, 'waktu': '2022-08-03T16:32:06.634983'}
[2022-08-03 16:32:06,636] {python.py:118} INFO - Done. Returned value was: None
[2022-08-03 16:32:06,664] {taskinstance.py:1142} INFO - Marking task as SUCCESS. dag_id=penjadwalan, task_id=dapat_suhu, execution_date=20220803T163000, start_date=20220803T163202, end_date=20220803T163206
[2022-08-03 16:32:06,713] {taskinstance.py:1195} INFO - 0 downstream tasks scheduled from follow-on schedule check
[2022-08-03 16:32:06,737] {local_task_job.py:118} INFO - Task exited with return code 0
