[2022-08-03 13:38:03,222] {taskinstance.py:826} INFO - Dependencies all met for <TaskInstance: penjadwalan.dapat_suhu 2022-08-03T13:36:00+00:00 [queued]>
[2022-08-03 13:38:03,283] {taskinstance.py:826} INFO - Dependencies all met for <TaskInstance: penjadwalan.dapat_suhu 2022-08-03T13:36:00+00:00 [queued]>
[2022-08-03 13:38:03,284] {taskinstance.py:1017} INFO - 
--------------------------------------------------------------------------------
[2022-08-03 13:38:03,285] {taskinstance.py:1018} INFO - Starting attempt 1 of 1
[2022-08-03 13:38:03,286] {taskinstance.py:1019} INFO - 
--------------------------------------------------------------------------------
[2022-08-03 13:38:03,323] {taskinstance.py:1038} INFO - Executing <Task(PythonOperator): dapat_suhu> on 2022-08-03T13:36:00+00:00
[2022-08-03 13:38:03,332] {standard_task_runner.py:51} INFO - Started process 27700 to run task
[2022-08-03 13:38:03,341] {standard_task_runner.py:75} INFO - Running: ['airflow', 'tasks', 'run', 'penjadwalan', 'dapat_suhu', '2022-08-03T13:36:00+00:00', '--job-id', '1120', '--pool', 'default_pool', '--raw', '--subdir', 'DAGS_FOLDER/penjadwalan.py', '--cfg-path', '/tmp/tmp8y48suru']
[2022-08-03 13:38:03,358] {standard_task_runner.py:76} INFO - Job 1120: Subtask dapat_suhu
[2022-08-03 13:38:03,506] {logging_mixin.py:103} INFO - Running <TaskInstance: penjadwalan.dapat_suhu 2022-08-03T13:36:00+00:00 [running]> on host b4dcda255553
[2022-08-03 13:38:03,667] {taskinstance.py:1232} INFO - Exporting the following env vars:
AIRFLOW_CTX_DAG_OWNER=airflow
AIRFLOW_CTX_DAG_ID=penjadwalan
AIRFLOW_CTX_TASK_ID=dapat_suhu
AIRFLOW_CTX_EXECUTION_DATE=2022-08-03T13:36:00+00:00
AIRFLOW_CTX_DAG_RUN_ID=scheduled__2022-08-03T13:36:00+00:00
[2022-08-03 13:38:03,884] {logging_mixin.py:103} INFO - {'kota': 'Bali', 'cuaca': 'Clouds', 'cuaca_deskripsi': 'broken clouds', 'temperatur': 299.39, 'waktu': '2022-08-03T13:38:03.883845'}
[2022-08-03 13:38:04,507] {logging_mixin.py:103} INFO - {'kota': 'Lombok', 'cuaca': 'Clouds', 'cuaca_deskripsi': 'overcast clouds', 'temperatur': 294.33, 'waktu': '2022-08-03T13:38:04.507260'}
[2022-08-03 13:38:05,083] {logging_mixin.py:103} INFO - {'kota': 'Labuan Bajo', 'cuaca': 'Clouds', 'cuaca_deskripsi': 'overcast clouds', 'temperatur': 297.01, 'waktu': '2022-08-03T13:38:05.083188'}
[2022-08-03 13:38:05,318] {logging_mixin.py:103} INFO - {'kota': 'Bogor', 'cuaca': 'Clouds', 'cuaca_deskripsi': 'overcast clouds', 'temperatur': 295.27, 'waktu': '2022-08-03T13:38:05.318104'}
[2022-08-03 13:38:05,495] {logging_mixin.py:103} INFO - {'kota': 'Bandung', 'cuaca': 'Clouds', 'cuaca_deskripsi': 'broken clouds', 'temperatur': 293.99, 'waktu': '2022-08-03T13:38:05.495696'}
[2022-08-03 13:38:05,501] {python.py:118} INFO - Done. Returned value was: None
[2022-08-03 13:38:05,532] {taskinstance.py:1142} INFO - Marking task as SUCCESS. dag_id=penjadwalan, task_id=dapat_suhu, execution_date=20220803T133600, start_date=20220803T133803, end_date=20220803T133805
[2022-08-03 13:38:05,641] {taskinstance.py:1195} INFO - 0 downstream tasks scheduled from follow-on schedule check
[2022-08-03 13:38:05,666] {local_task_job.py:118} INFO - Task exited with return code 0
