[2022-08-03 13:20:01,505] {taskinstance.py:826} INFO - Dependencies all met for <TaskInstance: penjadwalan.dapat_suhu 2022-08-03T13:18:00+00:00 [queued]>
[2022-08-03 13:20:01,560] {taskinstance.py:826} INFO - Dependencies all met for <TaskInstance: penjadwalan.dapat_suhu 2022-08-03T13:18:00+00:00 [queued]>
[2022-08-03 13:20:01,561] {taskinstance.py:1017} INFO - 
--------------------------------------------------------------------------------
[2022-08-03 13:20:01,562] {taskinstance.py:1018} INFO - Starting attempt 1 of 1
[2022-08-03 13:20:01,563] {taskinstance.py:1019} INFO - 
--------------------------------------------------------------------------------
[2022-08-03 13:20:01,587] {taskinstance.py:1038} INFO - Executing <Task(PythonOperator): dapat_suhu> on 2022-08-03T13:18:00+00:00
[2022-08-03 13:20:01,595] {standard_task_runner.py:51} INFO - Started process 29746 to run task
[2022-08-03 13:20:01,601] {standard_task_runner.py:75} INFO - Running: ['airflow', 'tasks', 'run', 'penjadwalan', 'dapat_suhu', '2022-08-03T13:18:00+00:00', '--job-id', '1103', '--pool', 'default_pool', '--raw', '--subdir', 'DAGS_FOLDER/penjadwalan.py', '--cfg-path', '/tmp/tmpzmqvwxsg']
[2022-08-03 13:20:01,606] {standard_task_runner.py:76} INFO - Job 1103: Subtask dapat_suhu
[2022-08-03 13:20:01,769] {logging_mixin.py:103} INFO - Running <TaskInstance: penjadwalan.dapat_suhu 2022-08-03T13:18:00+00:00 [running]> on host b4dcda255553
[2022-08-03 13:20:01,969] {taskinstance.py:1232} INFO - Exporting the following env vars:
AIRFLOW_CTX_DAG_OWNER=airflow
AIRFLOW_CTX_DAG_ID=penjadwalan
AIRFLOW_CTX_TASK_ID=dapat_suhu
AIRFLOW_CTX_EXECUTION_DATE=2022-08-03T13:18:00+00:00
AIRFLOW_CTX_DAG_RUN_ID=scheduled__2022-08-03T13:18:00+00:00
[2022-08-03 13:20:02,171] {logging_mixin.py:103} INFO - {'kota': 'Bali', 'cuaca': 'Clouds', 'cuaca_deskripsi': 'scattered clouds', 'temperatur': 299.39, 'waktu': '2022-08-03T13:20:02.170988'}
[2022-08-03 13:20:02,465] {logging_mixin.py:103} INFO - {'kota': 'Lombok', 'cuaca': 'Clouds', 'cuaca_deskripsi': 'overcast clouds', 'temperatur': 294.43, 'waktu': '2022-08-03T13:20:02.460437'}
[2022-08-03 13:20:03,045] {logging_mixin.py:103} INFO - {'kota': 'Labuan Bajo', 'cuaca': 'Clouds', 'cuaca_deskripsi': 'overcast clouds', 'temperatur': 297.41, 'waktu': '2022-08-03T13:20:03.045064'}
[2022-08-03 13:20:03,251] {logging_mixin.py:103} INFO - {'kota': 'Bogor', 'cuaca': 'Clouds', 'cuaca_deskripsi': 'overcast clouds', 'temperatur': 295.27, 'waktu': '2022-08-03T13:20:03.251524'}
[2022-08-03 13:20:03,486] {logging_mixin.py:103} INFO - {'kota': 'Bandung', 'cuaca': 'Clouds', 'cuaca_deskripsi': 'overcast clouds', 'temperatur': 294.11, 'waktu': '2022-08-03T13:20:03.486290'}
[2022-08-03 13:20:03,487] {python.py:118} INFO - Done. Returned value was: None
[2022-08-03 13:20:03,567] {taskinstance.py:1142} INFO - Marking task as SUCCESS. dag_id=penjadwalan, task_id=dapat_suhu, execution_date=20220803T131800, start_date=20220803T132001, end_date=20220803T132003
[2022-08-03 13:20:03,726] {taskinstance.py:1195} INFO - 0 downstream tasks scheduled from follow-on schedule check
[2022-08-03 13:20:03,747] {local_task_job.py:118} INFO - Task exited with return code 0
