[2022-08-03 12:20:02,266] {taskinstance.py:826} INFO - Dependencies all met for <TaskInstance: my_simple_dag.greet 2022-08-03T12:10:00+00:00 [queued]>
[2022-08-03 12:20:02,311] {taskinstance.py:826} INFO - Dependencies all met for <TaskInstance: my_simple_dag.greet 2022-08-03T12:10:00+00:00 [queued]>
[2022-08-03 12:20:02,312] {taskinstance.py:1017} INFO - 
--------------------------------------------------------------------------------
[2022-08-03 12:20:02,312] {taskinstance.py:1018} INFO - Starting attempt 1 of 1
[2022-08-03 12:20:02,313] {taskinstance.py:1019} INFO - 
--------------------------------------------------------------------------------
[2022-08-03 12:20:02,331] {taskinstance.py:1038} INFO - Executing <Task(PythonOperator): greet> on 2022-08-03T12:10:00+00:00
[2022-08-03 12:20:02,337] {standard_task_runner.py:51} INFO - Started process 21281 to run task
[2022-08-03 12:20:02,344] {standard_task_runner.py:75} INFO - Running: ['airflow', 'tasks', 'run', 'my_simple_dag', 'greet', '2022-08-03T12:10:00+00:00', '--job-id', '1051', '--pool', 'default_pool', '--raw', '--subdir', 'DAGS_FOLDER/my_simple_dag.py', '--cfg-path', '/tmp/tmpumhdrser']
[2022-08-03 12:20:02,348] {standard_task_runner.py:76} INFO - Job 1051: Subtask greet
[2022-08-03 12:20:02,439] {logging_mixin.py:103} INFO - Running <TaskInstance: my_simple_dag.greet 2022-08-03T12:10:00+00:00 [running]> on host b4dcda255553
[2022-08-03 12:20:02,512] {taskinstance.py:1232} INFO - Exporting the following env vars:
AIRFLOW_CTX_DAG_OWNER=airflow
AIRFLOW_CTX_DAG_ID=my_simple_dag
AIRFLOW_CTX_TASK_ID=greet
AIRFLOW_CTX_EXECUTION_DATE=2022-08-03T12:10:00+00:00
AIRFLOW_CTX_DAG_RUN_ID=scheduled__2022-08-03T12:10:00+00:00
[2022-08-03 12:20:02,513] {logging_mixin.py:103} INFO - Halo Salam dari Apache Airflow2022-08-03 12:20
[2022-08-03 12:20:02,514] {python.py:118} INFO - Done. Returned value was: None
[2022-08-03 12:20:02,544] {taskinstance.py:1142} INFO - Marking task as SUCCESS. dag_id=my_simple_dag, task_id=greet, execution_date=20220803T121000, start_date=20220803T122002, end_date=20220803T122002
[2022-08-03 12:20:02,609] {taskinstance.py:1195} INFO - 1 downstream tasks scheduled from follow-on schedule check
[2022-08-03 12:20:02,634] {local_task_job.py:118} INFO - Task exited with return code 0
