[2022-08-03 15:48:01,440] {taskinstance.py:826} INFO - Dependencies all met for <TaskInstance: penjadwalan.dapat_suhu 2022-08-03T15:46:00+00:00 [queued]>
[2022-08-03 15:48:01,723] {taskinstance.py:826} INFO - Dependencies all met for <TaskInstance: penjadwalan.dapat_suhu 2022-08-03T15:46:00+00:00 [queued]>
[2022-08-03 15:48:01,724] {taskinstance.py:1017} INFO - 
--------------------------------------------------------------------------------
[2022-08-03 15:48:01,724] {taskinstance.py:1018} INFO - Starting attempt 1 of 1
[2022-08-03 15:48:01,725] {taskinstance.py:1019} INFO - 
--------------------------------------------------------------------------------
[2022-08-03 15:48:01,741] {taskinstance.py:1038} INFO - Executing <Task(PythonOperator): dapat_suhu> on 2022-08-03T15:46:00+00:00
[2022-08-03 15:48:01,745] {standard_task_runner.py:51} INFO - Started process 16206 to run task
[2022-08-03 15:48:01,751] {standard_task_runner.py:75} INFO - Running: ['airflow', 'tasks', 'run', 'penjadwalan', 'dapat_suhu', '2022-08-03T15:46:00+00:00', '--job-id', '1237', '--pool', 'default_pool', '--raw', '--subdir', 'DAGS_FOLDER/penjadwalan.py', '--cfg-path', '/tmp/tmpay3kg89o']
[2022-08-03 15:48:01,755] {standard_task_runner.py:76} INFO - Job 1237: Subtask dapat_suhu
[2022-08-03 15:48:01,832] {logging_mixin.py:103} INFO - Running <TaskInstance: penjadwalan.dapat_suhu 2022-08-03T15:46:00+00:00 [running]> on host b4dcda255553
[2022-08-03 15:48:01,918] {taskinstance.py:1232} INFO - Exporting the following env vars:
AIRFLOW_CTX_DAG_OWNER=airflow
AIRFLOW_CTX_DAG_ID=penjadwalan
AIRFLOW_CTX_TASK_ID=dapat_suhu
AIRFLOW_CTX_EXECUTION_DATE=2022-08-03T15:46:00+00:00
AIRFLOW_CTX_DAG_RUN_ID=scheduled__2022-08-03T15:46:00+00:00
[2022-08-03 15:48:02,132] {logging_mixin.py:103} INFO - {'kota': 'Bali', 'cuaca': 'Clouds', 'cuaca_deskripsi': 'broken clouds', 'temperatur': 298.28, 'waktu': '2022-08-03T15:48:02.132377'}
[2022-08-03 15:48:02,328] {logging_mixin.py:103} INFO - {'kota': 'Lombok', 'cuaca': 'Clouds', 'cuaca_deskripsi': 'overcast clouds', 'temperatur': 293.94, 'waktu': '2022-08-03T15:48:02.328124'}
[2022-08-03 15:48:02,486] {logging_mixin.py:103} INFO - {'kota': 'Labuan Bajo', 'cuaca': 'Clouds', 'cuaca_deskripsi': 'broken clouds', 'temperatur': 296.58, 'waktu': '2022-08-03T15:48:02.486453'}
[2022-08-03 15:48:02,703] {logging_mixin.py:103} INFO - {'kota': 'Bogor', 'cuaca': 'Clouds', 'cuaca_deskripsi': 'broken clouds', 'temperatur': 299.76, 'waktu': '2022-08-03T15:48:02.703704'}
[2022-08-03 15:48:02,888] {logging_mixin.py:103} INFO - {'kota': 'Bandung', 'cuaca': 'Clouds', 'cuaca_deskripsi': 'broken clouds', 'temperatur': 293.7, 'waktu': '2022-08-03T15:48:02.888134'}
[2022-08-03 15:48:02,905] {python.py:118} INFO - Done. Returned value was: None
[2022-08-03 15:48:02,971] {taskinstance.py:1142} INFO - Marking task as SUCCESS. dag_id=penjadwalan, task_id=dapat_suhu, execution_date=20220803T154600, start_date=20220803T154801, end_date=20220803T154802
[2022-08-03 15:48:03,064] {taskinstance.py:1195} INFO - 0 downstream tasks scheduled from follow-on schedule check
[2022-08-03 15:48:03,092] {local_task_job.py:118} INFO - Task exited with return code 0
