[2022-08-03 12:56:14,244] {taskinstance.py:826} INFO - Dependencies all met for <TaskInstance: penjadwalan.dapat_suhu 2022-08-03T12:54:00+00:00 [queued]>
[2022-08-03 12:56:14,301] {taskinstance.py:826} INFO - Dependencies all met for <TaskInstance: penjadwalan.dapat_suhu 2022-08-03T12:54:00+00:00 [queued]>
[2022-08-03 12:56:14,303] {taskinstance.py:1017} INFO - 
--------------------------------------------------------------------------------
[2022-08-03 12:56:14,304] {taskinstance.py:1018} INFO - Starting attempt 1 of 1
[2022-08-03 12:56:14,305] {taskinstance.py:1019} INFO - 
--------------------------------------------------------------------------------
[2022-08-03 12:56:14,346] {taskinstance.py:1038} INFO - Executing <Task(PythonOperator): dapat_suhu> on 2022-08-03T12:54:00+00:00
[2022-08-03 12:56:14,353] {standard_task_runner.py:51} INFO - Started process 28668 to run task
[2022-08-03 12:56:14,361] {standard_task_runner.py:75} INFO - Running: ['airflow', 'tasks', 'run', 'penjadwalan', 'dapat_suhu', '2022-08-03T12:54:00+00:00', '--job-id', '1083', '--pool', 'default_pool', '--raw', '--subdir', 'DAGS_FOLDER/penjadwalan.py', '--cfg-path', '/tmp/tmpsm836rj5']
[2022-08-03 12:56:14,367] {standard_task_runner.py:76} INFO - Job 1083: Subtask dapat_suhu
[2022-08-03 12:56:14,473] {logging_mixin.py:103} INFO - Running <TaskInstance: penjadwalan.dapat_suhu 2022-08-03T12:54:00+00:00 [running]> on host b4dcda255553
[2022-08-03 12:56:14,592] {taskinstance.py:1232} INFO - Exporting the following env vars:
AIRFLOW_CTX_DAG_OWNER=airflow
AIRFLOW_CTX_DAG_ID=penjadwalan
AIRFLOW_CTX_TASK_ID=dapat_suhu
AIRFLOW_CTX_EXECUTION_DATE=2022-08-03T12:54:00+00:00
AIRFLOW_CTX_DAG_RUN_ID=scheduled__2022-08-03T12:54:00+00:00
[2022-08-03 12:56:14,862] {logging_mixin.py:103} INFO - {'kota': 'Bali', 'cuaca': 'Clouds', 'cuaca_deskripsi': 'scattered clouds', 'temperatur': 299.39, 'waktu': '2022-08-03T12:56:14.862633'}
[2022-08-03 12:56:15,135] {logging_mixin.py:103} INFO - {'kota': 'Lombok', 'cuaca': 'Clouds', 'cuaca_deskripsi': 'overcast clouds', 'temperatur': 294.43, 'waktu': '2022-08-03T12:56:15.135081'}
[2022-08-03 12:56:15,357] {logging_mixin.py:103} INFO - {'kota': 'Labuan Bajo', 'cuaca': 'Clouds', 'cuaca_deskripsi': 'overcast clouds', 'temperatur': 297.41, 'waktu': '2022-08-03T12:56:15.357575'}
[2022-08-03 12:56:15,525] {logging_mixin.py:103} INFO - {'kota': 'Bogor', 'cuaca': 'Clouds', 'cuaca_deskripsi': 'overcast clouds', 'temperatur': 295.82, 'waktu': '2022-08-03T12:56:15.524808'}
[2022-08-03 12:56:15,692] {logging_mixin.py:103} INFO - {'kota': 'Bandung', 'cuaca': 'Clouds', 'cuaca_deskripsi': 'overcast clouds', 'temperatur': 294.11, 'waktu': '2022-08-03T12:56:15.692118'}
[2022-08-03 12:56:15,695] {python.py:118} INFO - Done. Returned value was: None
[2022-08-03 12:56:15,727] {taskinstance.py:1142} INFO - Marking task as SUCCESS. dag_id=penjadwalan, task_id=dapat_suhu, execution_date=20220803T125400, start_date=20220803T125614, end_date=20220803T125615
[2022-08-03 12:56:15,795] {taskinstance.py:1195} INFO - 0 downstream tasks scheduled from follow-on schedule check
[2022-08-03 12:56:15,819] {local_task_job.py:118} INFO - Task exited with return code 0
