[2022-08-03 17:00:00,762] {taskinstance.py:826} INFO - Dependencies all met for <TaskInstance: penjadwalan.dapat_suhu 2022-08-03T16:58:00+00:00 [queued]>
[2022-08-03 17:00:00,800] {taskinstance.py:826} INFO - Dependencies all met for <TaskInstance: penjadwalan.dapat_suhu 2022-08-03T16:58:00+00:00 [queued]>
[2022-08-03 17:00:00,802] {taskinstance.py:1017} INFO - 
--------------------------------------------------------------------------------
[2022-08-03 17:00:00,803] {taskinstance.py:1018} INFO - Starting attempt 1 of 1
[2022-08-03 17:00:00,804] {taskinstance.py:1019} INFO - 
--------------------------------------------------------------------------------
[2022-08-03 17:00:00,832] {taskinstance.py:1038} INFO - Executing <Task(PythonOperator): dapat_suhu> on 2022-08-03T16:58:00+00:00
[2022-08-03 17:00:00,842] {standard_task_runner.py:51} INFO - Started process 20247 to run task
[2022-08-03 17:00:00,848] {standard_task_runner.py:75} INFO - Running: ['airflow', 'tasks', 'run', 'penjadwalan', 'dapat_suhu', '2022-08-03T16:58:00+00:00', '--job-id', '1301', '--pool', 'default_pool', '--raw', '--subdir', 'DAGS_FOLDER/penjadwalan.py', '--cfg-path', '/tmp/tmp2dcyzc8i']
[2022-08-03 17:00:00,856] {standard_task_runner.py:76} INFO - Job 1301: Subtask dapat_suhu
[2022-08-03 17:00:00,973] {logging_mixin.py:103} INFO - Running <TaskInstance: penjadwalan.dapat_suhu 2022-08-03T16:58:00+00:00 [running]> on host b4dcda255553
[2022-08-03 17:00:01,125] {taskinstance.py:1232} INFO - Exporting the following env vars:
AIRFLOW_CTX_DAG_OWNER=airflow
AIRFLOW_CTX_DAG_ID=penjadwalan
AIRFLOW_CTX_TASK_ID=dapat_suhu
AIRFLOW_CTX_EXECUTION_DATE=2022-08-03T16:58:00+00:00
AIRFLOW_CTX_DAG_RUN_ID=scheduled__2022-08-03T16:58:00+00:00
[2022-08-03 17:00:03,906] {logging_mixin.py:103} INFO - {'kota': 'Bali', 'cuaca': 'Clouds', 'cuaca_deskripsi': 'broken clouds', 'temperatur': 298.28, 'waktu': '2022-08-03T17:00:03.906738'}
[2022-08-03 17:00:04,101] {logging_mixin.py:103} INFO - {'kota': 'Lombok', 'cuaca': 'Clouds', 'cuaca_deskripsi': 'overcast clouds', 'temperatur': 293.9, 'waktu': '2022-08-03T17:00:04.101762'}
[2022-08-03 17:00:04,413] {logging_mixin.py:103} INFO - {'kota': 'Labuan Bajo', 'cuaca': 'Clouds', 'cuaca_deskripsi': 'broken clouds', 'temperatur': 296.52, 'waktu': '2022-08-03T17:00:04.413770'}
[2022-08-03 17:00:04,781] {logging_mixin.py:103} INFO - {'kota': 'Bogor', 'cuaca': 'Clouds', 'cuaca_deskripsi': 'overcast clouds', 'temperatur': 294.1, 'waktu': '2022-08-03T17:00:04.781316'}
[2022-08-03 17:00:06,139] {logging_mixin.py:103} INFO - {'kota': 'Bandung', 'cuaca': 'Clouds', 'cuaca_deskripsi': 'overcast clouds', 'temperatur': 293.62, 'waktu': '2022-08-03T17:00:06.139594'}
[2022-08-03 17:00:06,236] {python.py:118} INFO - Done. Returned value was: None
[2022-08-03 17:00:06,676] {taskinstance.py:1142} INFO - Marking task as SUCCESS. dag_id=penjadwalan, task_id=dapat_suhu, execution_date=20220803T165800, start_date=20220803T170000, end_date=20220803T170006
[2022-08-03 17:00:07,261] {taskinstance.py:1195} INFO - 0 downstream tasks scheduled from follow-on schedule check
[2022-08-03 17:00:07,309] {local_task_job.py:118} INFO - Task exited with return code 0
