[2022-08-03 13:18:00,897] {taskinstance.py:826} INFO - Dependencies all met for <TaskInstance: penjadwalan.dapat_suhu 2022-08-03T13:16:00+00:00 [queued]>
[2022-08-03 13:18:00,946] {taskinstance.py:826} INFO - Dependencies all met for <TaskInstance: penjadwalan.dapat_suhu 2022-08-03T13:16:00+00:00 [queued]>
[2022-08-03 13:18:00,947] {taskinstance.py:1017} INFO - 
--------------------------------------------------------------------------------
[2022-08-03 13:18:00,948] {taskinstance.py:1018} INFO - Starting attempt 1 of 1
[2022-08-03 13:18:00,948] {taskinstance.py:1019} INFO - 
--------------------------------------------------------------------------------
[2022-08-03 13:18:00,981] {taskinstance.py:1038} INFO - Executing <Task(PythonOperator): dapat_suhu> on 2022-08-03T13:16:00+00:00
[2022-08-03 13:18:00,986] {standard_task_runner.py:51} INFO - Started process 26133 to run task
[2022-08-03 13:18:00,998] {standard_task_runner.py:75} INFO - Running: ['airflow', 'tasks', 'run', 'penjadwalan', 'dapat_suhu', '2022-08-03T13:16:00+00:00', '--job-id', '1102', '--pool', 'default_pool', '--raw', '--subdir', 'DAGS_FOLDER/penjadwalan.py', '--cfg-path', '/tmp/tmpz412tow8']
[2022-08-03 13:18:01,005] {standard_task_runner.py:76} INFO - Job 1102: Subtask dapat_suhu
[2022-08-03 13:18:01,142] {logging_mixin.py:103} INFO - Running <TaskInstance: penjadwalan.dapat_suhu 2022-08-03T13:16:00+00:00 [running]> on host b4dcda255553
[2022-08-03 13:18:01,538] {taskinstance.py:1232} INFO - Exporting the following env vars:
AIRFLOW_CTX_DAG_OWNER=airflow
AIRFLOW_CTX_DAG_ID=penjadwalan
AIRFLOW_CTX_TASK_ID=dapat_suhu
AIRFLOW_CTX_EXECUTION_DATE=2022-08-03T13:16:00+00:00
AIRFLOW_CTX_DAG_RUN_ID=scheduled__2022-08-03T13:16:00+00:00
[2022-08-03 13:18:01,780] {logging_mixin.py:103} INFO - {'kota': 'Bali', 'cuaca': 'Clouds', 'cuaca_deskripsi': 'scattered clouds', 'temperatur': 299.39, 'waktu': '2022-08-03T13:18:01.779950'}
[2022-08-03 13:18:01,952] {logging_mixin.py:103} INFO - {'kota': 'Lombok', 'cuaca': 'Clouds', 'cuaca_deskripsi': 'overcast clouds', 'temperatur': 294.43, 'waktu': '2022-08-03T13:18:01.951990'}
[2022-08-03 13:18:02,305] {logging_mixin.py:103} INFO - {'kota': 'Labuan Bajo', 'cuaca': 'Clouds', 'cuaca_deskripsi': 'overcast clouds', 'temperatur': 297.41, 'waktu': '2022-08-03T13:18:02.305580'}
[2022-08-03 13:18:02,482] {logging_mixin.py:103} INFO - {'kota': 'Bogor', 'cuaca': 'Clouds', 'cuaca_deskripsi': 'overcast clouds', 'temperatur': 295.27, 'waktu': '2022-08-03T13:18:02.482122'}
[2022-08-03 13:18:02,849] {logging_mixin.py:103} INFO - {'kota': 'Bandung', 'cuaca': 'Clouds', 'cuaca_deskripsi': 'overcast clouds', 'temperatur': 294.11, 'waktu': '2022-08-03T13:18:02.849320'}
[2022-08-03 13:18:02,850] {python.py:118} INFO - Done. Returned value was: None
[2022-08-03 13:18:02,930] {taskinstance.py:1142} INFO - Marking task as SUCCESS. dag_id=penjadwalan, task_id=dapat_suhu, execution_date=20220803T131600, start_date=20220803T131800, end_date=20220803T131802
[2022-08-03 13:18:03,003] {taskinstance.py:1195} INFO - 0 downstream tasks scheduled from follow-on schedule check
[2022-08-03 13:18:03,015] {local_task_job.py:118} INFO - Task exited with return code 0
