[2022-08-03 12:13:07,406] {taskinstance.py:826} INFO - Dependencies all met for <TaskInstance: penjadwalan.dapat_suhu 2022-08-03T11:26:00+00:00 [queued]>
[2022-08-03 12:13:07,485] {taskinstance.py:826} INFO - Dependencies all met for <TaskInstance: penjadwalan.dapat_suhu 2022-08-03T11:26:00+00:00 [queued]>
[2022-08-03 12:13:07,487] {taskinstance.py:1017} INFO - 
--------------------------------------------------------------------------------
[2022-08-03 12:13:07,488] {taskinstance.py:1018} INFO - Starting attempt 1 of 1
[2022-08-03 12:13:07,489] {taskinstance.py:1019} INFO - 
--------------------------------------------------------------------------------
[2022-08-03 12:13:11,333] {taskinstance.py:1038} INFO - Executing <Task(PythonOperator): dapat_suhu> on 2022-08-03T11:26:00+00:00
[2022-08-03 12:13:11,349] {standard_task_runner.py:51} INFO - Started process 1384 to run task
[2022-08-03 12:13:11,368] {standard_task_runner.py:75} INFO - Running: ['airflow', 'tasks', 'run', 'penjadwalan', 'dapat_suhu', '2022-08-03T11:26:00+00:00', '--job-id', '1023', '--pool', 'default_pool', '--raw', '--subdir', 'DAGS_FOLDER/penjadwalan.py', '--cfg-path', '/tmp/tmpekqpjlbl']
[2022-08-03 12:13:11,380] {standard_task_runner.py:76} INFO - Job 1023: Subtask dapat_suhu
[2022-08-03 12:13:11,649] {logging_mixin.py:103} INFO - Running <TaskInstance: penjadwalan.dapat_suhu 2022-08-03T11:26:00+00:00 [running]> on host b4dcda255553
[2022-08-03 12:13:11,876] {taskinstance.py:1232} INFO - Exporting the following env vars:
AIRFLOW_CTX_DAG_OWNER=airflow
AIRFLOW_CTX_DAG_ID=penjadwalan
AIRFLOW_CTX_TASK_ID=dapat_suhu
AIRFLOW_CTX_EXECUTION_DATE=2022-08-03T11:26:00+00:00
AIRFLOW_CTX_DAG_RUN_ID=scheduled__2022-08-03T11:26:00+00:00
[2022-08-03 12:13:12,118] {logging_mixin.py:103} INFO - {'kota': 'Bali', 'cuaca': 'Clouds', 'cuaca_deskripsi': 'overcast clouds', 'temperatur': 299.39, 'waktu': '2022-08-03T12:13:12.118636'}
[2022-08-03 12:13:12,337] {logging_mixin.py:103} INFO - {'kota': 'Lombok', 'cuaca': 'Rain', 'cuaca_deskripsi': 'light rain', 'temperatur': 294.54, 'waktu': '2022-08-03T12:13:12.337189'}
[2022-08-03 12:13:12,887] {logging_mixin.py:103} INFO - {'kota': 'Labuan Bajo', 'cuaca': 'Clouds', 'cuaca_deskripsi': 'overcast clouds', 'temperatur': 297.78, 'waktu': '2022-08-03T12:13:12.887136'}
[2022-08-03 12:13:13,162] {logging_mixin.py:103} INFO - {'kota': 'Bogor', 'cuaca': 'Clouds', 'cuaca_deskripsi': 'overcast clouds', 'temperatur': 296.38, 'waktu': '2022-08-03T12:13:13.161868'}
[2022-08-03 12:13:13,420] {logging_mixin.py:103} INFO - {'kota': 'Bandung', 'cuaca': 'Clouds', 'cuaca_deskripsi': 'broken clouds', 'temperatur': 294.44, 'waktu': '2022-08-03T12:13:13.420748'}
[2022-08-03 12:13:13,421] {python.py:118} INFO - Done. Returned value was: None
[2022-08-03 12:13:13,468] {taskinstance.py:1142} INFO - Marking task as SUCCESS. dag_id=penjadwalan, task_id=dapat_suhu, execution_date=20220803T112600, start_date=20220803T121307, end_date=20220803T121313
[2022-08-03 12:13:13,581] {taskinstance.py:1195} INFO - 0 downstream tasks scheduled from follow-on schedule check
[2022-08-03 12:13:13,603] {local_task_job.py:118} INFO - Task exited with return code 0
