[2022-08-03 15:22:02,232] {taskinstance.py:826} INFO - Dependencies all met for <TaskInstance: penjadwalan.dapat_suhu 2022-08-03T15:20:00+00:00 [queued]>
[2022-08-03 15:22:02,270] {taskinstance.py:826} INFO - Dependencies all met for <TaskInstance: penjadwalan.dapat_suhu 2022-08-03T15:20:00+00:00 [queued]>
[2022-08-03 15:22:02,270] {taskinstance.py:1017} INFO - 
--------------------------------------------------------------------------------
[2022-08-03 15:22:02,271] {taskinstance.py:1018} INFO - Starting attempt 1 of 1
[2022-08-03 15:22:02,271] {taskinstance.py:1019} INFO - 
--------------------------------------------------------------------------------
[2022-08-03 15:22:02,288] {taskinstance.py:1038} INFO - Executing <Task(PythonOperator): dapat_suhu> on 2022-08-03T15:20:00+00:00
[2022-08-03 15:22:02,294] {standard_task_runner.py:51} INFO - Started process 6601 to run task
[2022-08-03 15:22:02,300] {standard_task_runner.py:75} INFO - Running: ['airflow', 'tasks', 'run', 'penjadwalan', 'dapat_suhu', '2022-08-03T15:20:00+00:00', '--job-id', '1216', '--pool', 'default_pool', '--raw', '--subdir', 'DAGS_FOLDER/penjadwalan.py', '--cfg-path', '/tmp/tmpkl4f0etd']
[2022-08-03 15:22:02,307] {standard_task_runner.py:76} INFO - Job 1216: Subtask dapat_suhu
[2022-08-03 15:22:02,591] {logging_mixin.py:103} INFO - Running <TaskInstance: penjadwalan.dapat_suhu 2022-08-03T15:20:00+00:00 [running]> on host b4dcda255553
[2022-08-03 15:22:02,711] {taskinstance.py:1232} INFO - Exporting the following env vars:
AIRFLOW_CTX_DAG_OWNER=airflow
AIRFLOW_CTX_DAG_ID=penjadwalan
AIRFLOW_CTX_TASK_ID=dapat_suhu
AIRFLOW_CTX_EXECUTION_DATE=2022-08-03T15:20:00+00:00
AIRFLOW_CTX_DAG_RUN_ID=scheduled__2022-08-03T15:20:00+00:00
[2022-08-03 15:22:03,085] {logging_mixin.py:103} INFO - {'kota': 'Bali', 'cuaca': 'Clouds', 'cuaca_deskripsi': 'broken clouds', 'temperatur': 298.28, 'waktu': '2022-08-03T15:22:03.085103'}
[2022-08-03 15:22:03,223] {logging_mixin.py:103} INFO - {'kota': 'Lombok', 'cuaca': 'Clouds', 'cuaca_deskripsi': 'overcast clouds', 'temperatur': 294.17, 'waktu': '2022-08-03T15:22:03.223315'}
[2022-08-03 15:22:03,410] {logging_mixin.py:103} INFO - {'kota': 'Labuan Bajo', 'cuaca': 'Clouds', 'cuaca_deskripsi': 'broken clouds', 'temperatur': 296.75, 'waktu': '2022-08-03T15:22:03.410462'}
[2022-08-03 15:22:03,572] {logging_mixin.py:103} INFO - {'kota': 'Bogor', 'cuaca': 'Clouds', 'cuaca_deskripsi': 'overcast clouds', 'temperatur': 293.6, 'waktu': '2022-08-03T15:22:03.572722'}
[2022-08-03 15:22:03,738] {logging_mixin.py:103} INFO - {'kota': 'Bandung', 'cuaca': 'Clouds', 'cuaca_deskripsi': 'broken clouds', 'temperatur': 293.81, 'waktu': '2022-08-03T15:22:03.738212'}
[2022-08-03 15:22:03,739] {python.py:118} INFO - Done. Returned value was: None
[2022-08-03 15:22:03,759] {taskinstance.py:1142} INFO - Marking task as SUCCESS. dag_id=penjadwalan, task_id=dapat_suhu, execution_date=20220803T152000, start_date=20220803T152202, end_date=20220803T152203
[2022-08-03 15:22:03,830] {taskinstance.py:1195} INFO - 0 downstream tasks scheduled from follow-on schedule check
[2022-08-03 15:22:03,842] {local_task_job.py:118} INFO - Task exited with return code 0
