[2022-08-03 12:18:01,434] {taskinstance.py:826} INFO - Dependencies all met for <TaskInstance: penjadwalan.dapat_suhu 2022-08-03T12:16:00+00:00 [queued]>
[2022-08-03 12:18:01,460] {taskinstance.py:826} INFO - Dependencies all met for <TaskInstance: penjadwalan.dapat_suhu 2022-08-03T12:16:00+00:00 [queued]>
[2022-08-03 12:18:01,461] {taskinstance.py:1017} INFO - 
--------------------------------------------------------------------------------
[2022-08-03 12:18:01,462] {taskinstance.py:1018} INFO - Starting attempt 1 of 1
[2022-08-03 12:18:01,462] {taskinstance.py:1019} INFO - 
--------------------------------------------------------------------------------
[2022-08-03 12:18:01,477] {taskinstance.py:1038} INFO - Executing <Task(PythonOperator): dapat_suhu> on 2022-08-03T12:16:00+00:00
[2022-08-03 12:18:01,482] {standard_task_runner.py:51} INFO - Started process 15004 to run task
[2022-08-03 12:18:01,487] {standard_task_runner.py:75} INFO - Running: ['airflow', 'tasks', 'run', 'penjadwalan', 'dapat_suhu', '2022-08-03T12:16:00+00:00', '--job-id', '1048', '--pool', 'default_pool', '--raw', '--subdir', 'DAGS_FOLDER/penjadwalan.py', '--cfg-path', '/tmp/tmph8hr5880']
[2022-08-03 12:18:01,490] {standard_task_runner.py:76} INFO - Job 1048: Subtask dapat_suhu
[2022-08-03 12:18:01,556] {logging_mixin.py:103} INFO - Running <TaskInstance: penjadwalan.dapat_suhu 2022-08-03T12:16:00+00:00 [running]> on host b4dcda255553
[2022-08-03 12:18:01,626] {taskinstance.py:1232} INFO - Exporting the following env vars:
AIRFLOW_CTX_DAG_OWNER=airflow
AIRFLOW_CTX_DAG_ID=penjadwalan
AIRFLOW_CTX_TASK_ID=dapat_suhu
AIRFLOW_CTX_EXECUTION_DATE=2022-08-03T12:16:00+00:00
AIRFLOW_CTX_DAG_RUN_ID=scheduled__2022-08-03T12:16:00+00:00
[2022-08-03 12:18:01,767] {logging_mixin.py:103} INFO - {'kota': 'Bali', 'cuaca': 'Clouds', 'cuaca_deskripsi': 'overcast clouds', 'temperatur': 299.39, 'waktu': '2022-08-03T12:18:01.767775'}
[2022-08-03 12:18:01,882] {logging_mixin.py:103} INFO - {'kota': 'Lombok', 'cuaca': 'Rain', 'cuaca_deskripsi': 'light rain', 'temperatur': 294.54, 'waktu': '2022-08-03T12:18:01.882247'}
[2022-08-03 12:18:02,032] {logging_mixin.py:103} INFO - {'kota': 'Labuan Bajo', 'cuaca': 'Clouds', 'cuaca_deskripsi': 'overcast clouds', 'temperatur': 297.78, 'waktu': '2022-08-03T12:18:02.032762'}
[2022-08-03 12:18:02,433] {logging_mixin.py:103} INFO - {'kota': 'Bogor', 'cuaca': 'Clouds', 'cuaca_deskripsi': 'overcast clouds', 'temperatur': 296.38, 'waktu': '2022-08-03T12:18:02.433806'}
[2022-08-03 12:18:02,563] {logging_mixin.py:103} INFO - {'kota': 'Bandung', 'cuaca': 'Clouds', 'cuaca_deskripsi': 'broken clouds', 'temperatur': 294.44, 'waktu': '2022-08-03T12:18:02.563271'}
[2022-08-03 12:18:02,564] {python.py:118} INFO - Done. Returned value was: None
[2022-08-03 12:18:02,584] {taskinstance.py:1142} INFO - Marking task as SUCCESS. dag_id=penjadwalan, task_id=dapat_suhu, execution_date=20220803T121600, start_date=20220803T121801, end_date=20220803T121802
[2022-08-03 12:18:02,631] {taskinstance.py:1195} INFO - 0 downstream tasks scheduled from follow-on schedule check
[2022-08-03 12:18:02,663] {local_task_job.py:118} INFO - Task exited with return code 0
