[2022-08-03 13:00:01,520] {taskinstance.py:826} INFO - Dependencies all met for <TaskInstance: penjadwalan.dapat_suhu 2022-08-03T12:58:00+00:00 [queued]>
[2022-08-03 13:00:01,582] {taskinstance.py:826} INFO - Dependencies all met for <TaskInstance: penjadwalan.dapat_suhu 2022-08-03T12:58:00+00:00 [queued]>
[2022-08-03 13:00:01,587] {taskinstance.py:1017} INFO - 
--------------------------------------------------------------------------------
[2022-08-03 13:00:01,589] {taskinstance.py:1018} INFO - Starting attempt 1 of 1
[2022-08-03 13:00:01,590] {taskinstance.py:1019} INFO - 
--------------------------------------------------------------------------------
[2022-08-03 13:00:01,645] {taskinstance.py:1038} INFO - Executing <Task(PythonOperator): dapat_suhu> on 2022-08-03T12:58:00+00:00
[2022-08-03 13:00:01,651] {standard_task_runner.py:51} INFO - Started process 31314 to run task
[2022-08-03 13:00:01,672] {standard_task_runner.py:75} INFO - Running: ['airflow', 'tasks', 'run', 'penjadwalan', 'dapat_suhu', '2022-08-03T12:58:00+00:00', '--job-id', '1085', '--pool', 'default_pool', '--raw', '--subdir', 'DAGS_FOLDER/penjadwalan.py', '--cfg-path', '/tmp/tmpygljx5g5']
[2022-08-03 13:00:01,704] {standard_task_runner.py:76} INFO - Job 1085: Subtask dapat_suhu
[2022-08-03 13:00:01,901] {logging_mixin.py:103} INFO - Running <TaskInstance: penjadwalan.dapat_suhu 2022-08-03T12:58:00+00:00 [running]> on host b4dcda255553
[2022-08-03 13:00:02,096] {taskinstance.py:1232} INFO - Exporting the following env vars:
AIRFLOW_CTX_DAG_OWNER=airflow
AIRFLOW_CTX_DAG_ID=penjadwalan
AIRFLOW_CTX_TASK_ID=dapat_suhu
AIRFLOW_CTX_EXECUTION_DATE=2022-08-03T12:58:00+00:00
AIRFLOW_CTX_DAG_RUN_ID=scheduled__2022-08-03T12:58:00+00:00
[2022-08-03 13:00:02,339] {logging_mixin.py:103} INFO - {'kota': 'Bali', 'cuaca': 'Clouds', 'cuaca_deskripsi': 'scattered clouds', 'temperatur': 299.39, 'waktu': '2022-08-03T13:00:02.338947'}
[2022-08-03 13:00:02,630] {logging_mixin.py:103} INFO - {'kota': 'Lombok', 'cuaca': 'Clouds', 'cuaca_deskripsi': 'overcast clouds', 'temperatur': 294.43, 'waktu': '2022-08-03T13:00:02.629891'}
[2022-08-03 13:00:04,270] {logging_mixin.py:103} INFO - {'kota': 'Labuan Bajo', 'cuaca': 'Clouds', 'cuaca_deskripsi': 'overcast clouds', 'temperatur': 297.41, 'waktu': '2022-08-03T13:00:04.270662'}
[2022-08-03 13:00:04,594] {logging_mixin.py:103} INFO - {'kota': 'Bogor', 'cuaca': 'Clouds', 'cuaca_deskripsi': 'overcast clouds', 'temperatur': 295.82, 'waktu': '2022-08-03T13:00:04.589892'}
[2022-08-03 13:00:04,818] {logging_mixin.py:103} INFO - {'kota': 'Bandung', 'cuaca': 'Clouds', 'cuaca_deskripsi': 'overcast clouds', 'temperatur': 294.11, 'waktu': '2022-08-03T13:00:04.818615'}
[2022-08-03 13:00:04,824] {python.py:118} INFO - Done. Returned value was: None
[2022-08-03 13:00:04,886] {taskinstance.py:1142} INFO - Marking task as SUCCESS. dag_id=penjadwalan, task_id=dapat_suhu, execution_date=20220803T125800, start_date=20220803T130001, end_date=20220803T130004
[2022-08-03 13:00:04,996] {taskinstance.py:1195} INFO - 0 downstream tasks scheduled from follow-on schedule check
[2022-08-03 13:00:05,019] {local_task_job.py:118} INFO - Task exited with return code 0
