[2022-08-03 12:46:01,358] {taskinstance.py:826} INFO - Dependencies all met for <TaskInstance: penjadwalan.dapat_suhu 2022-08-03T12:44:00+00:00 [queued]>
[2022-08-03 12:46:01,704] {taskinstance.py:826} INFO - Dependencies all met for <TaskInstance: penjadwalan.dapat_suhu 2022-08-03T12:44:00+00:00 [queued]>
[2022-08-03 12:46:01,704] {taskinstance.py:1017} INFO - 
--------------------------------------------------------------------------------
[2022-08-03 12:46:01,705] {taskinstance.py:1018} INFO - Starting attempt 1 of 1
[2022-08-03 12:46:01,705] {taskinstance.py:1019} INFO - 
--------------------------------------------------------------------------------
[2022-08-03 12:46:01,877] {taskinstance.py:1038} INFO - Executing <Task(PythonOperator): dapat_suhu> on 2022-08-03T12:44:00+00:00
[2022-08-03 12:46:01,882] {standard_task_runner.py:51} INFO - Started process 17211 to run task
[2022-08-03 12:46:01,890] {standard_task_runner.py:75} INFO - Running: ['airflow', 'tasks', 'run', 'penjadwalan', 'dapat_suhu', '2022-08-03T12:44:00+00:00', '--job-id', '1074', '--pool', 'default_pool', '--raw', '--subdir', 'DAGS_FOLDER/penjadwalan.py', '--cfg-path', '/tmp/tmpevc0pujf']
[2022-08-03 12:46:01,895] {standard_task_runner.py:76} INFO - Job 1074: Subtask dapat_suhu
[2022-08-03 12:46:02,007] {logging_mixin.py:103} INFO - Running <TaskInstance: penjadwalan.dapat_suhu 2022-08-03T12:44:00+00:00 [running]> on host b4dcda255553
[2022-08-03 12:46:02,103] {taskinstance.py:1232} INFO - Exporting the following env vars:
AIRFLOW_CTX_DAG_OWNER=airflow
AIRFLOW_CTX_DAG_ID=penjadwalan
AIRFLOW_CTX_TASK_ID=dapat_suhu
AIRFLOW_CTX_EXECUTION_DATE=2022-08-03T12:44:00+00:00
AIRFLOW_CTX_DAG_RUN_ID=scheduled__2022-08-03T12:44:00+00:00
[2022-08-03 12:46:02,406] {logging_mixin.py:103} INFO - {'kota': 'Bali', 'cuaca': 'Clouds', 'cuaca_deskripsi': 'scattered clouds', 'temperatur': 299.39, 'waktu': '2022-08-03T12:46:02.406436'}
[2022-08-03 12:46:02,782] {logging_mixin.py:103} INFO - {'kota': 'Lombok', 'cuaca': 'Clouds', 'cuaca_deskripsi': 'overcast clouds', 'temperatur': 294.43, 'waktu': '2022-08-03T12:46:02.782790'}
[2022-08-03 12:46:02,978] {logging_mixin.py:103} INFO - {'kota': 'Labuan Bajo', 'cuaca': 'Clouds', 'cuaca_deskripsi': 'overcast clouds', 'temperatur': 297.41, 'waktu': '2022-08-03T12:46:02.978016'}
[2022-08-03 12:46:03,178] {logging_mixin.py:103} INFO - {'kota': 'Bogor', 'cuaca': 'Clouds', 'cuaca_deskripsi': 'overcast clouds', 'temperatur': 295.82, 'waktu': '2022-08-03T12:46:03.178230'}
[2022-08-03 12:46:03,353] {logging_mixin.py:103} INFO - {'kota': 'Bandung', 'cuaca': 'Clouds', 'cuaca_deskripsi': 'overcast clouds', 'temperatur': 294.11, 'waktu': '2022-08-03T12:46:03.353061'}
[2022-08-03 12:46:03,354] {python.py:118} INFO - Done. Returned value was: None
[2022-08-03 12:46:03,656] {taskinstance.py:1142} INFO - Marking task as SUCCESS. dag_id=penjadwalan, task_id=dapat_suhu, execution_date=20220803T124400, start_date=20220803T124601, end_date=20220803T124603
[2022-08-03 12:46:03,713] {taskinstance.py:1195} INFO - 0 downstream tasks scheduled from follow-on schedule check
[2022-08-03 12:46:03,722] {local_task_job.py:118} INFO - Task exited with return code 0
