[2022-08-03 13:20:01,600] {taskinstance.py:826} INFO - Dependencies all met for <TaskInstance: my_simple_dag.say_Hi 2022-08-03T13:10:00+00:00 [queued]>
[2022-08-03 13:20:01,645] {taskinstance.py:826} INFO - Dependencies all met for <TaskInstance: my_simple_dag.say_Hi 2022-08-03T13:10:00+00:00 [queued]>
[2022-08-03 13:20:01,646] {taskinstance.py:1017} INFO - 
--------------------------------------------------------------------------------
[2022-08-03 13:20:01,647] {taskinstance.py:1018} INFO - Starting attempt 1 of 1
[2022-08-03 13:20:01,647] {taskinstance.py:1019} INFO - 
--------------------------------------------------------------------------------
[2022-08-03 13:20:01,670] {taskinstance.py:1038} INFO - Executing <Task(BashOperator): say_Hi> on 2022-08-03T13:10:00+00:00
[2022-08-03 13:20:01,676] {standard_task_runner.py:51} INFO - Started process 29748 to run task
[2022-08-03 13:20:01,692] {standard_task_runner.py:75} INFO - Running: ['airflow', 'tasks', 'run', 'my_simple_dag', 'say_Hi', '2022-08-03T13:10:00+00:00', '--job-id', '1104', '--pool', 'default_pool', '--raw', '--subdir', 'DAGS_FOLDER/my_simple_dag.py', '--cfg-path', '/tmp/tmpzc9h3tz6']
[2022-08-03 13:20:01,712] {standard_task_runner.py:76} INFO - Job 1104: Subtask say_Hi
[2022-08-03 13:20:01,866] {logging_mixin.py:103} INFO - Running <TaskInstance: my_simple_dag.say_Hi 2022-08-03T13:10:00+00:00 [running]> on host b4dcda255553
[2022-08-03 13:20:01,993] {taskinstance.py:1232} INFO - Exporting the following env vars:
AIRFLOW_CTX_DAG_OWNER=airflow
AIRFLOW_CTX_DAG_ID=my_simple_dag
AIRFLOW_CTX_TASK_ID=say_Hi
AIRFLOW_CTX_EXECUTION_DATE=2022-08-03T13:10:00+00:00
AIRFLOW_CTX_DAG_RUN_ID=scheduled__2022-08-03T13:10:00+00:00
[2022-08-03 13:20:01,995] {bash.py:135} INFO - Tmp dir root location: 
 /tmp
[2022-08-03 13:20:01,998] {bash.py:158} INFO - Running command: echo "Hi!!"
[2022-08-03 13:20:02,022] {bash.py:169} INFO - Output:
[2022-08-03 13:20:02,025] {bash.py:173} INFO - Hi!!
[2022-08-03 13:20:02,028] {bash.py:177} INFO - Command exited with return code 0
[2022-08-03 13:20:02,107] {taskinstance.py:1142} INFO - Marking task as SUCCESS. dag_id=my_simple_dag, task_id=say_Hi, execution_date=20220803T131000, start_date=20220803T132001, end_date=20220803T132002
[2022-08-03 13:20:02,206] {taskinstance.py:1195} INFO - 1 downstream tasks scheduled from follow-on schedule check
[2022-08-03 13:20:02,259] {local_task_job.py:118} INFO - Task exited with return code 0
