[2022-08-03 15:04:00,767] {taskinstance.py:826} INFO - Dependencies all met for <TaskInstance: penjadwalan.dapat_suhu 2022-08-03T15:02:00+00:00 [queued]>
[2022-08-03 15:04:00,813] {taskinstance.py:826} INFO - Dependencies all met for <TaskInstance: penjadwalan.dapat_suhu 2022-08-03T15:02:00+00:00 [queued]>
[2022-08-03 15:04:00,814] {taskinstance.py:1017} INFO - 
--------------------------------------------------------------------------------
[2022-08-03 15:04:00,815] {taskinstance.py:1018} INFO - Starting attempt 1 of 1
[2022-08-03 15:04:00,816] {taskinstance.py:1019} INFO - 
--------------------------------------------------------------------------------
[2022-08-03 15:04:00,865] {taskinstance.py:1038} INFO - Executing <Task(PythonOperator): dapat_suhu> on 2022-08-03T15:02:00+00:00
[2022-08-03 15:04:00,872] {standard_task_runner.py:51} INFO - Started process 20317 to run task
[2022-08-03 15:04:00,883] {standard_task_runner.py:75} INFO - Running: ['airflow', 'tasks', 'run', 'penjadwalan', 'dapat_suhu', '2022-08-03T15:02:00+00:00', '--job-id', '1199', '--pool', 'default_pool', '--raw', '--subdir', 'DAGS_FOLDER/penjadwalan.py', '--cfg-path', '/tmp/tmp2ag_qzwq']
[2022-08-03 15:04:00,891] {standard_task_runner.py:76} INFO - Job 1199: Subtask dapat_suhu
[2022-08-03 15:04:01,033] {logging_mixin.py:103} INFO - Running <TaskInstance: penjadwalan.dapat_suhu 2022-08-03T15:02:00+00:00 [running]> on host b4dcda255553
[2022-08-03 15:04:01,323] {taskinstance.py:1232} INFO - Exporting the following env vars:
AIRFLOW_CTX_DAG_OWNER=airflow
AIRFLOW_CTX_DAG_ID=penjadwalan
AIRFLOW_CTX_TASK_ID=dapat_suhu
AIRFLOW_CTX_EXECUTION_DATE=2022-08-03T15:02:00+00:00
AIRFLOW_CTX_DAG_RUN_ID=scheduled__2022-08-03T15:02:00+00:00
[2022-08-03 15:04:01,630] {logging_mixin.py:103} INFO - {'kota': 'Bali', 'cuaca': 'Clouds', 'cuaca_deskripsi': 'broken clouds', 'temperatur': 298.28, 'waktu': '2022-08-03T15:04:01.630043'}
[2022-08-03 15:04:01,774] {logging_mixin.py:103} INFO - {'kota': 'Lombok', 'cuaca': 'Clouds', 'cuaca_deskripsi': 'overcast clouds', 'temperatur': 294.17, 'waktu': '2022-08-03T15:04:01.774556'}
[2022-08-03 15:04:01,961] {logging_mixin.py:103} INFO - {'kota': 'Labuan Bajo', 'cuaca': 'Clouds', 'cuaca_deskripsi': 'broken clouds', 'temperatur': 296.75, 'waktu': '2022-08-03T15:04:01.961052'}
[2022-08-03 15:04:02,086] {logging_mixin.py:103} INFO - {'kota': 'Bogor', 'cuaca': 'Clouds', 'cuaca_deskripsi': 'overcast clouds', 'temperatur': 293.6, 'waktu': '2022-08-03T15:04:02.086002'}
[2022-08-03 15:04:02,209] {logging_mixin.py:103} INFO - {'kota': 'Bandung', 'cuaca': 'Clouds', 'cuaca_deskripsi': 'broken clouds', 'temperatur': 293.81, 'waktu': '2022-08-03T15:04:02.209508'}
[2022-08-03 15:04:02,210] {python.py:118} INFO - Done. Returned value was: None
[2022-08-03 15:04:02,227] {taskinstance.py:1142} INFO - Marking task as SUCCESS. dag_id=penjadwalan, task_id=dapat_suhu, execution_date=20220803T150200, start_date=20220803T150400, end_date=20220803T150402
[2022-08-03 15:04:02,285] {taskinstance.py:1195} INFO - 0 downstream tasks scheduled from follow-on schedule check
[2022-08-03 15:04:02,307] {local_task_job.py:118} INFO - Task exited with return code 0
