[2022-08-03 14:14:01,829] {taskinstance.py:826} INFO - Dependencies all met for <TaskInstance: penjadwalan.dapat_suhu 2022-08-03T14:12:00+00:00 [queued]>
[2022-08-03 14:14:01,858] {taskinstance.py:826} INFO - Dependencies all met for <TaskInstance: penjadwalan.dapat_suhu 2022-08-03T14:12:00+00:00 [queued]>
[2022-08-03 14:14:01,859] {taskinstance.py:1017} INFO - 
--------------------------------------------------------------------------------
[2022-08-03 14:14:01,859] {taskinstance.py:1018} INFO - Starting attempt 1 of 1
[2022-08-03 14:14:01,860] {taskinstance.py:1019} INFO - 
--------------------------------------------------------------------------------
[2022-08-03 14:14:01,875] {taskinstance.py:1038} INFO - Executing <Task(PythonOperator): dapat_suhu> on 2022-08-03T14:12:00+00:00
[2022-08-03 14:14:01,879] {standard_task_runner.py:51} INFO - Started process 30507 to run task
[2022-08-03 14:14:01,886] {standard_task_runner.py:75} INFO - Running: ['airflow', 'tasks', 'run', 'penjadwalan', 'dapat_suhu', '2022-08-03T14:12:00+00:00', '--job-id', '1154', '--pool', 'default_pool', '--raw', '--subdir', 'DAGS_FOLDER/penjadwalan.py', '--cfg-path', '/tmp/tmpb20qvyx7']
[2022-08-03 14:14:01,889] {standard_task_runner.py:76} INFO - Job 1154: Subtask dapat_suhu
[2022-08-03 14:14:01,968] {logging_mixin.py:103} INFO - Running <TaskInstance: penjadwalan.dapat_suhu 2022-08-03T14:12:00+00:00 [running]> on host b4dcda255553
[2022-08-03 14:14:02,059] {taskinstance.py:1232} INFO - Exporting the following env vars:
AIRFLOW_CTX_DAG_OWNER=airflow
AIRFLOW_CTX_DAG_ID=penjadwalan
AIRFLOW_CTX_TASK_ID=dapat_suhu
AIRFLOW_CTX_EXECUTION_DATE=2022-08-03T14:12:00+00:00
AIRFLOW_CTX_DAG_RUN_ID=scheduled__2022-08-03T14:12:00+00:00
[2022-08-03 14:14:02,218] {logging_mixin.py:103} INFO - {'kota': 'Bali', 'cuaca': 'Clouds', 'cuaca_deskripsi': 'broken clouds', 'temperatur': 299.39, 'waktu': '2022-08-03T14:14:02.218101'}
[2022-08-03 14:14:02,384] {logging_mixin.py:103} INFO - {'kota': 'Lombok', 'cuaca': 'Clouds', 'cuaca_deskripsi': 'overcast clouds', 'temperatur': 294.33, 'waktu': '2022-08-03T14:14:02.384516'}
[2022-08-03 14:14:02,682] {logging_mixin.py:103} INFO - {'kota': 'Labuan Bajo', 'cuaca': 'Clouds', 'cuaca_deskripsi': 'overcast clouds', 'temperatur': 297.01, 'waktu': '2022-08-03T14:14:02.682583'}
[2022-08-03 14:14:02,870] {logging_mixin.py:103} INFO - {'kota': 'Bogor', 'cuaca': 'Clouds', 'cuaca_deskripsi': 'overcast clouds', 'temperatur': 293.6, 'waktu': '2022-08-03T14:14:02.870173'}
[2022-08-03 14:14:03,012] {logging_mixin.py:103} INFO - {'kota': 'Bandung', 'cuaca': 'Clouds', 'cuaca_deskripsi': 'broken clouds', 'temperatur': 293.99, 'waktu': '2022-08-03T14:14:03.012035'}
[2022-08-03 14:14:03,013] {python.py:118} INFO - Done. Returned value was: None
[2022-08-03 14:14:03,041] {taskinstance.py:1142} INFO - Marking task as SUCCESS. dag_id=penjadwalan, task_id=dapat_suhu, execution_date=20220803T141200, start_date=20220803T141401, end_date=20220803T141403
[2022-08-03 14:14:03,091] {taskinstance.py:1195} INFO - 0 downstream tasks scheduled from follow-on schedule check
[2022-08-03 14:14:03,104] {local_task_job.py:118} INFO - Task exited with return code 0
