[2022-08-03 16:48:00,676] {taskinstance.py:826} INFO - Dependencies all met for <TaskInstance: penjadwalan.dapat_suhu 2022-08-03T16:46:00+00:00 [queued]>
[2022-08-03 16:48:00,711] {taskinstance.py:826} INFO - Dependencies all met for <TaskInstance: penjadwalan.dapat_suhu 2022-08-03T16:46:00+00:00 [queued]>
[2022-08-03 16:48:00,712] {taskinstance.py:1017} INFO - 
--------------------------------------------------------------------------------
[2022-08-03 16:48:00,713] {taskinstance.py:1018} INFO - Starting attempt 1 of 1
[2022-08-03 16:48:00,713] {taskinstance.py:1019} INFO - 
--------------------------------------------------------------------------------
[2022-08-03 16:48:00,733] {taskinstance.py:1038} INFO - Executing <Task(PythonOperator): dapat_suhu> on 2022-08-03T16:46:00+00:00
[2022-08-03 16:48:00,738] {standard_task_runner.py:51} INFO - Started process 9730 to run task
[2022-08-03 16:48:00,745] {standard_task_runner.py:75} INFO - Running: ['airflow', 'tasks', 'run', 'penjadwalan', 'dapat_suhu', '2022-08-03T16:46:00+00:00', '--job-id', '1291', '--pool', 'default_pool', '--raw', '--subdir', 'DAGS_FOLDER/penjadwalan.py', '--cfg-path', '/tmp/tmp51ssrlz1']
[2022-08-03 16:48:00,750] {standard_task_runner.py:76} INFO - Job 1291: Subtask dapat_suhu
[2022-08-03 16:48:00,848] {logging_mixin.py:103} INFO - Running <TaskInstance: penjadwalan.dapat_suhu 2022-08-03T16:46:00+00:00 [running]> on host b4dcda255553
[2022-08-03 16:48:00,946] {taskinstance.py:1232} INFO - Exporting the following env vars:
AIRFLOW_CTX_DAG_OWNER=airflow
AIRFLOW_CTX_DAG_ID=penjadwalan
AIRFLOW_CTX_TASK_ID=dapat_suhu
AIRFLOW_CTX_EXECUTION_DATE=2022-08-03T16:46:00+00:00
AIRFLOW_CTX_DAG_RUN_ID=scheduled__2022-08-03T16:46:00+00:00
[2022-08-03 16:48:01,112] {logging_mixin.py:103} INFO - {'kota': 'Bali', 'cuaca': 'Clouds', 'cuaca_deskripsi': 'broken clouds', 'temperatur': 298.28, 'waktu': '2022-08-03T16:48:01.112507'}
[2022-08-03 16:48:01,299] {logging_mixin.py:103} INFO - {'kota': 'Lombok', 'cuaca': 'Clouds', 'cuaca_deskripsi': 'overcast clouds', 'temperatur': 293.9, 'waktu': '2022-08-03T16:48:01.299188'}
[2022-08-03 16:48:01,455] {logging_mixin.py:103} INFO - {'kota': 'Labuan Bajo', 'cuaca': 'Clouds', 'cuaca_deskripsi': 'broken clouds', 'temperatur': 296.52, 'waktu': '2022-08-03T16:48:01.454870'}
[2022-08-03 16:48:01,685] {logging_mixin.py:103} INFO - {'kota': 'Bogor', 'cuaca': 'Clouds', 'cuaca_deskripsi': 'overcast clouds', 'temperatur': 294.15, 'waktu': '2022-08-03T16:48:01.685124'}
[2022-08-03 16:48:01,837] {logging_mixin.py:103} INFO - {'kota': 'Bandung', 'cuaca': 'Clouds', 'cuaca_deskripsi': 'overcast clouds', 'temperatur': 293.62, 'waktu': '2022-08-03T16:48:01.837713'}
[2022-08-03 16:48:01,838] {python.py:118} INFO - Done. Returned value was: None
[2022-08-03 16:48:01,857] {taskinstance.py:1142} INFO - Marking task as SUCCESS. dag_id=penjadwalan, task_id=dapat_suhu, execution_date=20220803T164600, start_date=20220803T164800, end_date=20220803T164801
[2022-08-03 16:48:01,901] {taskinstance.py:1195} INFO - 0 downstream tasks scheduled from follow-on schedule check
[2022-08-03 16:48:01,920] {local_task_job.py:118} INFO - Task exited with return code 0
