[2022-08-03 14:18:01,143] {taskinstance.py:826} INFO - Dependencies all met for <TaskInstance: penjadwalan.dapat_suhu 2022-08-03T14:16:00+00:00 [queued]>
[2022-08-03 14:18:01,170] {taskinstance.py:826} INFO - Dependencies all met for <TaskInstance: penjadwalan.dapat_suhu 2022-08-03T14:16:00+00:00 [queued]>
[2022-08-03 14:18:01,171] {taskinstance.py:1017} INFO - 
--------------------------------------------------------------------------------
[2022-08-03 14:18:01,171] {taskinstance.py:1018} INFO - Starting attempt 1 of 1
[2022-08-03 14:18:01,172] {taskinstance.py:1019} INFO - 
--------------------------------------------------------------------------------
[2022-08-03 14:18:01,188] {taskinstance.py:1038} INFO - Executing <Task(PythonOperator): dapat_suhu> on 2022-08-03T14:16:00+00:00
[2022-08-03 14:18:01,193] {standard_task_runner.py:51} INFO - Started process 11983 to run task
[2022-08-03 14:18:01,198] {standard_task_runner.py:75} INFO - Running: ['airflow', 'tasks', 'run', 'penjadwalan', 'dapat_suhu', '2022-08-03T14:16:00+00:00', '--job-id', '1156', '--pool', 'default_pool', '--raw', '--subdir', 'DAGS_FOLDER/penjadwalan.py', '--cfg-path', '/tmp/tmp9k00tr3_']
[2022-08-03 14:18:01,202] {standard_task_runner.py:76} INFO - Job 1156: Subtask dapat_suhu
[2022-08-03 14:18:01,285] {logging_mixin.py:103} INFO - Running <TaskInstance: penjadwalan.dapat_suhu 2022-08-03T14:16:00+00:00 [running]> on host b4dcda255553
[2022-08-03 14:18:01,355] {taskinstance.py:1232} INFO - Exporting the following env vars:
AIRFLOW_CTX_DAG_OWNER=airflow
AIRFLOW_CTX_DAG_ID=penjadwalan
AIRFLOW_CTX_TASK_ID=dapat_suhu
AIRFLOW_CTX_EXECUTION_DATE=2022-08-03T14:16:00+00:00
AIRFLOW_CTX_DAG_RUN_ID=scheduled__2022-08-03T14:16:00+00:00
[2022-08-03 14:18:01,520] {logging_mixin.py:103} INFO - {'kota': 'Bali', 'cuaca': 'Clouds', 'cuaca_deskripsi': 'broken clouds', 'temperatur': 299.39, 'waktu': '2022-08-03T14:18:01.520474'}
[2022-08-03 14:18:01,681] {logging_mixin.py:103} INFO - {'kota': 'Lombok', 'cuaca': 'Clouds', 'cuaca_deskripsi': 'overcast clouds', 'temperatur': 294.33, 'waktu': '2022-08-03T14:18:01.681822'}
[2022-08-03 14:18:01,839] {logging_mixin.py:103} INFO - {'kota': 'Labuan Bajo', 'cuaca': 'Clouds', 'cuaca_deskripsi': 'overcast clouds', 'temperatur': 297.01, 'waktu': '2022-08-03T14:18:01.839038'}
[2022-08-03 14:18:01,978] {logging_mixin.py:103} INFO - {'kota': 'Bogor', 'cuaca': 'Clouds', 'cuaca_deskripsi': 'overcast clouds', 'temperatur': 293.6, 'waktu': '2022-08-03T14:18:01.978404'}
[2022-08-03 14:18:02,108] {logging_mixin.py:103} INFO - {'kota': 'Bandung', 'cuaca': 'Clouds', 'cuaca_deskripsi': 'broken clouds', 'temperatur': 293.99, 'waktu': '2022-08-03T14:18:02.108208'}
[2022-08-03 14:18:02,109] {python.py:118} INFO - Done. Returned value was: None
[2022-08-03 14:18:02,128] {taskinstance.py:1142} INFO - Marking task as SUCCESS. dag_id=penjadwalan, task_id=dapat_suhu, execution_date=20220803T141600, start_date=20220803T141801, end_date=20220803T141802
[2022-08-03 14:18:02,176] {taskinstance.py:1195} INFO - 0 downstream tasks scheduled from follow-on schedule check
[2022-08-03 14:18:02,212] {local_task_job.py:118} INFO - Task exited with return code 0
