[2022-08-03 12:22:00,466] {taskinstance.py:826} INFO - Dependencies all met for <TaskInstance: penjadwalan.dapat_suhu 2022-08-03T12:20:00+00:00 [queued]>
[2022-08-03 12:22:00,499] {taskinstance.py:826} INFO - Dependencies all met for <TaskInstance: penjadwalan.dapat_suhu 2022-08-03T12:20:00+00:00 [queued]>
[2022-08-03 12:22:00,500] {taskinstance.py:1017} INFO - 
--------------------------------------------------------------------------------
[2022-08-03 12:22:00,500] {taskinstance.py:1018} INFO - Starting attempt 1 of 1
[2022-08-03 12:22:00,501] {taskinstance.py:1019} INFO - 
--------------------------------------------------------------------------------
[2022-08-03 12:22:00,518] {taskinstance.py:1038} INFO - Executing <Task(PythonOperator): dapat_suhu> on 2022-08-03T12:20:00+00:00
[2022-08-03 12:22:00,522] {standard_task_runner.py:51} INFO - Started process 26898 to run task
[2022-08-03 12:22:00,528] {standard_task_runner.py:75} INFO - Running: ['airflow', 'tasks', 'run', 'penjadwalan', 'dapat_suhu', '2022-08-03T12:20:00+00:00', '--job-id', '1054', '--pool', 'default_pool', '--raw', '--subdir', 'DAGS_FOLDER/penjadwalan.py', '--cfg-path', '/tmp/tmpp9s1uqe_']
[2022-08-03 12:22:00,532] {standard_task_runner.py:76} INFO - Job 1054: Subtask dapat_suhu
[2022-08-03 12:22:00,613] {logging_mixin.py:103} INFO - Running <TaskInstance: penjadwalan.dapat_suhu 2022-08-03T12:20:00+00:00 [running]> on host b4dcda255553
[2022-08-03 12:22:00,694] {taskinstance.py:1232} INFO - Exporting the following env vars:
AIRFLOW_CTX_DAG_OWNER=airflow
AIRFLOW_CTX_DAG_ID=penjadwalan
AIRFLOW_CTX_TASK_ID=dapat_suhu
AIRFLOW_CTX_EXECUTION_DATE=2022-08-03T12:20:00+00:00
AIRFLOW_CTX_DAG_RUN_ID=scheduled__2022-08-03T12:20:00+00:00
[2022-08-03 12:22:00,846] {logging_mixin.py:103} INFO - {'kota': 'Bali', 'cuaca': 'Clouds', 'cuaca_deskripsi': 'overcast clouds', 'temperatur': 299.39, 'waktu': '2022-08-03T12:22:00.846082'}
[2022-08-03 12:22:00,969] {logging_mixin.py:103} INFO - {'kota': 'Lombok', 'cuaca': 'Rain', 'cuaca_deskripsi': 'light rain', 'temperatur': 294.54, 'waktu': '2022-08-03T12:22:00.968982'}
[2022-08-03 12:22:01,082] {logging_mixin.py:103} INFO - {'kota': 'Labuan Bajo', 'cuaca': 'Clouds', 'cuaca_deskripsi': 'overcast clouds', 'temperatur': 297.78, 'waktu': '2022-08-03T12:22:01.082131'}
[2022-08-03 12:22:01,201] {logging_mixin.py:103} INFO - {'kota': 'Bogor', 'cuaca': 'Clouds', 'cuaca_deskripsi': 'overcast clouds', 'temperatur': 296.38, 'waktu': '2022-08-03T12:22:01.201276'}
[2022-08-03 12:22:01,328] {logging_mixin.py:103} INFO - {'kota': 'Bandung', 'cuaca': 'Clouds', 'cuaca_deskripsi': 'broken clouds', 'temperatur': 294.44, 'waktu': '2022-08-03T12:22:01.327808'}
[2022-08-03 12:22:01,329] {python.py:118} INFO - Done. Returned value was: None
[2022-08-03 12:22:01,355] {taskinstance.py:1142} INFO - Marking task as SUCCESS. dag_id=penjadwalan, task_id=dapat_suhu, execution_date=20220803T122000, start_date=20220803T122200, end_date=20220803T122201
[2022-08-03 12:22:01,405] {taskinstance.py:1195} INFO - 0 downstream tasks scheduled from follow-on schedule check
[2022-08-03 12:22:01,423] {local_task_job.py:118} INFO - Task exited with return code 0
