[2022-08-03 13:46:01,259] {taskinstance.py:826} INFO - Dependencies all met for <TaskInstance: penjadwalan.dapat_suhu 2022-08-03T13:44:00+00:00 [queued]>
[2022-08-03 13:46:01,300] {taskinstance.py:826} INFO - Dependencies all met for <TaskInstance: penjadwalan.dapat_suhu 2022-08-03T13:44:00+00:00 [queued]>
[2022-08-03 13:46:01,302] {taskinstance.py:1017} INFO - 
--------------------------------------------------------------------------------
[2022-08-03 13:46:01,308] {taskinstance.py:1018} INFO - Starting attempt 1 of 1
[2022-08-03 13:46:01,309] {taskinstance.py:1019} INFO - 
--------------------------------------------------------------------------------
[2022-08-03 13:46:01,331] {taskinstance.py:1038} INFO - Executing <Task(PythonOperator): dapat_suhu> on 2022-08-03T13:44:00+00:00
[2022-08-03 13:46:01,339] {standard_task_runner.py:51} INFO - Started process 13010 to run task
[2022-08-03 13:46:01,350] {standard_task_runner.py:75} INFO - Running: ['airflow', 'tasks', 'run', 'penjadwalan', 'dapat_suhu', '2022-08-03T13:44:00+00:00', '--job-id', '1128', '--pool', 'default_pool', '--raw', '--subdir', 'DAGS_FOLDER/penjadwalan.py', '--cfg-path', '/tmp/tmpa3eiswjr']
[2022-08-03 13:46:01,356] {standard_task_runner.py:76} INFO - Job 1128: Subtask dapat_suhu
[2022-08-03 13:46:01,485] {logging_mixin.py:103} INFO - Running <TaskInstance: penjadwalan.dapat_suhu 2022-08-03T13:44:00+00:00 [running]> on host b4dcda255553
[2022-08-03 13:46:01,706] {taskinstance.py:1232} INFO - Exporting the following env vars:
AIRFLOW_CTX_DAG_OWNER=airflow
AIRFLOW_CTX_DAG_ID=penjadwalan
AIRFLOW_CTX_TASK_ID=dapat_suhu
AIRFLOW_CTX_EXECUTION_DATE=2022-08-03T13:44:00+00:00
AIRFLOW_CTX_DAG_RUN_ID=scheduled__2022-08-03T13:44:00+00:00
[2022-08-03 13:46:01,967] {logging_mixin.py:103} INFO - {'kota': 'Bali', 'cuaca': 'Clouds', 'cuaca_deskripsi': 'broken clouds', 'temperatur': 299.39, 'waktu': '2022-08-03T13:46:01.967300'}
[2022-08-03 13:46:02,625] {logging_mixin.py:103} INFO - {'kota': 'Lombok', 'cuaca': 'Clouds', 'cuaca_deskripsi': 'overcast clouds', 'temperatur': 294.33, 'waktu': '2022-08-03T13:46:02.625113'}
[2022-08-03 13:46:03,677] {logging_mixin.py:103} INFO - {'kota': 'Labuan Bajo', 'cuaca': 'Clouds', 'cuaca_deskripsi': 'overcast clouds', 'temperatur': 297.01, 'waktu': '2022-08-03T13:46:03.677490'}
[2022-08-03 13:46:03,881] {logging_mixin.py:103} INFO - {'kota': 'Bogor', 'cuaca': 'Clouds', 'cuaca_deskripsi': 'overcast clouds', 'temperatur': 294.71, 'waktu': '2022-08-03T13:46:03.881504'}
[2022-08-03 13:46:04,146] {logging_mixin.py:103} INFO - {'kota': 'Bandung', 'cuaca': 'Clouds', 'cuaca_deskripsi': 'broken clouds', 'temperatur': 293.99, 'waktu': '2022-08-03T13:46:04.146475'}
[2022-08-03 13:46:04,163] {python.py:118} INFO - Done. Returned value was: None
[2022-08-03 13:46:04,585] {taskinstance.py:1142} INFO - Marking task as SUCCESS. dag_id=penjadwalan, task_id=dapat_suhu, execution_date=20220803T134400, start_date=20220803T134601, end_date=20220803T134604
[2022-08-03 13:46:04,638] {taskinstance.py:1195} INFO - 0 downstream tasks scheduled from follow-on schedule check
[2022-08-03 13:46:04,688] {local_task_job.py:118} INFO - Task exited with return code 0
