[2022-08-03 16:34:01,528] {taskinstance.py:826} INFO - Dependencies all met for <TaskInstance: penjadwalan.dapat_suhu 2022-08-03T16:32:00+00:00 [queued]>
[2022-08-03 16:34:01,559] {taskinstance.py:826} INFO - Dependencies all met for <TaskInstance: penjadwalan.dapat_suhu 2022-08-03T16:32:00+00:00 [queued]>
[2022-08-03 16:34:01,559] {taskinstance.py:1017} INFO - 
--------------------------------------------------------------------------------
[2022-08-03 16:34:01,560] {taskinstance.py:1018} INFO - Starting attempt 1 of 1
[2022-08-03 16:34:01,561] {taskinstance.py:1019} INFO - 
--------------------------------------------------------------------------------
[2022-08-03 16:34:01,578] {taskinstance.py:1038} INFO - Executing <Task(PythonOperator): dapat_suhu> on 2022-08-03T16:32:00+00:00
[2022-08-03 16:34:01,585] {standard_task_runner.py:51} INFO - Started process 5238 to run task
[2022-08-03 16:34:01,593] {standard_task_runner.py:75} INFO - Running: ['airflow', 'tasks', 'run', 'penjadwalan', 'dapat_suhu', '2022-08-03T16:32:00+00:00', '--job-id', '1280', '--pool', 'default_pool', '--raw', '--subdir', 'DAGS_FOLDER/penjadwalan.py', '--cfg-path', '/tmp/tmpz3ba33x4']
[2022-08-03 16:34:01,597] {standard_task_runner.py:76} INFO - Job 1280: Subtask dapat_suhu
[2022-08-03 16:34:01,724] {logging_mixin.py:103} INFO - Running <TaskInstance: penjadwalan.dapat_suhu 2022-08-03T16:32:00+00:00 [running]> on host b4dcda255553
[2022-08-03 16:34:01,848] {taskinstance.py:1232} INFO - Exporting the following env vars:
AIRFLOW_CTX_DAG_OWNER=airflow
AIRFLOW_CTX_DAG_ID=penjadwalan
AIRFLOW_CTX_TASK_ID=dapat_suhu
AIRFLOW_CTX_EXECUTION_DATE=2022-08-03T16:32:00+00:00
AIRFLOW_CTX_DAG_RUN_ID=scheduled__2022-08-03T16:32:00+00:00
[2022-08-03 16:34:02,053] {logging_mixin.py:103} INFO - {'kota': 'Bali', 'cuaca': 'Clouds', 'cuaca_deskripsi': 'broken clouds', 'temperatur': 298.28, 'waktu': '2022-08-03T16:34:02.053514'}
[2022-08-03 16:34:02,345] {logging_mixin.py:103} INFO - {'kota': 'Lombok', 'cuaca': 'Clouds', 'cuaca_deskripsi': 'overcast clouds', 'temperatur': 293.9, 'waktu': '2022-08-03T16:34:02.344868'}
[2022-08-03 16:34:02,528] {logging_mixin.py:103} INFO - {'kota': 'Labuan Bajo', 'cuaca': 'Clouds', 'cuaca_deskripsi': 'broken clouds', 'temperatur': 296.52, 'waktu': '2022-08-03T16:34:02.528247'}
[2022-08-03 16:34:02,690] {logging_mixin.py:103} INFO - {'kota': 'Bogor', 'cuaca': 'Clouds', 'cuaca_deskripsi': 'overcast clouds', 'temperatur': 294.15, 'waktu': '2022-08-03T16:34:02.690354'}
[2022-08-03 16:34:02,968] {logging_mixin.py:103} INFO - {'kota': 'Bandung', 'cuaca': 'Clouds', 'cuaca_deskripsi': 'overcast clouds', 'temperatur': 293.62, 'waktu': '2022-08-03T16:34:02.968151'}
[2022-08-03 16:34:02,969] {python.py:118} INFO - Done. Returned value was: None
[2022-08-03 16:34:03,404] {taskinstance.py:1142} INFO - Marking task as SUCCESS. dag_id=penjadwalan, task_id=dapat_suhu, execution_date=20220803T163200, start_date=20220803T163401, end_date=20220803T163403
[2022-08-03 16:34:03,523] {taskinstance.py:1195} INFO - 0 downstream tasks scheduled from follow-on schedule check
[2022-08-03 16:34:03,533] {local_task_job.py:118} INFO - Task exited with return code 0
