[2022-08-03 13:28:01,410] {taskinstance.py:826} INFO - Dependencies all met for <TaskInstance: penjadwalan.dapat_suhu 2022-08-03T13:26:00+00:00 [queued]>
[2022-08-03 13:28:01,475] {taskinstance.py:826} INFO - Dependencies all met for <TaskInstance: penjadwalan.dapat_suhu 2022-08-03T13:26:00+00:00 [queued]>
[2022-08-03 13:28:01,476] {taskinstance.py:1017} INFO - 
--------------------------------------------------------------------------------
[2022-08-03 13:28:01,477] {taskinstance.py:1018} INFO - Starting attempt 1 of 1
[2022-08-03 13:28:01,479] {taskinstance.py:1019} INFO - 
--------------------------------------------------------------------------------
[2022-08-03 13:28:01,507] {taskinstance.py:1038} INFO - Executing <Task(PythonOperator): dapat_suhu> on 2022-08-03T13:26:00+00:00
[2022-08-03 13:28:01,513] {standard_task_runner.py:51} INFO - Started process 8753 to run task
[2022-08-03 13:28:01,521] {standard_task_runner.py:75} INFO - Running: ['airflow', 'tasks', 'run', 'penjadwalan', 'dapat_suhu', '2022-08-03T13:26:00+00:00', '--job-id', '1111', '--pool', 'default_pool', '--raw', '--subdir', 'DAGS_FOLDER/penjadwalan.py', '--cfg-path', '/tmp/tmpbsjojj6k']
[2022-08-03 13:28:01,532] {standard_task_runner.py:76} INFO - Job 1111: Subtask dapat_suhu
[2022-08-03 13:28:01,718] {logging_mixin.py:103} INFO - Running <TaskInstance: penjadwalan.dapat_suhu 2022-08-03T13:26:00+00:00 [running]> on host b4dcda255553
[2022-08-03 13:28:01,946] {taskinstance.py:1232} INFO - Exporting the following env vars:
AIRFLOW_CTX_DAG_OWNER=airflow
AIRFLOW_CTX_DAG_ID=penjadwalan
AIRFLOW_CTX_TASK_ID=dapat_suhu
AIRFLOW_CTX_EXECUTION_DATE=2022-08-03T13:26:00+00:00
AIRFLOW_CTX_DAG_RUN_ID=scheduled__2022-08-03T13:26:00+00:00
[2022-08-03 13:28:02,237] {logging_mixin.py:103} INFO - {'kota': 'Bali', 'cuaca': 'Clouds', 'cuaca_deskripsi': 'scattered clouds', 'temperatur': 299.39, 'waktu': '2022-08-03T13:28:02.236716'}
[2022-08-03 13:28:02,518] {logging_mixin.py:103} INFO - {'kota': 'Lombok', 'cuaca': 'Clouds', 'cuaca_deskripsi': 'overcast clouds', 'temperatur': 294.43, 'waktu': '2022-08-03T13:28:02.518513'}
[2022-08-03 13:28:02,773] {logging_mixin.py:103} INFO - {'kota': 'Labuan Bajo', 'cuaca': 'Clouds', 'cuaca_deskripsi': 'overcast clouds', 'temperatur': 297.41, 'waktu': '2022-08-03T13:28:02.772861'}
[2022-08-03 13:28:03,003] {logging_mixin.py:103} INFO - {'kota': 'Bogor', 'cuaca': 'Clouds', 'cuaca_deskripsi': 'overcast clouds', 'temperatur': 295.27, 'waktu': '2022-08-03T13:28:03.002931'}
[2022-08-03 13:28:03,270] {logging_mixin.py:103} INFO - {'kota': 'Bandung', 'cuaca': 'Clouds', 'cuaca_deskripsi': 'overcast clouds', 'temperatur': 294.11, 'waktu': '2022-08-03T13:28:03.268768'}
[2022-08-03 13:28:03,273] {python.py:118} INFO - Done. Returned value was: None
[2022-08-03 13:28:03,318] {taskinstance.py:1142} INFO - Marking task as SUCCESS. dag_id=penjadwalan, task_id=dapat_suhu, execution_date=20220803T132600, start_date=20220803T132801, end_date=20220803T132803
[2022-08-03 13:28:03,450] {taskinstance.py:1195} INFO - 0 downstream tasks scheduled from follow-on schedule check
[2022-08-03 13:28:03,488] {local_task_job.py:118} INFO - Task exited with return code 0
