[2022-08-03 16:18:06,867] {taskinstance.py:826} INFO - Dependencies all met for <TaskInstance: penjadwalan.dapat_suhu 2022-08-03T16:16:00+00:00 [queued]>
[2022-08-03 16:18:06,955] {taskinstance.py:826} INFO - Dependencies all met for <TaskInstance: penjadwalan.dapat_suhu 2022-08-03T16:16:00+00:00 [queued]>
[2022-08-03 16:18:06,956] {taskinstance.py:1017} INFO - 
--------------------------------------------------------------------------------
[2022-08-03 16:18:06,958] {taskinstance.py:1018} INFO - Starting attempt 1 of 1
[2022-08-03 16:18:06,958] {taskinstance.py:1019} INFO - 
--------------------------------------------------------------------------------
[2022-08-03 16:18:06,987] {taskinstance.py:1038} INFO - Executing <Task(PythonOperator): dapat_suhu> on 2022-08-03T16:16:00+00:00
[2022-08-03 16:18:06,994] {standard_task_runner.py:51} INFO - Started process 31771 to run task
[2022-08-03 16:18:07,002] {standard_task_runner.py:75} INFO - Running: ['airflow', 'tasks', 'run', 'penjadwalan', 'dapat_suhu', '2022-08-03T16:16:00+00:00', '--job-id', '1264', '--pool', 'default_pool', '--raw', '--subdir', 'DAGS_FOLDER/penjadwalan.py', '--cfg-path', '/tmp/tmp1d1mqlwo']
[2022-08-03 16:18:07,016] {standard_task_runner.py:76} INFO - Job 1264: Subtask dapat_suhu
[2022-08-03 16:18:07,144] {logging_mixin.py:103} INFO - Running <TaskInstance: penjadwalan.dapat_suhu 2022-08-03T16:16:00+00:00 [running]> on host b4dcda255553
[2022-08-03 16:18:07,282] {taskinstance.py:1232} INFO - Exporting the following env vars:
AIRFLOW_CTX_DAG_OWNER=airflow
AIRFLOW_CTX_DAG_ID=penjadwalan
AIRFLOW_CTX_TASK_ID=dapat_suhu
AIRFLOW_CTX_EXECUTION_DATE=2022-08-03T16:16:00+00:00
AIRFLOW_CTX_DAG_RUN_ID=scheduled__2022-08-03T16:16:00+00:00
[2022-08-03 16:18:07,625] {logging_mixin.py:103} INFO - {'kota': 'Bali', 'cuaca': 'Clouds', 'cuaca_deskripsi': 'broken clouds', 'temperatur': 298.28, 'waktu': '2022-08-03T16:18:07.625178'}
[2022-08-03 16:18:07,868] {logging_mixin.py:103} INFO - {'kota': 'Lombok', 'cuaca': 'Clouds', 'cuaca_deskripsi': 'overcast clouds', 'temperatur': 293.94, 'waktu': '2022-08-03T16:18:07.868218'}
[2022-08-03 16:18:08,106] {logging_mixin.py:103} INFO - {'kota': 'Labuan Bajo', 'cuaca': 'Clouds', 'cuaca_deskripsi': 'broken clouds', 'temperatur': 296.58, 'waktu': '2022-08-03T16:18:08.106498'}
[2022-08-03 16:18:08,256] {logging_mixin.py:103} INFO - {'kota': 'Bogor', 'cuaca': 'Clouds', 'cuaca_deskripsi': 'broken clouds', 'temperatur': 294.66, 'waktu': '2022-08-03T16:18:08.256398'}
[2022-08-03 16:18:08,408] {logging_mixin.py:103} INFO - {'kota': 'Bandung', 'cuaca': 'Clouds', 'cuaca_deskripsi': 'broken clouds', 'temperatur': 293.7, 'waktu': '2022-08-03T16:18:08.408419'}
[2022-08-03 16:18:08,409] {python.py:118} INFO - Done. Returned value was: None
[2022-08-03 16:18:08,464] {taskinstance.py:1142} INFO - Marking task as SUCCESS. dag_id=penjadwalan, task_id=dapat_suhu, execution_date=20220803T161600, start_date=20220803T161806, end_date=20220803T161808
[2022-08-03 16:18:08,546] {taskinstance.py:1195} INFO - 0 downstream tasks scheduled from follow-on schedule check
[2022-08-03 16:18:08,588] {local_task_job.py:118} INFO - Task exited with return code 0
