[2022-08-03 12:12:54,143] {taskinstance.py:826} INFO - Dependencies all met for <TaskInstance: penjadwalan.dapat_suhu 2022-08-03T10:52:00+00:00 [queued]>
[2022-08-03 12:12:54,183] {taskinstance.py:826} INFO - Dependencies all met for <TaskInstance: penjadwalan.dapat_suhu 2022-08-03T10:52:00+00:00 [queued]>
[2022-08-03 12:12:54,184] {taskinstance.py:1017} INFO - 
--------------------------------------------------------------------------------
[2022-08-03 12:12:54,184] {taskinstance.py:1018} INFO - Starting attempt 1 of 1
[2022-08-03 12:12:54,185] {taskinstance.py:1019} INFO - 
--------------------------------------------------------------------------------
[2022-08-03 12:12:54,220] {taskinstance.py:1038} INFO - Executing <Task(PythonOperator): dapat_suhu> on 2022-08-03T10:52:00+00:00
[2022-08-03 12:12:54,225] {standard_task_runner.py:51} INFO - Started process 748 to run task
[2022-08-03 12:12:54,233] {standard_task_runner.py:75} INFO - Running: ['airflow', 'tasks', 'run', 'penjadwalan', 'dapat_suhu', '2022-08-03T10:52:00+00:00', '--job-id', '1005', '--pool', 'default_pool', '--raw', '--subdir', 'DAGS_FOLDER/penjadwalan.py', '--cfg-path', '/tmp/tmpxfjaxz54']
[2022-08-03 12:12:54,240] {standard_task_runner.py:76} INFO - Job 1005: Subtask dapat_suhu
[2022-08-03 12:12:54,356] {logging_mixin.py:103} INFO - Running <TaskInstance: penjadwalan.dapat_suhu 2022-08-03T10:52:00+00:00 [running]> on host b4dcda255553
[2022-08-03 12:12:54,485] {taskinstance.py:1232} INFO - Exporting the following env vars:
AIRFLOW_CTX_DAG_OWNER=airflow
AIRFLOW_CTX_DAG_ID=penjadwalan
AIRFLOW_CTX_TASK_ID=dapat_suhu
AIRFLOW_CTX_EXECUTION_DATE=2022-08-03T10:52:00+00:00
AIRFLOW_CTX_DAG_RUN_ID=scheduled__2022-08-03T10:52:00+00:00
[2022-08-03 12:12:54,640] {logging_mixin.py:103} INFO - {'kota': 'Bali', 'cuaca': 'Clouds', 'cuaca_deskripsi': 'overcast clouds', 'temperatur': 299.39, 'waktu': '2022-08-03T12:12:54.639938'}
[2022-08-03 12:12:54,764] {logging_mixin.py:103} INFO - {'kota': 'Lombok', 'cuaca': 'Rain', 'cuaca_deskripsi': 'light rain', 'temperatur': 294.54, 'waktu': '2022-08-03T12:12:54.764593'}
[2022-08-03 12:12:54,888] {logging_mixin.py:103} INFO - {'kota': 'Labuan Bajo', 'cuaca': 'Clouds', 'cuaca_deskripsi': 'overcast clouds', 'temperatur': 297.78, 'waktu': '2022-08-03T12:12:54.887908'}
[2022-08-03 12:12:55,036] {logging_mixin.py:103} INFO - {'kota': 'Bogor', 'cuaca': 'Clouds', 'cuaca_deskripsi': 'overcast clouds', 'temperatur': 296.38, 'waktu': '2022-08-03T12:12:55.036312'}
[2022-08-03 12:12:55,177] {logging_mixin.py:103} INFO - {'kota': 'Bandung', 'cuaca': 'Clouds', 'cuaca_deskripsi': 'broken clouds', 'temperatur': 294.44, 'waktu': '2022-08-03T12:12:55.176670'}
[2022-08-03 12:12:55,178] {python.py:118} INFO - Done. Returned value was: None
[2022-08-03 12:12:55,205] {taskinstance.py:1142} INFO - Marking task as SUCCESS. dag_id=penjadwalan, task_id=dapat_suhu, execution_date=20220803T105200, start_date=20220803T121254, end_date=20220803T121255
[2022-08-03 12:12:55,312] {taskinstance.py:1195} INFO - 0 downstream tasks scheduled from follow-on schedule check
[2022-08-03 12:12:55,342] {local_task_job.py:118} INFO - Task exited with return code 0
