[2022-08-03 15:44:01,475] {taskinstance.py:826} INFO - Dependencies all met for <TaskInstance: penjadwalan.dapat_suhu 2022-08-03T15:42:00+00:00 [queued]>
[2022-08-03 15:44:01,519] {taskinstance.py:826} INFO - Dependencies all met for <TaskInstance: penjadwalan.dapat_suhu 2022-08-03T15:42:00+00:00 [queued]>
[2022-08-03 15:44:01,520] {taskinstance.py:1017} INFO - 
--------------------------------------------------------------------------------
[2022-08-03 15:44:01,520] {taskinstance.py:1018} INFO - Starting attempt 1 of 1
[2022-08-03 15:44:01,521] {taskinstance.py:1019} INFO - 
--------------------------------------------------------------------------------
[2022-08-03 15:44:01,548] {taskinstance.py:1038} INFO - Executing <Task(PythonOperator): dapat_suhu> on 2022-08-03T15:42:00+00:00
[2022-08-03 15:44:01,554] {standard_task_runner.py:51} INFO - Started process 5127 to run task
[2022-08-03 15:44:01,560] {standard_task_runner.py:75} INFO - Running: ['airflow', 'tasks', 'run', 'penjadwalan', 'dapat_suhu', '2022-08-03T15:42:00+00:00', '--job-id', '1235', '--pool', 'default_pool', '--raw', '--subdir', 'DAGS_FOLDER/penjadwalan.py', '--cfg-path', '/tmp/tmpyxsxutjo']
[2022-08-03 15:44:01,564] {standard_task_runner.py:76} INFO - Job 1235: Subtask dapat_suhu
[2022-08-03 15:44:01,664] {logging_mixin.py:103} INFO - Running <TaskInstance: penjadwalan.dapat_suhu 2022-08-03T15:42:00+00:00 [running]> on host b4dcda255553
[2022-08-03 15:44:01,771] {taskinstance.py:1232} INFO - Exporting the following env vars:
AIRFLOW_CTX_DAG_OWNER=airflow
AIRFLOW_CTX_DAG_ID=penjadwalan
AIRFLOW_CTX_TASK_ID=dapat_suhu
AIRFLOW_CTX_EXECUTION_DATE=2022-08-03T15:42:00+00:00
AIRFLOW_CTX_DAG_RUN_ID=scheduled__2022-08-03T15:42:00+00:00
[2022-08-03 15:44:01,967] {logging_mixin.py:103} INFO - {'kota': 'Bali', 'cuaca': 'Clouds', 'cuaca_deskripsi': 'broken clouds', 'temperatur': 298.28, 'waktu': '2022-08-03T15:44:01.967325'}
[2022-08-03 15:44:02,266] {logging_mixin.py:103} INFO - {'kota': 'Lombok', 'cuaca': 'Clouds', 'cuaca_deskripsi': 'overcast clouds', 'temperatur': 293.94, 'waktu': '2022-08-03T15:44:02.266258'}
[2022-08-03 15:44:02,464] {logging_mixin.py:103} INFO - {'kota': 'Labuan Bajo', 'cuaca': 'Clouds', 'cuaca_deskripsi': 'broken clouds', 'temperatur': 296.58, 'waktu': '2022-08-03T15:44:02.463856'}
[2022-08-03 15:44:02,638] {logging_mixin.py:103} INFO - {'kota': 'Bogor', 'cuaca': 'Clouds', 'cuaca_deskripsi': 'broken clouds', 'temperatur': 298.41, 'waktu': '2022-08-03T15:44:02.638534'}
[2022-08-03 15:44:02,834] {logging_mixin.py:103} INFO - {'kota': 'Bandung', 'cuaca': 'Clouds', 'cuaca_deskripsi': 'broken clouds', 'temperatur': 293.7, 'waktu': '2022-08-03T15:44:02.833956'}
[2022-08-03 15:44:02,835] {python.py:118} INFO - Done. Returned value was: None
[2022-08-03 15:44:02,884] {taskinstance.py:1142} INFO - Marking task as SUCCESS. dag_id=penjadwalan, task_id=dapat_suhu, execution_date=20220803T154200, start_date=20220803T154401, end_date=20220803T154402
[2022-08-03 15:44:03,573] {taskinstance.py:1195} INFO - 0 downstream tasks scheduled from follow-on schedule check
[2022-08-03 15:44:03,599] {local_task_job.py:118} INFO - Task exited with return code 0
