[2022-08-03 12:40:01,452] {taskinstance.py:826} INFO - Dependencies all met for <TaskInstance: penjadwalan.dapat_suhu 2022-08-03T12:38:00+00:00 [queued]>
[2022-08-03 12:40:01,498] {taskinstance.py:826} INFO - Dependencies all met for <TaskInstance: penjadwalan.dapat_suhu 2022-08-03T12:38:00+00:00 [queued]>
[2022-08-03 12:40:01,499] {taskinstance.py:1017} INFO - 
--------------------------------------------------------------------------------
[2022-08-03 12:40:01,500] {taskinstance.py:1018} INFO - Starting attempt 1 of 1
[2022-08-03 12:40:01,501] {taskinstance.py:1019} INFO - 
--------------------------------------------------------------------------------
[2022-08-03 12:40:01,528] {taskinstance.py:1038} INFO - Executing <Task(PythonOperator): dapat_suhu> on 2022-08-03T12:38:00+00:00
[2022-08-03 12:40:01,533] {standard_task_runner.py:51} INFO - Started process 5936 to run task
[2022-08-03 12:40:01,541] {standard_task_runner.py:75} INFO - Running: ['airflow', 'tasks', 'run', 'penjadwalan', 'dapat_suhu', '2022-08-03T12:38:00+00:00', '--job-id', '1067', '--pool', 'default_pool', '--raw', '--subdir', 'DAGS_FOLDER/penjadwalan.py', '--cfg-path', '/tmp/tmp4usggeim']
[2022-08-03 12:40:01,552] {standard_task_runner.py:76} INFO - Job 1067: Subtask dapat_suhu
[2022-08-03 12:40:01,655] {logging_mixin.py:103} INFO - Running <TaskInstance: penjadwalan.dapat_suhu 2022-08-03T12:38:00+00:00 [running]> on host b4dcda255553
[2022-08-03 12:40:01,736] {taskinstance.py:1232} INFO - Exporting the following env vars:
AIRFLOW_CTX_DAG_OWNER=airflow
AIRFLOW_CTX_DAG_ID=penjadwalan
AIRFLOW_CTX_TASK_ID=dapat_suhu
AIRFLOW_CTX_EXECUTION_DATE=2022-08-03T12:38:00+00:00
AIRFLOW_CTX_DAG_RUN_ID=scheduled__2022-08-03T12:38:00+00:00
[2022-08-03 12:40:01,911] {logging_mixin.py:103} INFO - {'kota': 'Bali', 'cuaca': 'Clouds', 'cuaca_deskripsi': 'scattered clouds', 'temperatur': 299.39, 'waktu': '2022-08-03T12:40:01.911184'}
[2022-08-03 12:40:02,087] {logging_mixin.py:103} INFO - {'kota': 'Lombok', 'cuaca': 'Rain', 'cuaca_deskripsi': 'moderate rain', 'temperatur': 294.43, 'waktu': '2022-08-03T12:40:02.087512'}
[2022-08-03 12:40:02,376] {logging_mixin.py:103} INFO - {'kota': 'Labuan Bajo', 'cuaca': 'Clouds', 'cuaca_deskripsi': 'overcast clouds', 'temperatur': 297.41, 'waktu': '2022-08-03T12:40:02.376818'}
[2022-08-03 12:40:02,517] {logging_mixin.py:103} INFO - {'kota': 'Bogor', 'cuaca': 'Clouds', 'cuaca_deskripsi': 'overcast clouds', 'temperatur': 295.82, 'waktu': '2022-08-03T12:40:02.517704'}
[2022-08-03 12:40:02,666] {logging_mixin.py:103} INFO - {'kota': 'Bandung', 'cuaca': 'Clouds', 'cuaca_deskripsi': 'overcast clouds', 'temperatur': 294.11, 'waktu': '2022-08-03T12:40:02.666107'}
[2022-08-03 12:40:02,668] {python.py:118} INFO - Done. Returned value was: None
[2022-08-03 12:40:02,699] {taskinstance.py:1142} INFO - Marking task as SUCCESS. dag_id=penjadwalan, task_id=dapat_suhu, execution_date=20220803T123800, start_date=20220803T124001, end_date=20220803T124002
[2022-08-03 12:40:02,769] {taskinstance.py:1195} INFO - 0 downstream tasks scheduled from follow-on schedule check
[2022-08-03 12:40:02,797] {local_task_job.py:118} INFO - Task exited with return code 0
