[2022-08-03 14:10:01,309] {taskinstance.py:826} INFO - Dependencies all met for <TaskInstance: penjadwalan.dapat_suhu 2022-08-03T14:08:00+00:00 [queued]>
[2022-08-03 14:10:01,340] {taskinstance.py:826} INFO - Dependencies all met for <TaskInstance: penjadwalan.dapat_suhu 2022-08-03T14:08:00+00:00 [queued]>
[2022-08-03 14:10:01,340] {taskinstance.py:1017} INFO - 
--------------------------------------------------------------------------------
[2022-08-03 14:10:01,341] {taskinstance.py:1018} INFO - Starting attempt 1 of 1
[2022-08-03 14:10:01,342] {taskinstance.py:1019} INFO - 
--------------------------------------------------------------------------------
[2022-08-03 14:10:01,361] {taskinstance.py:1038} INFO - Executing <Task(PythonOperator): dapat_suhu> on 2022-08-03T14:08:00+00:00
[2022-08-03 14:10:01,367] {standard_task_runner.py:51} INFO - Started process 16229 to run task
[2022-08-03 14:10:01,373] {standard_task_runner.py:75} INFO - Running: ['airflow', 'tasks', 'run', 'penjadwalan', 'dapat_suhu', '2022-08-03T14:08:00+00:00', '--job-id', '1148', '--pool', 'default_pool', '--raw', '--subdir', 'DAGS_FOLDER/penjadwalan.py', '--cfg-path', '/tmp/tmpqhuc9e4g']
[2022-08-03 14:10:01,378] {standard_task_runner.py:76} INFO - Job 1148: Subtask dapat_suhu
[2022-08-03 14:10:01,508] {logging_mixin.py:103} INFO - Running <TaskInstance: penjadwalan.dapat_suhu 2022-08-03T14:08:00+00:00 [running]> on host b4dcda255553
[2022-08-03 14:10:01,601] {taskinstance.py:1232} INFO - Exporting the following env vars:
AIRFLOW_CTX_DAG_OWNER=airflow
AIRFLOW_CTX_DAG_ID=penjadwalan
AIRFLOW_CTX_TASK_ID=dapat_suhu
AIRFLOW_CTX_EXECUTION_DATE=2022-08-03T14:08:00+00:00
AIRFLOW_CTX_DAG_RUN_ID=scheduled__2022-08-03T14:08:00+00:00
[2022-08-03 14:10:01,799] {logging_mixin.py:103} INFO - {'kota': 'Bali', 'cuaca': 'Clouds', 'cuaca_deskripsi': 'broken clouds', 'temperatur': 299.39, 'waktu': '2022-08-03T14:10:01.799749'}
[2022-08-03 14:10:01,931] {logging_mixin.py:103} INFO - {'kota': 'Lombok', 'cuaca': 'Clouds', 'cuaca_deskripsi': 'overcast clouds', 'temperatur': 294.33, 'waktu': '2022-08-03T14:10:01.931658'}
[2022-08-03 14:10:02,074] {logging_mixin.py:103} INFO - {'kota': 'Labuan Bajo', 'cuaca': 'Clouds', 'cuaca_deskripsi': 'overcast clouds', 'temperatur': 297.01, 'waktu': '2022-08-03T14:10:02.073808'}
[2022-08-03 14:10:02,248] {logging_mixin.py:103} INFO - {'kota': 'Bogor', 'cuaca': 'Clouds', 'cuaca_deskripsi': 'overcast clouds', 'temperatur': 294.16, 'waktu': '2022-08-03T14:10:02.248221'}
[2022-08-03 14:10:02,396] {logging_mixin.py:103} INFO - {'kota': 'Bandung', 'cuaca': 'Clouds', 'cuaca_deskripsi': 'broken clouds', 'temperatur': 293.99, 'waktu': '2022-08-03T14:10:02.396450'}
[2022-08-03 14:10:02,397] {python.py:118} INFO - Done. Returned value was: None
[2022-08-03 14:10:02,422] {taskinstance.py:1142} INFO - Marking task as SUCCESS. dag_id=penjadwalan, task_id=dapat_suhu, execution_date=20220803T140800, start_date=20220803T141001, end_date=20220803T141002
[2022-08-03 14:10:02,500] {taskinstance.py:1195} INFO - 0 downstream tasks scheduled from follow-on schedule check
[2022-08-03 14:10:02,556] {local_task_job.py:118} INFO - Task exited with return code 0
