[2022-08-03 14:20:01,079] {taskinstance.py:826} INFO - Dependencies all met for <TaskInstance: penjadwalan.dapat_suhu 2022-08-03T14:18:00+00:00 [queued]>
[2022-08-03 14:20:01,108] {taskinstance.py:826} INFO - Dependencies all met for <TaskInstance: penjadwalan.dapat_suhu 2022-08-03T14:18:00+00:00 [queued]>
[2022-08-03 14:20:01,108] {taskinstance.py:1017} INFO - 
--------------------------------------------------------------------------------
[2022-08-03 14:20:01,109] {taskinstance.py:1018} INFO - Starting attempt 1 of 1
[2022-08-03 14:20:01,109] {taskinstance.py:1019} INFO - 
--------------------------------------------------------------------------------
[2022-08-03 14:20:01,126] {taskinstance.py:1038} INFO - Executing <Task(PythonOperator): dapat_suhu> on 2022-08-03T14:18:00+00:00
[2022-08-03 14:20:01,130] {standard_task_runner.py:51} INFO - Started process 19083 to run task
[2022-08-03 14:20:01,136] {standard_task_runner.py:75} INFO - Running: ['airflow', 'tasks', 'run', 'penjadwalan', 'dapat_suhu', '2022-08-03T14:18:00+00:00', '--job-id', '1157', '--pool', 'default_pool', '--raw', '--subdir', 'DAGS_FOLDER/penjadwalan.py', '--cfg-path', '/tmp/tmplky4m1d2']
[2022-08-03 14:20:01,139] {standard_task_runner.py:76} INFO - Job 1157: Subtask dapat_suhu
[2022-08-03 14:20:01,213] {logging_mixin.py:103} INFO - Running <TaskInstance: penjadwalan.dapat_suhu 2022-08-03T14:18:00+00:00 [running]> on host b4dcda255553
[2022-08-03 14:20:01,294] {taskinstance.py:1232} INFO - Exporting the following env vars:
AIRFLOW_CTX_DAG_OWNER=airflow
AIRFLOW_CTX_DAG_ID=penjadwalan
AIRFLOW_CTX_TASK_ID=dapat_suhu
AIRFLOW_CTX_EXECUTION_DATE=2022-08-03T14:18:00+00:00
AIRFLOW_CTX_DAG_RUN_ID=scheduled__2022-08-03T14:18:00+00:00
[2022-08-03 14:20:01,581] {logging_mixin.py:103} INFO - {'kota': 'Bali', 'cuaca': 'Clouds', 'cuaca_deskripsi': 'broken clouds', 'temperatur': 298.28, 'waktu': '2022-08-03T14:20:01.581453'}
[2022-08-03 14:20:03,067] {logging_mixin.py:103} INFO - {'kota': 'Lombok', 'cuaca': 'Clouds', 'cuaca_deskripsi': 'overcast clouds', 'temperatur': 294.33, 'waktu': '2022-08-03T14:20:03.067449'}
[2022-08-03 14:20:03,220] {logging_mixin.py:103} INFO - {'kota': 'Labuan Bajo', 'cuaca': 'Clouds', 'cuaca_deskripsi': 'overcast clouds', 'temperatur': 297.01, 'waktu': '2022-08-03T14:20:03.220779'}
[2022-08-03 14:20:03,519] {logging_mixin.py:103} INFO - {'kota': 'Bogor', 'cuaca': 'Clouds', 'cuaca_deskripsi': 'overcast clouds', 'temperatur': 293.6, 'waktu': '2022-08-03T14:20:03.518724'}
[2022-08-03 14:20:03,668] {logging_mixin.py:103} INFO - {'kota': 'Bandung', 'cuaca': 'Clouds', 'cuaca_deskripsi': 'broken clouds', 'temperatur': 293.99, 'waktu': '2022-08-03T14:20:03.668287'}
[2022-08-03 14:20:03,669] {python.py:118} INFO - Done. Returned value was: None
[2022-08-03 14:20:03,691] {taskinstance.py:1142} INFO - Marking task as SUCCESS. dag_id=penjadwalan, task_id=dapat_suhu, execution_date=20220803T141800, start_date=20220803T142001, end_date=20220803T142003
[2022-08-03 14:20:03,741] {taskinstance.py:1195} INFO - 0 downstream tasks scheduled from follow-on schedule check
[2022-08-03 14:20:03,762] {local_task_job.py:118} INFO - Task exited with return code 0
