[2022-08-03 14:56:01,827] {taskinstance.py:826} INFO - Dependencies all met for <TaskInstance: penjadwalan.dapat_suhu 2022-08-03T14:54:00+00:00 [queued]>
[2022-08-03 14:56:01,860] {taskinstance.py:826} INFO - Dependencies all met for <TaskInstance: penjadwalan.dapat_suhu 2022-08-03T14:54:00+00:00 [queued]>
[2022-08-03 14:56:01,861] {taskinstance.py:1017} INFO - 
--------------------------------------------------------------------------------
[2022-08-03 14:56:01,862] {taskinstance.py:1018} INFO - Starting attempt 1 of 1
[2022-08-03 14:56:01,863] {taskinstance.py:1019} INFO - 
--------------------------------------------------------------------------------
[2022-08-03 14:56:01,882] {taskinstance.py:1038} INFO - Executing <Task(PythonOperator): dapat_suhu> on 2022-08-03T14:54:00+00:00
[2022-08-03 14:56:01,886] {standard_task_runner.py:51} INFO - Started process 27382 to run task
[2022-08-03 14:56:01,893] {standard_task_runner.py:75} INFO - Running: ['airflow', 'tasks', 'run', 'penjadwalan', 'dapat_suhu', '2022-08-03T14:54:00+00:00', '--job-id', '1191', '--pool', 'default_pool', '--raw', '--subdir', 'DAGS_FOLDER/penjadwalan.py', '--cfg-path', '/tmp/tmp97awrjmi']
[2022-08-03 14:56:01,898] {standard_task_runner.py:76} INFO - Job 1191: Subtask dapat_suhu
[2022-08-03 14:56:01,974] {logging_mixin.py:103} INFO - Running <TaskInstance: penjadwalan.dapat_suhu 2022-08-03T14:54:00+00:00 [running]> on host b4dcda255553
[2022-08-03 14:56:02,062] {taskinstance.py:1232} INFO - Exporting the following env vars:
AIRFLOW_CTX_DAG_OWNER=airflow
AIRFLOW_CTX_DAG_ID=penjadwalan
AIRFLOW_CTX_TASK_ID=dapat_suhu
AIRFLOW_CTX_EXECUTION_DATE=2022-08-03T14:54:00+00:00
AIRFLOW_CTX_DAG_RUN_ID=scheduled__2022-08-03T14:54:00+00:00
[2022-08-03 14:56:02,301] {logging_mixin.py:103} INFO - {'kota': 'Bali', 'cuaca': 'Clouds', 'cuaca_deskripsi': 'broken clouds', 'temperatur': 298.28, 'waktu': '2022-08-03T14:56:02.301316'}
[2022-08-03 14:56:02,451] {logging_mixin.py:103} INFO - {'kota': 'Lombok', 'cuaca': 'Clouds', 'cuaca_deskripsi': 'overcast clouds', 'temperatur': 294.17, 'waktu': '2022-08-03T14:56:02.450867'}
[2022-08-03 14:56:02,593] {logging_mixin.py:103} INFO - {'kota': 'Labuan Bajo', 'cuaca': 'Clouds', 'cuaca_deskripsi': 'broken clouds', 'temperatur': 296.75, 'waktu': '2022-08-03T14:56:02.592810'}
[2022-08-03 14:56:02,723] {logging_mixin.py:103} INFO - {'kota': 'Bogor', 'cuaca': 'Clouds', 'cuaca_deskripsi': 'overcast clouds', 'temperatur': 293.6, 'waktu': '2022-08-03T14:56:02.723183'}
[2022-08-03 14:56:02,895] {logging_mixin.py:103} INFO - {'kota': 'Bandung', 'cuaca': 'Clouds', 'cuaca_deskripsi': 'broken clouds', 'temperatur': 293.81, 'waktu': '2022-08-03T14:56:02.895763'}
[2022-08-03 14:56:02,896] {python.py:118} INFO - Done. Returned value was: None
[2022-08-03 14:56:02,938] {taskinstance.py:1142} INFO - Marking task as SUCCESS. dag_id=penjadwalan, task_id=dapat_suhu, execution_date=20220803T145400, start_date=20220803T145601, end_date=20220803T145602
[2022-08-03 14:56:03,011] {taskinstance.py:1195} INFO - 0 downstream tasks scheduled from follow-on schedule check
[2022-08-03 14:56:03,029] {local_task_job.py:118} INFO - Task exited with return code 0
