[2022-08-03 12:14:01,645] {taskinstance.py:826} INFO - Dependencies all met for <TaskInstance: penjadwalan.dapat_suhu 2022-08-03T12:12:00+00:00 [queued]>
[2022-08-03 12:14:02,459] {taskinstance.py:826} INFO - Dependencies all met for <TaskInstance: penjadwalan.dapat_suhu 2022-08-03T12:12:00+00:00 [queued]>
[2022-08-03 12:14:02,460] {taskinstance.py:1017} INFO - 
--------------------------------------------------------------------------------
[2022-08-03 12:14:02,460] {taskinstance.py:1018} INFO - Starting attempt 1 of 1
[2022-08-03 12:14:02,461] {taskinstance.py:1019} INFO - 
--------------------------------------------------------------------------------
[2022-08-03 12:14:02,479] {taskinstance.py:1038} INFO - Executing <Task(PythonOperator): dapat_suhu> on 2022-08-03T12:12:00+00:00
[2022-08-03 12:14:02,484] {standard_task_runner.py:51} INFO - Started process 3169 to run task
[2022-08-03 12:14:02,490] {standard_task_runner.py:75} INFO - Running: ['airflow', 'tasks', 'run', 'penjadwalan', 'dapat_suhu', '2022-08-03T12:12:00+00:00', '--job-id', '1046', '--pool', 'default_pool', '--raw', '--subdir', 'DAGS_FOLDER/penjadwalan.py', '--cfg-path', '/tmp/tmplwkc6eqg']
[2022-08-03 12:14:02,496] {standard_task_runner.py:76} INFO - Job 1046: Subtask dapat_suhu
[2022-08-03 12:14:02,564] {logging_mixin.py:103} INFO - Running <TaskInstance: penjadwalan.dapat_suhu 2022-08-03T12:12:00+00:00 [running]> on host b4dcda255553
[2022-08-03 12:14:02,636] {taskinstance.py:1232} INFO - Exporting the following env vars:
AIRFLOW_CTX_DAG_OWNER=airflow
AIRFLOW_CTX_DAG_ID=penjadwalan
AIRFLOW_CTX_TASK_ID=dapat_suhu
AIRFLOW_CTX_EXECUTION_DATE=2022-08-03T12:12:00+00:00
AIRFLOW_CTX_DAG_RUN_ID=scheduled__2022-08-03T12:12:00+00:00
[2022-08-03 12:14:02,772] {logging_mixin.py:103} INFO - {'kota': 'Bali', 'cuaca': 'Clouds', 'cuaca_deskripsi': 'overcast clouds', 'temperatur': 299.39, 'waktu': '2022-08-03T12:14:02.772421'}
[2022-08-03 12:14:02,902] {logging_mixin.py:103} INFO - {'kota': 'Lombok', 'cuaca': 'Rain', 'cuaca_deskripsi': 'light rain', 'temperatur': 294.54, 'waktu': '2022-08-03T12:14:02.902426'}
[2022-08-03 12:14:03,028] {logging_mixin.py:103} INFO - {'kota': 'Labuan Bajo', 'cuaca': 'Clouds', 'cuaca_deskripsi': 'overcast clouds', 'temperatur': 297.78, 'waktu': '2022-08-03T12:14:03.028657'}
[2022-08-03 12:14:03,150] {logging_mixin.py:103} INFO - {'kota': 'Bogor', 'cuaca': 'Clouds', 'cuaca_deskripsi': 'overcast clouds', 'temperatur': 296.38, 'waktu': '2022-08-03T12:14:03.149914'}
[2022-08-03 12:14:03,283] {logging_mixin.py:103} INFO - {'kota': 'Bandung', 'cuaca': 'Clouds', 'cuaca_deskripsi': 'broken clouds', 'temperatur': 294.44, 'waktu': '2022-08-03T12:14:03.283306'}
[2022-08-03 12:14:03,284] {python.py:118} INFO - Done. Returned value was: None
[2022-08-03 12:14:03,305] {taskinstance.py:1142} INFO - Marking task as SUCCESS. dag_id=penjadwalan, task_id=dapat_suhu, execution_date=20220803T121200, start_date=20220803T121401, end_date=20220803T121403
[2022-08-03 12:14:03,355] {taskinstance.py:1195} INFO - 0 downstream tasks scheduled from follow-on schedule check
[2022-08-03 12:14:03,394] {local_task_job.py:118} INFO - Task exited with return code 0
