[2022-08-03 12:13:23,876] {taskinstance.py:826} INFO - Dependencies all met for <TaskInstance: penjadwalan.dapat_suhu 2022-08-03T11:46:00+00:00 [queued]>
[2022-08-03 12:13:23,957] {taskinstance.py:826} INFO - Dependencies all met for <TaskInstance: penjadwalan.dapat_suhu 2022-08-03T11:46:00+00:00 [queued]>
[2022-08-03 12:13:23,958] {taskinstance.py:1017} INFO - 
--------------------------------------------------------------------------------
[2022-08-03 12:13:23,959] {taskinstance.py:1018} INFO - Starting attempt 1 of 1
[2022-08-03 12:13:23,960] {taskinstance.py:1019} INFO - 
--------------------------------------------------------------------------------
[2022-08-03 12:13:24,013] {taskinstance.py:1038} INFO - Executing <Task(PythonOperator): dapat_suhu> on 2022-08-03T11:46:00+00:00
[2022-08-03 12:13:24,017] {standard_task_runner.py:51} INFO - Started process 1684 to run task
[2022-08-03 12:13:24,034] {standard_task_runner.py:75} INFO - Running: ['airflow', 'tasks', 'run', 'penjadwalan', 'dapat_suhu', '2022-08-03T11:46:00+00:00', '--job-id', '1033', '--pool', 'default_pool', '--raw', '--subdir', 'DAGS_FOLDER/penjadwalan.py', '--cfg-path', '/tmp/tmp8a3mrzs0']
[2022-08-03 12:13:24,048] {standard_task_runner.py:76} INFO - Job 1033: Subtask dapat_suhu
[2022-08-03 12:13:25,957] {logging_mixin.py:103} INFO - Running <TaskInstance: penjadwalan.dapat_suhu 2022-08-03T11:46:00+00:00 [running]> on host b4dcda255553
[2022-08-03 12:13:26,198] {taskinstance.py:1232} INFO - Exporting the following env vars:
AIRFLOW_CTX_DAG_OWNER=airflow
AIRFLOW_CTX_DAG_ID=penjadwalan
AIRFLOW_CTX_TASK_ID=dapat_suhu
AIRFLOW_CTX_EXECUTION_DATE=2022-08-03T11:46:00+00:00
AIRFLOW_CTX_DAG_RUN_ID=scheduled__2022-08-03T11:46:00+00:00
[2022-08-03 12:13:26,431] {logging_mixin.py:103} INFO - {'kota': 'Bali', 'cuaca': 'Clouds', 'cuaca_deskripsi': 'overcast clouds', 'temperatur': 299.39, 'waktu': '2022-08-03T12:13:26.431209'}
[2022-08-03 12:13:26,569] {logging_mixin.py:103} INFO - {'kota': 'Lombok', 'cuaca': 'Rain', 'cuaca_deskripsi': 'light rain', 'temperatur': 294.54, 'waktu': '2022-08-03T12:13:26.568916'}
[2022-08-03 12:13:27,625] {logging_mixin.py:103} INFO - {'kota': 'Labuan Bajo', 'cuaca': 'Clouds', 'cuaca_deskripsi': 'overcast clouds', 'temperatur': 297.78, 'waktu': '2022-08-03T12:13:27.624970'}
[2022-08-03 12:13:28,417] {logging_mixin.py:103} INFO - {'kota': 'Bogor', 'cuaca': 'Clouds', 'cuaca_deskripsi': 'overcast clouds', 'temperatur': 296.38, 'waktu': '2022-08-03T12:13:28.417376'}
[2022-08-03 12:13:28,985] {logging_mixin.py:103} INFO - {'kota': 'Bandung', 'cuaca': 'Clouds', 'cuaca_deskripsi': 'broken clouds', 'temperatur': 294.44, 'waktu': '2022-08-03T12:13:28.985165'}
[2022-08-03 12:13:28,990] {python.py:118} INFO - Done. Returned value was: None
[2022-08-03 12:13:29,035] {taskinstance.py:1142} INFO - Marking task as SUCCESS. dag_id=penjadwalan, task_id=dapat_suhu, execution_date=20220803T114600, start_date=20220803T121323, end_date=20220803T121329
[2022-08-03 12:13:30,188] {local_task_job.py:170} WARNING - State of this instance has been externally set to success. Terminating instance.
[2022-08-03 12:13:30,207] {process_utils.py:95} INFO - Sending Signals.SIGTERM to GPID 1684
[2022-08-03 12:13:30,212] {taskinstance.py:1214} ERROR - Received SIGTERM. Terminating subprocesses.
[2022-08-03 12:13:30,233] {process_utils.py:61} INFO - Process psutil.Process(pid=1684, status='terminated', exitcode=1, started='12:13:23') (1684) terminated with exit code 1
[2022-08-03 12:13:30,237] {local_task_job.py:118} INFO - Task exited with return code 1
