[2022-08-03 12:30:01,304] {taskinstance.py:826} INFO - Dependencies all met for <TaskInstance: penjadwalan.dapat_suhu 2022-08-03T12:28:00+00:00 [queued]>
[2022-08-03 12:30:01,339] {taskinstance.py:826} INFO - Dependencies all met for <TaskInstance: penjadwalan.dapat_suhu 2022-08-03T12:28:00+00:00 [queued]>
[2022-08-03 12:30:01,340] {taskinstance.py:1017} INFO - 
--------------------------------------------------------------------------------
[2022-08-03 12:30:01,345] {taskinstance.py:1018} INFO - Starting attempt 1 of 1
[2022-08-03 12:30:01,346] {taskinstance.py:1019} INFO - 
--------------------------------------------------------------------------------
[2022-08-03 12:30:01,379] {taskinstance.py:1038} INFO - Executing <Task(PythonOperator): dapat_suhu> on 2022-08-03T12:28:00+00:00
[2022-08-03 12:30:01,387] {standard_task_runner.py:51} INFO - Started process 18662 to run task
[2022-08-03 12:30:01,405] {standard_task_runner.py:75} INFO - Running: ['airflow', 'tasks', 'run', 'penjadwalan', 'dapat_suhu', '2022-08-03T12:28:00+00:00', '--job-id', '1059', '--pool', 'default_pool', '--raw', '--subdir', 'DAGS_FOLDER/penjadwalan.py', '--cfg-path', '/tmp/tmpbzwc23m9']
[2022-08-03 12:30:01,411] {standard_task_runner.py:76} INFO - Job 1059: Subtask dapat_suhu
[2022-08-03 12:30:01,516] {logging_mixin.py:103} INFO - Running <TaskInstance: penjadwalan.dapat_suhu 2022-08-03T12:28:00+00:00 [running]> on host b4dcda255553
[2022-08-03 12:30:01,613] {taskinstance.py:1232} INFO - Exporting the following env vars:
AIRFLOW_CTX_DAG_OWNER=airflow
AIRFLOW_CTX_DAG_ID=penjadwalan
AIRFLOW_CTX_TASK_ID=dapat_suhu
AIRFLOW_CTX_EXECUTION_DATE=2022-08-03T12:28:00+00:00
AIRFLOW_CTX_DAG_RUN_ID=scheduled__2022-08-03T12:28:00+00:00
[2022-08-03 12:30:01,860] {logging_mixin.py:103} INFO - {'kota': 'Bali', 'cuaca': 'Clouds', 'cuaca_deskripsi': 'overcast clouds', 'temperatur': 299.39, 'waktu': '2022-08-03T12:30:01.860476'}
[2022-08-03 12:30:02,164] {logging_mixin.py:103} INFO - {'kota': 'Lombok', 'cuaca': 'Rain', 'cuaca_deskripsi': 'light rain', 'temperatur': 294.43, 'waktu': '2022-08-03T12:30:02.163874'}
[2022-08-03 12:30:02,362] {logging_mixin.py:103} INFO - {'kota': 'Labuan Bajo', 'cuaca': 'Clouds', 'cuaca_deskripsi': 'overcast clouds', 'temperatur': 297.78, 'waktu': '2022-08-03T12:30:02.362469'}
[2022-08-03 12:30:02,702] {logging_mixin.py:103} INFO - {'kota': 'Bogor', 'cuaca': 'Clouds', 'cuaca_deskripsi': 'overcast clouds', 'temperatur': 295.82, 'waktu': '2022-08-03T12:30:02.701922'}
[2022-08-03 12:30:02,898] {logging_mixin.py:103} INFO - {'kota': 'Bandung', 'cuaca': 'Clouds', 'cuaca_deskripsi': 'broken clouds', 'temperatur': 294.44, 'waktu': '2022-08-03T12:30:02.898259'}
[2022-08-03 12:30:02,899] {python.py:118} INFO - Done. Returned value was: None
[2022-08-03 12:30:02,929] {taskinstance.py:1142} INFO - Marking task as SUCCESS. dag_id=penjadwalan, task_id=dapat_suhu, execution_date=20220803T122800, start_date=20220803T123001, end_date=20220803T123002
[2022-08-03 12:30:03,004] {taskinstance.py:1195} INFO - 0 downstream tasks scheduled from follow-on schedule check
[2022-08-03 12:30:03,030] {local_task_job.py:118} INFO - Task exited with return code 0
