[2022-08-03 13:12:05,915] {taskinstance.py:826} INFO - Dependencies all met for <TaskInstance: penjadwalan.dapat_suhu 2022-08-03T13:10:00+00:00 [queued]>
[2022-08-03 13:12:06,048] {taskinstance.py:826} INFO - Dependencies all met for <TaskInstance: penjadwalan.dapat_suhu 2022-08-03T13:10:00+00:00 [queued]>
[2022-08-03 13:12:06,061] {taskinstance.py:1017} INFO - 
--------------------------------------------------------------------------------
[2022-08-03 13:12:06,069] {taskinstance.py:1018} INFO - Starting attempt 1 of 1
[2022-08-03 13:12:06,071] {taskinstance.py:1019} INFO - 
--------------------------------------------------------------------------------
[2022-08-03 13:12:06,113] {taskinstance.py:1038} INFO - Executing <Task(PythonOperator): dapat_suhu> on 2022-08-03T13:10:00+00:00
[2022-08-03 13:12:06,142] {standard_task_runner.py:51} INFO - Started process 15889 to run task
[2022-08-03 13:12:06,149] {standard_task_runner.py:75} INFO - Running: ['airflow', 'tasks', 'run', 'penjadwalan', 'dapat_suhu', '2022-08-03T13:10:00+00:00', '--job-id', '1099', '--pool', 'default_pool', '--raw', '--subdir', 'DAGS_FOLDER/penjadwalan.py', '--cfg-path', '/tmp/tmpa1ebiaxx']
[2022-08-03 13:12:06,175] {standard_task_runner.py:76} INFO - Job 1099: Subtask dapat_suhu
[2022-08-03 13:12:06,362] {logging_mixin.py:103} INFO - Running <TaskInstance: penjadwalan.dapat_suhu 2022-08-03T13:10:00+00:00 [running]> on host b4dcda255553
[2022-08-03 13:12:06,820] {taskinstance.py:1232} INFO - Exporting the following env vars:
AIRFLOW_CTX_DAG_OWNER=airflow
AIRFLOW_CTX_DAG_ID=penjadwalan
AIRFLOW_CTX_TASK_ID=dapat_suhu
AIRFLOW_CTX_EXECUTION_DATE=2022-08-03T13:10:00+00:00
AIRFLOW_CTX_DAG_RUN_ID=scheduled__2022-08-03T13:10:00+00:00
[2022-08-03 13:12:07,277] {logging_mixin.py:103} INFO - {'kota': 'Bali', 'cuaca': 'Clouds', 'cuaca_deskripsi': 'scattered clouds', 'temperatur': 299.39, 'waktu': '2022-08-03T13:12:07.277023'}
[2022-08-03 13:12:07,866] {logging_mixin.py:103} INFO - {'kota': 'Lombok', 'cuaca': 'Clouds', 'cuaca_deskripsi': 'overcast clouds', 'temperatur': 294.43, 'waktu': '2022-08-03T13:12:07.865890'}
[2022-08-03 13:12:08,753] {logging_mixin.py:103} INFO - {'kota': 'Labuan Bajo', 'cuaca': 'Clouds', 'cuaca_deskripsi': 'overcast clouds', 'temperatur': 297.41, 'waktu': '2022-08-03T13:12:08.753160'}
[2022-08-03 13:12:09,100] {logging_mixin.py:103} INFO - {'kota': 'Bogor', 'cuaca': 'Clouds', 'cuaca_deskripsi': 'overcast clouds', 'temperatur': 295.82, 'waktu': '2022-08-03T13:12:09.100275'}
[2022-08-03 13:12:09,495] {logging_mixin.py:103} INFO - {'kota': 'Bandung', 'cuaca': 'Clouds', 'cuaca_deskripsi': 'overcast clouds', 'temperatur': 294.11, 'waktu': '2022-08-03T13:12:09.494871'}
[2022-08-03 13:12:09,515] {python.py:118} INFO - Done. Returned value was: None
[2022-08-03 13:12:13,037] {taskinstance.py:1142} INFO - Marking task as SUCCESS. dag_id=penjadwalan, task_id=dapat_suhu, execution_date=20220803T131000, start_date=20220803T131205, end_date=20220803T131213
[2022-08-03 13:12:13,293] {taskinstance.py:1195} INFO - 0 downstream tasks scheduled from follow-on schedule check
[2022-08-03 13:12:13,369] {local_task_job.py:118} INFO - Task exited with return code 0
