[2022-08-03 16:24:04,912] {taskinstance.py:826} INFO - Dependencies all met for <TaskInstance: penjadwalan.dapat_suhu 2022-08-03T16:22:00+00:00 [queued]>
[2022-08-03 16:24:05,219] {taskinstance.py:826} INFO - Dependencies all met for <TaskInstance: penjadwalan.dapat_suhu 2022-08-03T16:22:00+00:00 [queued]>
[2022-08-03 16:24:05,222] {taskinstance.py:1017} INFO - 
--------------------------------------------------------------------------------
[2022-08-03 16:24:05,224] {taskinstance.py:1018} INFO - Starting attempt 1 of 1
[2022-08-03 16:24:05,225] {taskinstance.py:1019} INFO - 
--------------------------------------------------------------------------------
[2022-08-03 16:24:05,266] {taskinstance.py:1038} INFO - Executing <Task(PythonOperator): dapat_suhu> on 2022-08-03T16:22:00+00:00
[2022-08-03 16:24:05,280] {standard_task_runner.py:51} INFO - Started process 13124 to run task
[2022-08-03 16:24:05,290] {standard_task_runner.py:75} INFO - Running: ['airflow', 'tasks', 'run', 'penjadwalan', 'dapat_suhu', '2022-08-03T16:22:00+00:00', '--job-id', '1271', '--pool', 'default_pool', '--raw', '--subdir', 'DAGS_FOLDER/penjadwalan.py', '--cfg-path', '/tmp/tmp1s220j1_']
[2022-08-03 16:24:05,295] {standard_task_runner.py:76} INFO - Job 1271: Subtask dapat_suhu
[2022-08-03 16:24:05,393] {logging_mixin.py:103} INFO - Running <TaskInstance: penjadwalan.dapat_suhu 2022-08-03T16:22:00+00:00 [running]> on host b4dcda255553
[2022-08-03 16:24:05,486] {taskinstance.py:1232} INFO - Exporting the following env vars:
AIRFLOW_CTX_DAG_OWNER=airflow
AIRFLOW_CTX_DAG_ID=penjadwalan
AIRFLOW_CTX_TASK_ID=dapat_suhu
AIRFLOW_CTX_EXECUTION_DATE=2022-08-03T16:22:00+00:00
AIRFLOW_CTX_DAG_RUN_ID=scheduled__2022-08-03T16:22:00+00:00
[2022-08-03 16:24:06,268] {logging_mixin.py:103} INFO - {'kota': 'Bali', 'cuaca': 'Clouds', 'cuaca_deskripsi': 'broken clouds', 'temperatur': 298.28, 'waktu': '2022-08-03T16:24:06.268513'}
[2022-08-03 16:24:06,449] {logging_mixin.py:103} INFO - {'kota': 'Lombok', 'cuaca': 'Clouds', 'cuaca_deskripsi': 'overcast clouds', 'temperatur': 293.94, 'waktu': '2022-08-03T16:24:06.448943'}
[2022-08-03 16:24:06,684] {logging_mixin.py:103} INFO - {'kota': 'Labuan Bajo', 'cuaca': 'Clouds', 'cuaca_deskripsi': 'broken clouds', 'temperatur': 296.58, 'waktu': '2022-08-03T16:24:06.684549'}
[2022-08-03 16:24:06,828] {logging_mixin.py:103} INFO - {'kota': 'Bogor', 'cuaca': 'Clouds', 'cuaca_deskripsi': 'broken clouds', 'temperatur': 299.76, 'waktu': '2022-08-03T16:24:06.828042'}
[2022-08-03 16:24:06,969] {logging_mixin.py:103} INFO - {'kota': 'Bandung', 'cuaca': 'Clouds', 'cuaca_deskripsi': 'broken clouds', 'temperatur': 293.7, 'waktu': '2022-08-03T16:24:06.969229'}
[2022-08-03 16:24:06,970] {python.py:118} INFO - Done. Returned value was: None
[2022-08-03 16:24:07,010] {taskinstance.py:1142} INFO - Marking task as SUCCESS. dag_id=penjadwalan, task_id=dapat_suhu, execution_date=20220803T162200, start_date=20220803T162404, end_date=20220803T162407
[2022-08-03 16:24:07,293] {taskinstance.py:1195} INFO - 0 downstream tasks scheduled from follow-on schedule check
[2022-08-03 16:24:07,311] {local_task_job.py:118} INFO - Task exited with return code 0
