[2022-08-03 14:46:01,425] {taskinstance.py:826} INFO - Dependencies all met for <TaskInstance: penjadwalan.dapat_suhu 2022-08-03T14:44:00+00:00 [queued]>
[2022-08-03 14:46:01,463] {taskinstance.py:826} INFO - Dependencies all met for <TaskInstance: penjadwalan.dapat_suhu 2022-08-03T14:44:00+00:00 [queued]>
[2022-08-03 14:46:01,464] {taskinstance.py:1017} INFO - 
--------------------------------------------------------------------------------
[2022-08-03 14:46:01,465] {taskinstance.py:1018} INFO - Starting attempt 1 of 1
[2022-08-03 14:46:01,466] {taskinstance.py:1019} INFO - 
--------------------------------------------------------------------------------
[2022-08-03 14:46:01,484] {taskinstance.py:1038} INFO - Executing <Task(PythonOperator): dapat_suhu> on 2022-08-03T14:44:00+00:00
[2022-08-03 14:46:01,489] {standard_task_runner.py:51} INFO - Started process 32145 to run task
[2022-08-03 14:46:01,495] {standard_task_runner.py:75} INFO - Running: ['airflow', 'tasks', 'run', 'penjadwalan', 'dapat_suhu', '2022-08-03T14:44:00+00:00', '--job-id', '1182', '--pool', 'default_pool', '--raw', '--subdir', 'DAGS_FOLDER/penjadwalan.py', '--cfg-path', '/tmp/tmpkt8gx7ka']
[2022-08-03 14:46:01,499] {standard_task_runner.py:76} INFO - Job 1182: Subtask dapat_suhu
[2022-08-03 14:46:01,579] {logging_mixin.py:103} INFO - Running <TaskInstance: penjadwalan.dapat_suhu 2022-08-03T14:44:00+00:00 [running]> on host b4dcda255553
[2022-08-03 14:46:01,723] {taskinstance.py:1232} INFO - Exporting the following env vars:
AIRFLOW_CTX_DAG_OWNER=airflow
AIRFLOW_CTX_DAG_ID=penjadwalan
AIRFLOW_CTX_TASK_ID=dapat_suhu
AIRFLOW_CTX_EXECUTION_DATE=2022-08-03T14:44:00+00:00
AIRFLOW_CTX_DAG_RUN_ID=scheduled__2022-08-03T14:44:00+00:00
[2022-08-03 14:46:01,882] {logging_mixin.py:103} INFO - {'kota': 'Bali', 'cuaca': 'Clouds', 'cuaca_deskripsi': 'broken clouds', 'temperatur': 298.28, 'waktu': '2022-08-03T14:46:01.882400'}
[2022-08-03 14:46:02,021] {logging_mixin.py:103} INFO - {'kota': 'Lombok', 'cuaca': 'Clouds', 'cuaca_deskripsi': 'overcast clouds', 'temperatur': 294.17, 'waktu': '2022-08-03T14:46:02.021190'}
[2022-08-03 14:46:02,203] {logging_mixin.py:103} INFO - {'kota': 'Labuan Bajo', 'cuaca': 'Clouds', 'cuaca_deskripsi': 'broken clouds', 'temperatur': 296.75, 'waktu': '2022-08-03T14:46:02.203315'}
[2022-08-03 14:46:02,364] {logging_mixin.py:103} INFO - {'kota': 'Bogor', 'cuaca': 'Clouds', 'cuaca_deskripsi': 'overcast clouds', 'temperatur': 293.6, 'waktu': '2022-08-03T14:46:02.364635'}
[2022-08-03 14:46:02,565] {logging_mixin.py:103} INFO - {'kota': 'Bandung', 'cuaca': 'Clouds', 'cuaca_deskripsi': 'broken clouds', 'temperatur': 293.81, 'waktu': '2022-08-03T14:46:02.565229'}
[2022-08-03 14:46:02,566] {python.py:118} INFO - Done. Returned value was: None
[2022-08-03 14:46:02,616] {taskinstance.py:1142} INFO - Marking task as SUCCESS. dag_id=penjadwalan, task_id=dapat_suhu, execution_date=20220803T144400, start_date=20220803T144601, end_date=20220803T144602
[2022-08-03 14:46:02,698] {taskinstance.py:1195} INFO - 0 downstream tasks scheduled from follow-on schedule check
[2022-08-03 14:46:02,714] {local_task_job.py:118} INFO - Task exited with return code 0
