[2022-08-03 14:00:00,655] {taskinstance.py:826} INFO - Dependencies all met for <TaskInstance: penjadwalan.dapat_suhu 2022-08-03T13:58:00+00:00 [queued]>
[2022-08-03 14:00:00,690] {taskinstance.py:826} INFO - Dependencies all met for <TaskInstance: penjadwalan.dapat_suhu 2022-08-03T13:58:00+00:00 [queued]>
[2022-08-03 14:00:00,691] {taskinstance.py:1017} INFO - 
--------------------------------------------------------------------------------
[2022-08-03 14:00:00,691] {taskinstance.py:1018} INFO - Starting attempt 1 of 1
[2022-08-03 14:00:00,692] {taskinstance.py:1019} INFO - 
--------------------------------------------------------------------------------
[2022-08-03 14:00:00,712] {taskinstance.py:1038} INFO - Executing <Task(PythonOperator): dapat_suhu> on 2022-08-03T13:58:00+00:00
[2022-08-03 14:00:00,718] {standard_task_runner.py:51} INFO - Started process 11778 to run task
[2022-08-03 14:00:00,724] {standard_task_runner.py:75} INFO - Running: ['airflow', 'tasks', 'run', 'penjadwalan', 'dapat_suhu', '2022-08-03T13:58:00+00:00', '--job-id', '1140', '--pool', 'default_pool', '--raw', '--subdir', 'DAGS_FOLDER/penjadwalan.py', '--cfg-path', '/tmp/tmpyyu0tr1o']
[2022-08-03 14:00:00,728] {standard_task_runner.py:76} INFO - Job 1140: Subtask dapat_suhu
[2022-08-03 14:00:00,839] {logging_mixin.py:103} INFO - Running <TaskInstance: penjadwalan.dapat_suhu 2022-08-03T13:58:00+00:00 [running]> on host b4dcda255553
[2022-08-03 14:00:00,940] {taskinstance.py:1232} INFO - Exporting the following env vars:
AIRFLOW_CTX_DAG_OWNER=airflow
AIRFLOW_CTX_DAG_ID=penjadwalan
AIRFLOW_CTX_TASK_ID=dapat_suhu
AIRFLOW_CTX_EXECUTION_DATE=2022-08-03T13:58:00+00:00
AIRFLOW_CTX_DAG_RUN_ID=scheduled__2022-08-03T13:58:00+00:00
[2022-08-03 14:00:01,132] {logging_mixin.py:103} INFO - {'kota': 'Bali', 'cuaca': 'Clouds', 'cuaca_deskripsi': 'broken clouds', 'temperatur': 299.39, 'waktu': '2022-08-03T14:00:01.132316'}
[2022-08-03 14:00:01,642] {logging_mixin.py:103} INFO - {'kota': 'Lombok', 'cuaca': 'Clouds', 'cuaca_deskripsi': 'overcast clouds', 'temperatur': 294.33, 'waktu': '2022-08-03T14:00:01.642411'}
[2022-08-03 14:00:02,150] {logging_mixin.py:103} INFO - {'kota': 'Labuan Bajo', 'cuaca': 'Clouds', 'cuaca_deskripsi': 'overcast clouds', 'temperatur': 297.01, 'waktu': '2022-08-03T14:00:02.150513'}
[2022-08-03 14:00:02,293] {logging_mixin.py:103} INFO - {'kota': 'Bogor', 'cuaca': 'Clouds', 'cuaca_deskripsi': 'overcast clouds', 'temperatur': 294.16, 'waktu': '2022-08-03T14:00:02.293499'}
[2022-08-03 14:00:02,437] {logging_mixin.py:103} INFO - {'kota': 'Bandung', 'cuaca': 'Clouds', 'cuaca_deskripsi': 'broken clouds', 'temperatur': 293.99, 'waktu': '2022-08-03T14:00:02.437465'}
[2022-08-03 14:00:02,438] {python.py:118} INFO - Done. Returned value was: None
[2022-08-03 14:00:02,474] {taskinstance.py:1142} INFO - Marking task as SUCCESS. dag_id=penjadwalan, task_id=dapat_suhu, execution_date=20220803T135800, start_date=20220803T140000, end_date=20220803T140002
[2022-08-03 14:00:02,532] {taskinstance.py:1195} INFO - 0 downstream tasks scheduled from follow-on schedule check
[2022-08-03 14:00:02,543] {local_task_job.py:118} INFO - Task exited with return code 0
