[2022-08-03 12:13:02,392] {taskinstance.py:826} INFO - Dependencies all met for <TaskInstance: penjadwalan.dapat_suhu 2022-08-03T11:16:00+00:00 [queued]>
[2022-08-03 12:13:02,486] {taskinstance.py:826} INFO - Dependencies all met for <TaskInstance: penjadwalan.dapat_suhu 2022-08-03T11:16:00+00:00 [queued]>
[2022-08-03 12:13:02,488] {taskinstance.py:1017} INFO - 
--------------------------------------------------------------------------------
[2022-08-03 12:13:02,489] {taskinstance.py:1018} INFO - Starting attempt 1 of 1
[2022-08-03 12:13:02,490] {taskinstance.py:1019} INFO - 
--------------------------------------------------------------------------------
[2022-08-03 12:13:02,570] {taskinstance.py:1038} INFO - Executing <Task(PythonOperator): dapat_suhu> on 2022-08-03T11:16:00+00:00
[2022-08-03 12:13:02,585] {standard_task_runner.py:51} INFO - Started process 1342 to run task
[2022-08-03 12:13:02,616] {standard_task_runner.py:75} INFO - Running: ['airflow', 'tasks', 'run', 'penjadwalan', 'dapat_suhu', '2022-08-03T11:16:00+00:00', '--job-id', '1018', '--pool', 'default_pool', '--raw', '--subdir', 'DAGS_FOLDER/penjadwalan.py', '--cfg-path', '/tmp/tmp2lgpsvs9']
[2022-08-03 12:13:02,627] {standard_task_runner.py:76} INFO - Job 1018: Subtask dapat_suhu
[2022-08-03 12:13:02,947] {logging_mixin.py:103} INFO - Running <TaskInstance: penjadwalan.dapat_suhu 2022-08-03T11:16:00+00:00 [running]> on host b4dcda255553
[2022-08-03 12:13:05,662] {taskinstance.py:1232} INFO - Exporting the following env vars:
AIRFLOW_CTX_DAG_OWNER=airflow
AIRFLOW_CTX_DAG_ID=penjadwalan
AIRFLOW_CTX_TASK_ID=dapat_suhu
AIRFLOW_CTX_EXECUTION_DATE=2022-08-03T11:16:00+00:00
AIRFLOW_CTX_DAG_RUN_ID=scheduled__2022-08-03T11:16:00+00:00
[2022-08-03 12:13:06,464] {logging_mixin.py:103} INFO - {'kota': 'Bali', 'cuaca': 'Clouds', 'cuaca_deskripsi': 'overcast clouds', 'temperatur': 299.39, 'waktu': '2022-08-03T12:13:06.463888'}
[2022-08-03 12:13:06,662] {logging_mixin.py:103} INFO - {'kota': 'Lombok', 'cuaca': 'Rain', 'cuaca_deskripsi': 'light rain', 'temperatur': 294.54, 'waktu': '2022-08-03T12:13:06.662210'}
[2022-08-03 12:13:06,825] {logging_mixin.py:103} INFO - {'kota': 'Labuan Bajo', 'cuaca': 'Clouds', 'cuaca_deskripsi': 'overcast clouds', 'temperatur': 297.78, 'waktu': '2022-08-03T12:13:06.824952'}
[2022-08-03 12:13:07,030] {logging_mixin.py:103} INFO - {'kota': 'Bogor', 'cuaca': 'Clouds', 'cuaca_deskripsi': 'overcast clouds', 'temperatur': 296.38, 'waktu': '2022-08-03T12:13:07.030486'}
[2022-08-03 12:13:07,355] {logging_mixin.py:103} INFO - {'kota': 'Bandung', 'cuaca': 'Clouds', 'cuaca_deskripsi': 'broken clouds', 'temperatur': 294.44, 'waktu': '2022-08-03T12:13:07.355146'}
[2022-08-03 12:13:07,359] {python.py:118} INFO - Done. Returned value was: None
[2022-08-03 12:13:07,430] {taskinstance.py:1142} INFO - Marking task as SUCCESS. dag_id=penjadwalan, task_id=dapat_suhu, execution_date=20220803T111600, start_date=20220803T121302, end_date=20220803T121307
[2022-08-03 12:13:11,382] {taskinstance.py:1195} INFO - 0 downstream tasks scheduled from follow-on schedule check
[2022-08-03 12:13:11,427] {local_task_job.py:118} INFO - Task exited with return code 0
