[2022-08-03 12:13:33,128] {taskinstance.py:826} INFO - Dependencies all met for <TaskInstance: penjadwalan.dapat_suhu 2022-08-03T12:06:00+00:00 [queued]>
[2022-08-03 12:13:33,274] {taskinstance.py:826} INFO - Dependencies all met for <TaskInstance: penjadwalan.dapat_suhu 2022-08-03T12:06:00+00:00 [queued]>
[2022-08-03 12:13:33,279] {taskinstance.py:1017} INFO - 
--------------------------------------------------------------------------------
[2022-08-03 12:13:33,280] {taskinstance.py:1018} INFO - Starting attempt 1 of 1
[2022-08-03 12:13:33,282] {taskinstance.py:1019} INFO - 
--------------------------------------------------------------------------------
[2022-08-03 12:13:33,356] {taskinstance.py:1038} INFO - Executing <Task(PythonOperator): dapat_suhu> on 2022-08-03T12:06:00+00:00
[2022-08-03 12:13:33,375] {standard_task_runner.py:51} INFO - Started process 1809 to run task
[2022-08-03 12:13:33,415] {standard_task_runner.py:75} INFO - Running: ['airflow', 'tasks', 'run', 'penjadwalan', 'dapat_suhu', '2022-08-03T12:06:00+00:00', '--job-id', '1043', '--pool', 'default_pool', '--raw', '--subdir', 'DAGS_FOLDER/penjadwalan.py', '--cfg-path', '/tmp/tmpj4r2k7ed']
[2022-08-03 12:13:33,431] {standard_task_runner.py:76} INFO - Job 1043: Subtask dapat_suhu
[2022-08-03 12:13:33,649] {logging_mixin.py:103} INFO - Running <TaskInstance: penjadwalan.dapat_suhu 2022-08-03T12:06:00+00:00 [running]> on host b4dcda255553
[2022-08-03 12:13:33,943] {taskinstance.py:1232} INFO - Exporting the following env vars:
AIRFLOW_CTX_DAG_OWNER=airflow
AIRFLOW_CTX_DAG_ID=penjadwalan
AIRFLOW_CTX_TASK_ID=dapat_suhu
AIRFLOW_CTX_EXECUTION_DATE=2022-08-03T12:06:00+00:00
AIRFLOW_CTX_DAG_RUN_ID=scheduled__2022-08-03T12:06:00+00:00
[2022-08-03 12:13:34,138] {logging_mixin.py:103} INFO - {'kota': 'Bali', 'cuaca': 'Clouds', 'cuaca_deskripsi': 'overcast clouds', 'temperatur': 299.39, 'waktu': '2022-08-03T12:13:34.137729'}
[2022-08-03 12:13:34,314] {logging_mixin.py:103} INFO - {'kota': 'Lombok', 'cuaca': 'Rain', 'cuaca_deskripsi': 'light rain', 'temperatur': 294.54, 'waktu': '2022-08-03T12:13:34.314583'}
[2022-08-03 12:13:34,481] {logging_mixin.py:103} INFO - {'kota': 'Labuan Bajo', 'cuaca': 'Clouds', 'cuaca_deskripsi': 'overcast clouds', 'temperatur': 297.78, 'waktu': '2022-08-03T12:13:34.481275'}
[2022-08-03 12:13:34,634] {logging_mixin.py:103} INFO - {'kota': 'Bogor', 'cuaca': 'Clouds', 'cuaca_deskripsi': 'overcast clouds', 'temperatur': 296.38, 'waktu': '2022-08-03T12:13:34.634530'}
[2022-08-03 12:13:34,783] {logging_mixin.py:103} INFO - {'kota': 'Bandung', 'cuaca': 'Clouds', 'cuaca_deskripsi': 'broken clouds', 'temperatur': 294.44, 'waktu': '2022-08-03T12:13:34.783374'}
[2022-08-03 12:13:34,784] {python.py:118} INFO - Done. Returned value was: None
[2022-08-03 12:13:34,810] {taskinstance.py:1142} INFO - Marking task as SUCCESS. dag_id=penjadwalan, task_id=dapat_suhu, execution_date=20220803T120600, start_date=20220803T121333, end_date=20220803T121334
[2022-08-03 12:13:34,904] {taskinstance.py:1195} INFO - 0 downstream tasks scheduled from follow-on schedule check
[2022-08-03 12:13:34,971] {local_task_job.py:118} INFO - Task exited with return code 0
