[2022-08-03 12:59:10,500] {taskinstance.py:826} INFO - Dependencies all met for <TaskInstance: penjadwalan.dapat_suhu 2022-08-03T12:56:00+00:00 [queued]>
[2022-08-03 12:59:25,017] {taskinstance.py:826} INFO - Dependencies all met for <TaskInstance: penjadwalan.dapat_suhu 2022-08-03T12:56:00+00:00 [queued]>
[2022-08-03 12:59:25,026] {taskinstance.py:1017} INFO - 
--------------------------------------------------------------------------------
[2022-08-03 12:59:25,032] {taskinstance.py:1018} INFO - Starting attempt 1 of 1
[2022-08-03 12:59:25,110] {taskinstance.py:1019} INFO - 
--------------------------------------------------------------------------------
[2022-08-03 12:59:48,146] {taskinstance.py:1038} INFO - Executing <Task(PythonOperator): dapat_suhu> on 2022-08-03T12:56:00+00:00
[2022-08-03 12:59:48,210] {standard_task_runner.py:51} INFO - Started process 31191 to run task
[2022-08-03 12:59:48,224] {standard_task_runner.py:75} INFO - Running: ['airflow', 'tasks', 'run', 'penjadwalan', 'dapat_suhu', '2022-08-03T12:56:00+00:00', '--job-id', '1084', '--pool', 'default_pool', '--raw', '--subdir', 'DAGS_FOLDER/penjadwalan.py', '--cfg-path', '/tmp/tmpzb1xpryr']
[2022-08-03 12:59:48,270] {standard_task_runner.py:76} INFO - Job 1084: Subtask dapat_suhu
[2022-08-03 12:59:56,792] {logging_mixin.py:103} INFO - Running <TaskInstance: penjadwalan.dapat_suhu 2022-08-03T12:56:00+00:00 [running]> on host b4dcda255553
[2022-08-03 12:59:56,938] {taskinstance.py:1232} INFO - Exporting the following env vars:
AIRFLOW_CTX_DAG_OWNER=airflow
AIRFLOW_CTX_DAG_ID=penjadwalan
AIRFLOW_CTX_TASK_ID=dapat_suhu
AIRFLOW_CTX_EXECUTION_DATE=2022-08-03T12:56:00+00:00
AIRFLOW_CTX_DAG_RUN_ID=scheduled__2022-08-03T12:56:00+00:00
[2022-08-03 12:59:57,329] {logging_mixin.py:103} INFO - {'kota': 'Bali', 'cuaca': 'Clouds', 'cuaca_deskripsi': 'scattered clouds', 'temperatur': 299.39, 'waktu': '2022-08-03T12:59:57.328919'}
[2022-08-03 12:59:57,540] {logging_mixin.py:103} INFO - {'kota': 'Lombok', 'cuaca': 'Clouds', 'cuaca_deskripsi': 'overcast clouds', 'temperatur': 294.43, 'waktu': '2022-08-03T12:59:57.539817'}
[2022-08-03 12:59:57,719] {logging_mixin.py:103} INFO - {'kota': 'Labuan Bajo', 'cuaca': 'Clouds', 'cuaca_deskripsi': 'overcast clouds', 'temperatur': 297.41, 'waktu': '2022-08-03T12:59:57.719663'}
[2022-08-03 12:59:58,061] {logging_mixin.py:103} INFO - {'kota': 'Bogor', 'cuaca': 'Clouds', 'cuaca_deskripsi': 'overcast clouds', 'temperatur': 295.82, 'waktu': '2022-08-03T12:59:58.060141'}
[2022-08-03 12:59:58,284] {logging_mixin.py:103} INFO - {'kota': 'Bandung', 'cuaca': 'Clouds', 'cuaca_deskripsi': 'overcast clouds', 'temperatur': 294.11, 'waktu': '2022-08-03T12:59:58.284624'}
[2022-08-03 12:59:58,289] {python.py:118} INFO - Done. Returned value was: None
[2022-08-03 12:59:58,387] {taskinstance.py:1142} INFO - Marking task as SUCCESS. dag_id=penjadwalan, task_id=dapat_suhu, execution_date=20220803T125600, start_date=20220803T125910, end_date=20220803T125958
[2022-08-03 12:59:58,435] {local_task_job.py:170} WARNING - State of this instance has been externally set to success. Terminating instance.
[2022-08-03 12:59:58,448] {process_utils.py:95} INFO - Sending Signals.SIGTERM to GPID 31191
[2022-08-03 12:59:58,449] {taskinstance.py:1214} ERROR - Received SIGTERM. Terminating subprocesses.
[2022-08-03 12:59:58,502] {process_utils.py:61} INFO - Process psutil.Process(pid=31191, status='terminated', exitcode=1, started='12:59:47') (31191) terminated with exit code 1
[2022-08-03 12:59:58,507] {local_task_job.py:118} INFO - Task exited with return code 1
