[2022-08-03 15:56:01,017] {taskinstance.py:826} INFO - Dependencies all met for <TaskInstance: penjadwalan.dapat_suhu 2022-08-03T15:54:00+00:00 [queued]>
[2022-08-03 15:56:01,046] {taskinstance.py:826} INFO - Dependencies all met for <TaskInstance: penjadwalan.dapat_suhu 2022-08-03T15:54:00+00:00 [queued]>
[2022-08-03 15:56:01,047] {taskinstance.py:1017} INFO - 
--------------------------------------------------------------------------------
[2022-08-03 15:56:01,047] {taskinstance.py:1018} INFO - Starting attempt 1 of 1
[2022-08-03 15:56:01,047] {taskinstance.py:1019} INFO - 
--------------------------------------------------------------------------------
[2022-08-03 15:56:01,069] {taskinstance.py:1038} INFO - Executing <Task(PythonOperator): dapat_suhu> on 2022-08-03T15:54:00+00:00
[2022-08-03 15:56:01,075] {standard_task_runner.py:51} INFO - Started process 6221 to run task
[2022-08-03 15:56:01,082] {standard_task_runner.py:75} INFO - Running: ['airflow', 'tasks', 'run', 'penjadwalan', 'dapat_suhu', '2022-08-03T15:54:00+00:00', '--job-id', '1245', '--pool', 'default_pool', '--raw', '--subdir', 'DAGS_FOLDER/penjadwalan.py', '--cfg-path', '/tmp/tmp722sr7yz']
[2022-08-03 15:56:01,086] {standard_task_runner.py:76} INFO - Job 1245: Subtask dapat_suhu
[2022-08-03 15:56:01,164] {logging_mixin.py:103} INFO - Running <TaskInstance: penjadwalan.dapat_suhu 2022-08-03T15:54:00+00:00 [running]> on host b4dcda255553
[2022-08-03 15:56:01,285] {taskinstance.py:1232} INFO - Exporting the following env vars:
AIRFLOW_CTX_DAG_OWNER=airflow
AIRFLOW_CTX_DAG_ID=penjadwalan
AIRFLOW_CTX_TASK_ID=dapat_suhu
AIRFLOW_CTX_EXECUTION_DATE=2022-08-03T15:54:00+00:00
AIRFLOW_CTX_DAG_RUN_ID=scheduled__2022-08-03T15:54:00+00:00
[2022-08-03 15:56:01,435] {logging_mixin.py:103} INFO - {'kota': 'Bali', 'cuaca': 'Clouds', 'cuaca_deskripsi': 'broken clouds', 'temperatur': 298.28, 'waktu': '2022-08-03T15:56:01.434956'}
[2022-08-03 15:56:01,570] {logging_mixin.py:103} INFO - {'kota': 'Lombok', 'cuaca': 'Clouds', 'cuaca_deskripsi': 'overcast clouds', 'temperatur': 293.94, 'waktu': '2022-08-03T15:56:01.569886'}
[2022-08-03 15:56:01,698] {logging_mixin.py:103} INFO - {'kota': 'Labuan Bajo', 'cuaca': 'Clouds', 'cuaca_deskripsi': 'broken clouds', 'temperatur': 296.58, 'waktu': '2022-08-03T15:56:01.697819'}
[2022-08-03 15:56:01,937] {logging_mixin.py:103} INFO - {'kota': 'Bogor', 'cuaca': 'Clouds', 'cuaca_deskripsi': 'broken clouds', 'temperatur': 299.76, 'waktu': '2022-08-03T15:56:01.937342'}
[2022-08-03 15:56:02,287] {logging_mixin.py:103} INFO - {'kota': 'Bandung', 'cuaca': 'Clouds', 'cuaca_deskripsi': 'broken clouds', 'temperatur': 293.7, 'waktu': '2022-08-03T15:56:02.287464'}
[2022-08-03 15:56:02,288] {python.py:118} INFO - Done. Returned value was: None
[2022-08-03 15:56:02,310] {taskinstance.py:1142} INFO - Marking task as SUCCESS. dag_id=penjadwalan, task_id=dapat_suhu, execution_date=20220803T155400, start_date=20220803T155601, end_date=20220803T155602
[2022-08-03 15:56:02,742] {taskinstance.py:1195} INFO - 0 downstream tasks scheduled from follow-on schedule check
[2022-08-03 15:56:02,779] {local_task_job.py:118} INFO - Task exited with return code 0
