[2022-08-03 16:20:05,611] {taskinstance.py:826} INFO - Dependencies all met for <TaskInstance: my_simple_dag.greet 2022-08-03T16:10:00+00:00 [queued]>
[2022-08-03 16:20:05,652] {taskinstance.py:826} INFO - Dependencies all met for <TaskInstance: my_simple_dag.greet 2022-08-03T16:10:00+00:00 [queued]>
[2022-08-03 16:20:05,653] {taskinstance.py:1017} INFO - 
--------------------------------------------------------------------------------
[2022-08-03 16:20:05,654] {taskinstance.py:1018} INFO - Starting attempt 1 of 1
[2022-08-03 16:20:05,654] {taskinstance.py:1019} INFO - 
--------------------------------------------------------------------------------
[2022-08-03 16:20:05,673] {taskinstance.py:1038} INFO - Executing <Task(PythonOperator): greet> on 2022-08-03T16:10:00+00:00
[2022-08-03 16:20:05,679] {standard_task_runner.py:51} INFO - Started process 2878 to run task
[2022-08-03 16:20:05,686] {standard_task_runner.py:75} INFO - Running: ['airflow', 'tasks', 'run', 'my_simple_dag', 'greet', '2022-08-03T16:10:00+00:00', '--job-id', '1267', '--pool', 'default_pool', '--raw', '--subdir', 'DAGS_FOLDER/my_simple_dag.py', '--cfg-path', '/tmp/tmptmapst7n']
[2022-08-03 16:20:05,691] {standard_task_runner.py:76} INFO - Job 1267: Subtask greet
[2022-08-03 16:20:05,818] {logging_mixin.py:103} INFO - Running <TaskInstance: my_simple_dag.greet 2022-08-03T16:10:00+00:00 [running]> on host b4dcda255553
[2022-08-03 16:20:05,994] {taskinstance.py:1232} INFO - Exporting the following env vars:
AIRFLOW_CTX_DAG_OWNER=airflow
AIRFLOW_CTX_DAG_ID=my_simple_dag
AIRFLOW_CTX_TASK_ID=greet
AIRFLOW_CTX_EXECUTION_DATE=2022-08-03T16:10:00+00:00
AIRFLOW_CTX_DAG_RUN_ID=scheduled__2022-08-03T16:10:00+00:00
[2022-08-03 16:20:05,996] {logging_mixin.py:103} INFO - Halo Salam dari Apache Airflow2022-08-03 16:20
[2022-08-03 16:20:05,997] {python.py:118} INFO - Done. Returned value was: None
[2022-08-03 16:20:06,033] {taskinstance.py:1142} INFO - Marking task as SUCCESS. dag_id=my_simple_dag, task_id=greet, execution_date=20220803T161000, start_date=20220803T162005, end_date=20220803T162006
[2022-08-03 16:20:06,137] {taskinstance.py:1195} INFO - 1 downstream tasks scheduled from follow-on schedule check
[2022-08-03 16:20:06,197] {local_task_job.py:118} INFO - Task exited with return code 0
