[2022-08-03 13:32:01,059] {taskinstance.py:826} INFO - Dependencies all met for <TaskInstance: penjadwalan.dapat_suhu 2022-08-03T13:30:00+00:00 [queued]>
[2022-08-03 13:32:01,120] {taskinstance.py:826} INFO - Dependencies all met for <TaskInstance: penjadwalan.dapat_suhu 2022-08-03T13:30:00+00:00 [queued]>
[2022-08-03 13:32:01,121] {taskinstance.py:1017} INFO - 
--------------------------------------------------------------------------------
[2022-08-03 13:32:01,122] {taskinstance.py:1018} INFO - Starting attempt 1 of 1
[2022-08-03 13:32:01,123] {taskinstance.py:1019} INFO - 
--------------------------------------------------------------------------------
[2022-08-03 13:32:01,155] {taskinstance.py:1038} INFO - Executing <Task(PythonOperator): dapat_suhu> on 2022-08-03T13:30:00+00:00
[2022-08-03 13:32:01,165] {standard_task_runner.py:51} INFO - Started process 14329 to run task
[2022-08-03 13:32:01,186] {standard_task_runner.py:75} INFO - Running: ['airflow', 'tasks', 'run', 'penjadwalan', 'dapat_suhu', '2022-08-03T13:30:00+00:00', '--job-id', '1117', '--pool', 'default_pool', '--raw', '--subdir', 'DAGS_FOLDER/penjadwalan.py', '--cfg-path', '/tmp/tmptwn1v6cn']
[2022-08-03 13:32:01,199] {standard_task_runner.py:76} INFO - Job 1117: Subtask dapat_suhu
[2022-08-03 13:32:01,326] {logging_mixin.py:103} INFO - Running <TaskInstance: penjadwalan.dapat_suhu 2022-08-03T13:30:00+00:00 [running]> on host b4dcda255553
[2022-08-03 13:32:01,478] {taskinstance.py:1232} INFO - Exporting the following env vars:
AIRFLOW_CTX_DAG_OWNER=airflow
AIRFLOW_CTX_DAG_ID=penjadwalan
AIRFLOW_CTX_TASK_ID=dapat_suhu
AIRFLOW_CTX_EXECUTION_DATE=2022-08-03T13:30:00+00:00
AIRFLOW_CTX_DAG_RUN_ID=scheduled__2022-08-03T13:30:00+00:00
[2022-08-03 13:32:01,670] {logging_mixin.py:103} INFO - {'kota': 'Bali', 'cuaca': 'Clouds', 'cuaca_deskripsi': 'broken clouds', 'temperatur': 299.39, 'waktu': '2022-08-03T13:32:01.669930'}
[2022-08-03 13:32:01,940] {logging_mixin.py:103} INFO - {'kota': 'Lombok', 'cuaca': 'Clouds', 'cuaca_deskripsi': 'overcast clouds', 'temperatur': 294.33, 'waktu': '2022-08-03T13:32:01.940305'}
[2022-08-03 13:32:02,081] {logging_mixin.py:103} INFO - {'kota': 'Labuan Bajo', 'cuaca': 'Clouds', 'cuaca_deskripsi': 'overcast clouds', 'temperatur': 297.01, 'waktu': '2022-08-03T13:32:02.081321'}
[2022-08-03 13:32:02,230] {logging_mixin.py:103} INFO - {'kota': 'Bogor', 'cuaca': 'Clouds', 'cuaca_deskripsi': 'overcast clouds', 'temperatur': 295.27, 'waktu': '2022-08-03T13:32:02.230685'}
[2022-08-03 13:32:02,785] {logging_mixin.py:103} INFO - {'kota': 'Bandung', 'cuaca': 'Clouds', 'cuaca_deskripsi': 'overcast clouds', 'temperatur': 294.11, 'waktu': '2022-08-03T13:32:02.785243'}
[2022-08-03 13:32:02,789] {python.py:118} INFO - Done. Returned value was: None
[2022-08-03 13:32:02,831] {taskinstance.py:1142} INFO - Marking task as SUCCESS. dag_id=penjadwalan, task_id=dapat_suhu, execution_date=20220803T133000, start_date=20220803T133201, end_date=20220803T133202
[2022-08-03 13:32:02,935] {taskinstance.py:1195} INFO - 0 downstream tasks scheduled from follow-on schedule check
[2022-08-03 13:32:02,958] {local_task_job.py:118} INFO - Task exited with return code 0
