[2022-08-03 12:12:50,641] {taskinstance.py:826} INFO - Dependencies all met for <TaskInstance: penjadwalan.dapat_suhu 2022-08-03T10:42:00+00:00 [queued]>
[2022-08-03 12:12:50,708] {taskinstance.py:826} INFO - Dependencies all met for <TaskInstance: penjadwalan.dapat_suhu 2022-08-03T10:42:00+00:00 [queued]>
[2022-08-03 12:12:50,708] {taskinstance.py:1017} INFO - 
--------------------------------------------------------------------------------
[2022-08-03 12:12:50,710] {taskinstance.py:1018} INFO - Starting attempt 1 of 1
[2022-08-03 12:12:50,712] {taskinstance.py:1019} INFO - 
--------------------------------------------------------------------------------
[2022-08-03 12:12:50,756] {taskinstance.py:1038} INFO - Executing <Task(PythonOperator): dapat_suhu> on 2022-08-03T10:42:00+00:00
[2022-08-03 12:12:50,764] {standard_task_runner.py:51} INFO - Started process 615 to run task
[2022-08-03 12:12:50,780] {standard_task_runner.py:75} INFO - Running: ['airflow', 'tasks', 'run', 'penjadwalan', 'dapat_suhu', '2022-08-03T10:42:00+00:00', '--job-id', '1000', '--pool', 'default_pool', '--raw', '--subdir', 'DAGS_FOLDER/penjadwalan.py', '--cfg-path', '/tmp/tmpfde30c1e']
[2022-08-03 12:12:50,787] {standard_task_runner.py:76} INFO - Job 1000: Subtask dapat_suhu
[2022-08-03 12:12:51,047] {logging_mixin.py:103} INFO - Running <TaskInstance: penjadwalan.dapat_suhu 2022-08-03T10:42:00+00:00 [running]> on host b4dcda255553
[2022-08-03 12:12:51,239] {taskinstance.py:1232} INFO - Exporting the following env vars:
AIRFLOW_CTX_DAG_OWNER=airflow
AIRFLOW_CTX_DAG_ID=penjadwalan
AIRFLOW_CTX_TASK_ID=dapat_suhu
AIRFLOW_CTX_EXECUTION_DATE=2022-08-03T10:42:00+00:00
AIRFLOW_CTX_DAG_RUN_ID=scheduled__2022-08-03T10:42:00+00:00
[2022-08-03 12:12:51,424] {logging_mixin.py:103} INFO - {'kota': 'Bali', 'cuaca': 'Clouds', 'cuaca_deskripsi': 'overcast clouds', 'temperatur': 299.39, 'waktu': '2022-08-03T12:12:51.424593'}
[2022-08-03 12:12:51,558] {logging_mixin.py:103} INFO - {'kota': 'Lombok', 'cuaca': 'Rain', 'cuaca_deskripsi': 'light rain', 'temperatur': 294.54, 'waktu': '2022-08-03T12:12:51.558574'}
[2022-08-03 12:12:51,679] {logging_mixin.py:103} INFO - {'kota': 'Labuan Bajo', 'cuaca': 'Clouds', 'cuaca_deskripsi': 'overcast clouds', 'temperatur': 297.78, 'waktu': '2022-08-03T12:12:51.679251'}
[2022-08-03 12:12:51,818] {logging_mixin.py:103} INFO - {'kota': 'Bogor', 'cuaca': 'Clouds', 'cuaca_deskripsi': 'overcast clouds', 'temperatur': 296.38, 'waktu': '2022-08-03T12:12:51.818024'}
[2022-08-03 12:12:52,057] {logging_mixin.py:103} INFO - {'kota': 'Bandung', 'cuaca': 'Clouds', 'cuaca_deskripsi': 'broken clouds', 'temperatur': 294.44, 'waktu': '2022-08-03T12:12:52.057290'}
[2022-08-03 12:12:52,058] {python.py:118} INFO - Done. Returned value was: None
[2022-08-03 12:12:52,077] {taskinstance.py:1142} INFO - Marking task as SUCCESS. dag_id=penjadwalan, task_id=dapat_suhu, execution_date=20220803T104200, start_date=20220803T121250, end_date=20220803T121252
[2022-08-03 12:12:52,125] {taskinstance.py:1195} INFO - 0 downstream tasks scheduled from follow-on schedule check
[2022-08-03 12:12:52,171] {local_task_job.py:118} INFO - Task exited with return code 0
