[2022-08-03 15:50:06,666] {taskinstance.py:826} INFO - Dependencies all met for <TaskInstance: my_simple_dag.sleep_me 2022-08-03T15:40:00+00:00 [queued]>
[2022-08-03 15:50:06,697] {taskinstance.py:826} INFO - Dependencies all met for <TaskInstance: my_simple_dag.sleep_me 2022-08-03T15:40:00+00:00 [queued]>
[2022-08-03 15:50:06,698] {taskinstance.py:1017} INFO - 
--------------------------------------------------------------------------------
[2022-08-03 15:50:06,698] {taskinstance.py:1018} INFO - Starting attempt 1 of 1
[2022-08-03 15:50:06,699] {taskinstance.py:1019} INFO - 
--------------------------------------------------------------------------------
[2022-08-03 15:50:06,713] {taskinstance.py:1038} INFO - Executing <Task(BashOperator): sleep_me> on 2022-08-03T15:40:00+00:00
[2022-08-03 15:50:06,718] {standard_task_runner.py:51} INFO - Started process 21810 to run task
[2022-08-03 15:50:06,725] {standard_task_runner.py:75} INFO - Running: ['airflow', 'tasks', 'run', 'my_simple_dag', 'sleep_me', '2022-08-03T15:40:00+00:00', '--job-id', '1241', '--pool', 'default_pool', '--raw', '--subdir', 'DAGS_FOLDER/my_simple_dag.py', '--cfg-path', '/tmp/tmp9p_j5yja']
[2022-08-03 15:50:06,730] {standard_task_runner.py:76} INFO - Job 1241: Subtask sleep_me
[2022-08-03 15:50:06,818] {logging_mixin.py:103} INFO - Running <TaskInstance: my_simple_dag.sleep_me 2022-08-03T15:40:00+00:00 [running]> on host b4dcda255553
[2022-08-03 15:50:06,917] {taskinstance.py:1232} INFO - Exporting the following env vars:
AIRFLOW_CTX_DAG_OWNER=airflow
AIRFLOW_CTX_DAG_ID=my_simple_dag
AIRFLOW_CTX_TASK_ID=sleep_me
AIRFLOW_CTX_EXECUTION_DATE=2022-08-03T15:40:00+00:00
AIRFLOW_CTX_DAG_RUN_ID=scheduled__2022-08-03T15:40:00+00:00
[2022-08-03 15:50:06,919] {bash.py:135} INFO - Tmp dir root location: 
 /tmp
[2022-08-03 15:50:06,921] {bash.py:158} INFO - Running command: sleep 5
[2022-08-03 15:50:06,932] {bash.py:169} INFO - Output:
[2022-08-03 15:50:11,936] {bash.py:177} INFO - Command exited with return code 0
[2022-08-03 15:50:12,005] {taskinstance.py:1142} INFO - Marking task as SUCCESS. dag_id=my_simple_dag, task_id=sleep_me, execution_date=20220803T154000, start_date=20220803T155006, end_date=20220803T155012
[2022-08-03 15:50:12,124] {taskinstance.py:1195} INFO - 1 downstream tasks scheduled from follow-on schedule check
[2022-08-03 15:50:12,169] {local_task_job.py:118} INFO - Task exited with return code 0
