[2022-08-03 15:00:01,892] {taskinstance.py:826} INFO - Dependencies all met for <TaskInstance: my_simple_dag.greet 2022-08-03T14:50:00+00:00 [queued]>
[2022-08-03 15:00:01,916] {taskinstance.py:826} INFO - Dependencies all met for <TaskInstance: my_simple_dag.greet 2022-08-03T14:50:00+00:00 [queued]>
[2022-08-03 15:00:01,917] {taskinstance.py:1017} INFO - 
--------------------------------------------------------------------------------
[2022-08-03 15:00:01,918] {taskinstance.py:1018} INFO - Starting attempt 1 of 1
[2022-08-03 15:00:01,918] {taskinstance.py:1019} INFO - 
--------------------------------------------------------------------------------
[2022-08-03 15:00:01,941] {taskinstance.py:1038} INFO - Executing <Task(PythonOperator): greet> on 2022-08-03T14:50:00+00:00
[2022-08-03 15:00:01,945] {standard_task_runner.py:51} INFO - Started process 7127 to run task
[2022-08-03 15:00:01,951] {standard_task_runner.py:75} INFO - Running: ['airflow', 'tasks', 'run', 'my_simple_dag', 'greet', '2022-08-03T14:50:00+00:00', '--job-id', '1195', '--pool', 'default_pool', '--raw', '--subdir', 'DAGS_FOLDER/my_simple_dag.py', '--cfg-path', '/tmp/tmpozateshq']
[2022-08-03 15:00:01,956] {standard_task_runner.py:76} INFO - Job 1195: Subtask greet
[2022-08-03 15:00:02,041] {logging_mixin.py:103} INFO - Running <TaskInstance: my_simple_dag.greet 2022-08-03T14:50:00+00:00 [running]> on host b4dcda255553
[2022-08-03 15:00:02,114] {taskinstance.py:1232} INFO - Exporting the following env vars:
AIRFLOW_CTX_DAG_OWNER=airflow
AIRFLOW_CTX_DAG_ID=my_simple_dag
AIRFLOW_CTX_TASK_ID=greet
AIRFLOW_CTX_EXECUTION_DATE=2022-08-03T14:50:00+00:00
AIRFLOW_CTX_DAG_RUN_ID=scheduled__2022-08-03T14:50:00+00:00
[2022-08-03 15:00:02,116] {logging_mixin.py:103} INFO - Halo Salam dari Apache Airflow2022-08-03 15:00
[2022-08-03 15:00:02,116] {python.py:118} INFO - Done. Returned value was: None
[2022-08-03 15:00:02,132] {taskinstance.py:1142} INFO - Marking task as SUCCESS. dag_id=my_simple_dag, task_id=greet, execution_date=20220803T145000, start_date=20220803T150001, end_date=20220803T150002
[2022-08-03 15:00:02,184] {taskinstance.py:1195} INFO - 1 downstream tasks scheduled from follow-on schedule check
[2022-08-03 15:00:02,203] {local_task_job.py:118} INFO - Task exited with return code 0
