[2022-08-03 12:28:00,555] {taskinstance.py:826} INFO - Dependencies all met for <TaskInstance: penjadwalan.dapat_suhu 2022-08-03T12:26:00+00:00 [queued]>
[2022-08-03 12:28:00,632] {taskinstance.py:826} INFO - Dependencies all met for <TaskInstance: penjadwalan.dapat_suhu 2022-08-03T12:26:00+00:00 [queued]>
[2022-08-03 12:28:00,633] {taskinstance.py:1017} INFO - 
--------------------------------------------------------------------------------
[2022-08-03 12:28:00,633] {taskinstance.py:1018} INFO - Starting attempt 1 of 1
[2022-08-03 12:28:00,634] {taskinstance.py:1019} INFO - 
--------------------------------------------------------------------------------
[2022-08-03 12:28:00,679] {taskinstance.py:1038} INFO - Executing <Task(PythonOperator): dapat_suhu> on 2022-08-03T12:26:00+00:00
[2022-08-03 12:28:00,684] {standard_task_runner.py:51} INFO - Started process 14451 to run task
[2022-08-03 12:28:00,701] {standard_task_runner.py:75} INFO - Running: ['airflow', 'tasks', 'run', 'penjadwalan', 'dapat_suhu', '2022-08-03T12:26:00+00:00', '--job-id', '1057', '--pool', 'default_pool', '--raw', '--subdir', 'DAGS_FOLDER/penjadwalan.py', '--cfg-path', '/tmp/tmp2b4nzs_c']
[2022-08-03 12:28:00,717] {standard_task_runner.py:76} INFO - Job 1057: Subtask dapat_suhu
[2022-08-03 12:28:00,850] {logging_mixin.py:103} INFO - Running <TaskInstance: penjadwalan.dapat_suhu 2022-08-03T12:26:00+00:00 [running]> on host b4dcda255553
[2022-08-03 12:28:00,955] {taskinstance.py:1232} INFO - Exporting the following env vars:
AIRFLOW_CTX_DAG_OWNER=airflow
AIRFLOW_CTX_DAG_ID=penjadwalan
AIRFLOW_CTX_TASK_ID=dapat_suhu
AIRFLOW_CTX_EXECUTION_DATE=2022-08-03T12:26:00+00:00
AIRFLOW_CTX_DAG_RUN_ID=scheduled__2022-08-03T12:26:00+00:00
[2022-08-03 12:28:01,102] {logging_mixin.py:103} INFO - {'kota': 'Bali', 'cuaca': 'Clouds', 'cuaca_deskripsi': 'overcast clouds', 'temperatur': 299.39, 'waktu': '2022-08-03T12:28:01.102638'}
[2022-08-03 12:28:01,231] {logging_mixin.py:103} INFO - {'kota': 'Lombok', 'cuaca': 'Rain', 'cuaca_deskripsi': 'light rain', 'temperatur': 294.54, 'waktu': '2022-08-03T12:28:01.231720'}
[2022-08-03 12:28:01,418] {logging_mixin.py:103} INFO - {'kota': 'Labuan Bajo', 'cuaca': 'Clouds', 'cuaca_deskripsi': 'overcast clouds', 'temperatur': 297.78, 'waktu': '2022-08-03T12:28:01.417905'}
[2022-08-03 12:28:01,564] {logging_mixin.py:103} INFO - {'kota': 'Bogor', 'cuaca': 'Clouds', 'cuaca_deskripsi': 'overcast clouds', 'temperatur': 296.38, 'waktu': '2022-08-03T12:28:01.563872'}
[2022-08-03 12:28:01,687] {logging_mixin.py:103} INFO - {'kota': 'Bandung', 'cuaca': 'Clouds', 'cuaca_deskripsi': 'broken clouds', 'temperatur': 294.44, 'waktu': '2022-08-03T12:28:01.687676'}
[2022-08-03 12:28:01,688] {python.py:118} INFO - Done. Returned value was: None
[2022-08-03 12:28:01,707] {taskinstance.py:1142} INFO - Marking task as SUCCESS. dag_id=penjadwalan, task_id=dapat_suhu, execution_date=20220803T122600, start_date=20220803T122800, end_date=20220803T122801
[2022-08-03 12:28:01,748] {taskinstance.py:1195} INFO - 0 downstream tasks scheduled from follow-on schedule check
[2022-08-03 12:28:01,793] {local_task_job.py:118} INFO - Task exited with return code 0
