[2022-08-03 13:14:01,669] {taskinstance.py:826} INFO - Dependencies all met for <TaskInstance: penjadwalan.dapat_suhu 2022-08-03T13:12:00+00:00 [queued]>
[2022-08-03 13:14:01,700] {taskinstance.py:826} INFO - Dependencies all met for <TaskInstance: penjadwalan.dapat_suhu 2022-08-03T13:12:00+00:00 [queued]>
[2022-08-03 13:14:01,701] {taskinstance.py:1017} INFO - 
--------------------------------------------------------------------------------
[2022-08-03 13:14:01,701] {taskinstance.py:1018} INFO - Starting attempt 1 of 1
[2022-08-03 13:14:01,702] {taskinstance.py:1019} INFO - 
--------------------------------------------------------------------------------
[2022-08-03 13:14:01,715] {taskinstance.py:1038} INFO - Executing <Task(PythonOperator): dapat_suhu> on 2022-08-03T13:12:00+00:00
[2022-08-03 13:14:01,720] {standard_task_runner.py:51} INFO - Started process 18756 to run task
[2022-08-03 13:14:01,726] {standard_task_runner.py:75} INFO - Running: ['airflow', 'tasks', 'run', 'penjadwalan', 'dapat_suhu', '2022-08-03T13:12:00+00:00', '--job-id', '1100', '--pool', 'default_pool', '--raw', '--subdir', 'DAGS_FOLDER/penjadwalan.py', '--cfg-path', '/tmp/tmp5_2y1b0_']
[2022-08-03 13:14:01,730] {standard_task_runner.py:76} INFO - Job 1100: Subtask dapat_suhu
[2022-08-03 13:14:01,854] {logging_mixin.py:103} INFO - Running <TaskInstance: penjadwalan.dapat_suhu 2022-08-03T13:12:00+00:00 [running]> on host b4dcda255553
[2022-08-03 13:14:01,955] {taskinstance.py:1232} INFO - Exporting the following env vars:
AIRFLOW_CTX_DAG_OWNER=airflow
AIRFLOW_CTX_DAG_ID=penjadwalan
AIRFLOW_CTX_TASK_ID=dapat_suhu
AIRFLOW_CTX_EXECUTION_DATE=2022-08-03T13:12:00+00:00
AIRFLOW_CTX_DAG_RUN_ID=scheduled__2022-08-03T13:12:00+00:00
[2022-08-03 13:14:02,176] {logging_mixin.py:103} INFO - {'kota': 'Bali', 'cuaca': 'Clouds', 'cuaca_deskripsi': 'scattered clouds', 'temperatur': 299.39, 'waktu': '2022-08-03T13:14:02.176031'}
[2022-08-03 13:14:02,672] {logging_mixin.py:103} INFO - {'kota': 'Lombok', 'cuaca': 'Clouds', 'cuaca_deskripsi': 'overcast clouds', 'temperatur': 294.43, 'waktu': '2022-08-03T13:14:02.672147'}
[2022-08-03 13:14:02,819] {logging_mixin.py:103} INFO - {'kota': 'Labuan Bajo', 'cuaca': 'Clouds', 'cuaca_deskripsi': 'overcast clouds', 'temperatur': 297.41, 'waktu': '2022-08-03T13:14:02.819244'}
[2022-08-03 13:14:03,229] {logging_mixin.py:103} INFO - {'kota': 'Bogor', 'cuaca': 'Clouds', 'cuaca_deskripsi': 'overcast clouds', 'temperatur': 295.82, 'waktu': '2022-08-03T13:14:03.229235'}
[2022-08-03 13:14:03,672] {logging_mixin.py:103} INFO - {'kota': 'Bandung', 'cuaca': 'Clouds', 'cuaca_deskripsi': 'overcast clouds', 'temperatur': 294.11, 'waktu': '2022-08-03T13:14:03.672549'}
[2022-08-03 13:14:03,673] {python.py:118} INFO - Done. Returned value was: None
[2022-08-03 13:14:03,710] {taskinstance.py:1142} INFO - Marking task as SUCCESS. dag_id=penjadwalan, task_id=dapat_suhu, execution_date=20220803T131200, start_date=20220803T131401, end_date=20220803T131403
[2022-08-03 13:14:03,794] {taskinstance.py:1195} INFO - 0 downstream tasks scheduled from follow-on schedule check
[2022-08-03 13:14:03,827] {local_task_job.py:118} INFO - Task exited with return code 0
