[2022-08-03 13:56:02,163] {taskinstance.py:826} INFO - Dependencies all met for <TaskInstance: penjadwalan.dapat_suhu 2022-08-03T13:54:00+00:00 [queued]>
[2022-08-03 13:56:02,198] {taskinstance.py:826} INFO - Dependencies all met for <TaskInstance: penjadwalan.dapat_suhu 2022-08-03T13:54:00+00:00 [queued]>
[2022-08-03 13:56:02,199] {taskinstance.py:1017} INFO - 
--------------------------------------------------------------------------------
[2022-08-03 13:56:02,200] {taskinstance.py:1018} INFO - Starting attempt 1 of 1
[2022-08-03 13:56:02,200] {taskinstance.py:1019} INFO - 
--------------------------------------------------------------------------------
[2022-08-03 13:56:02,220] {taskinstance.py:1038} INFO - Executing <Task(PythonOperator): dapat_suhu> on 2022-08-03T13:54:00+00:00
[2022-08-03 13:56:02,224] {standard_task_runner.py:51} INFO - Started process 30445 to run task
[2022-08-03 13:56:02,232] {standard_task_runner.py:75} INFO - Running: ['airflow', 'tasks', 'run', 'penjadwalan', 'dapat_suhu', '2022-08-03T13:54:00+00:00', '--job-id', '1137', '--pool', 'default_pool', '--raw', '--subdir', 'DAGS_FOLDER/penjadwalan.py', '--cfg-path', '/tmp/tmp4vv6360t']
[2022-08-03 13:56:02,236] {standard_task_runner.py:76} INFO - Job 1137: Subtask dapat_suhu
[2022-08-03 13:56:02,341] {logging_mixin.py:103} INFO - Running <TaskInstance: penjadwalan.dapat_suhu 2022-08-03T13:54:00+00:00 [running]> on host b4dcda255553
[2022-08-03 13:56:02,436] {taskinstance.py:1232} INFO - Exporting the following env vars:
AIRFLOW_CTX_DAG_OWNER=airflow
AIRFLOW_CTX_DAG_ID=penjadwalan
AIRFLOW_CTX_TASK_ID=dapat_suhu
AIRFLOW_CTX_EXECUTION_DATE=2022-08-03T13:54:00+00:00
AIRFLOW_CTX_DAG_RUN_ID=scheduled__2022-08-03T13:54:00+00:00
[2022-08-03 13:56:03,423] {logging_mixin.py:103} INFO - {'kota': 'Bali', 'cuaca': 'Clouds', 'cuaca_deskripsi': 'broken clouds', 'temperatur': 299.39, 'waktu': '2022-08-03T13:56:03.422929'}
[2022-08-03 13:56:03,697] {logging_mixin.py:103} INFO - {'kota': 'Lombok', 'cuaca': 'Clouds', 'cuaca_deskripsi': 'overcast clouds', 'temperatur': 294.33, 'waktu': '2022-08-03T13:56:03.697132'}
[2022-08-03 13:56:03,882] {logging_mixin.py:103} INFO - {'kota': 'Labuan Bajo', 'cuaca': 'Clouds', 'cuaca_deskripsi': 'overcast clouds', 'temperatur': 297.01, 'waktu': '2022-08-03T13:56:03.882576'}
[2022-08-03 13:56:04,133] {logging_mixin.py:103} INFO - {'kota': 'Bogor', 'cuaca': 'Clouds', 'cuaca_deskripsi': 'overcast clouds', 'temperatur': 294.16, 'waktu': '2022-08-03T13:56:04.133291'}
[2022-08-03 13:56:04,303] {logging_mixin.py:103} INFO - {'kota': 'Bandung', 'cuaca': 'Clouds', 'cuaca_deskripsi': 'broken clouds', 'temperatur': 293.99, 'waktu': '2022-08-03T13:56:04.303090'}
[2022-08-03 13:56:04,303] {python.py:118} INFO - Done. Returned value was: None
[2022-08-03 13:56:04,320] {taskinstance.py:1142} INFO - Marking task as SUCCESS. dag_id=penjadwalan, task_id=dapat_suhu, execution_date=20220803T135400, start_date=20220803T135602, end_date=20220803T135604
[2022-08-03 13:56:04,359] {taskinstance.py:1195} INFO - 0 downstream tasks scheduled from follow-on schedule check
[2022-08-03 13:56:04,384] {local_task_job.py:118} INFO - Task exited with return code 0
