[2022-08-03 16:00:01,653] {taskinstance.py:826} INFO - Dependencies all met for <TaskInstance: my_simple_dag.say_Hi 2022-08-03T15:50:00+00:00 [queued]>
[2022-08-03 16:00:01,688] {taskinstance.py:826} INFO - Dependencies all met for <TaskInstance: my_simple_dag.say_Hi 2022-08-03T15:50:00+00:00 [queued]>
[2022-08-03 16:00:01,689] {taskinstance.py:1017} INFO - 
--------------------------------------------------------------------------------
[2022-08-03 16:00:01,689] {taskinstance.py:1018} INFO - Starting attempt 1 of 1
[2022-08-03 16:00:01,690] {taskinstance.py:1019} INFO - 
--------------------------------------------------------------------------------
[2022-08-03 16:00:01,708] {taskinstance.py:1038} INFO - Executing <Task(BashOperator): say_Hi> on 2022-08-03T15:50:00+00:00
[2022-08-03 16:00:01,713] {standard_task_runner.py:51} INFO - Started process 18038 to run task
[2022-08-03 16:00:01,720] {standard_task_runner.py:75} INFO - Running: ['airflow', 'tasks', 'run', 'my_simple_dag', 'say_Hi', '2022-08-03T15:50:00+00:00', '--job-id', '1248', '--pool', 'default_pool', '--raw', '--subdir', 'DAGS_FOLDER/my_simple_dag.py', '--cfg-path', '/tmp/tmppdahcep7']
[2022-08-03 16:00:01,724] {standard_task_runner.py:76} INFO - Job 1248: Subtask say_Hi
[2022-08-03 16:00:01,813] {logging_mixin.py:103} INFO - Running <TaskInstance: my_simple_dag.say_Hi 2022-08-03T15:50:00+00:00 [running]> on host b4dcda255553
[2022-08-03 16:00:01,891] {taskinstance.py:1232} INFO - Exporting the following env vars:
AIRFLOW_CTX_DAG_OWNER=airflow
AIRFLOW_CTX_DAG_ID=my_simple_dag
AIRFLOW_CTX_TASK_ID=say_Hi
AIRFLOW_CTX_EXECUTION_DATE=2022-08-03T15:50:00+00:00
AIRFLOW_CTX_DAG_RUN_ID=scheduled__2022-08-03T15:50:00+00:00
[2022-08-03 16:00:01,892] {bash.py:135} INFO - Tmp dir root location: 
 /tmp
[2022-08-03 16:00:01,893] {bash.py:158} INFO - Running command: echo "Hi!!"
[2022-08-03 16:00:01,903] {bash.py:169} INFO - Output:
[2022-08-03 16:00:01,905] {bash.py:173} INFO - Hi!!
[2022-08-03 16:00:01,906] {bash.py:177} INFO - Command exited with return code 0
[2022-08-03 16:00:01,951] {taskinstance.py:1142} INFO - Marking task as SUCCESS. dag_id=my_simple_dag, task_id=say_Hi, execution_date=20220803T155000, start_date=20220803T160001, end_date=20220803T160001
[2022-08-03 16:00:01,998] {taskinstance.py:1195} INFO - 1 downstream tasks scheduled from follow-on schedule check
[2022-08-03 16:00:02,011] {local_task_job.py:118} INFO - Task exited with return code 0
