[2022-08-03 13:44:01,658] {taskinstance.py:826} INFO - Dependencies all met for <TaskInstance: penjadwalan.dapat_suhu 2022-08-03T13:42:00+00:00 [queued]>
[2022-08-03 13:44:01,698] {taskinstance.py:826} INFO - Dependencies all met for <TaskInstance: penjadwalan.dapat_suhu 2022-08-03T13:42:00+00:00 [queued]>
[2022-08-03 13:44:01,699] {taskinstance.py:1017} INFO - 
--------------------------------------------------------------------------------
[2022-08-03 13:44:01,699] {taskinstance.py:1018} INFO - Starting attempt 1 of 1
[2022-08-03 13:44:01,700] {taskinstance.py:1019} INFO - 
--------------------------------------------------------------------------------
[2022-08-03 13:44:01,723] {taskinstance.py:1038} INFO - Executing <Task(PythonOperator): dapat_suhu> on 2022-08-03T13:42:00+00:00
[2022-08-03 13:44:01,729] {standard_task_runner.py:51} INFO - Started process 8833 to run task
[2022-08-03 13:44:01,739] {standard_task_runner.py:75} INFO - Running: ['airflow', 'tasks', 'run', 'penjadwalan', 'dapat_suhu', '2022-08-03T13:42:00+00:00', '--job-id', '1127', '--pool', 'default_pool', '--raw', '--subdir', 'DAGS_FOLDER/penjadwalan.py', '--cfg-path', '/tmp/tmp9mhyuz5y']
[2022-08-03 13:44:01,756] {standard_task_runner.py:76} INFO - Job 1127: Subtask dapat_suhu
[2022-08-03 13:44:01,945] {logging_mixin.py:103} INFO - Running <TaskInstance: penjadwalan.dapat_suhu 2022-08-03T13:42:00+00:00 [running]> on host b4dcda255553
[2022-08-03 13:44:02,085] {taskinstance.py:1232} INFO - Exporting the following env vars:
AIRFLOW_CTX_DAG_OWNER=airflow
AIRFLOW_CTX_DAG_ID=penjadwalan
AIRFLOW_CTX_TASK_ID=dapat_suhu
AIRFLOW_CTX_EXECUTION_DATE=2022-08-03T13:42:00+00:00
AIRFLOW_CTX_DAG_RUN_ID=scheduled__2022-08-03T13:42:00+00:00
[2022-08-03 13:44:02,309] {logging_mixin.py:103} INFO - {'kota': 'Bali', 'cuaca': 'Clouds', 'cuaca_deskripsi': 'broken clouds', 'temperatur': 299.39, 'waktu': '2022-08-03T13:44:02.309498'}
[2022-08-03 13:44:02,834] {logging_mixin.py:103} INFO - {'kota': 'Lombok', 'cuaca': 'Clouds', 'cuaca_deskripsi': 'overcast clouds', 'temperatur': 294.33, 'waktu': '2022-08-03T13:44:02.834258'}
[2022-08-03 13:44:03,090] {logging_mixin.py:103} INFO - {'kota': 'Labuan Bajo', 'cuaca': 'Clouds', 'cuaca_deskripsi': 'overcast clouds', 'temperatur': 297.01, 'waktu': '2022-08-03T13:44:03.090561'}
[2022-08-03 13:44:03,461] {logging_mixin.py:103} INFO - {'kota': 'Bogor', 'cuaca': 'Clouds', 'cuaca_deskripsi': 'overcast clouds', 'temperatur': 294.71, 'waktu': '2022-08-03T13:44:03.461731'}
[2022-08-03 13:44:03,654] {logging_mixin.py:103} INFO - {'kota': 'Bandung', 'cuaca': 'Clouds', 'cuaca_deskripsi': 'broken clouds', 'temperatur': 293.99, 'waktu': '2022-08-03T13:44:03.653861'}
[2022-08-03 13:44:03,655] {python.py:118} INFO - Done. Returned value was: None
[2022-08-03 13:44:03,684] {taskinstance.py:1142} INFO - Marking task as SUCCESS. dag_id=penjadwalan, task_id=dapat_suhu, execution_date=20220803T134200, start_date=20220803T134401, end_date=20220803T134403
[2022-08-03 13:44:03,778] {taskinstance.py:1195} INFO - 0 downstream tasks scheduled from follow-on schedule check
[2022-08-03 13:44:03,813] {local_task_job.py:118} INFO - Task exited with return code 0
