[2022-08-03 14:26:01,532] {taskinstance.py:826} INFO - Dependencies all met for <TaskInstance: penjadwalan.dapat_suhu 2022-08-03T14:24:00+00:00 [queued]>
[2022-08-03 14:26:01,561] {taskinstance.py:826} INFO - Dependencies all met for <TaskInstance: penjadwalan.dapat_suhu 2022-08-03T14:24:00+00:00 [queued]>
[2022-08-03 14:26:01,561] {taskinstance.py:1017} INFO - 
--------------------------------------------------------------------------------
[2022-08-03 14:26:01,562] {taskinstance.py:1018} INFO - Starting attempt 1 of 1
[2022-08-03 14:26:01,562] {taskinstance.py:1019} INFO - 
--------------------------------------------------------------------------------
[2022-08-03 14:26:01,577] {taskinstance.py:1038} INFO - Executing <Task(PythonOperator): dapat_suhu> on 2022-08-03T14:24:00+00:00
[2022-08-03 14:26:01,582] {standard_task_runner.py:51} INFO - Started process 6913 to run task
[2022-08-03 14:26:01,587] {standard_task_runner.py:75} INFO - Running: ['airflow', 'tasks', 'run', 'penjadwalan', 'dapat_suhu', '2022-08-03T14:24:00+00:00', '--job-id', '1164', '--pool', 'default_pool', '--raw', '--subdir', 'DAGS_FOLDER/penjadwalan.py', '--cfg-path', '/tmp/tmpl3szz5ql']
[2022-08-03 14:26:01,591] {standard_task_runner.py:76} INFO - Job 1164: Subtask dapat_suhu
[2022-08-03 14:26:01,672] {logging_mixin.py:103} INFO - Running <TaskInstance: penjadwalan.dapat_suhu 2022-08-03T14:24:00+00:00 [running]> on host b4dcda255553
[2022-08-03 14:26:01,752] {taskinstance.py:1232} INFO - Exporting the following env vars:
AIRFLOW_CTX_DAG_OWNER=airflow
AIRFLOW_CTX_DAG_ID=penjadwalan
AIRFLOW_CTX_TASK_ID=dapat_suhu
AIRFLOW_CTX_EXECUTION_DATE=2022-08-03T14:24:00+00:00
AIRFLOW_CTX_DAG_RUN_ID=scheduled__2022-08-03T14:24:00+00:00
[2022-08-03 14:26:02,088] {logging_mixin.py:103} INFO - {'kota': 'Bali', 'cuaca': 'Clouds', 'cuaca_deskripsi': 'broken clouds', 'temperatur': 298.28, 'waktu': '2022-08-03T14:26:02.088177'}
[2022-08-03 14:26:02,342] {logging_mixin.py:103} INFO - {'kota': 'Lombok', 'cuaca': 'Clouds', 'cuaca_deskripsi': 'overcast clouds', 'temperatur': 294.33, 'waktu': '2022-08-03T14:26:02.341962'}
[2022-08-03 14:26:02,481] {logging_mixin.py:103} INFO - {'kota': 'Labuan Bajo', 'cuaca': 'Clouds', 'cuaca_deskripsi': 'overcast clouds', 'temperatur': 297.01, 'waktu': '2022-08-03T14:26:02.481649'}
[2022-08-03 14:26:02,640] {logging_mixin.py:103} INFO - {'kota': 'Bogor', 'cuaca': 'Clouds', 'cuaca_deskripsi': 'overcast clouds', 'temperatur': 293.6, 'waktu': '2022-08-03T14:26:02.640718'}
[2022-08-03 14:26:02,799] {logging_mixin.py:103} INFO - {'kota': 'Bandung', 'cuaca': 'Clouds', 'cuaca_deskripsi': 'broken clouds', 'temperatur': 293.99, 'waktu': '2022-08-03T14:26:02.799218'}
[2022-08-03 14:26:02,800] {python.py:118} INFO - Done. Returned value was: None
[2022-08-03 14:26:02,819] {taskinstance.py:1142} INFO - Marking task as SUCCESS. dag_id=penjadwalan, task_id=dapat_suhu, execution_date=20220803T142400, start_date=20220803T142601, end_date=20220803T142602
[2022-08-03 14:26:02,870] {taskinstance.py:1195} INFO - 0 downstream tasks scheduled from follow-on schedule check
[2022-08-03 14:26:02,883] {local_task_job.py:118} INFO - Task exited with return code 0
