[2022-08-03 15:52:02,456] {taskinstance.py:826} INFO - Dependencies all met for <TaskInstance: penjadwalan.dapat_suhu 2022-08-03T15:50:00+00:00 [queued]>
[2022-08-03 15:52:02,507] {taskinstance.py:826} INFO - Dependencies all met for <TaskInstance: penjadwalan.dapat_suhu 2022-08-03T15:50:00+00:00 [queued]>
[2022-08-03 15:52:02,511] {taskinstance.py:1017} INFO - 
--------------------------------------------------------------------------------
[2022-08-03 15:52:02,512] {taskinstance.py:1018} INFO - Starting attempt 1 of 1
[2022-08-03 15:52:02,513] {taskinstance.py:1019} INFO - 
--------------------------------------------------------------------------------
[2022-08-03 15:52:02,543] {taskinstance.py:1038} INFO - Executing <Task(PythonOperator): dapat_suhu> on 2022-08-03T15:50:00+00:00
[2022-08-03 15:52:02,548] {standard_task_runner.py:51} INFO - Started process 27403 to run task
[2022-08-03 15:52:02,556] {standard_task_runner.py:75} INFO - Running: ['airflow', 'tasks', 'run', 'penjadwalan', 'dapat_suhu', '2022-08-03T15:50:00+00:00', '--job-id', '1243', '--pool', 'default_pool', '--raw', '--subdir', 'DAGS_FOLDER/penjadwalan.py', '--cfg-path', '/tmp/tmpcg7i1e28']
[2022-08-03 15:52:02,562] {standard_task_runner.py:76} INFO - Job 1243: Subtask dapat_suhu
[2022-08-03 15:52:02,700] {logging_mixin.py:103} INFO - Running <TaskInstance: penjadwalan.dapat_suhu 2022-08-03T15:50:00+00:00 [running]> on host b4dcda255553
[2022-08-03 15:52:02,816] {taskinstance.py:1232} INFO - Exporting the following env vars:
AIRFLOW_CTX_DAG_OWNER=airflow
AIRFLOW_CTX_DAG_ID=penjadwalan
AIRFLOW_CTX_TASK_ID=dapat_suhu
AIRFLOW_CTX_EXECUTION_DATE=2022-08-03T15:50:00+00:00
AIRFLOW_CTX_DAG_RUN_ID=scheduled__2022-08-03T15:50:00+00:00
[2022-08-03 15:52:02,993] {logging_mixin.py:103} INFO - {'kota': 'Bali', 'cuaca': 'Clouds', 'cuaca_deskripsi': 'broken clouds', 'temperatur': 298.28, 'waktu': '2022-08-03T15:52:02.993212'}
[2022-08-03 15:52:03,137] {logging_mixin.py:103} INFO - {'kota': 'Lombok', 'cuaca': 'Clouds', 'cuaca_deskripsi': 'overcast clouds', 'temperatur': 293.94, 'waktu': '2022-08-03T15:52:03.136873'}
[2022-08-03 15:52:03,289] {logging_mixin.py:103} INFO - {'kota': 'Labuan Bajo', 'cuaca': 'Clouds', 'cuaca_deskripsi': 'broken clouds', 'temperatur': 296.58, 'waktu': '2022-08-03T15:52:03.289372'}
[2022-08-03 15:52:03,427] {logging_mixin.py:103} INFO - {'kota': 'Bogor', 'cuaca': 'Clouds', 'cuaca_deskripsi': 'broken clouds', 'temperatur': 299.76, 'waktu': '2022-08-03T15:52:03.427183'}
[2022-08-03 15:52:03,596] {logging_mixin.py:103} INFO - {'kota': 'Bandung', 'cuaca': 'Clouds', 'cuaca_deskripsi': 'broken clouds', 'temperatur': 293.7, 'waktu': '2022-08-03T15:52:03.595886'}
[2022-08-03 15:52:03,596] {python.py:118} INFO - Done. Returned value was: None
[2022-08-03 15:52:03,613] {taskinstance.py:1142} INFO - Marking task as SUCCESS. dag_id=penjadwalan, task_id=dapat_suhu, execution_date=20220803T155000, start_date=20220803T155202, end_date=20220803T155203
[2022-08-03 15:52:03,657] {taskinstance.py:1195} INFO - 0 downstream tasks scheduled from follow-on schedule check
[2022-08-03 15:52:03,692] {local_task_job.py:118} INFO - Task exited with return code 0
