[2022-08-03 12:13:02,850] {taskinstance.py:826} INFO - Dependencies all met for <TaskInstance: penjadwalan.dapat_suhu 2022-08-03T11:20:00+00:00 [queued]>
[2022-08-03 12:13:02,925] {taskinstance.py:826} INFO - Dependencies all met for <TaskInstance: penjadwalan.dapat_suhu 2022-08-03T11:20:00+00:00 [queued]>
[2022-08-03 12:13:02,928] {taskinstance.py:1017} INFO - 
--------------------------------------------------------------------------------
[2022-08-03 12:13:02,929] {taskinstance.py:1018} INFO - Starting attempt 1 of 1
[2022-08-03 12:13:02,934] {taskinstance.py:1019} INFO - 
--------------------------------------------------------------------------------
[2022-08-03 12:13:02,974] {taskinstance.py:1038} INFO - Executing <Task(PythonOperator): dapat_suhu> on 2022-08-03T11:20:00+00:00
[2022-08-03 12:13:02,981] {standard_task_runner.py:51} INFO - Started process 1355 to run task
[2022-08-03 12:13:02,994] {standard_task_runner.py:75} INFO - Running: ['airflow', 'tasks', 'run', 'penjadwalan', 'dapat_suhu', '2022-08-03T11:20:00+00:00', '--job-id', '1020', '--pool', 'default_pool', '--raw', '--subdir', 'DAGS_FOLDER/penjadwalan.py', '--cfg-path', '/tmp/tmp3j1ciu7l']
[2022-08-03 12:13:03,030] {standard_task_runner.py:76} INFO - Job 1020: Subtask dapat_suhu
[2022-08-03 12:13:05,445] {logging_mixin.py:103} INFO - Running <TaskInstance: penjadwalan.dapat_suhu 2022-08-03T11:20:00+00:00 [running]> on host b4dcda255553
[2022-08-03 12:13:06,443] {taskinstance.py:1232} INFO - Exporting the following env vars:
AIRFLOW_CTX_DAG_OWNER=airflow
AIRFLOW_CTX_DAG_ID=penjadwalan
AIRFLOW_CTX_TASK_ID=dapat_suhu
AIRFLOW_CTX_EXECUTION_DATE=2022-08-03T11:20:00+00:00
AIRFLOW_CTX_DAG_RUN_ID=scheduled__2022-08-03T11:20:00+00:00
[2022-08-03 12:13:06,738] {logging_mixin.py:103} INFO - {'kota': 'Bali', 'cuaca': 'Clouds', 'cuaca_deskripsi': 'overcast clouds', 'temperatur': 299.39, 'waktu': '2022-08-03T12:13:06.738777'}
[2022-08-03 12:13:06,925] {logging_mixin.py:103} INFO - {'kota': 'Lombok', 'cuaca': 'Rain', 'cuaca_deskripsi': 'light rain', 'temperatur': 294.54, 'waktu': '2022-08-03T12:13:06.925474'}
[2022-08-03 12:13:07,169] {logging_mixin.py:103} INFO - {'kota': 'Labuan Bajo', 'cuaca': 'Clouds', 'cuaca_deskripsi': 'overcast clouds', 'temperatur': 297.78, 'waktu': '2022-08-03T12:13:07.169335'}
[2022-08-03 12:13:07,394] {logging_mixin.py:103} INFO - {'kota': 'Bogor', 'cuaca': 'Clouds', 'cuaca_deskripsi': 'overcast clouds', 'temperatur': 296.38, 'waktu': '2022-08-03T12:13:07.394535'}
[2022-08-03 12:13:07,563] {logging_mixin.py:103} INFO - {'kota': 'Bandung', 'cuaca': 'Clouds', 'cuaca_deskripsi': 'broken clouds', 'temperatur': 294.44, 'waktu': '2022-08-03T12:13:07.563499'}
[2022-08-03 12:13:07,573] {python.py:118} INFO - Done. Returned value was: None
[2022-08-03 12:13:11,337] {taskinstance.py:1142} INFO - Marking task as SUCCESS. dag_id=penjadwalan, task_id=dapat_suhu, execution_date=20220803T112000, start_date=20220803T121302, end_date=20220803T121311
[2022-08-03 12:13:11,557] {taskinstance.py:1195} INFO - 0 downstream tasks scheduled from follow-on schedule check
[2022-08-03 12:13:11,574] {local_task_job.py:118} INFO - Task exited with return code 0
