[2022-08-03 15:34:01,113] {taskinstance.py:826} INFO - Dependencies all met for <TaskInstance: penjadwalan.dapat_suhu 2022-08-03T15:32:00+00:00 [queued]>
[2022-08-03 15:34:01,149] {taskinstance.py:826} INFO - Dependencies all met for <TaskInstance: penjadwalan.dapat_suhu 2022-08-03T15:32:00+00:00 [queued]>
[2022-08-03 15:34:01,149] {taskinstance.py:1017} INFO - 
--------------------------------------------------------------------------------
[2022-08-03 15:34:01,150] {taskinstance.py:1018} INFO - Starting attempt 1 of 1
[2022-08-03 15:34:01,150] {taskinstance.py:1019} INFO - 
--------------------------------------------------------------------------------
[2022-08-03 15:34:01,164] {taskinstance.py:1038} INFO - Executing <Task(PythonOperator): dapat_suhu> on 2022-08-03T15:32:00+00:00
[2022-08-03 15:34:01,169] {standard_task_runner.py:51} INFO - Started process 9150 to run task
[2022-08-03 15:34:01,175] {standard_task_runner.py:75} INFO - Running: ['airflow', 'tasks', 'run', 'penjadwalan', 'dapat_suhu', '2022-08-03T15:32:00+00:00', '--job-id', '1226', '--pool', 'default_pool', '--raw', '--subdir', 'DAGS_FOLDER/penjadwalan.py', '--cfg-path', '/tmp/tmpnp_ksh1z']
[2022-08-03 15:34:01,179] {standard_task_runner.py:76} INFO - Job 1226: Subtask dapat_suhu
[2022-08-03 15:34:01,261] {logging_mixin.py:103} INFO - Running <TaskInstance: penjadwalan.dapat_suhu 2022-08-03T15:32:00+00:00 [running]> on host b4dcda255553
[2022-08-03 15:34:01,449] {taskinstance.py:1232} INFO - Exporting the following env vars:
AIRFLOW_CTX_DAG_OWNER=airflow
AIRFLOW_CTX_DAG_ID=penjadwalan
AIRFLOW_CTX_TASK_ID=dapat_suhu
AIRFLOW_CTX_EXECUTION_DATE=2022-08-03T15:32:00+00:00
AIRFLOW_CTX_DAG_RUN_ID=scheduled__2022-08-03T15:32:00+00:00
[2022-08-03 15:34:01,652] {logging_mixin.py:103} INFO - {'kota': 'Bali', 'cuaca': 'Clouds', 'cuaca_deskripsi': 'broken clouds', 'temperatur': 298.28, 'waktu': '2022-08-03T15:34:01.652072'}
[2022-08-03 15:34:01,831] {logging_mixin.py:103} INFO - {'kota': 'Lombok', 'cuaca': 'Clouds', 'cuaca_deskripsi': 'overcast clouds', 'temperatur': 293.94, 'waktu': '2022-08-03T15:34:01.830894'}
[2022-08-03 15:34:02,030] {logging_mixin.py:103} INFO - {'kota': 'Labuan Bajo', 'cuaca': 'Clouds', 'cuaca_deskripsi': 'broken clouds', 'temperatur': 296.58, 'waktu': '2022-08-03T15:34:02.030225'}
[2022-08-03 15:34:02,195] {logging_mixin.py:103} INFO - {'kota': 'Bogor', 'cuaca': 'Clouds', 'cuaca_deskripsi': 'broken clouds', 'temperatur': 293.6, 'waktu': '2022-08-03T15:34:02.195596'}
[2022-08-03 15:34:02,440] {logging_mixin.py:103} INFO - {'kota': 'Bandung', 'cuaca': 'Clouds', 'cuaca_deskripsi': 'broken clouds', 'temperatur': 293.7, 'waktu': '2022-08-03T15:34:02.440084'}
[2022-08-03 15:34:02,441] {python.py:118} INFO - Done. Returned value was: None
[2022-08-03 15:34:02,467] {taskinstance.py:1142} INFO - Marking task as SUCCESS. dag_id=penjadwalan, task_id=dapat_suhu, execution_date=20220803T153200, start_date=20220803T153401, end_date=20220803T153402
[2022-08-03 15:34:02,540] {taskinstance.py:1195} INFO - 0 downstream tasks scheduled from follow-on schedule check
[2022-08-03 15:34:02,554] {local_task_job.py:118} INFO - Task exited with return code 0
