[2022-08-03 15:28:01,433] {taskinstance.py:826} INFO - Dependencies all met for <TaskInstance: penjadwalan.dapat_suhu 2022-08-03T15:26:00+00:00 [queued]>
[2022-08-03 15:28:01,483] {taskinstance.py:826} INFO - Dependencies all met for <TaskInstance: penjadwalan.dapat_suhu 2022-08-03T15:26:00+00:00 [queued]>
[2022-08-03 15:28:01,484] {taskinstance.py:1017} INFO - 
--------------------------------------------------------------------------------
[2022-08-03 15:28:01,485] {taskinstance.py:1018} INFO - Starting attempt 1 of 1
[2022-08-03 15:28:01,485] {taskinstance.py:1019} INFO - 
--------------------------------------------------------------------------------
[2022-08-03 15:28:01,517] {taskinstance.py:1038} INFO - Executing <Task(PythonOperator): dapat_suhu> on 2022-08-03T15:26:00+00:00
[2022-08-03 15:28:01,522] {standard_task_runner.py:51} INFO - Started process 24325 to run task
[2022-08-03 15:28:01,528] {standard_task_runner.py:75} INFO - Running: ['airflow', 'tasks', 'run', 'penjadwalan', 'dapat_suhu', '2022-08-03T15:26:00+00:00', '--job-id', '1219', '--pool', 'default_pool', '--raw', '--subdir', 'DAGS_FOLDER/penjadwalan.py', '--cfg-path', '/tmp/tmpl9q1l1qs']
[2022-08-03 15:28:01,533] {standard_task_runner.py:76} INFO - Job 1219: Subtask dapat_suhu
[2022-08-03 15:28:01,618] {logging_mixin.py:103} INFO - Running <TaskInstance: penjadwalan.dapat_suhu 2022-08-03T15:26:00+00:00 [running]> on host b4dcda255553
[2022-08-03 15:28:01,694] {taskinstance.py:1232} INFO - Exporting the following env vars:
AIRFLOW_CTX_DAG_OWNER=airflow
AIRFLOW_CTX_DAG_ID=penjadwalan
AIRFLOW_CTX_TASK_ID=dapat_suhu
AIRFLOW_CTX_EXECUTION_DATE=2022-08-03T15:26:00+00:00
AIRFLOW_CTX_DAG_RUN_ID=scheduled__2022-08-03T15:26:00+00:00
[2022-08-03 15:28:01,946] {logging_mixin.py:103} INFO - {'kota': 'Bali', 'cuaca': 'Clouds', 'cuaca_deskripsi': 'broken clouds', 'temperatur': 298.28, 'waktu': '2022-08-03T15:28:01.945909'}
[2022-08-03 15:28:02,541] {logging_mixin.py:103} INFO - {'kota': 'Lombok', 'cuaca': 'Clouds', 'cuaca_deskripsi': 'overcast clouds', 'temperatur': 294.17, 'waktu': '2022-08-03T15:28:02.541500'}
[2022-08-03 15:28:02,679] {logging_mixin.py:103} INFO - {'kota': 'Labuan Bajo', 'cuaca': 'Clouds', 'cuaca_deskripsi': 'broken clouds', 'temperatur': 296.75, 'waktu': '2022-08-03T15:28:02.679738'}
[2022-08-03 15:28:02,806] {logging_mixin.py:103} INFO - {'kota': 'Bogor', 'cuaca': 'Clouds', 'cuaca_deskripsi': 'overcast clouds', 'temperatur': 293.6, 'waktu': '2022-08-03T15:28:02.806703'}
[2022-08-03 15:28:02,991] {logging_mixin.py:103} INFO - {'kota': 'Bandung', 'cuaca': 'Clouds', 'cuaca_deskripsi': 'broken clouds', 'temperatur': 293.81, 'waktu': '2022-08-03T15:28:02.990770'}
[2022-08-03 15:28:02,992] {python.py:118} INFO - Done. Returned value was: None
[2022-08-03 15:28:03,013] {taskinstance.py:1142} INFO - Marking task as SUCCESS. dag_id=penjadwalan, task_id=dapat_suhu, execution_date=20220803T152600, start_date=20220803T152801, end_date=20220803T152803
[2022-08-03 15:28:03,072] {taskinstance.py:1195} INFO - 0 downstream tasks scheduled from follow-on schedule check
[2022-08-03 15:28:03,106] {local_task_job.py:118} INFO - Task exited with return code 0
