[2022-08-03 12:12:44,602] {taskinstance.py:826} INFO - Dependencies all met for <TaskInstance: penjadwalan.dapat_suhu 2022-08-03T10:34:00+00:00 [queued]>
[2022-08-03 12:12:44,690] {taskinstance.py:826} INFO - Dependencies all met for <TaskInstance: penjadwalan.dapat_suhu 2022-08-03T10:34:00+00:00 [queued]>
[2022-08-03 12:12:44,692] {taskinstance.py:1017} INFO - 
--------------------------------------------------------------------------------
[2022-08-03 12:12:44,693] {taskinstance.py:1018} INFO - Starting attempt 1 of 1
[2022-08-03 12:12:44,697] {taskinstance.py:1019} INFO - 
--------------------------------------------------------------------------------
[2022-08-03 12:12:44,741] {taskinstance.py:1038} INFO - Executing <Task(PythonOperator): dapat_suhu> on 2022-08-03T10:34:00+00:00
[2022-08-03 12:12:44,748] {standard_task_runner.py:51} INFO - Started process 353 to run task
[2022-08-03 12:12:44,778] {standard_task_runner.py:75} INFO - Running: ['airflow', 'tasks', 'run', 'penjadwalan', 'dapat_suhu', '2022-08-03T10:34:00+00:00', '--job-id', '993', '--pool', 'default_pool', '--raw', '--subdir', 'DAGS_FOLDER/penjadwalan.py', '--cfg-path', '/tmp/tmpab7b8bx_']
[2022-08-03 12:12:44,788] {standard_task_runner.py:76} INFO - Job 993: Subtask dapat_suhu
[2022-08-03 12:12:45,070] {logging_mixin.py:103} INFO - Running <TaskInstance: penjadwalan.dapat_suhu 2022-08-03T10:34:00+00:00 [running]> on host b4dcda255553
[2022-08-03 12:12:45,334] {taskinstance.py:1232} INFO - Exporting the following env vars:
AIRFLOW_CTX_DAG_OWNER=airflow
AIRFLOW_CTX_DAG_ID=penjadwalan
AIRFLOW_CTX_TASK_ID=dapat_suhu
AIRFLOW_CTX_EXECUTION_DATE=2022-08-03T10:34:00+00:00
AIRFLOW_CTX_DAG_RUN_ID=scheduled__2022-08-03T10:34:00+00:00
[2022-08-03 12:12:45,522] {logging_mixin.py:103} INFO - {'kota': 'Bali', 'cuaca': 'Clouds', 'cuaca_deskripsi': 'overcast clouds', 'temperatur': 299.39, 'waktu': '2022-08-03T12:12:45.522269'}
[2022-08-03 12:12:45,660] {logging_mixin.py:103} INFO - {'kota': 'Lombok', 'cuaca': 'Rain', 'cuaca_deskripsi': 'light rain', 'temperatur': 294.54, 'waktu': '2022-08-03T12:12:45.660232'}
[2022-08-03 12:12:45,811] {logging_mixin.py:103} INFO - {'kota': 'Labuan Bajo', 'cuaca': 'Clouds', 'cuaca_deskripsi': 'overcast clouds', 'temperatur': 297.78, 'waktu': '2022-08-03T12:12:45.811013'}
[2022-08-03 12:12:45,957] {logging_mixin.py:103} INFO - {'kota': 'Bogor', 'cuaca': 'Clouds', 'cuaca_deskripsi': 'overcast clouds', 'temperatur': 296.38, 'waktu': '2022-08-03T12:12:45.957198'}
[2022-08-03 12:12:46,094] {logging_mixin.py:103} INFO - {'kota': 'Bandung', 'cuaca': 'Clouds', 'cuaca_deskripsi': 'broken clouds', 'temperatur': 294.44, 'waktu': '2022-08-03T12:12:46.094597'}
[2022-08-03 12:12:46,095] {python.py:118} INFO - Done. Returned value was: None
[2022-08-03 12:12:46,122] {taskinstance.py:1142} INFO - Marking task as SUCCESS. dag_id=penjadwalan, task_id=dapat_suhu, execution_date=20220803T103400, start_date=20220803T121244, end_date=20220803T121246
[2022-08-03 12:12:46,195] {taskinstance.py:1195} INFO - 0 downstream tasks scheduled from follow-on schedule check
[2022-08-03 12:12:46,244] {local_task_job.py:118} INFO - Task exited with return code 0
