[2022-08-03 13:34:03,698] {taskinstance.py:826} INFO - Dependencies all met for <TaskInstance: penjadwalan.dapat_suhu 2022-08-03T13:32:00+00:00 [queued]>
[2022-08-03 13:34:03,760] {taskinstance.py:826} INFO - Dependencies all met for <TaskInstance: penjadwalan.dapat_suhu 2022-08-03T13:32:00+00:00 [queued]>
[2022-08-03 13:34:03,761] {taskinstance.py:1017} INFO - 
--------------------------------------------------------------------------------
[2022-08-03 13:34:03,762] {taskinstance.py:1018} INFO - Starting attempt 1 of 1
[2022-08-03 13:34:03,763] {taskinstance.py:1019} INFO - 
--------------------------------------------------------------------------------
[2022-08-03 13:34:03,803] {taskinstance.py:1038} INFO - Executing <Task(PythonOperator): dapat_suhu> on 2022-08-03T13:32:00+00:00
[2022-08-03 13:34:03,808] {standard_task_runner.py:51} INFO - Started process 18581 to run task
[2022-08-03 13:34:03,823] {standard_task_runner.py:75} INFO - Running: ['airflow', 'tasks', 'run', 'penjadwalan', 'dapat_suhu', '2022-08-03T13:32:00+00:00', '--job-id', '1118', '--pool', 'default_pool', '--raw', '--subdir', 'DAGS_FOLDER/penjadwalan.py', '--cfg-path', '/tmp/tmpzltcx1dx']
[2022-08-03 13:34:03,837] {standard_task_runner.py:76} INFO - Job 1118: Subtask dapat_suhu
[2022-08-03 13:34:04,057] {logging_mixin.py:103} INFO - Running <TaskInstance: penjadwalan.dapat_suhu 2022-08-03T13:32:00+00:00 [running]> on host b4dcda255553
[2022-08-03 13:34:04,244] {taskinstance.py:1232} INFO - Exporting the following env vars:
AIRFLOW_CTX_DAG_OWNER=airflow
AIRFLOW_CTX_DAG_ID=penjadwalan
AIRFLOW_CTX_TASK_ID=dapat_suhu
AIRFLOW_CTX_EXECUTION_DATE=2022-08-03T13:32:00+00:00
AIRFLOW_CTX_DAG_RUN_ID=scheduled__2022-08-03T13:32:00+00:00
[2022-08-03 13:34:04,423] {logging_mixin.py:103} INFO - {'kota': 'Bali', 'cuaca': 'Clouds', 'cuaca_deskripsi': 'scattered clouds', 'temperatur': 299.39, 'waktu': '2022-08-03T13:34:04.423304'}
[2022-08-03 13:34:04,588] {logging_mixin.py:103} INFO - {'kota': 'Lombok', 'cuaca': 'Clouds', 'cuaca_deskripsi': 'overcast clouds', 'temperatur': 294.33, 'waktu': '2022-08-03T13:34:04.588213'}
[2022-08-03 13:34:04,737] {logging_mixin.py:103} INFO - {'kota': 'Labuan Bajo', 'cuaca': 'Clouds', 'cuaca_deskripsi': 'overcast clouds', 'temperatur': 297.01, 'waktu': '2022-08-03T13:34:04.737478'}
[2022-08-03 13:34:05,000] {logging_mixin.py:103} INFO - {'kota': 'Bogor', 'cuaca': 'Clouds', 'cuaca_deskripsi': 'overcast clouds', 'temperatur': 295.27, 'waktu': '2022-08-03T13:34:04.999864'}
[2022-08-03 13:34:05,149] {logging_mixin.py:103} INFO - {'kota': 'Bandung', 'cuaca': 'Clouds', 'cuaca_deskripsi': 'overcast clouds', 'temperatur': 294.11, 'waktu': '2022-08-03T13:34:05.149316'}
[2022-08-03 13:34:05,153] {python.py:118} INFO - Done. Returned value was: None
[2022-08-03 13:34:05,265] {taskinstance.py:1142} INFO - Marking task as SUCCESS. dag_id=penjadwalan, task_id=dapat_suhu, execution_date=20220803T133200, start_date=20220803T133403, end_date=20220803T133405
[2022-08-03 13:34:05,344] {taskinstance.py:1195} INFO - 0 downstream tasks scheduled from follow-on schedule check
[2022-08-03 13:34:05,385] {local_task_job.py:118} INFO - Task exited with return code 0
