[2022-08-03 14:22:00,702] {taskinstance.py:826} INFO - Dependencies all met for <TaskInstance: penjadwalan.dapat_suhu 2022-08-03T14:20:00+00:00 [queued]>
[2022-08-03 14:22:00,736] {taskinstance.py:826} INFO - Dependencies all met for <TaskInstance: penjadwalan.dapat_suhu 2022-08-03T14:20:00+00:00 [queued]>
[2022-08-03 14:22:00,737] {taskinstance.py:1017} INFO - 
--------------------------------------------------------------------------------
[2022-08-03 14:22:00,737] {taskinstance.py:1018} INFO - Starting attempt 1 of 1
[2022-08-03 14:22:00,738] {taskinstance.py:1019} INFO - 
--------------------------------------------------------------------------------
[2022-08-03 14:22:00,759] {taskinstance.py:1038} INFO - Executing <Task(PythonOperator): dapat_suhu> on 2022-08-03T14:20:00+00:00
[2022-08-03 14:22:00,764] {standard_task_runner.py:51} INFO - Started process 26152 to run task
[2022-08-03 14:22:00,771] {standard_task_runner.py:75} INFO - Running: ['airflow', 'tasks', 'run', 'penjadwalan', 'dapat_suhu', '2022-08-03T14:20:00+00:00', '--job-id', '1162', '--pool', 'default_pool', '--raw', '--subdir', 'DAGS_FOLDER/penjadwalan.py', '--cfg-path', '/tmp/tmp53_gvt_g']
[2022-08-03 14:22:00,776] {standard_task_runner.py:76} INFO - Job 1162: Subtask dapat_suhu
[2022-08-03 14:22:00,873] {logging_mixin.py:103} INFO - Running <TaskInstance: penjadwalan.dapat_suhu 2022-08-03T14:20:00+00:00 [running]> on host b4dcda255553
[2022-08-03 14:22:01,092] {taskinstance.py:1232} INFO - Exporting the following env vars:
AIRFLOW_CTX_DAG_OWNER=airflow
AIRFLOW_CTX_DAG_ID=penjadwalan
AIRFLOW_CTX_TASK_ID=dapat_suhu
AIRFLOW_CTX_EXECUTION_DATE=2022-08-03T14:20:00+00:00
AIRFLOW_CTX_DAG_RUN_ID=scheduled__2022-08-03T14:20:00+00:00
[2022-08-03 14:22:01,235] {logging_mixin.py:103} INFO - {'kota': 'Bali', 'cuaca': 'Clouds', 'cuaca_deskripsi': 'broken clouds', 'temperatur': 298.28, 'waktu': '2022-08-03T14:22:01.234803'}
[2022-08-03 14:22:01,405] {logging_mixin.py:103} INFO - {'kota': 'Lombok', 'cuaca': 'Clouds', 'cuaca_deskripsi': 'overcast clouds', 'temperatur': 294.33, 'waktu': '2022-08-03T14:22:01.405408'}
[2022-08-03 14:22:01,628] {logging_mixin.py:103} INFO - {'kota': 'Labuan Bajo', 'cuaca': 'Clouds', 'cuaca_deskripsi': 'overcast clouds', 'temperatur': 297.01, 'waktu': '2022-08-03T14:22:01.628144'}
[2022-08-03 14:22:01,796] {logging_mixin.py:103} INFO - {'kota': 'Bogor', 'cuaca': 'Clouds', 'cuaca_deskripsi': 'overcast clouds', 'temperatur': 293.6, 'waktu': '2022-08-03T14:22:01.796331'}
[2022-08-03 14:22:01,935] {logging_mixin.py:103} INFO - {'kota': 'Bandung', 'cuaca': 'Clouds', 'cuaca_deskripsi': 'broken clouds', 'temperatur': 293.99, 'waktu': '2022-08-03T14:22:01.935124'}
[2022-08-03 14:22:01,936] {python.py:118} INFO - Done. Returned value was: None
[2022-08-03 14:22:01,954] {taskinstance.py:1142} INFO - Marking task as SUCCESS. dag_id=penjadwalan, task_id=dapat_suhu, execution_date=20220803T142000, start_date=20220803T142200, end_date=20220803T142201
[2022-08-03 14:22:01,990] {taskinstance.py:1195} INFO - 0 downstream tasks scheduled from follow-on schedule check
[2022-08-03 14:22:02,027] {local_task_job.py:118} INFO - Task exited with return code 0
