[2022-08-03 13:30:02,109] {taskinstance.py:826} INFO - Dependencies all met for <TaskInstance: penjadwalan.dapat_suhu 2022-08-03T13:28:00+00:00 [queued]>
[2022-08-03 13:30:02,186] {taskinstance.py:826} INFO - Dependencies all met for <TaskInstance: penjadwalan.dapat_suhu 2022-08-03T13:28:00+00:00 [queued]>
[2022-08-03 13:30:02,189] {taskinstance.py:1017} INFO - 
--------------------------------------------------------------------------------
[2022-08-03 13:30:02,190] {taskinstance.py:1018} INFO - Starting attempt 1 of 1
[2022-08-03 13:30:02,190] {taskinstance.py:1019} INFO - 
--------------------------------------------------------------------------------
[2022-08-03 13:30:02,221] {taskinstance.py:1038} INFO - Executing <Task(PythonOperator): dapat_suhu> on 2022-08-03T13:28:00+00:00
[2022-08-03 13:30:02,230] {standard_task_runner.py:51} INFO - Started process 10396 to run task
[2022-08-03 13:30:02,237] {standard_task_runner.py:75} INFO - Running: ['airflow', 'tasks', 'run', 'penjadwalan', 'dapat_suhu', '2022-08-03T13:28:00+00:00', '--job-id', '1112', '--pool', 'default_pool', '--raw', '--subdir', 'DAGS_FOLDER/penjadwalan.py', '--cfg-path', '/tmp/tmp7nos4o37']
[2022-08-03 13:30:02,253] {standard_task_runner.py:76} INFO - Job 1112: Subtask dapat_suhu
[2022-08-03 13:30:02,423] {logging_mixin.py:103} INFO - Running <TaskInstance: penjadwalan.dapat_suhu 2022-08-03T13:28:00+00:00 [running]> on host b4dcda255553
[2022-08-03 13:30:02,628] {taskinstance.py:1232} INFO - Exporting the following env vars:
AIRFLOW_CTX_DAG_OWNER=airflow
AIRFLOW_CTX_DAG_ID=penjadwalan
AIRFLOW_CTX_TASK_ID=dapat_suhu
AIRFLOW_CTX_EXECUTION_DATE=2022-08-03T13:28:00+00:00
AIRFLOW_CTX_DAG_RUN_ID=scheduled__2022-08-03T13:28:00+00:00
[2022-08-03 13:30:03,069] {logging_mixin.py:103} INFO - {'kota': 'Bali', 'cuaca': 'Clouds', 'cuaca_deskripsi': 'scattered clouds', 'temperatur': 299.39, 'waktu': '2022-08-03T13:30:03.067160'}
[2022-08-03 13:30:03,345] {logging_mixin.py:103} INFO - {'kota': 'Lombok', 'cuaca': 'Clouds', 'cuaca_deskripsi': 'overcast clouds', 'temperatur': 294.43, 'waktu': '2022-08-03T13:30:03.345172'}
[2022-08-03 13:30:03,592] {logging_mixin.py:103} INFO - {'kota': 'Labuan Bajo', 'cuaca': 'Clouds', 'cuaca_deskripsi': 'overcast clouds', 'temperatur': 297.01, 'waktu': '2022-08-03T13:30:03.591984'}
[2022-08-03 13:30:03,821] {logging_mixin.py:103} INFO - {'kota': 'Bogor', 'cuaca': 'Clouds', 'cuaca_deskripsi': 'overcast clouds', 'temperatur': 295.27, 'waktu': '2022-08-03T13:30:03.820776'}
[2022-08-03 13:30:04,403] {logging_mixin.py:103} INFO - {'kota': 'Bandung', 'cuaca': 'Clouds', 'cuaca_deskripsi': 'overcast clouds', 'temperatur': 294.11, 'waktu': '2022-08-03T13:30:04.403358'}
[2022-08-03 13:30:04,407] {python.py:118} INFO - Done. Returned value was: None
[2022-08-03 13:30:04,736] {taskinstance.py:1142} INFO - Marking task as SUCCESS. dag_id=penjadwalan, task_id=dapat_suhu, execution_date=20220803T132800, start_date=20220803T133002, end_date=20220803T133004
[2022-08-03 13:30:05,054] {taskinstance.py:1195} INFO - 0 downstream tasks scheduled from follow-on schedule check
[2022-08-03 13:30:05,067] {local_task_job.py:118} INFO - Task exited with return code 0
