[2022-08-03 13:02:07,380] {taskinstance.py:826} INFO - Dependencies all met for <TaskInstance: penjadwalan.dapat_suhu 2022-08-03T13:00:00+00:00 [queued]>
[2022-08-03 13:02:08,372] {taskinstance.py:826} INFO - Dependencies all met for <TaskInstance: penjadwalan.dapat_suhu 2022-08-03T13:00:00+00:00 [queued]>
[2022-08-03 13:02:08,376] {taskinstance.py:1017} INFO - 
--------------------------------------------------------------------------------
[2022-08-03 13:02:08,378] {taskinstance.py:1018} INFO - Starting attempt 1 of 1
[2022-08-03 13:02:08,379] {taskinstance.py:1019} INFO - 
--------------------------------------------------------------------------------
[2022-08-03 13:02:10,198] {taskinstance.py:1038} INFO - Executing <Task(PythonOperator): dapat_suhu> on 2022-08-03T13:00:00+00:00
[2022-08-03 13:02:10,228] {standard_task_runner.py:51} INFO - Started process 970 to run task
[2022-08-03 13:02:10,249] {standard_task_runner.py:75} INFO - Running: ['airflow', 'tasks', 'run', 'penjadwalan', 'dapat_suhu', '2022-08-03T13:00:00+00:00', '--job-id', '1090', '--pool', 'default_pool', '--raw', '--subdir', 'DAGS_FOLDER/penjadwalan.py', '--cfg-path', '/tmp/tmpy508r9y_']
[2022-08-03 13:02:10,273] {standard_task_runner.py:76} INFO - Job 1090: Subtask dapat_suhu
[2022-08-03 13:02:15,212] {logging_mixin.py:103} INFO - Running <TaskInstance: penjadwalan.dapat_suhu 2022-08-03T13:00:00+00:00 [running]> on host b4dcda255553
[2022-08-03 13:02:15,435] {taskinstance.py:1232} INFO - Exporting the following env vars:
AIRFLOW_CTX_DAG_OWNER=airflow
AIRFLOW_CTX_DAG_ID=penjadwalan
AIRFLOW_CTX_TASK_ID=dapat_suhu
AIRFLOW_CTX_EXECUTION_DATE=2022-08-03T13:00:00+00:00
AIRFLOW_CTX_DAG_RUN_ID=scheduled__2022-08-03T13:00:00+00:00
[2022-08-03 13:02:16,083] {logging_mixin.py:103} INFO - {'kota': 'Bali', 'cuaca': 'Clouds', 'cuaca_deskripsi': 'scattered clouds', 'temperatur': 299.39, 'waktu': '2022-08-03T13:02:16.083695'}
[2022-08-03 13:02:16,961] {logging_mixin.py:103} INFO - {'kota': 'Lombok', 'cuaca': 'Clouds', 'cuaca_deskripsi': 'overcast clouds', 'temperatur': 294.43, 'waktu': '2022-08-03T13:02:16.961506'}
[2022-08-03 13:02:17,160] {logging_mixin.py:103} INFO - {'kota': 'Labuan Bajo', 'cuaca': 'Clouds', 'cuaca_deskripsi': 'overcast clouds', 'temperatur': 297.41, 'waktu': '2022-08-03T13:02:17.160098'}
[2022-08-03 13:02:17,424] {logging_mixin.py:103} INFO - {'kota': 'Bogor', 'cuaca': 'Clouds', 'cuaca_deskripsi': 'overcast clouds', 'temperatur': 295.82, 'waktu': '2022-08-03T13:02:17.424529'}
[2022-08-03 13:02:17,654] {logging_mixin.py:103} INFO - {'kota': 'Bandung', 'cuaca': 'Clouds', 'cuaca_deskripsi': 'overcast clouds', 'temperatur': 294.11, 'waktu': '2022-08-03T13:02:17.654749'}
[2022-08-03 13:02:17,657] {python.py:118} INFO - Done. Returned value was: None
[2022-08-03 13:02:22,610] {taskinstance.py:1142} INFO - Marking task as SUCCESS. dag_id=penjadwalan, task_id=dapat_suhu, execution_date=20220803T130000, start_date=20220803T130207, end_date=20220803T130222
[2022-08-03 13:02:23,696] {taskinstance.py:1195} INFO - 0 downstream tasks scheduled from follow-on schedule check
[2022-08-03 13:02:23,748] {local_task_job.py:118} INFO - Task exited with return code 0
