[2022-08-03 12:12:43,989] {taskinstance.py:826} INFO - Dependencies all met for <TaskInstance: my_simple_dag.sleep_me 2022-08-03T10:20:00+00:00 [queued]>
[2022-08-03 12:12:44,047] {taskinstance.py:826} INFO - Dependencies all met for <TaskInstance: my_simple_dag.sleep_me 2022-08-03T10:20:00+00:00 [queued]>
[2022-08-03 12:12:44,049] {taskinstance.py:1017} INFO - 
--------------------------------------------------------------------------------
[2022-08-03 12:12:44,049] {taskinstance.py:1018} INFO - Starting attempt 1 of 1
[2022-08-03 12:12:44,053] {taskinstance.py:1019} INFO - 
--------------------------------------------------------------------------------
[2022-08-03 12:12:44,082] {taskinstance.py:1038} INFO - Executing <Task(BashOperator): sleep_me> on 2022-08-03T10:20:00+00:00
[2022-08-03 12:12:44,091] {standard_task_runner.py:51} INFO - Started process 328 to run task
[2022-08-03 12:12:44,113] {standard_task_runner.py:75} INFO - Running: ['airflow', 'tasks', 'run', 'my_simple_dag', 'sleep_me', '2022-08-03T10:20:00+00:00', '--job-id', '991', '--pool', 'default_pool', '--raw', '--subdir', 'DAGS_FOLDER/my_simple_dag.py', '--cfg-path', '/tmp/tmpho7qw7fl']
[2022-08-03 12:12:44,119] {standard_task_runner.py:76} INFO - Job 991: Subtask sleep_me
[2022-08-03 12:12:44,356] {logging_mixin.py:103} INFO - Running <TaskInstance: my_simple_dag.sleep_me 2022-08-03T10:20:00+00:00 [running]> on host b4dcda255553
[2022-08-03 12:12:44,590] {taskinstance.py:1232} INFO - Exporting the following env vars:
AIRFLOW_CTX_DAG_OWNER=airflow
AIRFLOW_CTX_DAG_ID=my_simple_dag
AIRFLOW_CTX_TASK_ID=sleep_me
AIRFLOW_CTX_EXECUTION_DATE=2022-08-03T10:20:00+00:00
AIRFLOW_CTX_DAG_RUN_ID=scheduled__2022-08-03T10:20:00+00:00
[2022-08-03 12:12:44,591] {bash.py:135} INFO - Tmp dir root location: 
 /tmp
[2022-08-03 12:12:44,593] {bash.py:158} INFO - Running command: sleep 5
[2022-08-03 12:12:44,614] {bash.py:169} INFO - Output:
[2022-08-03 12:12:49,651] {bash.py:177} INFO - Command exited with return code 0
[2022-08-03 12:12:49,689] {taskinstance.py:1142} INFO - Marking task as SUCCESS. dag_id=my_simple_dag, task_id=sleep_me, execution_date=20220803T102000, start_date=20220803T121243, end_date=20220803T121249
[2022-08-03 12:12:49,734] {taskinstance.py:1195} INFO - 1 downstream tasks scheduled from follow-on schedule check
[2022-08-03 12:12:49,756] {local_task_job.py:118} INFO - Task exited with return code 0
