[2022-08-03 12:40:04,116] {taskinstance.py:826} INFO - Dependencies all met for <TaskInstance: my_simple_dag.sleep_me 2022-08-03T12:30:00+00:00 [queued]>
[2022-08-03 12:40:04,190] {taskinstance.py:826} INFO - Dependencies all met for <TaskInstance: my_simple_dag.sleep_me 2022-08-03T12:30:00+00:00 [queued]>
[2022-08-03 12:40:04,191] {taskinstance.py:1017} INFO - 
--------------------------------------------------------------------------------
[2022-08-03 12:40:04,192] {taskinstance.py:1018} INFO - Starting attempt 1 of 1
[2022-08-03 12:40:04,193] {taskinstance.py:1019} INFO - 
--------------------------------------------------------------------------------
[2022-08-03 12:40:04,219] {taskinstance.py:1038} INFO - Executing <Task(BashOperator): sleep_me> on 2022-08-03T12:30:00+00:00
[2022-08-03 12:40:04,224] {standard_task_runner.py:51} INFO - Started process 6045 to run task
[2022-08-03 12:40:04,233] {standard_task_runner.py:75} INFO - Running: ['airflow', 'tasks', 'run', 'my_simple_dag', 'sleep_me', '2022-08-03T12:30:00+00:00', '--job-id', '1070', '--pool', 'default_pool', '--raw', '--subdir', 'DAGS_FOLDER/my_simple_dag.py', '--cfg-path', '/tmp/tmpl0m4fyom']
[2022-08-03 12:40:04,240] {standard_task_runner.py:76} INFO - Job 1070: Subtask sleep_me
[2022-08-03 12:40:04,334] {logging_mixin.py:103} INFO - Running <TaskInstance: my_simple_dag.sleep_me 2022-08-03T12:30:00+00:00 [running]> on host b4dcda255553
[2022-08-03 12:40:04,440] {taskinstance.py:1232} INFO - Exporting the following env vars:
AIRFLOW_CTX_DAG_OWNER=airflow
AIRFLOW_CTX_DAG_ID=my_simple_dag
AIRFLOW_CTX_TASK_ID=sleep_me
AIRFLOW_CTX_EXECUTION_DATE=2022-08-03T12:30:00+00:00
AIRFLOW_CTX_DAG_RUN_ID=scheduled__2022-08-03T12:30:00+00:00
[2022-08-03 12:40:04,441] {bash.py:135} INFO - Tmp dir root location: 
 /tmp
[2022-08-03 12:40:04,443] {bash.py:158} INFO - Running command: sleep 5
[2022-08-03 12:40:04,454] {bash.py:169} INFO - Output:
[2022-08-03 12:40:09,458] {bash.py:177} INFO - Command exited with return code 0
[2022-08-03 12:40:09,523] {taskinstance.py:1142} INFO - Marking task as SUCCESS. dag_id=my_simple_dag, task_id=sleep_me, execution_date=20220803T123000, start_date=20220803T124004, end_date=20220803T124009
[2022-08-03 12:40:09,597] {taskinstance.py:1195} INFO - 1 downstream tasks scheduled from follow-on schedule check
[2022-08-03 12:40:09,630] {local_task_job.py:118} INFO - Task exited with return code 0
