[2022-08-03 16:14:01,343] {taskinstance.py:826} INFO - Dependencies all met for <TaskInstance: penjadwalan.dapat_suhu 2022-08-03T16:12:00+00:00 [queued]>
[2022-08-03 16:14:01,400] {taskinstance.py:826} INFO - Dependencies all met for <TaskInstance: penjadwalan.dapat_suhu 2022-08-03T16:12:00+00:00 [queued]>
[2022-08-03 16:14:01,408] {taskinstance.py:1017} INFO - 
--------------------------------------------------------------------------------
[2022-08-03 16:14:01,411] {taskinstance.py:1018} INFO - Starting attempt 1 of 1
[2022-08-03 16:14:01,412] {taskinstance.py:1019} INFO - 
--------------------------------------------------------------------------------
[2022-08-03 16:14:01,598] {taskinstance.py:1038} INFO - Executing <Task(PythonOperator): dapat_suhu> on 2022-08-03T16:12:00+00:00
[2022-08-03 16:14:01,603] {standard_task_runner.py:51} INFO - Started process 25200 to run task
[2022-08-03 16:14:01,609] {standard_task_runner.py:75} INFO - Running: ['airflow', 'tasks', 'run', 'penjadwalan', 'dapat_suhu', '2022-08-03T16:12:00+00:00', '--job-id', '1262', '--pool', 'default_pool', '--raw', '--subdir', 'DAGS_FOLDER/penjadwalan.py', '--cfg-path', '/tmp/tmpdqeqhvb8']
[2022-08-03 16:14:01,613] {standard_task_runner.py:76} INFO - Job 1262: Subtask dapat_suhu
[2022-08-03 16:14:02,160] {logging_mixin.py:103} INFO - Running <TaskInstance: penjadwalan.dapat_suhu 2022-08-03T16:12:00+00:00 [running]> on host b4dcda255553
[2022-08-03 16:14:02,286] {taskinstance.py:1232} INFO - Exporting the following env vars:
AIRFLOW_CTX_DAG_OWNER=airflow
AIRFLOW_CTX_DAG_ID=penjadwalan
AIRFLOW_CTX_TASK_ID=dapat_suhu
AIRFLOW_CTX_EXECUTION_DATE=2022-08-03T16:12:00+00:00
AIRFLOW_CTX_DAG_RUN_ID=scheduled__2022-08-03T16:12:00+00:00
[2022-08-03 16:14:02,453] {logging_mixin.py:103} INFO - {'kota': 'Bali', 'cuaca': 'Clouds', 'cuaca_deskripsi': 'broken clouds', 'temperatur': 298.28, 'waktu': '2022-08-03T16:14:02.452877'}
[2022-08-03 16:14:02,611] {logging_mixin.py:103} INFO - {'kota': 'Lombok', 'cuaca': 'Clouds', 'cuaca_deskripsi': 'overcast clouds', 'temperatur': 293.94, 'waktu': '2022-08-03T16:14:02.611229'}
[2022-08-03 16:14:02,772] {logging_mixin.py:103} INFO - {'kota': 'Labuan Bajo', 'cuaca': 'Clouds', 'cuaca_deskripsi': 'broken clouds', 'temperatur': 296.58, 'waktu': '2022-08-03T16:14:02.771927'}
[2022-08-03 16:14:02,941] {logging_mixin.py:103} INFO - {'kota': 'Bogor', 'cuaca': 'Clouds', 'cuaca_deskripsi': 'broken clouds', 'temperatur': 294.66, 'waktu': '2022-08-03T16:14:02.941641'}
[2022-08-03 16:14:03,093] {logging_mixin.py:103} INFO - {'kota': 'Bandung', 'cuaca': 'Clouds', 'cuaca_deskripsi': 'broken clouds', 'temperatur': 293.7, 'waktu': '2022-08-03T16:14:03.093820'}
[2022-08-03 16:14:03,094] {python.py:118} INFO - Done. Returned value was: None
[2022-08-03 16:14:03,118] {taskinstance.py:1142} INFO - Marking task as SUCCESS. dag_id=penjadwalan, task_id=dapat_suhu, execution_date=20220803T161200, start_date=20220803T161401, end_date=20220803T161403
[2022-08-03 16:14:03,168] {taskinstance.py:1195} INFO - 0 downstream tasks scheduled from follow-on schedule check
[2022-08-03 16:14:03,188] {local_task_job.py:118} INFO - Task exited with return code 0
