[2022-08-03 16:28:00,728] {taskinstance.py:826} INFO - Dependencies all met for <TaskInstance: penjadwalan.dapat_suhu 2022-08-03T16:26:00+00:00 [queued]>
[2022-08-03 16:28:00,768] {taskinstance.py:826} INFO - Dependencies all met for <TaskInstance: penjadwalan.dapat_suhu 2022-08-03T16:26:00+00:00 [queued]>
[2022-08-03 16:28:00,768] {taskinstance.py:1017} INFO - 
--------------------------------------------------------------------------------
[2022-08-03 16:28:00,769] {taskinstance.py:1018} INFO - Starting attempt 1 of 1
[2022-08-03 16:28:00,769] {taskinstance.py:1019} INFO - 
--------------------------------------------------------------------------------
[2022-08-03 16:28:00,788] {taskinstance.py:1038} INFO - Executing <Task(PythonOperator): dapat_suhu> on 2022-08-03T16:26:00+00:00
[2022-08-03 16:28:00,793] {standard_task_runner.py:51} INFO - Started process 22813 to run task
[2022-08-03 16:28:00,800] {standard_task_runner.py:75} INFO - Running: ['airflow', 'tasks', 'run', 'penjadwalan', 'dapat_suhu', '2022-08-03T16:26:00+00:00', '--job-id', '1273', '--pool', 'default_pool', '--raw', '--subdir', 'DAGS_FOLDER/penjadwalan.py', '--cfg-path', '/tmp/tmpc1h2jox7']
[2022-08-03 16:28:00,806] {standard_task_runner.py:76} INFO - Job 1273: Subtask dapat_suhu
[2022-08-03 16:28:00,894] {logging_mixin.py:103} INFO - Running <TaskInstance: penjadwalan.dapat_suhu 2022-08-03T16:26:00+00:00 [running]> on host b4dcda255553
[2022-08-03 16:28:00,992] {taskinstance.py:1232} INFO - Exporting the following env vars:
AIRFLOW_CTX_DAG_OWNER=airflow
AIRFLOW_CTX_DAG_ID=penjadwalan
AIRFLOW_CTX_TASK_ID=dapat_suhu
AIRFLOW_CTX_EXECUTION_DATE=2022-08-03T16:26:00+00:00
AIRFLOW_CTX_DAG_RUN_ID=scheduled__2022-08-03T16:26:00+00:00
[2022-08-03 16:28:01,140] {logging_mixin.py:103} INFO - {'kota': 'Bali', 'cuaca': 'Clouds', 'cuaca_deskripsi': 'broken clouds', 'temperatur': 298.28, 'waktu': '2022-08-03T16:28:01.140565'}
[2022-08-03 16:28:01,258] {logging_mixin.py:103} INFO - {'kota': 'Lombok', 'cuaca': 'Clouds', 'cuaca_deskripsi': 'overcast clouds', 'temperatur': 293.94, 'waktu': '2022-08-03T16:28:01.258421'}
[2022-08-03 16:28:01,389] {logging_mixin.py:103} INFO - {'kota': 'Labuan Bajo', 'cuaca': 'Clouds', 'cuaca_deskripsi': 'broken clouds', 'temperatur': 296.58, 'waktu': '2022-08-03T16:28:01.388887'}
[2022-08-03 16:28:01,527] {logging_mixin.py:103} INFO - {'kota': 'Bogor', 'cuaca': 'Clouds', 'cuaca_deskripsi': 'broken clouds', 'temperatur': 299.76, 'waktu': '2022-08-03T16:28:01.527770'}
[2022-08-03 16:28:01,662] {logging_mixin.py:103} INFO - {'kota': 'Bandung', 'cuaca': 'Clouds', 'cuaca_deskripsi': 'broken clouds', 'temperatur': 293.7, 'waktu': '2022-08-03T16:28:01.662123'}
[2022-08-03 16:28:01,662] {python.py:118} INFO - Done. Returned value was: None
[2022-08-03 16:28:01,682] {taskinstance.py:1142} INFO - Marking task as SUCCESS. dag_id=penjadwalan, task_id=dapat_suhu, execution_date=20220803T162600, start_date=20220803T162800, end_date=20220803T162801
[2022-08-03 16:28:01,726] {taskinstance.py:1195} INFO - 0 downstream tasks scheduled from follow-on schedule check
[2022-08-03 16:28:01,734] {local_task_job.py:118} INFO - Task exited with return code 0
