[2022-08-03 12:38:05,057] {taskinstance.py:826} INFO - Dependencies all met for <TaskInstance: penjadwalan.dapat_suhu 2022-08-03T12:36:00+00:00 [queued]>
[2022-08-03 12:38:05,094] {taskinstance.py:826} INFO - Dependencies all met for <TaskInstance: penjadwalan.dapat_suhu 2022-08-03T12:36:00+00:00 [queued]>
[2022-08-03 12:38:05,095] {taskinstance.py:1017} INFO - 
--------------------------------------------------------------------------------
[2022-08-03 12:38:05,095] {taskinstance.py:1018} INFO - Starting attempt 1 of 1
[2022-08-03 12:38:05,096] {taskinstance.py:1019} INFO - 
--------------------------------------------------------------------------------
[2022-08-03 12:38:05,113] {taskinstance.py:1038} INFO - Executing <Task(PythonOperator): dapat_suhu> on 2022-08-03T12:36:00+00:00
[2022-08-03 12:38:05,119] {standard_task_runner.py:51} INFO - Started process 1095 to run task
[2022-08-03 12:38:05,131] {standard_task_runner.py:75} INFO - Running: ['airflow', 'tasks', 'run', 'penjadwalan', 'dapat_suhu', '2022-08-03T12:36:00+00:00', '--job-id', '1066', '--pool', 'default_pool', '--raw', '--subdir', 'DAGS_FOLDER/penjadwalan.py', '--cfg-path', '/tmp/tmplsa98v3g']
[2022-08-03 12:38:05,137] {standard_task_runner.py:76} INFO - Job 1066: Subtask dapat_suhu
[2022-08-03 12:38:05,274] {logging_mixin.py:103} INFO - Running <TaskInstance: penjadwalan.dapat_suhu 2022-08-03T12:36:00+00:00 [running]> on host b4dcda255553
[2022-08-03 12:38:05,716] {taskinstance.py:1232} INFO - Exporting the following env vars:
AIRFLOW_CTX_DAG_OWNER=airflow
AIRFLOW_CTX_DAG_ID=penjadwalan
AIRFLOW_CTX_TASK_ID=dapat_suhu
AIRFLOW_CTX_EXECUTION_DATE=2022-08-03T12:36:00+00:00
AIRFLOW_CTX_DAG_RUN_ID=scheduled__2022-08-03T12:36:00+00:00
[2022-08-03 12:38:06,028] {logging_mixin.py:103} INFO - {'kota': 'Bali', 'cuaca': 'Clouds', 'cuaca_deskripsi': 'scattered clouds', 'temperatur': 299.39, 'waktu': '2022-08-03T12:38:06.027790'}
[2022-08-03 12:38:06,262] {logging_mixin.py:103} INFO - {'kota': 'Lombok', 'cuaca': 'Rain', 'cuaca_deskripsi': 'light rain', 'temperatur': 294.43, 'waktu': '2022-08-03T12:38:06.261812'}
[2022-08-03 12:38:06,458] {logging_mixin.py:103} INFO - {'kota': 'Labuan Bajo', 'cuaca': 'Clouds', 'cuaca_deskripsi': 'overcast clouds', 'temperatur': 297.41, 'waktu': '2022-08-03T12:38:06.457958'}
[2022-08-03 12:38:06,614] {logging_mixin.py:103} INFO - {'kota': 'Bogor', 'cuaca': 'Clouds', 'cuaca_deskripsi': 'overcast clouds', 'temperatur': 295.82, 'waktu': '2022-08-03T12:38:06.614345'}
[2022-08-03 12:38:06,774] {logging_mixin.py:103} INFO - {'kota': 'Bandung', 'cuaca': 'Clouds', 'cuaca_deskripsi': 'overcast clouds', 'temperatur': 294.11, 'waktu': '2022-08-03T12:38:06.774347'}
[2022-08-03 12:38:06,775] {python.py:118} INFO - Done. Returned value was: None
[2022-08-03 12:38:07,782] {taskinstance.py:1142} INFO - Marking task as SUCCESS. dag_id=penjadwalan, task_id=dapat_suhu, execution_date=20220803T123600, start_date=20220803T123805, end_date=20220803T123807
[2022-08-03 12:38:08,346] {taskinstance.py:1195} INFO - 0 downstream tasks scheduled from follow-on schedule check
[2022-08-03 12:38:08,375] {local_task_job.py:118} INFO - Task exited with return code 0
