[2022-08-03 16:04:02,158] {taskinstance.py:826} INFO - Dependencies all met for <TaskInstance: penjadwalan.dapat_suhu 2022-08-03T16:02:00+00:00 [queued]>
[2022-08-03 16:04:02,185] {taskinstance.py:826} INFO - Dependencies all met for <TaskInstance: penjadwalan.dapat_suhu 2022-08-03T16:02:00+00:00 [queued]>
[2022-08-03 16:04:02,187] {taskinstance.py:1017} INFO - 
--------------------------------------------------------------------------------
[2022-08-03 16:04:02,187] {taskinstance.py:1018} INFO - Starting attempt 1 of 1
[2022-08-03 16:04:02,188] {taskinstance.py:1019} INFO - 
--------------------------------------------------------------------------------
[2022-08-03 16:04:02,207] {taskinstance.py:1038} INFO - Executing <Task(PythonOperator): dapat_suhu> on 2022-08-03T16:02:00+00:00
[2022-08-03 16:04:02,212] {standard_task_runner.py:51} INFO - Started process 30218 to run task
[2022-08-03 16:04:02,217] {standard_task_runner.py:75} INFO - Running: ['airflow', 'tasks', 'run', 'penjadwalan', 'dapat_suhu', '2022-08-03T16:02:00+00:00', '--job-id', '1253', '--pool', 'default_pool', '--raw', '--subdir', 'DAGS_FOLDER/penjadwalan.py', '--cfg-path', '/tmp/tmparbnwzjd']
[2022-08-03 16:04:02,222] {standard_task_runner.py:76} INFO - Job 1253: Subtask dapat_suhu
[2022-08-03 16:04:02,305] {logging_mixin.py:103} INFO - Running <TaskInstance: penjadwalan.dapat_suhu 2022-08-03T16:02:00+00:00 [running]> on host b4dcda255553
[2022-08-03 16:04:02,410] {taskinstance.py:1232} INFO - Exporting the following env vars:
AIRFLOW_CTX_DAG_OWNER=airflow
AIRFLOW_CTX_DAG_ID=penjadwalan
AIRFLOW_CTX_TASK_ID=dapat_suhu
AIRFLOW_CTX_EXECUTION_DATE=2022-08-03T16:02:00+00:00
AIRFLOW_CTX_DAG_RUN_ID=scheduled__2022-08-03T16:02:00+00:00
[2022-08-03 16:04:02,777] {logging_mixin.py:103} INFO - {'kota': 'Bali', 'cuaca': 'Clouds', 'cuaca_deskripsi': 'broken clouds', 'temperatur': 298.28, 'waktu': '2022-08-03T16:04:02.777617'}
[2022-08-03 16:04:02,969] {logging_mixin.py:103} INFO - {'kota': 'Lombok', 'cuaca': 'Clouds', 'cuaca_deskripsi': 'overcast clouds', 'temperatur': 293.94, 'waktu': '2022-08-03T16:04:02.969253'}
[2022-08-03 16:04:03,163] {logging_mixin.py:103} INFO - {'kota': 'Labuan Bajo', 'cuaca': 'Clouds', 'cuaca_deskripsi': 'broken clouds', 'temperatur': 296.58, 'waktu': '2022-08-03T16:04:03.163220'}
[2022-08-03 16:04:03,328] {logging_mixin.py:103} INFO - {'kota': 'Bogor', 'cuaca': 'Clouds', 'cuaca_deskripsi': 'broken clouds', 'temperatur': 294.66, 'waktu': '2022-08-03T16:04:03.328727'}
[2022-08-03 16:04:03,509] {logging_mixin.py:103} INFO - {'kota': 'Bandung', 'cuaca': 'Clouds', 'cuaca_deskripsi': 'broken clouds', 'temperatur': 293.7, 'waktu': '2022-08-03T16:04:03.509781'}
[2022-08-03 16:04:03,510] {python.py:118} INFO - Done. Returned value was: None
[2022-08-03 16:04:03,531] {taskinstance.py:1142} INFO - Marking task as SUCCESS. dag_id=penjadwalan, task_id=dapat_suhu, execution_date=20220803T160200, start_date=20220803T160402, end_date=20220803T160403
[2022-08-03 16:04:03,577] {taskinstance.py:1195} INFO - 0 downstream tasks scheduled from follow-on schedule check
[2022-08-03 16:04:03,598] {local_task_job.py:118} INFO - Task exited with return code 0
