[2022-08-03 14:40:01,816] {taskinstance.py:826} INFO - Dependencies all met for <TaskInstance: penjadwalan.dapat_suhu 2022-08-03T14:38:00+00:00 [queued]>
[2022-08-03 14:40:01,859] {taskinstance.py:826} INFO - Dependencies all met for <TaskInstance: penjadwalan.dapat_suhu 2022-08-03T14:38:00+00:00 [queued]>
[2022-08-03 14:40:01,860] {taskinstance.py:1017} INFO - 
--------------------------------------------------------------------------------
[2022-08-03 14:40:01,860] {taskinstance.py:1018} INFO - Starting attempt 1 of 1
[2022-08-03 14:40:01,861] {taskinstance.py:1019} INFO - 
--------------------------------------------------------------------------------
[2022-08-03 14:40:01,885] {taskinstance.py:1038} INFO - Executing <Task(PythonOperator): dapat_suhu> on 2022-08-03T14:38:00+00:00
[2022-08-03 14:40:01,894] {standard_task_runner.py:51} INFO - Started process 18221 to run task
[2022-08-03 14:40:01,902] {standard_task_runner.py:75} INFO - Running: ['airflow', 'tasks', 'run', 'penjadwalan', 'dapat_suhu', '2022-08-03T14:38:00+00:00', '--job-id', '1176', '--pool', 'default_pool', '--raw', '--subdir', 'DAGS_FOLDER/penjadwalan.py', '--cfg-path', '/tmp/tmp9vcvc7uo']
[2022-08-03 14:40:01,907] {standard_task_runner.py:76} INFO - Job 1176: Subtask dapat_suhu
[2022-08-03 14:40:02,001] {logging_mixin.py:103} INFO - Running <TaskInstance: penjadwalan.dapat_suhu 2022-08-03T14:38:00+00:00 [running]> on host b4dcda255553
[2022-08-03 14:40:02,095] {taskinstance.py:1232} INFO - Exporting the following env vars:
AIRFLOW_CTX_DAG_OWNER=airflow
AIRFLOW_CTX_DAG_ID=penjadwalan
AIRFLOW_CTX_TASK_ID=dapat_suhu
AIRFLOW_CTX_EXECUTION_DATE=2022-08-03T14:38:00+00:00
AIRFLOW_CTX_DAG_RUN_ID=scheduled__2022-08-03T14:38:00+00:00
[2022-08-03 14:40:02,648] {logging_mixin.py:103} INFO - {'kota': 'Bali', 'cuaca': 'Clouds', 'cuaca_deskripsi': 'broken clouds', 'temperatur': 298.28, 'waktu': '2022-08-03T14:40:02.648170'}
[2022-08-03 14:40:02,984] {logging_mixin.py:103} INFO - {'kota': 'Lombok', 'cuaca': 'Clouds', 'cuaca_deskripsi': 'overcast clouds', 'temperatur': 294.17, 'waktu': '2022-08-03T14:40:02.983988'}
[2022-08-03 14:40:03,304] {logging_mixin.py:103} INFO - {'kota': 'Labuan Bajo', 'cuaca': 'Clouds', 'cuaca_deskripsi': 'broken clouds', 'temperatur': 296.75, 'waktu': '2022-08-03T14:40:03.304456'}
[2022-08-03 14:40:03,581] {logging_mixin.py:103} INFO - {'kota': 'Bogor', 'cuaca': 'Clouds', 'cuaca_deskripsi': 'overcast clouds', 'temperatur': 293.6, 'waktu': '2022-08-03T14:40:03.581183'}
[2022-08-03 14:40:03,823] {logging_mixin.py:103} INFO - {'kota': 'Bandung', 'cuaca': 'Clouds', 'cuaca_deskripsi': 'broken clouds', 'temperatur': 293.81, 'waktu': '2022-08-03T14:40:03.822897'}
[2022-08-03 14:40:03,830] {python.py:118} INFO - Done. Returned value was: None
[2022-08-03 14:40:03,935] {taskinstance.py:1142} INFO - Marking task as SUCCESS. dag_id=penjadwalan, task_id=dapat_suhu, execution_date=20220803T143800, start_date=20220803T144001, end_date=20220803T144003
[2022-08-03 14:40:04,112] {taskinstance.py:1195} INFO - 0 downstream tasks scheduled from follow-on schedule check
[2022-08-03 14:40:04,152] {local_task_job.py:118} INFO - Task exited with return code 0
