[2022-08-03 12:34:01,205] {taskinstance.py:826} INFO - Dependencies all met for <TaskInstance: penjadwalan.dapat_suhu 2022-08-03T12:32:00+00:00 [queued]>
[2022-08-03 12:34:01,237] {taskinstance.py:826} INFO - Dependencies all met for <TaskInstance: penjadwalan.dapat_suhu 2022-08-03T12:32:00+00:00 [queued]>
[2022-08-03 12:34:01,237] {taskinstance.py:1017} INFO - 
--------------------------------------------------------------------------------
[2022-08-03 12:34:01,238] {taskinstance.py:1018} INFO - Starting attempt 1 of 1
[2022-08-03 12:34:01,239] {taskinstance.py:1019} INFO - 
--------------------------------------------------------------------------------
[2022-08-03 12:34:01,257] {taskinstance.py:1038} INFO - Executing <Task(PythonOperator): dapat_suhu> on 2022-08-03T12:32:00+00:00
[2022-08-03 12:34:01,261] {standard_task_runner.py:51} INFO - Started process 26267 to run task
[2022-08-03 12:34:01,267] {standard_task_runner.py:75} INFO - Running: ['airflow', 'tasks', 'run', 'penjadwalan', 'dapat_suhu', '2022-08-03T12:32:00+00:00', '--job-id', '1064', '--pool', 'default_pool', '--raw', '--subdir', 'DAGS_FOLDER/penjadwalan.py', '--cfg-path', '/tmp/tmp19bamw5b']
[2022-08-03 12:34:01,272] {standard_task_runner.py:76} INFO - Job 1064: Subtask dapat_suhu
[2022-08-03 12:34:01,372] {logging_mixin.py:103} INFO - Running <TaskInstance: penjadwalan.dapat_suhu 2022-08-03T12:32:00+00:00 [running]> on host b4dcda255553
[2022-08-03 12:34:01,499] {taskinstance.py:1232} INFO - Exporting the following env vars:
AIRFLOW_CTX_DAG_OWNER=airflow
AIRFLOW_CTX_DAG_ID=penjadwalan
AIRFLOW_CTX_TASK_ID=dapat_suhu
AIRFLOW_CTX_EXECUTION_DATE=2022-08-03T12:32:00+00:00
AIRFLOW_CTX_DAG_RUN_ID=scheduled__2022-08-03T12:32:00+00:00
[2022-08-03 12:34:01,659] {logging_mixin.py:103} INFO - {'kota': 'Bali', 'cuaca': 'Clouds', 'cuaca_deskripsi': 'scattered clouds', 'temperatur': 299.39, 'waktu': '2022-08-03T12:34:01.658917'}
[2022-08-03 12:34:01,784] {logging_mixin.py:103} INFO - {'kota': 'Lombok', 'cuaca': 'Rain', 'cuaca_deskripsi': 'light rain', 'temperatur': 294.43, 'waktu': '2022-08-03T12:34:01.784265'}
[2022-08-03 12:34:02,002] {logging_mixin.py:103} INFO - {'kota': 'Labuan Bajo', 'cuaca': 'Clouds', 'cuaca_deskripsi': 'overcast clouds', 'temperatur': 297.41, 'waktu': '2022-08-03T12:34:02.002552'}
[2022-08-03 12:34:02,153] {logging_mixin.py:103} INFO - {'kota': 'Bogor', 'cuaca': 'Clouds', 'cuaca_deskripsi': 'overcast clouds', 'temperatur': 295.82, 'waktu': '2022-08-03T12:34:02.153701'}
[2022-08-03 12:34:02,352] {logging_mixin.py:103} INFO - {'kota': 'Bandung', 'cuaca': 'Clouds', 'cuaca_deskripsi': 'overcast clouds', 'temperatur': 294.11, 'waktu': '2022-08-03T12:34:02.352390'}
[2022-08-03 12:34:02,353] {python.py:118} INFO - Done. Returned value was: None
[2022-08-03 12:34:02,379] {taskinstance.py:1142} INFO - Marking task as SUCCESS. dag_id=penjadwalan, task_id=dapat_suhu, execution_date=20220803T123200, start_date=20220803T123401, end_date=20220803T123402
[2022-08-03 12:34:02,440] {taskinstance.py:1195} INFO - 0 downstream tasks scheduled from follow-on schedule check
[2022-08-03 12:34:02,484] {local_task_job.py:118} INFO - Task exited with return code 0
