[2022-08-03 12:12:54,381] {taskinstance.py:826} INFO - Dependencies all met for <TaskInstance: penjadwalan.dapat_suhu 2022-08-03T10:54:00+00:00 [queued]>
[2022-08-03 12:12:54,414] {taskinstance.py:826} INFO - Dependencies all met for <TaskInstance: penjadwalan.dapat_suhu 2022-08-03T10:54:00+00:00 [queued]>
[2022-08-03 12:12:54,415] {taskinstance.py:1017} INFO - 
--------------------------------------------------------------------------------
[2022-08-03 12:12:54,416] {taskinstance.py:1018} INFO - Starting attempt 1 of 1
[2022-08-03 12:12:54,416] {taskinstance.py:1019} INFO - 
--------------------------------------------------------------------------------
[2022-08-03 12:12:54,446] {taskinstance.py:1038} INFO - Executing <Task(PythonOperator): dapat_suhu> on 2022-08-03T10:54:00+00:00
[2022-08-03 12:12:54,450] {standard_task_runner.py:51} INFO - Started process 757 to run task
[2022-08-03 12:12:54,458] {standard_task_runner.py:75} INFO - Running: ['airflow', 'tasks', 'run', 'penjadwalan', 'dapat_suhu', '2022-08-03T10:54:00+00:00', '--job-id', '1007', '--pool', 'default_pool', '--raw', '--subdir', 'DAGS_FOLDER/penjadwalan.py', '--cfg-path', '/tmp/tmpoen5p7w8']
[2022-08-03 12:12:54,462] {standard_task_runner.py:76} INFO - Job 1007: Subtask dapat_suhu
[2022-08-03 12:12:54,570] {logging_mixin.py:103} INFO - Running <TaskInstance: penjadwalan.dapat_suhu 2022-08-03T10:54:00+00:00 [running]> on host b4dcda255553
[2022-08-03 12:12:54,724] {taskinstance.py:1232} INFO - Exporting the following env vars:
AIRFLOW_CTX_DAG_OWNER=airflow
AIRFLOW_CTX_DAG_ID=penjadwalan
AIRFLOW_CTX_TASK_ID=dapat_suhu
AIRFLOW_CTX_EXECUTION_DATE=2022-08-03T10:54:00+00:00
AIRFLOW_CTX_DAG_RUN_ID=scheduled__2022-08-03T10:54:00+00:00
[2022-08-03 12:12:54,883] {logging_mixin.py:103} INFO - {'kota': 'Bali', 'cuaca': 'Clouds', 'cuaca_deskripsi': 'overcast clouds', 'temperatur': 299.39, 'waktu': '2022-08-03T12:12:54.883606'}
[2022-08-03 12:12:55,036] {logging_mixin.py:103} INFO - {'kota': 'Lombok', 'cuaca': 'Rain', 'cuaca_deskripsi': 'light rain', 'temperatur': 294.54, 'waktu': '2022-08-03T12:12:55.036152'}
[2022-08-03 12:12:55,163] {logging_mixin.py:103} INFO - {'kota': 'Labuan Bajo', 'cuaca': 'Clouds', 'cuaca_deskripsi': 'overcast clouds', 'temperatur': 297.78, 'waktu': '2022-08-03T12:12:55.163173'}
[2022-08-03 12:12:55,298] {logging_mixin.py:103} INFO - {'kota': 'Bogor', 'cuaca': 'Clouds', 'cuaca_deskripsi': 'overcast clouds', 'temperatur': 296.38, 'waktu': '2022-08-03T12:12:55.298005'}
[2022-08-03 12:12:55,441] {logging_mixin.py:103} INFO - {'kota': 'Bandung', 'cuaca': 'Clouds', 'cuaca_deskripsi': 'broken clouds', 'temperatur': 294.44, 'waktu': '2022-08-03T12:12:55.441031'}
[2022-08-03 12:12:55,441] {python.py:118} INFO - Done. Returned value was: None
[2022-08-03 12:12:55,473] {taskinstance.py:1142} INFO - Marking task as SUCCESS. dag_id=penjadwalan, task_id=dapat_suhu, execution_date=20220803T105400, start_date=20220803T121254, end_date=20220803T121255
[2022-08-03 12:12:55,556] {taskinstance.py:1195} INFO - 0 downstream tasks scheduled from follow-on schedule check
[2022-08-03 12:12:55,599] {local_task_job.py:118} INFO - Task exited with return code 0
