[2022-08-03 14:08:01,317] {taskinstance.py:826} INFO - Dependencies all met for <TaskInstance: penjadwalan.dapat_suhu 2022-08-03T14:06:00+00:00 [queued]>
[2022-08-03 14:08:01,350] {taskinstance.py:826} INFO - Dependencies all met for <TaskInstance: penjadwalan.dapat_suhu 2022-08-03T14:06:00+00:00 [queued]>
[2022-08-03 14:08:01,351] {taskinstance.py:1017} INFO - 
--------------------------------------------------------------------------------
[2022-08-03 14:08:01,352] {taskinstance.py:1018} INFO - Starting attempt 1 of 1
[2022-08-03 14:08:01,352] {taskinstance.py:1019} INFO - 
--------------------------------------------------------------------------------
[2022-08-03 14:08:01,370] {taskinstance.py:1038} INFO - Executing <Task(PythonOperator): dapat_suhu> on 2022-08-03T14:06:00+00:00
[2022-08-03 14:08:01,375] {standard_task_runner.py:51} INFO - Started process 8841 to run task
[2022-08-03 14:08:01,383] {standard_task_runner.py:75} INFO - Running: ['airflow', 'tasks', 'run', 'penjadwalan', 'dapat_suhu', '2022-08-03T14:06:00+00:00', '--job-id', '1147', '--pool', 'default_pool', '--raw', '--subdir', 'DAGS_FOLDER/penjadwalan.py', '--cfg-path', '/tmp/tmpsza2uvzt']
[2022-08-03 14:08:01,389] {standard_task_runner.py:76} INFO - Job 1147: Subtask dapat_suhu
[2022-08-03 14:08:01,481] {logging_mixin.py:103} INFO - Running <TaskInstance: penjadwalan.dapat_suhu 2022-08-03T14:06:00+00:00 [running]> on host b4dcda255553
[2022-08-03 14:08:01,556] {taskinstance.py:1232} INFO - Exporting the following env vars:
AIRFLOW_CTX_DAG_OWNER=airflow
AIRFLOW_CTX_DAG_ID=penjadwalan
AIRFLOW_CTX_TASK_ID=dapat_suhu
AIRFLOW_CTX_EXECUTION_DATE=2022-08-03T14:06:00+00:00
AIRFLOW_CTX_DAG_RUN_ID=scheduled__2022-08-03T14:06:00+00:00
[2022-08-03 14:08:01,709] {logging_mixin.py:103} INFO - {'kota': 'Bali', 'cuaca': 'Clouds', 'cuaca_deskripsi': 'broken clouds', 'temperatur': 299.39, 'waktu': '2022-08-03T14:08:01.708838'}
[2022-08-03 14:08:01,839] {logging_mixin.py:103} INFO - {'kota': 'Lombok', 'cuaca': 'Clouds', 'cuaca_deskripsi': 'overcast clouds', 'temperatur': 294.33, 'waktu': '2022-08-03T14:08:01.839803'}
[2022-08-03 14:08:01,972] {logging_mixin.py:103} INFO - {'kota': 'Labuan Bajo', 'cuaca': 'Clouds', 'cuaca_deskripsi': 'overcast clouds', 'temperatur': 297.01, 'waktu': '2022-08-03T14:08:01.972148'}
[2022-08-03 14:08:02,133] {logging_mixin.py:103} INFO - {'kota': 'Bogor', 'cuaca': 'Clouds', 'cuaca_deskripsi': 'overcast clouds', 'temperatur': 294.16, 'waktu': '2022-08-03T14:08:02.132973'}
[2022-08-03 14:08:02,322] {logging_mixin.py:103} INFO - {'kota': 'Bandung', 'cuaca': 'Clouds', 'cuaca_deskripsi': 'broken clouds', 'temperatur': 293.99, 'waktu': '2022-08-03T14:08:02.322770'}
[2022-08-03 14:08:02,323] {python.py:118} INFO - Done. Returned value was: None
[2022-08-03 14:08:02,373] {taskinstance.py:1142} INFO - Marking task as SUCCESS. dag_id=penjadwalan, task_id=dapat_suhu, execution_date=20220803T140600, start_date=20220803T140801, end_date=20220803T140802
[2022-08-03 14:08:02,466] {taskinstance.py:1195} INFO - 0 downstream tasks scheduled from follow-on schedule check
[2022-08-03 14:08:02,516] {local_task_job.py:118} INFO - Task exited with return code 0
