[2022-08-03 12:13:23,611] {taskinstance.py:826} INFO - Dependencies all met for <TaskInstance: penjadwalan.dapat_suhu 2022-08-03T11:44:00+00:00 [queued]>
[2022-08-03 12:13:23,684] {taskinstance.py:826} INFO - Dependencies all met for <TaskInstance: penjadwalan.dapat_suhu 2022-08-03T11:44:00+00:00 [queued]>
[2022-08-03 12:13:23,692] {taskinstance.py:1017} INFO - 
--------------------------------------------------------------------------------
[2022-08-03 12:13:23,693] {taskinstance.py:1018} INFO - Starting attempt 1 of 1
[2022-08-03 12:13:23,694] {taskinstance.py:1019} INFO - 
--------------------------------------------------------------------------------
[2022-08-03 12:13:23,768] {taskinstance.py:1038} INFO - Executing <Task(PythonOperator): dapat_suhu> on 2022-08-03T11:44:00+00:00
[2022-08-03 12:13:23,773] {standard_task_runner.py:51} INFO - Started process 1680 to run task
[2022-08-03 12:13:23,795] {standard_task_runner.py:75} INFO - Running: ['airflow', 'tasks', 'run', 'penjadwalan', 'dapat_suhu', '2022-08-03T11:44:00+00:00', '--job-id', '1032', '--pool', 'default_pool', '--raw', '--subdir', 'DAGS_FOLDER/penjadwalan.py', '--cfg-path', '/tmp/tmpzzp29381']
[2022-08-03 12:13:23,809] {standard_task_runner.py:76} INFO - Job 1032: Subtask dapat_suhu
[2022-08-03 12:13:24,040] {logging_mixin.py:103} INFO - Running <TaskInstance: penjadwalan.dapat_suhu 2022-08-03T11:44:00+00:00 [running]> on host b4dcda255553
[2022-08-03 12:13:25,913] {taskinstance.py:1232} INFO - Exporting the following env vars:
AIRFLOW_CTX_DAG_OWNER=airflow
AIRFLOW_CTX_DAG_ID=penjadwalan
AIRFLOW_CTX_TASK_ID=dapat_suhu
AIRFLOW_CTX_EXECUTION_DATE=2022-08-03T11:44:00+00:00
AIRFLOW_CTX_DAG_RUN_ID=scheduled__2022-08-03T11:44:00+00:00
[2022-08-03 12:13:26,269] {logging_mixin.py:103} INFO - {'kota': 'Bali', 'cuaca': 'Clouds', 'cuaca_deskripsi': 'overcast clouds', 'temperatur': 299.39, 'waktu': '2022-08-03T12:13:26.264639'}
[2022-08-03 12:13:26,420] {logging_mixin.py:103} INFO - {'kota': 'Lombok', 'cuaca': 'Rain', 'cuaca_deskripsi': 'light rain', 'temperatur': 294.54, 'waktu': '2022-08-03T12:13:26.419996'}
[2022-08-03 12:13:26,570] {logging_mixin.py:103} INFO - {'kota': 'Labuan Bajo', 'cuaca': 'Clouds', 'cuaca_deskripsi': 'overcast clouds', 'temperatur': 297.78, 'waktu': '2022-08-03T12:13:26.570315'}
[2022-08-03 12:13:27,604] {logging_mixin.py:103} INFO - {'kota': 'Bogor', 'cuaca': 'Clouds', 'cuaca_deskripsi': 'overcast clouds', 'temperatur': 296.38, 'waktu': '2022-08-03T12:13:27.604765'}
[2022-08-03 12:13:27,912] {logging_mixin.py:103} INFO - {'kota': 'Bandung', 'cuaca': 'Clouds', 'cuaca_deskripsi': 'broken clouds', 'temperatur': 294.44, 'waktu': '2022-08-03T12:13:27.912771'}
[2022-08-03 12:13:27,913] {python.py:118} INFO - Done. Returned value was: None
[2022-08-03 12:13:29,000] {taskinstance.py:1142} INFO - Marking task as SUCCESS. dag_id=penjadwalan, task_id=dapat_suhu, execution_date=20220803T114400, start_date=20220803T121323, end_date=20220803T121329
[2022-08-03 12:13:30,222] {taskinstance.py:1195} INFO - 0 downstream tasks scheduled from follow-on schedule check
[2022-08-03 12:13:30,270] {local_task_job.py:118} INFO - Task exited with return code 0
