[2022-08-03 12:13:31,851] {taskinstance.py:826} INFO - Dependencies all met for <TaskInstance: penjadwalan.dapat_suhu 2022-08-03T12:02:00+00:00 [queued]>
[2022-08-03 12:13:31,910] {taskinstance.py:826} INFO - Dependencies all met for <TaskInstance: penjadwalan.dapat_suhu 2022-08-03T12:02:00+00:00 [queued]>
[2022-08-03 12:13:31,912] {taskinstance.py:1017} INFO - 
--------------------------------------------------------------------------------
[2022-08-03 12:13:31,913] {taskinstance.py:1018} INFO - Starting attempt 1 of 1
[2022-08-03 12:13:31,914] {taskinstance.py:1019} INFO - 
--------------------------------------------------------------------------------
[2022-08-03 12:13:31,951] {taskinstance.py:1038} INFO - Executing <Task(PythonOperator): dapat_suhu> on 2022-08-03T12:02:00+00:00
[2022-08-03 12:13:31,957] {standard_task_runner.py:51} INFO - Started process 1769 to run task
[2022-08-03 12:13:31,979] {standard_task_runner.py:75} INFO - Running: ['airflow', 'tasks', 'run', 'penjadwalan', 'dapat_suhu', '2022-08-03T12:02:00+00:00', '--job-id', '1041', '--pool', 'default_pool', '--raw', '--subdir', 'DAGS_FOLDER/penjadwalan.py', '--cfg-path', '/tmp/tmpdsmk657y']
[2022-08-03 12:13:31,989] {standard_task_runner.py:76} INFO - Job 1041: Subtask dapat_suhu
[2022-08-03 12:13:32,210] {logging_mixin.py:103} INFO - Running <TaskInstance: penjadwalan.dapat_suhu 2022-08-03T12:02:00+00:00 [running]> on host b4dcda255553
[2022-08-03 12:13:32,512] {taskinstance.py:1232} INFO - Exporting the following env vars:
AIRFLOW_CTX_DAG_OWNER=airflow
AIRFLOW_CTX_DAG_ID=penjadwalan
AIRFLOW_CTX_TASK_ID=dapat_suhu
AIRFLOW_CTX_EXECUTION_DATE=2022-08-03T12:02:00+00:00
AIRFLOW_CTX_DAG_RUN_ID=scheduled__2022-08-03T12:02:00+00:00
[2022-08-03 12:13:32,759] {logging_mixin.py:103} INFO - {'kota': 'Bali', 'cuaca': 'Clouds', 'cuaca_deskripsi': 'overcast clouds', 'temperatur': 299.39, 'waktu': '2022-08-03T12:13:32.759018'}
[2022-08-03 12:13:32,961] {logging_mixin.py:103} INFO - {'kota': 'Lombok', 'cuaca': 'Rain', 'cuaca_deskripsi': 'light rain', 'temperatur': 294.54, 'waktu': '2022-08-03T12:13:32.960794'}
[2022-08-03 12:13:33,217] {logging_mixin.py:103} INFO - {'kota': 'Labuan Bajo', 'cuaca': 'Clouds', 'cuaca_deskripsi': 'overcast clouds', 'temperatur': 297.78, 'waktu': '2022-08-03T12:13:33.217716'}
[2022-08-03 12:13:33,507] {logging_mixin.py:103} INFO - {'kota': 'Bogor', 'cuaca': 'Clouds', 'cuaca_deskripsi': 'overcast clouds', 'temperatur': 296.38, 'waktu': '2022-08-03T12:13:33.507508'}
[2022-08-03 12:13:33,748] {logging_mixin.py:103} INFO - {'kota': 'Bandung', 'cuaca': 'Clouds', 'cuaca_deskripsi': 'broken clouds', 'temperatur': 294.44, 'waktu': '2022-08-03T12:13:33.748603'}
[2022-08-03 12:13:33,752] {python.py:118} INFO - Done. Returned value was: None
[2022-08-03 12:13:33,828] {taskinstance.py:1142} INFO - Marking task as SUCCESS. dag_id=penjadwalan, task_id=dapat_suhu, execution_date=20220803T120200, start_date=20220803T121331, end_date=20220803T121333
[2022-08-03 12:13:33,956] {taskinstance.py:1195} INFO - 0 downstream tasks scheduled from follow-on schedule check
[2022-08-03 12:13:33,995] {local_task_job.py:118} INFO - Task exited with return code 0
