[2022-08-03 16:12:01,752] {taskinstance.py:826} INFO - Dependencies all met for <TaskInstance: penjadwalan.dapat_suhu 2022-08-03T16:10:00+00:00 [queued]>
[2022-08-03 16:12:01,788] {taskinstance.py:826} INFO - Dependencies all met for <TaskInstance: penjadwalan.dapat_suhu 2022-08-03T16:10:00+00:00 [queued]>
[2022-08-03 16:12:01,789] {taskinstance.py:1017} INFO - 
--------------------------------------------------------------------------------
[2022-08-03 16:12:01,790] {taskinstance.py:1018} INFO - Starting attempt 1 of 1
[2022-08-03 16:12:01,791] {taskinstance.py:1019} INFO - 
--------------------------------------------------------------------------------
[2022-08-03 16:12:01,812] {taskinstance.py:1038} INFO - Executing <Task(PythonOperator): dapat_suhu> on 2022-08-03T16:10:00+00:00
[2022-08-03 16:12:01,817] {standard_task_runner.py:51} INFO - Started process 19510 to run task
[2022-08-03 16:12:01,827] {standard_task_runner.py:75} INFO - Running: ['airflow', 'tasks', 'run', 'penjadwalan', 'dapat_suhu', '2022-08-03T16:10:00+00:00', '--job-id', '1261', '--pool', 'default_pool', '--raw', '--subdir', 'DAGS_FOLDER/penjadwalan.py', '--cfg-path', '/tmp/tmp84i7avui']
[2022-08-03 16:12:01,832] {standard_task_runner.py:76} INFO - Job 1261: Subtask dapat_suhu
[2022-08-03 16:12:01,925] {logging_mixin.py:103} INFO - Running <TaskInstance: penjadwalan.dapat_suhu 2022-08-03T16:10:00+00:00 [running]> on host b4dcda255553
[2022-08-03 16:12:02,154] {taskinstance.py:1232} INFO - Exporting the following env vars:
AIRFLOW_CTX_DAG_OWNER=airflow
AIRFLOW_CTX_DAG_ID=penjadwalan
AIRFLOW_CTX_TASK_ID=dapat_suhu
AIRFLOW_CTX_EXECUTION_DATE=2022-08-03T16:10:00+00:00
AIRFLOW_CTX_DAG_RUN_ID=scheduled__2022-08-03T16:10:00+00:00
[2022-08-03 16:12:02,389] {logging_mixin.py:103} INFO - {'kota': 'Bali', 'cuaca': 'Clouds', 'cuaca_deskripsi': 'broken clouds', 'temperatur': 298.28, 'waktu': '2022-08-03T16:12:02.389743'}
[2022-08-03 16:12:02,588] {logging_mixin.py:103} INFO - {'kota': 'Lombok', 'cuaca': 'Clouds', 'cuaca_deskripsi': 'overcast clouds', 'temperatur': 293.94, 'waktu': '2022-08-03T16:12:02.588422'}
[2022-08-03 16:12:03,169] {logging_mixin.py:103} INFO - {'kota': 'Labuan Bajo', 'cuaca': 'Clouds', 'cuaca_deskripsi': 'broken clouds', 'temperatur': 296.58, 'waktu': '2022-08-03T16:12:03.168695'}
[2022-08-03 16:12:03,497] {logging_mixin.py:103} INFO - {'kota': 'Bogor', 'cuaca': 'Clouds', 'cuaca_deskripsi': 'broken clouds', 'temperatur': 294.66, 'waktu': '2022-08-03T16:12:03.497356'}
[2022-08-03 16:12:03,790] {logging_mixin.py:103} INFO - {'kota': 'Bandung', 'cuaca': 'Clouds', 'cuaca_deskripsi': 'broken clouds', 'temperatur': 293.7, 'waktu': '2022-08-03T16:12:03.789695'}
[2022-08-03 16:12:03,792] {python.py:118} INFO - Done. Returned value was: None
[2022-08-03 16:12:04,114] {taskinstance.py:1142} INFO - Marking task as SUCCESS. dag_id=penjadwalan, task_id=dapat_suhu, execution_date=20220803T161000, start_date=20220803T161201, end_date=20220803T161204
[2022-08-03 16:12:04,341] {taskinstance.py:1195} INFO - 0 downstream tasks scheduled from follow-on schedule check
[2022-08-03 16:12:04,379] {local_task_job.py:118} INFO - Task exited with return code 0
